[0.028s] Invoking command in '/home/phantona/ee4308/build/ee4308_drone': CMAKE_PREFIX_PATH=${CMAKE_PREFIX_PATH}:/opt/ros/jazzy DEBUGINFOD_URLS=https://debuginfod.ubuntu.com /usr/bin/cmake --build /home/phantona/ee4308/build/ee4308_drone -- -j16 -l16
[0.163s] [ 12%] Built target controller_component
[0.163s] [ 25%] Built target behavior
[0.164s] [ 37%] Built target behavior_component
[0.164s] [ 50%] Built target planner_component
[0.171s] [ 62%] Built target controller
[0.174s] [ 75%] Built target planner
[0.174s] [ 87%] Built target estimator
[0.190s] [ 93%] [32mBuilding CXX object CMakeFiles/estimator_component.dir/src/estimator.cpp.o[0m
[20.419s] [100%] [32m[1mLinking CXX shared library libestimator_component.so[0m
[21.329s] [100%] Built target estimator_component
[21.353s] Invoked command in '/home/phantona/ee4308/build/ee4308_drone' returned '0': CMAKE_PREFIX_PATH=${CMAKE_PREFIX_PATH}:/opt/ros/jazzy DEBUGINFOD_URLS=https://debuginfod.ubuntu.com /usr/bin/cmake --build /home/phantona/ee4308/build/ee4308_drone -- -j16 -l16
[21.356s] Invoking command in '/home/phantona/ee4308/build/ee4308_drone': CMAKE_PREFIX_PATH=${CMAKE_PREFIX_PATH}:/opt/ros/jazzy DEBUGINFOD_URLS=https://debuginfod.ubuntu.com /usr/bin/cmake --install /home/phantona/ee4308/build/ee4308_drone
[21.371s] -- Install configuration: ""
[21.371s] -- Execute custom install script
[21.371s] -- Up-to-date symlink: /home/phantona/ee4308/install/ee4308_drone/lib/ee4308_drone/behavior
[21.372s] -- Up-to-date symlink: /home/phantona/ee4308/install/ee4308_drone/lib/ee4308_drone/controller
[21.372s] -- Up-to-date symlink: /home/phantona/ee4308/install/ee4308_drone/lib/ee4308_drone/estimator
[21.373s] -- Up-to-date symlink: /home/phantona/ee4308/install/ee4308_drone/lib/ee4308_drone/planner
[21.373s] -- Up-to-date symlink: /home/phantona/ee4308/install/ee4308_drone/share/ament_index/resource_index/package_run_dependencies/ee4308_drone
[21.373s] -- Up-to-date symlink: /home/phantona/ee4308/install/ee4308_drone/share/ament_index/resource_index/parent_prefix_path/ee4308_drone
[21.374s] -- Up-to-date symlink: /home/phantona/ee4308/install/ee4308_drone/share/ee4308_drone/environment/ament_prefix_path.sh
[21.374s] -- Up-to-date symlink: /home/phantona/ee4308/install/ee4308_drone/share/ee4308_drone/environment/ament_prefix_path.dsv
[21.374s] -- Up-to-date symlink: /home/phantona/ee4308/install/ee4308_drone/share/ee4308_drone/environment/path.sh
[21.374s] -- Up-to-date symlink: /home/phantona/ee4308/install/ee4308_drone/share/ee4308_drone/environment/path.dsv
[21.375s] -- Up-to-date symlink: /home/phantona/ee4308/install/ee4308_drone/share/ee4308_drone/local_setup.bash
[21.375s] -- Up-to-date symlink: /home/phantona/ee4308/install/ee4308_drone/share/ee4308_drone/local_setup.sh
[21.375s] -- Up-to-date symlink: /home/phantona/ee4308/install/ee4308_drone/share/ee4308_drone/local_setup.zsh
[21.375s] -- Up-to-date symlink: /home/phantona/ee4308/install/ee4308_drone/share/ee4308_drone/local_setup.dsv
[21.376s] -- Symlinking: /home/phantona/ee4308/install/ee4308_drone/share/ee4308_drone/package.dsv
[21.390s] -- Up-to-date symlink: /home/phantona/ee4308/install/ee4308_drone/share/ament_index/resource_index/packages/ee4308_drone
[21.391s] -- Up-to-date symlink: /home/phantona/ee4308/install/ee4308_drone/share/ament_index/resource_index/rclcpp_components/ee4308_drone
[21.391s] -- Up-to-date symlink: /home/phantona/ee4308/install/ee4308_drone/share/ee4308_drone/cmake/ament_cmake_export_targets-extras.cmake
[21.391s] -- Up-to-date symlink: /home/phantona/ee4308/install/ee4308_drone/share/ee4308_drone/cmake/ament_cmake_export_dependencies-extras.cmake
[21.391s] -- Up-to-date symlink: /home/phantona/ee4308/install/ee4308_drone/share/ee4308_drone/cmake/ee4308_droneConfig.cmake
[21.392s] -- Up-to-date symlink: /home/phantona/ee4308/install/ee4308_drone/share/ee4308_drone/cmake/ee4308_droneConfig-version.cmake
[21.392s] -- Up-to-date symlink: /home/phantona/ee4308/install/ee4308_drone/share/ee4308_drone/package.xml
[21.392s] -- Up-to-date: /home/phantona/ee4308/install/ee4308_drone/lib/libbehavior_component.so
[21.392s] -- Up-to-date: /home/phantona/ee4308/install/ee4308_drone/lib/libcontroller_component.so
[21.392s] -- Installing: /home/phantona/ee4308/install/ee4308_drone/lib/libestimator_component.so
[21.422s] -- Set non-toolchain portion of runtime path of "/home/phantona/ee4308/install/ee4308_drone/lib/libestimator_component.so" to ""
[21.422s] -- Up-to-date: /home/phantona/ee4308/install/ee4308_drone/lib/libplanner_component.so
[21.423s] -- Up-to-date: /home/phantona/ee4308/install/ee4308_drone/share/ee4308_drone/cmake/export_behavior_componentExport.cmake
[21.423s] -- Up-to-date: /home/phantona/ee4308/install/ee4308_drone/share/ee4308_drone/cmake/export_behavior_componentExport-noconfig.cmake
[21.423s] -- Up-to-date: /home/phantona/ee4308/install/ee4308_drone/share/ee4308_drone/cmake/export_controller_componentExport.cmake
[21.423s] -- Up-to-date: /home/phantona/ee4308/install/ee4308_drone/share/ee4308_drone/cmake/export_controller_componentExport-noconfig.cmake
[21.423s] -- Up-to-date: /home/phantona/ee4308/install/ee4308_drone/share/ee4308_drone/cmake/export_estimator_componentExport.cmake
[21.423s] -- Up-to-date: /home/phantona/ee4308/install/ee4308_drone/share/ee4308_drone/cmake/export_estimator_componentExport-noconfig.cmake
[21.423s] -- Up-to-date: /home/phantona/ee4308/install/ee4308_drone/share/ee4308_drone/cmake/export_planner_componentExport.cmake
[21.424s] -- Up-to-date: /home/phantona/ee4308/install/ee4308_drone/share/ee4308_drone/cmake/export_planner_componentExport-noconfig.cmake
[21.426s] Invoked command in '/home/phantona/ee4308/build/ee4308_drone' returned '0': CMAKE_PREFIX_PATH=${CMAKE_PREFIX_PATH}:/opt/ros/jazzy DEBUGINFOD_URLS=https://debuginfod.ubuntu.com /usr/bin/cmake --install /home/phantona/ee4308/build/ee4308_drone
