[0.166s] DEBUG:colcon:Command line arguments: ['/usr/bin/colcon', 'build', '--symlink-install']
[0.166s] DEBUG:colcon:Parsed command line arguments: Namespace(log_base=None, log_level=None, verb_name='build', build_base='build', install_base='install', merge_install=False, symlink_install=True, test_result_base=None, continue_on_error=False, executor='parallel', parallel_workers=16, event_handlers=None, ignore_user_meta=False, metas=['./colcon.meta'], base_paths=['.'], packages_ignore=None, packages_ignore_regex=None, paths=None, packages_up_to=None, packages_up_to_regex=None, packages_above=None, packages_above_and_dependencies=None, packages_above_depth=None, packages_select_by_dep=None, packages_skip_by_dep=None, packages_skip_up_to=None, packages_select_build_failed=False, packages_skip_build_finished=False, packages_select_test_failures=False, packages_skip_test_passed=False, packages_select=None, packages_skip=None, packages_select_regex=None, packages_skip_regex=None, packages_start=None, packages_end=None, allow_overriding=[], cmake_args=None, cmake_target=None, cmake_target_skip_unavailable=False, cmake_clean_cache=False, cmake_clean_first=False, cmake_force_configure=False, ament_cmake_args=None, catkin_cmake_args=None, catkin_skip_building_tests=False, mixin_files=None, mixin=None, verb_parser=<colcon_mixin.mixin.mixin_argument.MixinArgumentDecorator object at 0x7fefd389c0b0>, verb_extension=<colcon_core.verb.build.BuildVerb object at 0x7fefd385fe30>, main=<bound method BuildVerb.main of <colcon_core.verb.build.BuildVerb object at 0x7fefd385fe30>>, mixin_verb=('build',))
[0.227s] Level 1:colcon.colcon_core.package_discovery:discover_packages(colcon_meta) check parameters
[0.227s] Level 1:colcon.colcon_core.package_discovery:discover_packages(recursive) check parameters
[0.227s] Level 1:colcon.colcon_core.package_discovery:discover_packages(ignore) check parameters
[0.227s] Level 1:colcon.colcon_core.package_discovery:discover_packages(path) check parameters
[0.227s] Level 1:colcon.colcon_core.package_discovery:discover_packages(colcon_meta) discover
[0.227s] Level 1:colcon.colcon_core.package_discovery:discover_packages(recursive) discover
[0.227s] INFO:colcon.colcon_core.package_discovery:Crawling recursively for packages in '/home/phantona/ee4308-proj2'
[0.227s] Level 1:colcon.colcon_core.package_identification:_identify(.) by extensions ['ignore', 'ignore_ament_install']
[0.227s] Level 1:colcon.colcon_core.package_identification:_identify(.) by extension 'ignore'
[0.228s] Level 1:colcon.colcon_core.package_identification:_identify(.) by extension 'ignore_ament_install'
[0.228s] Level 1:colcon.colcon_core.package_identification:_identify(.) by extensions ['colcon_pkg']
[0.228s] Level 1:colcon.colcon_core.package_identification:_identify(.) by extension 'colcon_pkg'
[0.228s] Level 1:colcon.colcon_core.package_identification:_identify(.) by extensions ['colcon_meta']
[0.228s] Level 1:colcon.colcon_core.package_identification:_identify(.) by extension 'colcon_meta'
[0.228s] Level 1:colcon.colcon_core.package_identification:_identify(.) by extensions ['ros']
[0.228s] Level 1:colcon.colcon_core.package_identification:_identify(.) by extension 'ros'
[0.269s] Level 1:colcon.colcon_core.package_identification:_identify(.) by extensions ['cmake', 'python']
[0.269s] Level 1:colcon.colcon_core.package_identification:_identify(.) by extension 'cmake'
[0.269s] Level 1:colcon.colcon_core.package_identification:_identify(.) by extension 'python'
[0.269s] Level 1:colcon.colcon_core.package_identification:_identify(.) by extensions ['python_setup_py']
[0.269s] Level 1:colcon.colcon_core.package_identification:_identify(.) by extension 'python_setup_py'
[0.270s] Level 1:colcon.colcon_core.package_identification:_identify(build) by extensions ['ignore', 'ignore_ament_install']
[0.270s] Level 1:colcon.colcon_core.package_identification:_identify(build) by extension 'ignore'
[0.270s] Level 1:colcon.colcon_core.package_identification:_identify(build) ignored
[0.270s] Level 1:colcon.colcon_core.package_identification:_identify(docs) by extensions ['ignore', 'ignore_ament_install']
[0.270s] Level 1:colcon.colcon_core.package_identification:_identify(docs) by extension 'ignore'
[0.270s] Level 1:colcon.colcon_core.package_identification:_identify(docs) by extension 'ignore_ament_install'
[0.270s] Level 1:colcon.colcon_core.package_identification:_identify(docs) by extensions ['colcon_pkg']
[0.270s] Level 1:colcon.colcon_core.package_identification:_identify(docs) by extension 'colcon_pkg'
[0.271s] Level 1:colcon.colcon_core.package_identification:_identify(docs) by extensions ['colcon_meta']
[0.271s] Level 1:colcon.colcon_core.package_identification:_identify(docs) by extension 'colcon_meta'
[0.271s] Level 1:colcon.colcon_core.package_identification:_identify(docs) by extensions ['ros']
[0.271s] Level 1:colcon.colcon_core.package_identification:_identify(docs) by extension 'ros'
[0.271s] Level 1:colcon.colcon_core.package_identification:_identify(docs) by extensions ['cmake', 'python']
[0.271s] Level 1:colcon.colcon_core.package_identification:_identify(docs) by extension 'cmake'
[0.271s] Level 1:colcon.colcon_core.package_identification:_identify(docs) by extension 'python'
[0.271s] Level 1:colcon.colcon_core.package_identification:_identify(docs) by extensions ['python_setup_py']
[0.271s] Level 1:colcon.colcon_core.package_identification:_identify(docs) by extension 'python_setup_py'
[0.271s] Level 1:colcon.colcon_core.package_identification:_identify(install) by extensions ['ignore', 'ignore_ament_install']
[0.271s] Level 1:colcon.colcon_core.package_identification:_identify(install) by extension 'ignore'
[0.271s] Level 1:colcon.colcon_core.package_identification:_identify(install) ignored
[0.272s] Level 1:colcon.colcon_core.package_identification:_identify(log) by extensions ['ignore', 'ignore_ament_install']
[0.272s] Level 1:colcon.colcon_core.package_identification:_identify(log) by extension 'ignore'
[0.272s] Level 1:colcon.colcon_core.package_identification:_identify(log) ignored
[0.272s] Level 1:colcon.colcon_core.package_identification:_identify(src) by extensions ['ignore', 'ignore_ament_install']
[0.272s] Level 1:colcon.colcon_core.package_identification:_identify(src) by extension 'ignore'
[0.272s] Level 1:colcon.colcon_core.package_identification:_identify(src) by extension 'ignore_ament_install'
[0.272s] Level 1:colcon.colcon_core.package_identification:_identify(src) by extensions ['colcon_pkg']
[0.272s] Level 1:colcon.colcon_core.package_identification:_identify(src) by extension 'colcon_pkg'
[0.273s] Level 1:colcon.colcon_core.package_identification:_identify(src) by extensions ['colcon_meta']
[0.273s] Level 1:colcon.colcon_core.package_identification:_identify(src) by extension 'colcon_meta'
[0.273s] Level 1:colcon.colcon_core.package_identification:_identify(src) by extensions ['ros']
[0.273s] Level 1:colcon.colcon_core.package_identification:_identify(src) by extension 'ros'
[0.273s] Level 1:colcon.colcon_core.package_identification:_identify(src) by extensions ['cmake', 'python']
[0.273s] Level 1:colcon.colcon_core.package_identification:_identify(src) by extension 'cmake'
[0.273s] Level 1:colcon.colcon_core.package_identification:_identify(src) by extension 'python'
[0.273s] Level 1:colcon.colcon_core.package_identification:_identify(src) by extensions ['python_setup_py']
[0.273s] Level 1:colcon.colcon_core.package_identification:_identify(src) by extension 'python_setup_py'
[0.273s] Level 1:colcon.colcon_core.package_identification:_identify(src/ee4308_bringup) by extensions ['ignore', 'ignore_ament_install']
[0.273s] Level 1:colcon.colcon_core.package_identification:_identify(src/ee4308_bringup) by extension 'ignore'
[0.273s] Level 1:colcon.colcon_core.package_identification:_identify(src/ee4308_bringup) by extension 'ignore_ament_install'
[0.274s] Level 1:colcon.colcon_core.package_identification:_identify(src/ee4308_bringup) by extensions ['colcon_pkg']
[0.274s] Level 1:colcon.colcon_core.package_identification:_identify(src/ee4308_bringup) by extension 'colcon_pkg'
[0.274s] Level 1:colcon.colcon_core.package_identification:_identify(src/ee4308_bringup) by extensions ['colcon_meta']
[0.274s] Level 1:colcon.colcon_core.package_identification:_identify(src/ee4308_bringup) by extension 'colcon_meta'
[0.274s] Level 1:colcon.colcon_core.package_identification:_identify(src/ee4308_bringup) by extensions ['ros']
[0.274s] Level 1:colcon.colcon_core.package_identification:_identify(src/ee4308_bringup) by extension 'ros'
[0.278s] DEBUG:colcon.colcon_core.package_identification:Package 'src/ee4308_bringup' with type 'ros.ament_cmake' and name 'ee4308_bringup'
[0.278s] Level 1:colcon.colcon_core.package_identification:_identify(src/ee4308_drone) by extensions ['ignore', 'ignore_ament_install']
[0.278s] Level 1:colcon.colcon_core.package_identification:_identify(src/ee4308_drone) by extension 'ignore'
[0.278s] Level 1:colcon.colcon_core.package_identification:_identify(src/ee4308_drone) by extension 'ignore_ament_install'
[0.278s] Level 1:colcon.colcon_core.package_identification:_identify(src/ee4308_drone) by extensions ['colcon_pkg']
[0.278s] Level 1:colcon.colcon_core.package_identification:_identify(src/ee4308_drone) by extension 'colcon_pkg'
[0.278s] Level 1:colcon.colcon_core.package_identification:_identify(src/ee4308_drone) by extensions ['colcon_meta']
[0.278s] Level 1:colcon.colcon_core.package_identification:_identify(src/ee4308_drone) by extension 'colcon_meta'
[0.278s] Level 1:colcon.colcon_core.package_identification:_identify(src/ee4308_drone) by extensions ['ros']
[0.278s] Level 1:colcon.colcon_core.package_identification:_identify(src/ee4308_drone) by extension 'ros'
[0.280s] DEBUG:colcon.colcon_core.package_identification:Package 'src/ee4308_drone' with type 'ros.ament_cmake' and name 'ee4308_drone'
[0.280s] Level 1:colcon.colcon_core.package_identification:_identify(src/ee4308_turtle2) by extensions ['ignore', 'ignore_ament_install']
[0.280s] Level 1:colcon.colcon_core.package_identification:_identify(src/ee4308_turtle2) by extension 'ignore'
[0.280s] Level 1:colcon.colcon_core.package_identification:_identify(src/ee4308_turtle2) by extension 'ignore_ament_install'
[0.280s] Level 1:colcon.colcon_core.package_identification:_identify(src/ee4308_turtle2) by extensions ['colcon_pkg']
[0.280s] Level 1:colcon.colcon_core.package_identification:_identify(src/ee4308_turtle2) by extension 'colcon_pkg'
[0.280s] Level 1:colcon.colcon_core.package_identification:_identify(src/ee4308_turtle2) by extensions ['colcon_meta']
[0.281s] Level 1:colcon.colcon_core.package_identification:_identify(src/ee4308_turtle2) by extension 'colcon_meta'
[0.281s] Level 1:colcon.colcon_core.package_identification:_identify(src/ee4308_turtle2) by extensions ['ros']
[0.281s] Level 1:colcon.colcon_core.package_identification:_identify(src/ee4308_turtle2) by extension 'ros'
[0.282s] DEBUG:colcon.colcon_core.package_identification:Package 'src/ee4308_turtle2' with type 'ros.ament_cmake' and name 'ee4308_turtle2'
[0.282s] Level 1:colcon.colcon_core.package_discovery:discover_packages(recursive) using defaults
[0.282s] Level 1:colcon.colcon_core.package_discovery:discover_packages(ignore) discover
[0.282s] Level 1:colcon.colcon_core.package_discovery:discover_packages(ignore) using defaults
[0.282s] Level 1:colcon.colcon_core.package_discovery:discover_packages(path) discover
[0.282s] Level 1:colcon.colcon_core.package_discovery:discover_packages(path) using defaults
[0.310s] Level 1:colcon.colcon_core.package_discovery:discover_packages(prefix_path) check parameters
[0.310s] Level 1:colcon.colcon_core.package_discovery:discover_packages(prefix_path) discover
[0.313s] DEBUG:colcon.colcon_installed_package_information.package_discovery:Found 3 installed packages in /home/phantona/ee4308-proj2/install
[0.316s] DEBUG:colcon.colcon_installed_package_information.package_discovery:Found 394 installed packages in /opt/ros/jazzy
[0.318s] Level 1:colcon.colcon_core.package_discovery:discover_packages(prefix_path) using defaults
[0.400s] Level 5:colcon.colcon_core.verb:set package 'ee4308_bringup' build argument 'cmake_args' from command line to 'None'
[0.400s] Level 5:colcon.colcon_core.verb:set package 'ee4308_bringup' build argument 'cmake_target' from command line to 'None'
[0.400s] Level 5:colcon.colcon_core.verb:set package 'ee4308_bringup' build argument 'cmake_target_skip_unavailable' from command line to 'False'
[0.400s] Level 5:colcon.colcon_core.verb:set package 'ee4308_bringup' build argument 'cmake_clean_cache' from command line to 'False'
[0.400s] Level 5:colcon.colcon_core.verb:set package 'ee4308_bringup' build argument 'cmake_clean_first' from command line to 'False'
[0.400s] Level 5:colcon.colcon_core.verb:set package 'ee4308_bringup' build argument 'cmake_force_configure' from command line to 'False'
[0.400s] Level 5:colcon.colcon_core.verb:set package 'ee4308_bringup' build argument 'ament_cmake_args' from command line to 'None'
[0.400s] Level 5:colcon.colcon_core.verb:set package 'ee4308_bringup' build argument 'catkin_cmake_args' from command line to 'None'
[0.400s] Level 5:colcon.colcon_core.verb:set package 'ee4308_bringup' build argument 'catkin_skip_building_tests' from command line to 'False'
[0.401s] DEBUG:colcon.colcon_core.verb:Building package 'ee4308_bringup' with the following arguments: {'ament_cmake_args': None, 'build_base': '/home/phantona/ee4308-proj2/build/ee4308_bringup', 'catkin_cmake_args': None, 'catkin_skip_building_tests': False, 'cmake_args': None, 'cmake_clean_cache': False, 'cmake_clean_first': False, 'cmake_force_configure': False, 'cmake_target': None, 'cmake_target_skip_unavailable': False, 'install_base': '/home/phantona/ee4308-proj2/install/ee4308_bringup', 'merge_install': False, 'path': '/home/phantona/ee4308-proj2/src/ee4308_bringup', 'symlink_install': True, 'test_result_base': None}
[0.401s] Level 5:colcon.colcon_core.verb:set package 'ee4308_drone' build argument 'cmake_args' from command line to 'None'
[0.401s] Level 5:colcon.colcon_core.verb:set package 'ee4308_drone' build argument 'cmake_target' from command line to 'None'
[0.401s] Level 5:colcon.colcon_core.verb:set package 'ee4308_drone' build argument 'cmake_target_skip_unavailable' from command line to 'False'
[0.401s] Level 5:colcon.colcon_core.verb:set package 'ee4308_drone' build argument 'cmake_clean_cache' from command line to 'False'
[0.401s] Level 5:colcon.colcon_core.verb:set package 'ee4308_drone' build argument 'cmake_clean_first' from command line to 'False'
[0.401s] Level 5:colcon.colcon_core.verb:set package 'ee4308_drone' build argument 'cmake_force_configure' from command line to 'False'
[0.401s] Level 5:colcon.colcon_core.verb:set package 'ee4308_drone' build argument 'ament_cmake_args' from command line to 'None'
[0.401s] Level 5:colcon.colcon_core.verb:set package 'ee4308_drone' build argument 'catkin_cmake_args' from command line to 'None'
[0.401s] Level 5:colcon.colcon_core.verb:set package 'ee4308_drone' build argument 'catkin_skip_building_tests' from command line to 'False'
[0.401s] DEBUG:colcon.colcon_core.verb:Building package 'ee4308_drone' with the following arguments: {'ament_cmake_args': None, 'build_base': '/home/phantona/ee4308-proj2/build/ee4308_drone', 'catkin_cmake_args': None, 'catkin_skip_building_tests': False, 'cmake_args': None, 'cmake_clean_cache': False, 'cmake_clean_first': False, 'cmake_force_configure': False, 'cmake_target': None, 'cmake_target_skip_unavailable': False, 'install_base': '/home/phantona/ee4308-proj2/install/ee4308_drone', 'merge_install': False, 'path': '/home/phantona/ee4308-proj2/src/ee4308_drone', 'symlink_install': True, 'test_result_base': None}
[0.402s] Level 5:colcon.colcon_core.verb:set package 'ee4308_turtle2' build argument 'cmake_args' from command line to 'None'
[0.402s] Level 5:colcon.colcon_core.verb:set package 'ee4308_turtle2' build argument 'cmake_target' from command line to 'None'
[0.402s] Level 5:colcon.colcon_core.verb:set package 'ee4308_turtle2' build argument 'cmake_target_skip_unavailable' from command line to 'False'
[0.402s] Level 5:colcon.colcon_core.verb:set package 'ee4308_turtle2' build argument 'cmake_clean_cache' from command line to 'False'
[0.402s] Level 5:colcon.colcon_core.verb:set package 'ee4308_turtle2' build argument 'cmake_clean_first' from command line to 'False'
[0.402s] Level 5:colcon.colcon_core.verb:set package 'ee4308_turtle2' build argument 'cmake_force_configure' from command line to 'False'
[0.402s] Level 5:colcon.colcon_core.verb:set package 'ee4308_turtle2' build argument 'ament_cmake_args' from command line to 'None'
[0.402s] Level 5:colcon.colcon_core.verb:set package 'ee4308_turtle2' build argument 'catkin_cmake_args' from command line to 'None'
[0.402s] Level 5:colcon.colcon_core.verb:set package 'ee4308_turtle2' build argument 'catkin_skip_building_tests' from command line to 'False'
[0.402s] DEBUG:colcon.colcon_core.verb:Building package 'ee4308_turtle2' with the following arguments: {'ament_cmake_args': None, 'build_base': '/home/phantona/ee4308-proj2/build/ee4308_turtle2', 'catkin_cmake_args': None, 'catkin_skip_building_tests': False, 'cmake_args': None, 'cmake_clean_cache': False, 'cmake_clean_first': False, 'cmake_force_configure': False, 'cmake_target': None, 'cmake_target_skip_unavailable': False, 'install_base': '/home/phantona/ee4308-proj2/install/ee4308_turtle2', 'merge_install': False, 'path': '/home/phantona/ee4308-proj2/src/ee4308_turtle2', 'symlink_install': True, 'test_result_base': None}
[0.402s] INFO:colcon.colcon_core.executor:Executing jobs using 'parallel' executor
[0.404s] DEBUG:colcon.colcon_parallel_executor.executor.parallel:run_until_complete
[0.404s] INFO:colcon.colcon_ros.task.ament_cmake.build:Building ROS package in '/home/phantona/ee4308-proj2/src/ee4308_bringup' with build type 'ament_cmake'
[0.404s] INFO:colcon.colcon_cmake.task.cmake.build:Building CMake package in '/home/phantona/ee4308-proj2/src/ee4308_bringup'
[0.408s] INFO:colcon.colcon_core.plugin_system:Skipping extension 'colcon_core.shell.bat': Not used on non-Windows systems
[0.408s] INFO:colcon.colcon_core.shell:Skip shell extension 'powershell' for command environment: Not usable outside of PowerShell
[0.408s] DEBUG:colcon.colcon_core.shell:Skip shell extension 'dsv' for command environment
[0.415s] INFO:colcon.colcon_ros.task.ament_cmake.build:Building ROS package in '/home/phantona/ee4308-proj2/src/ee4308_drone' with build type 'ament_cmake'
[0.415s] INFO:colcon.colcon_cmake.task.cmake.build:Building CMake package in '/home/phantona/ee4308-proj2/src/ee4308_drone'
[0.416s] INFO:colcon.colcon_core.shell:Skip shell extension 'powershell' for command environment: Not usable outside of PowerShell
[0.416s] DEBUG:colcon.colcon_core.shell:Skip shell extension 'dsv' for command environment
[0.423s] INFO:colcon.colcon_ros.task.ament_cmake.build:Building ROS package in '/home/phantona/ee4308-proj2/src/ee4308_turtle2' with build type 'ament_cmake'
[0.423s] INFO:colcon.colcon_cmake.task.cmake.build:Building CMake package in '/home/phantona/ee4308-proj2/src/ee4308_turtle2'
[0.424s] INFO:colcon.colcon_core.shell:Skip shell extension 'powershell' for command environment: Not usable outside of PowerShell
[0.424s] DEBUG:colcon.colcon_core.shell:Skip shell extension 'dsv' for command environment
[0.439s] DEBUG:colcon.colcon_core.event_handler.log_command:Invoking command in '/home/phantona/ee4308-proj2/build/ee4308_bringup': CMAKE_PREFIX_PATH=${CMAKE_PREFIX_PATH}:/opt/ros/jazzy DEBUGINFOD_URLS=https://debuginfod.ubuntu.com /usr/bin/cmake --build /home/phantona/ee4308-proj2/build/ee4308_bringup -- -j16 -l16
[0.447s] DEBUG:colcon.colcon_core.event_handler.log_command:Invoking command in '/home/phantona/ee4308-proj2/build/ee4308_drone': CMAKE_PREFIX_PATH=${CMAKE_PREFIX_PATH}:/opt/ros/jazzy DEBUGINFOD_URLS=https://debuginfod.ubuntu.com /usr/bin/cmake --build /home/phantona/ee4308-proj2/build/ee4308_drone -- -j16 -l16
[0.452s] DEBUG:colcon.colcon_core.event_handler.log_command:Invoking command in '/home/phantona/ee4308-proj2/build/ee4308_turtle2': CMAKE_PREFIX_PATH=${CMAKE_PREFIX_PATH}:/opt/ros/jazzy DEBUGINFOD_URLS=https://debuginfod.ubuntu.com /usr/bin/cmake --build /home/phantona/ee4308-proj2/build/ee4308_turtle2 -- -j16 -l16
[0.528s] DEBUG:colcon.colcon_core.event_handler.log_command:Invoked command in '/home/phantona/ee4308-proj2/build/ee4308_bringup' returned '0': CMAKE_PREFIX_PATH=${CMAKE_PREFIX_PATH}:/opt/ros/jazzy DEBUGINFOD_URLS=https://debuginfod.ubuntu.com /usr/bin/cmake --build /home/phantona/ee4308-proj2/build/ee4308_bringup -- -j16 -l16
[0.557s] DEBUG:colcon.colcon_core.event_handler.log_command:Invoking command in '/home/phantona/ee4308-proj2/build/ee4308_bringup': CMAKE_PREFIX_PATH=${CMAKE_PREFIX_PATH}:/opt/ros/jazzy DEBUGINFOD_URLS=https://debuginfod.ubuntu.com /usr/bin/cmake --install /home/phantona/ee4308-proj2/build/ee4308_bringup
[0.616s] DEBUG:colcon.colcon_core.event_handler.log_command:Invoked command in '/home/phantona/ee4308-proj2/build/ee4308_turtle2' returned '0': CMAKE_PREFIX_PATH=${CMAKE_PREFIX_PATH}:/opt/ros/jazzy DEBUGINFOD_URLS=https://debuginfod.ubuntu.com /usr/bin/cmake --build /home/phantona/ee4308-proj2/build/ee4308_turtle2 -- -j16 -l16
[0.617s] DEBUG:colcon.colcon_core.event_handler.log_command:Invoking command in '/home/phantona/ee4308-proj2/build/ee4308_turtle2': CMAKE_PREFIX_PATH=${CMAKE_PREFIX_PATH}:/opt/ros/jazzy DEBUGINFOD_URLS=https://debuginfod.ubuntu.com /usr/bin/cmake --install /home/phantona/ee4308-proj2/build/ee4308_turtle2
[0.619s] Level 1:colcon.colcon_core.environment:create_environment_scripts_only(ee4308_bringup)
[0.620s] DEBUG:colcon.colcon_core.event_handler.log_command:Invoked command in '/home/phantona/ee4308-proj2/build/ee4308_bringup' returned '0': CMAKE_PREFIX_PATH=${CMAKE_PREFIX_PATH}:/opt/ros/jazzy DEBUGINFOD_URLS=https://debuginfod.ubuntu.com /usr/bin/cmake --install /home/phantona/ee4308-proj2/build/ee4308_bringup
[0.623s] Level 1:colcon.colcon_core.environment:checking '/home/phantona/ee4308-proj2/install/ee4308_bringup' for CMake module files
[0.624s] Level 1:colcon.colcon_core.environment:checking '/home/phantona/ee4308-proj2/install/ee4308_bringup' for CMake config files
[0.625s] Level 1:colcon.colcon_core.shell:create_environment_hook('ee4308_bringup', 'cmake_prefix_path')
[0.626s] INFO:colcon.colcon_core.shell:Creating environment hook '/home/phantona/ee4308-proj2/install/ee4308_bringup/share/ee4308_bringup/hook/cmake_prefix_path.ps1'
[0.627s] INFO:colcon.colcon_core.shell:Creating environment descriptor '/home/phantona/ee4308-proj2/install/ee4308_bringup/share/ee4308_bringup/hook/cmake_prefix_path.dsv'
[0.627s] INFO:colcon.colcon_core.shell:Creating environment hook '/home/phantona/ee4308-proj2/install/ee4308_bringup/share/ee4308_bringup/hook/cmake_prefix_path.sh'
[0.629s] Level 1:colcon.colcon_core.environment:checking '/home/phantona/ee4308-proj2/install/ee4308_bringup/bin'
[0.629s] Level 1:colcon.colcon_core.environment:checking '/home/phantona/ee4308-proj2/install/ee4308_bringup/lib/pkgconfig/ee4308_bringup.pc'
[0.629s] Level 1:colcon.colcon_core.environment:checking '/home/phantona/ee4308-proj2/install/ee4308_bringup/lib/python3.12/site-packages'
[0.630s] Level 1:colcon.colcon_core.environment:checking '/home/phantona/ee4308-proj2/install/ee4308_bringup/bin'
[0.630s] INFO:colcon.colcon_core.shell:Creating package script '/home/phantona/ee4308-proj2/install/ee4308_bringup/share/ee4308_bringup/package.ps1'
[0.631s] INFO:colcon.colcon_core.shell:Creating package descriptor '/home/phantona/ee4308-proj2/install/ee4308_bringup/share/ee4308_bringup/package.dsv'
[0.632s] INFO:colcon.colcon_core.shell:Creating package script '/home/phantona/ee4308-proj2/install/ee4308_bringup/share/ee4308_bringup/package.sh'
[0.633s] INFO:colcon.colcon_core.shell:Creating package script '/home/phantona/ee4308-proj2/install/ee4308_bringup/share/ee4308_bringup/package.bash'
[0.634s] INFO:colcon.colcon_core.shell:Creating package script '/home/phantona/ee4308-proj2/install/ee4308_bringup/share/ee4308_bringup/package.zsh'
[0.635s] Level 1:colcon.colcon_core.environment:create_file_with_runtime_dependencies(/home/phantona/ee4308-proj2/install/ee4308_bringup/share/colcon-core/packages/ee4308_bringup)
[0.637s] Level 1:colcon.colcon_core.environment:create_environment_scripts_only(ee4308_bringup)
[0.638s] Level 1:colcon.colcon_core.environment:checking '/home/phantona/ee4308-proj2/install/ee4308_bringup' for CMake module files
[0.640s] Level 1:colcon.colcon_core.environment:checking '/home/phantona/ee4308-proj2/install/ee4308_bringup' for CMake config files
[0.643s] Level 1:colcon.colcon_core.shell:create_environment_hook('ee4308_bringup', 'cmake_prefix_path')
[0.643s] INFO:colcon.colcon_core.shell:Creating environment hook '/home/phantona/ee4308-proj2/install/ee4308_bringup/share/ee4308_bringup/hook/cmake_prefix_path.ps1'
[0.644s] INFO:colcon.colcon_core.shell:Creating environment descriptor '/home/phantona/ee4308-proj2/install/ee4308_bringup/share/ee4308_bringup/hook/cmake_prefix_path.dsv'
[0.644s] INFO:colcon.colcon_core.shell:Creating environment hook '/home/phantona/ee4308-proj2/install/ee4308_bringup/share/ee4308_bringup/hook/cmake_prefix_path.sh'
[0.645s] Level 1:colcon.colcon_core.environment:checking '/home/phantona/ee4308-proj2/install/ee4308_bringup/bin'
[0.645s] Level 1:colcon.colcon_core.environment:checking '/home/phantona/ee4308-proj2/install/ee4308_bringup/lib/pkgconfig/ee4308_bringup.pc'
[0.646s] Level 1:colcon.colcon_core.environment:checking '/home/phantona/ee4308-proj2/install/ee4308_bringup/lib/python3.12/site-packages'
[0.646s] Level 1:colcon.colcon_core.environment:checking '/home/phantona/ee4308-proj2/install/ee4308_bringup/bin'
[0.647s] INFO:colcon.colcon_core.shell:Creating package script '/home/phantona/ee4308-proj2/install/ee4308_bringup/share/ee4308_bringup/package.ps1'
[0.647s] INFO:colcon.colcon_core.shell:Creating package descriptor '/home/phantona/ee4308-proj2/install/ee4308_bringup/share/ee4308_bringup/package.dsv'
[0.648s] INFO:colcon.colcon_core.shell:Creating package script '/home/phantona/ee4308-proj2/install/ee4308_bringup/share/ee4308_bringup/package.sh'
[0.649s] INFO:colcon.colcon_core.shell:Creating package script '/home/phantona/ee4308-proj2/install/ee4308_bringup/share/ee4308_bringup/package.bash'
[0.649s] INFO:colcon.colcon_core.shell:Creating package script '/home/phantona/ee4308-proj2/install/ee4308_bringup/share/ee4308_bringup/package.zsh'
[0.650s] Level 1:colcon.colcon_core.environment:create_file_with_runtime_dependencies(/home/phantona/ee4308-proj2/install/ee4308_bringup/share/colcon-core/packages/ee4308_bringup)
[0.674s] Level 1:colcon.colcon_core.environment:create_environment_scripts_only(ee4308_turtle2)
[0.675s] Level 1:colcon.colcon_core.environment:checking '/home/phantona/ee4308-proj2/install/ee4308_turtle2' for CMake module files
[0.676s] DEBUG:colcon.colcon_core.event_handler.log_command:Invoked command in '/home/phantona/ee4308-proj2/build/ee4308_turtle2' returned '0': CMAKE_PREFIX_PATH=${CMAKE_PREFIX_PATH}:/opt/ros/jazzy DEBUGINFOD_URLS=https://debuginfod.ubuntu.com /usr/bin/cmake --install /home/phantona/ee4308-proj2/build/ee4308_turtle2
[0.677s] Level 1:colcon.colcon_core.environment:checking '/home/phantona/ee4308-proj2/install/ee4308_turtle2' for CMake config files
[0.677s] Level 1:colcon.colcon_core.shell:create_environment_hook('ee4308_turtle2', 'cmake_prefix_path')
[0.677s] INFO:colcon.colcon_core.shell:Creating environment hook '/home/phantona/ee4308-proj2/install/ee4308_turtle2/share/ee4308_turtle2/hook/cmake_prefix_path.ps1'
[0.678s] INFO:colcon.colcon_core.shell:Creating environment descriptor '/home/phantona/ee4308-proj2/install/ee4308_turtle2/share/ee4308_turtle2/hook/cmake_prefix_path.dsv'
[0.679s] INFO:colcon.colcon_core.shell:Creating environment hook '/home/phantona/ee4308-proj2/install/ee4308_turtle2/share/ee4308_turtle2/hook/cmake_prefix_path.sh'
[0.680s] Level 1:colcon.colcon_core.environment:checking '/home/phantona/ee4308-proj2/install/ee4308_turtle2/lib'
[0.680s] Level 1:colcon.colcon_core.shell:create_environment_hook('ee4308_turtle2', 'ld_library_path_lib')
[0.680s] INFO:colcon.colcon_core.shell:Creating environment hook '/home/phantona/ee4308-proj2/install/ee4308_turtle2/share/ee4308_turtle2/hook/ld_library_path_lib.ps1'
[0.681s] INFO:colcon.colcon_core.shell:Creating environment descriptor '/home/phantona/ee4308-proj2/install/ee4308_turtle2/share/ee4308_turtle2/hook/ld_library_path_lib.dsv'
[0.682s] INFO:colcon.colcon_core.shell:Creating environment hook '/home/phantona/ee4308-proj2/install/ee4308_turtle2/share/ee4308_turtle2/hook/ld_library_path_lib.sh'
[0.682s] Level 1:colcon.colcon_core.environment:checking '/home/phantona/ee4308-proj2/install/ee4308_turtle2/bin'
[0.682s] Level 1:colcon.colcon_core.environment:checking '/home/phantona/ee4308-proj2/install/ee4308_turtle2/lib/pkgconfig/ee4308_turtle2.pc'
[0.683s] Level 1:colcon.colcon_core.environment:checking '/home/phantona/ee4308-proj2/install/ee4308_turtle2/lib/python3.12/site-packages'
[0.683s] Level 1:colcon.colcon_core.environment:checking '/home/phantona/ee4308-proj2/install/ee4308_turtle2/bin'
[0.683s] INFO:colcon.colcon_core.shell:Creating package script '/home/phantona/ee4308-proj2/install/ee4308_turtle2/share/ee4308_turtle2/package.ps1'
[0.684s] INFO:colcon.colcon_core.shell:Creating package descriptor '/home/phantona/ee4308-proj2/install/ee4308_turtle2/share/ee4308_turtle2/package.dsv'
[0.685s] INFO:colcon.colcon_core.shell:Creating package script '/home/phantona/ee4308-proj2/install/ee4308_turtle2/share/ee4308_turtle2/package.sh'
[0.686s] INFO:colcon.colcon_core.shell:Creating package script '/home/phantona/ee4308-proj2/install/ee4308_turtle2/share/ee4308_turtle2/package.bash'
[0.686s] INFO:colcon.colcon_core.shell:Creating package script '/home/phantona/ee4308-proj2/install/ee4308_turtle2/share/ee4308_turtle2/package.zsh'
[0.687s] Level 1:colcon.colcon_core.environment:create_file_with_runtime_dependencies(/home/phantona/ee4308-proj2/install/ee4308_turtle2/share/colcon-core/packages/ee4308_turtle2)
[0.688s] Level 1:colcon.colcon_core.environment:create_environment_scripts_only(ee4308_turtle2)
[0.688s] Level 1:colcon.colcon_core.environment:checking '/home/phantona/ee4308-proj2/install/ee4308_turtle2' for CMake module files
[0.689s] Level 1:colcon.colcon_core.environment:checking '/home/phantona/ee4308-proj2/install/ee4308_turtle2' for CMake config files
[0.689s] Level 1:colcon.colcon_core.shell:create_environment_hook('ee4308_turtle2', 'cmake_prefix_path')
[0.690s] INFO:colcon.colcon_core.shell:Creating environment hook '/home/phantona/ee4308-proj2/install/ee4308_turtle2/share/ee4308_turtle2/hook/cmake_prefix_path.ps1'
[0.690s] INFO:colcon.colcon_core.shell:Creating environment descriptor '/home/phantona/ee4308-proj2/install/ee4308_turtle2/share/ee4308_turtle2/hook/cmake_prefix_path.dsv'
[0.691s] INFO:colcon.colcon_core.shell:Creating environment hook '/home/phantona/ee4308-proj2/install/ee4308_turtle2/share/ee4308_turtle2/hook/cmake_prefix_path.sh'
[0.692s] Level 1:colcon.colcon_core.environment:checking '/home/phantona/ee4308-proj2/install/ee4308_turtle2/lib'
[0.692s] Level 1:colcon.colcon_core.shell:create_environment_hook('ee4308_turtle2', 'ld_library_path_lib')
[0.692s] INFO:colcon.colcon_core.shell:Creating environment hook '/home/phantona/ee4308-proj2/install/ee4308_turtle2/share/ee4308_turtle2/hook/ld_library_path_lib.ps1'
[0.693s] INFO:colcon.colcon_core.shell:Creating environment descriptor '/home/phantona/ee4308-proj2/install/ee4308_turtle2/share/ee4308_turtle2/hook/ld_library_path_lib.dsv'
[0.693s] INFO:colcon.colcon_core.shell:Creating environment hook '/home/phantona/ee4308-proj2/install/ee4308_turtle2/share/ee4308_turtle2/hook/ld_library_path_lib.sh'
[0.694s] Level 1:colcon.colcon_core.environment:checking '/home/phantona/ee4308-proj2/install/ee4308_turtle2/bin'
[0.694s] Level 1:colcon.colcon_core.environment:checking '/home/phantona/ee4308-proj2/install/ee4308_turtle2/lib/pkgconfig/ee4308_turtle2.pc'
[0.694s] Level 1:colcon.colcon_core.environment:checking '/home/phantona/ee4308-proj2/install/ee4308_turtle2/lib/python3.12/site-packages'
[0.695s] Level 1:colcon.colcon_core.environment:checking '/home/phantona/ee4308-proj2/install/ee4308_turtle2/bin'
[0.695s] INFO:colcon.colcon_core.shell:Creating package script '/home/phantona/ee4308-proj2/install/ee4308_turtle2/share/ee4308_turtle2/package.ps1'
[0.696s] INFO:colcon.colcon_core.shell:Creating package descriptor '/home/phantona/ee4308-proj2/install/ee4308_turtle2/share/ee4308_turtle2/package.dsv'
[0.697s] INFO:colcon.colcon_core.shell:Creating package script '/home/phantona/ee4308-proj2/install/ee4308_turtle2/share/ee4308_turtle2/package.sh'
[0.698s] INFO:colcon.colcon_core.shell:Creating package script '/home/phantona/ee4308-proj2/install/ee4308_turtle2/share/ee4308_turtle2/package.bash'
[0.699s] INFO:colcon.colcon_core.shell:Creating package script '/home/phantona/ee4308-proj2/install/ee4308_turtle2/share/ee4308_turtle2/package.zsh'
[0.700s] Level 1:colcon.colcon_core.environment:create_file_with_runtime_dependencies(/home/phantona/ee4308-proj2/install/ee4308_turtle2/share/colcon-core/packages/ee4308_turtle2)
[25.510s] DEBUG:colcon.colcon_core.event_handler.log_command:Invoked command in '/home/phantona/ee4308-proj2/build/ee4308_drone' returned '0': CMAKE_PREFIX_PATH=${CMAKE_PREFIX_PATH}:/opt/ros/jazzy DEBUGINFOD_URLS=https://debuginfod.ubuntu.com /usr/bin/cmake --build /home/phantona/ee4308-proj2/build/ee4308_drone -- -j16 -l16
[25.511s] DEBUG:colcon.colcon_core.event_handler.log_command:Invoking command in '/home/phantona/ee4308-proj2/build/ee4308_drone': CMAKE_PREFIX_PATH=${CMAKE_PREFIX_PATH}:/opt/ros/jazzy DEBUGINFOD_URLS=https://debuginfod.ubuntu.com /usr/bin/cmake --install /home/phantona/ee4308-proj2/build/ee4308_drone
[25.566s] Level 1:colcon.colcon_core.environment:create_environment_scripts_only(ee4308_drone)
[25.566s] Level 1:colcon.colcon_core.environment:checking '/home/phantona/ee4308-proj2/install/ee4308_drone' for CMake module files
[25.567s] DEBUG:colcon.colcon_core.event_handler.log_command:Invoked command in '/home/phantona/ee4308-proj2/build/ee4308_drone' returned '0': CMAKE_PREFIX_PATH=${CMAKE_PREFIX_PATH}:/opt/ros/jazzy DEBUGINFOD_URLS=https://debuginfod.ubuntu.com /usr/bin/cmake --install /home/phantona/ee4308-proj2/build/ee4308_drone
[25.568s] Level 1:colcon.colcon_core.environment:checking '/home/phantona/ee4308-proj2/install/ee4308_drone' for CMake config files
[25.568s] Level 1:colcon.colcon_core.shell:create_environment_hook('ee4308_drone', 'cmake_prefix_path')
[25.568s] INFO:colcon.colcon_core.shell:Creating environment hook '/home/phantona/ee4308-proj2/install/ee4308_drone/share/ee4308_drone/hook/cmake_prefix_path.ps1'
[25.569s] INFO:colcon.colcon_core.shell:Creating environment descriptor '/home/phantona/ee4308-proj2/install/ee4308_drone/share/ee4308_drone/hook/cmake_prefix_path.dsv'
[25.569s] INFO:colcon.colcon_core.shell:Creating environment hook '/home/phantona/ee4308-proj2/install/ee4308_drone/share/ee4308_drone/hook/cmake_prefix_path.sh'
[25.569s] Level 1:colcon.colcon_core.environment:checking '/home/phantona/ee4308-proj2/install/ee4308_drone/lib'
[25.569s] Level 1:colcon.colcon_core.shell:create_environment_hook('ee4308_drone', 'ld_library_path_lib')
[25.570s] INFO:colcon.colcon_core.shell:Creating environment hook '/home/phantona/ee4308-proj2/install/ee4308_drone/share/ee4308_drone/hook/ld_library_path_lib.ps1'
[25.570s] INFO:colcon.colcon_core.shell:Creating environment descriptor '/home/phantona/ee4308-proj2/install/ee4308_drone/share/ee4308_drone/hook/ld_library_path_lib.dsv'
[25.571s] INFO:colcon.colcon_core.shell:Creating environment hook '/home/phantona/ee4308-proj2/install/ee4308_drone/share/ee4308_drone/hook/ld_library_path_lib.sh'
[25.571s] Level 1:colcon.colcon_core.environment:checking '/home/phantona/ee4308-proj2/install/ee4308_drone/bin'
[25.571s] Level 1:colcon.colcon_core.environment:checking '/home/phantona/ee4308-proj2/install/ee4308_drone/lib/pkgconfig/ee4308_drone.pc'
[25.571s] Level 1:colcon.colcon_core.environment:checking '/home/phantona/ee4308-proj2/install/ee4308_drone/lib/python3.12/site-packages'
[25.572s] Level 1:colcon.colcon_core.environment:checking '/home/phantona/ee4308-proj2/install/ee4308_drone/bin'
[25.572s] INFO:colcon.colcon_core.shell:Creating package script '/home/phantona/ee4308-proj2/install/ee4308_drone/share/ee4308_drone/package.ps1'
[25.572s] INFO:colcon.colcon_core.shell:Creating package descriptor '/home/phantona/ee4308-proj2/install/ee4308_drone/share/ee4308_drone/package.dsv'
[25.573s] INFO:colcon.colcon_core.shell:Creating package script '/home/phantona/ee4308-proj2/install/ee4308_drone/share/ee4308_drone/package.sh'
[25.573s] INFO:colcon.colcon_core.shell:Creating package script '/home/phantona/ee4308-proj2/install/ee4308_drone/share/ee4308_drone/package.bash'
[25.574s] INFO:colcon.colcon_core.shell:Creating package script '/home/phantona/ee4308-proj2/install/ee4308_drone/share/ee4308_drone/package.zsh'
[25.574s] Level 1:colcon.colcon_core.environment:create_file_with_runtime_dependencies(/home/phantona/ee4308-proj2/install/ee4308_drone/share/colcon-core/packages/ee4308_drone)
[25.575s] Level 1:colcon.colcon_core.environment:create_environment_scripts_only(ee4308_drone)
[25.575s] Level 1:colcon.colcon_core.environment:checking '/home/phantona/ee4308-proj2/install/ee4308_drone' for CMake module files
[25.575s] Level 1:colcon.colcon_core.environment:checking '/home/phantona/ee4308-proj2/install/ee4308_drone' for CMake config files
[25.576s] Level 1:colcon.colcon_core.shell:create_environment_hook('ee4308_drone', 'cmake_prefix_path')
[25.576s] INFO:colcon.colcon_core.shell:Creating environment hook '/home/phantona/ee4308-proj2/install/ee4308_drone/share/ee4308_drone/hook/cmake_prefix_path.ps1'
[25.576s] INFO:colcon.colcon_core.shell:Creating environment descriptor '/home/phantona/ee4308-proj2/install/ee4308_drone/share/ee4308_drone/hook/cmake_prefix_path.dsv'
[25.577s] INFO:colcon.colcon_core.shell:Creating environment hook '/home/phantona/ee4308-proj2/install/ee4308_drone/share/ee4308_drone/hook/cmake_prefix_path.sh'
[25.577s] Level 1:colcon.colcon_core.environment:checking '/home/phantona/ee4308-proj2/install/ee4308_drone/lib'
[25.577s] Level 1:colcon.colcon_core.shell:create_environment_hook('ee4308_drone', 'ld_library_path_lib')
[25.577s] INFO:colcon.colcon_core.shell:Creating environment hook '/home/phantona/ee4308-proj2/install/ee4308_drone/share/ee4308_drone/hook/ld_library_path_lib.ps1'
[25.578s] INFO:colcon.colcon_core.shell:Creating environment descriptor '/home/phantona/ee4308-proj2/install/ee4308_drone/share/ee4308_drone/hook/ld_library_path_lib.dsv'
[25.578s] INFO:colcon.colcon_core.shell:Creating environment hook '/home/phantona/ee4308-proj2/install/ee4308_drone/share/ee4308_drone/hook/ld_library_path_lib.sh'
[25.579s] Level 1:colcon.colcon_core.environment:checking '/home/phantona/ee4308-proj2/install/ee4308_drone/bin'
[25.579s] Level 1:colcon.colcon_core.environment:checking '/home/phantona/ee4308-proj2/install/ee4308_drone/lib/pkgconfig/ee4308_drone.pc'
[25.579s] Level 1:colcon.colcon_core.environment:checking '/home/phantona/ee4308-proj2/install/ee4308_drone/lib/python3.12/site-packages'
[25.579s] Level 1:colcon.colcon_core.environment:checking '/home/phantona/ee4308-proj2/install/ee4308_drone/bin'
[25.579s] INFO:colcon.colcon_core.shell:Creating package script '/home/phantona/ee4308-proj2/install/ee4308_drone/share/ee4308_drone/package.ps1'
[25.580s] INFO:colcon.colcon_core.shell:Creating package descriptor '/home/phantona/ee4308-proj2/install/ee4308_drone/share/ee4308_drone/package.dsv'
[25.581s] INFO:colcon.colcon_core.shell:Creating package script '/home/phantona/ee4308-proj2/install/ee4308_drone/share/ee4308_drone/package.sh'
[25.581s] INFO:colcon.colcon_core.shell:Creating package script '/home/phantona/ee4308-proj2/install/ee4308_drone/share/ee4308_drone/package.bash'
[25.581s] INFO:colcon.colcon_core.shell:Creating package script '/home/phantona/ee4308-proj2/install/ee4308_drone/share/ee4308_drone/package.zsh'
[25.582s] Level 1:colcon.colcon_core.environment:create_file_with_runtime_dependencies(/home/phantona/ee4308-proj2/install/ee4308_drone/share/colcon-core/packages/ee4308_drone)
[25.582s] DEBUG:colcon.colcon_parallel_executor.executor.parallel:closing loop
[25.582s] DEBUG:colcon.colcon_parallel_executor.executor.parallel:loop closed
[25.582s] DEBUG:colcon.colcon_parallel_executor.executor.parallel:run_until_complete finished with '0'
[25.582s] DEBUG:colcon.colcon_core.event_reactor:joining thread
[25.591s] INFO:colcon.colcon_core.plugin_system:Skipping extension 'colcon_notification.desktop_notification.terminal_notifier': Not used on non-Darwin systems
[25.591s] INFO:colcon.colcon_core.plugin_system:Skipping extension 'colcon_notification.desktop_notification.win32': Not used on non-Windows systems
[25.591s] INFO:colcon.colcon_notification.desktop_notification:Sending desktop notification using 'notify2'
[25.607s] DEBUG:colcon.colcon_core.event_reactor:joined thread
[25.607s] INFO:colcon.colcon_core.shell:Creating prefix script '/home/phantona/ee4308-proj2/install/local_setup.ps1'
[25.608s] INFO:colcon.colcon_core.shell:Creating prefix util module '/home/phantona/ee4308-proj2/install/_local_setup_util_ps1.py'
[25.610s] INFO:colcon.colcon_core.shell:Creating prefix chain script '/home/phantona/ee4308-proj2/install/setup.ps1'
[25.611s] INFO:colcon.colcon_core.shell:Creating prefix script '/home/phantona/ee4308-proj2/install/local_setup.sh'
[25.612s] INFO:colcon.colcon_core.shell:Creating prefix util module '/home/phantona/ee4308-proj2/install/_local_setup_util_sh.py'
[25.612s] INFO:colcon.colcon_core.shell:Creating prefix chain script '/home/phantona/ee4308-proj2/install/setup.sh'
[25.613s] INFO:colcon.colcon_core.shell:Creating prefix script '/home/phantona/ee4308-proj2/install/local_setup.bash'
[25.614s] INFO:colcon.colcon_core.shell:Creating prefix chain script '/home/phantona/ee4308-proj2/install/setup.bash'
[25.615s] INFO:colcon.colcon_core.shell:Creating prefix script '/home/phantona/ee4308-proj2/install/local_setup.zsh'
[25.615s] INFO:colcon.colcon_core.shell:Creating prefix chain script '/home/phantona/ee4308-proj2/install/setup.zsh'
