[0.029s] Invoking command in '/home/phantona/ee4308L2/build/ee4308_drone': CMAKE_PREFIX_PATH=${CMAKE_PREFIX_PATH}:/opt/ros/jazzy DEBUGINFOD_URLS=https://debuginfod.ubuntu.com /usr/bin/cmake --build /home/phantona/ee4308L2/build/ee4308_drone -- -j16 -l16
[0.172s] [ 12%] Built target estimator
[0.177s] [ 31%] Built target planner
[0.177s] [ 37%] Built target behavior
[0.178s] [ 50%] Built target planner_component
[0.179s] [ 62%] Built target controller
[0.182s] [ 68%] [32mBuilding CXX object CMakeFiles/behavior_component.dir/src/behavior.cpp.o[0m
[0.185s] [ 75%] [32mBuilding CXX object CMakeFiles/controller_component.dir/src/controller.cpp.o[0m
[0.187s] [ 87%] Built target estimator_component
[13.636s] [ 93%] [32m[1mLinking CXX shared library libcontroller_component.so[0m
[14.061s] [ 93%] Built target controller_component
[16.480s] [100%] [32m[1mLinking CXX shared library libbehavior_component.so[0m
[16.899s] [100%] Built target behavior_component
[16.911s] Invoked command in '/home/phantona/ee4308L2/build/ee4308_drone' returned '0': CMAKE_PREFIX_PATH=${CMAKE_PREFIX_PATH}:/opt/ros/jazzy DEBUGINFOD_URLS=https://debuginfod.ubuntu.com /usr/bin/cmake --build /home/phantona/ee4308L2/build/ee4308_drone -- -j16 -l16
[16.913s] Invoking command in '/home/phantona/ee4308L2/build/ee4308_drone': CMAKE_PREFIX_PATH=${CMAKE_PREFIX_PATH}:/opt/ros/jazzy DEBUGINFOD_URLS=https://debuginfod.ubuntu.com /usr/bin/cmake --install /home/phantona/ee4308L2/build/ee4308_drone
[16.921s] -- Install configuration: ""
[16.922s] -- Execute custom install script
[16.923s] -- Up-to-date symlink: /home/phantona/ee4308L2/install/ee4308_drone/lib/ee4308_drone/behavior
[16.923s] -- Up-to-date symlink: /home/phantona/ee4308L2/install/ee4308_drone/lib/ee4308_drone/controller
[16.923s] -- Up-to-date symlink: /home/phantona/ee4308L2/install/ee4308_drone/lib/ee4308_drone/estimator
[16.924s] -- Up-to-date symlink: /home/phantona/ee4308L2/install/ee4308_drone/lib/ee4308_drone/planner
[16.924s] -- Up-to-date symlink: /home/phantona/ee4308L2/install/ee4308_drone/share/ament_index/resource_index/package_run_dependencies/ee4308_drone
[16.925s] -- Up-to-date symlink: /home/phantona/ee4308L2/install/ee4308_drone/share/ament_index/resource_index/parent_prefix_path/ee4308_drone
[16.925s] -- Up-to-date symlink: /home/phantona/ee4308L2/install/ee4308_drone/share/ee4308_drone/environment/ament_prefix_path.sh
[16.926s] -- Up-to-date symlink: /home/phantona/ee4308L2/install/ee4308_drone/share/ee4308_drone/environment/ament_prefix_path.dsv
[16.926s] -- Up-to-date symlink: /home/phantona/ee4308L2/install/ee4308_drone/share/ee4308_drone/environment/path.sh
[16.926s] -- Up-to-date symlink: /home/phantona/ee4308L2/install/ee4308_drone/share/ee4308_drone/environment/path.dsv
[16.927s] -- Up-to-date symlink: /home/phantona/ee4308L2/install/ee4308_drone/share/ee4308_drone/local_setup.bash
[16.927s] -- Up-to-date symlink: /home/phantona/ee4308L2/install/ee4308_drone/share/ee4308_drone/local_setup.sh
[16.927s] -- Up-to-date symlink: /home/phantona/ee4308L2/install/ee4308_drone/share/ee4308_drone/local_setup.zsh
[16.927s] -- Up-to-date symlink: /home/phantona/ee4308L2/install/ee4308_drone/share/ee4308_drone/local_setup.dsv
[16.927s] -- Symlinking: /home/phantona/ee4308L2/install/ee4308_drone/share/ee4308_drone/package.dsv
[16.936s] -- Up-to-date symlink: /home/phantona/ee4308L2/install/ee4308_drone/share/ament_index/resource_index/packages/ee4308_drone
[16.937s] -- Up-to-date symlink: /home/phantona/ee4308L2/install/ee4308_drone/share/ament_index/resource_index/rclcpp_components/ee4308_drone
[16.937s] -- Up-to-date symlink: /home/phantona/ee4308L2/install/ee4308_drone/share/ee4308_drone/cmake/ament_cmake_export_targets-extras.cmake
[16.938s] -- Up-to-date symlink: /home/phantona/ee4308L2/install/ee4308_drone/share/ee4308_drone/cmake/ament_cmake_export_dependencies-extras.cmake
[16.938s] -- Up-to-date symlink: /home/phantona/ee4308L2/install/ee4308_drone/share/ee4308_drone/cmake/ee4308_droneConfig.cmake
[16.938s] -- Up-to-date symlink: /home/phantona/ee4308L2/install/ee4308_drone/share/ee4308_drone/cmake/ee4308_droneConfig-version.cmake
[16.938s] -- Up-to-date symlink: /home/phantona/ee4308L2/install/ee4308_drone/share/ee4308_drone/package.xml
[16.939s] -- Installing: /home/phantona/ee4308L2/install/ee4308_drone/lib/libbehavior_component.so
[16.948s] -- Set non-toolchain portion of runtime path of "/home/phantona/ee4308L2/install/ee4308_drone/lib/libbehavior_component.so" to ""
[16.949s] -- Installing: /home/phantona/ee4308L2/install/ee4308_drone/lib/libcontroller_component.so
[16.955s] -- Set non-toolchain portion of runtime path of "/home/phantona/ee4308L2/install/ee4308_drone/lib/libcontroller_component.so" to ""
[16.956s] -- Up-to-date: /home/phantona/ee4308L2/install/ee4308_drone/lib/libestimator_component.so
[16.956s] -- Up-to-date: /home/phantona/ee4308L2/install/ee4308_drone/lib/libplanner_component.so
[16.957s] -- Up-to-date: /home/phantona/ee4308L2/install/ee4308_drone/share/ee4308_drone/cmake/export_behavior_componentExport.cmake
[16.957s] -- Up-to-date: /home/phantona/ee4308L2/install/ee4308_drone/share/ee4308_drone/cmake/export_behavior_componentExport-noconfig.cmake
[16.958s] -- Up-to-date: /home/phantona/ee4308L2/install/ee4308_drone/share/ee4308_drone/cmake/export_controller_componentExport.cmake
[16.958s] -- Up-to-date: /home/phantona/ee4308L2/install/ee4308_drone/share/ee4308_drone/cmake/export_controller_componentExport-noconfig.cmake
[16.958s] -- Up-to-date: /home/phantona/ee4308L2/install/ee4308_drone/share/ee4308_drone/cmake/export_estimator_componentExport.cmake
[16.958s] -- Up-to-date: /home/phantona/ee4308L2/install/ee4308_drone/share/ee4308_drone/cmake/export_estimator_componentExport-noconfig.cmake
[16.958s] -- Up-to-date: /home/phantona/ee4308L2/install/ee4308_drone/share/ee4308_drone/cmake/export_planner_componentExport.cmake
[16.959s] -- Up-to-date: /home/phantona/ee4308L2/install/ee4308_drone/share/ee4308_drone/cmake/export_planner_componentExport-noconfig.cmake
[16.961s] Invoked command in '/home/phantona/ee4308L2/build/ee4308_drone' returned '0': CMAKE_PREFIX_PATH=${CMAKE_PREFIX_PATH}:/opt/ros/jazzy DEBUGINFOD_URLS=https://debuginfod.ubuntu.com /usr/bin/cmake --install /home/phantona/ee4308L2/build/ee4308_drone
