[0.027s] Invoking command in '/home/phantona/ee4308-proj2/build/ee4308_drone': CMAKE_PREFIX_PATH=${CMAKE_PREFIX_PATH}:/opt/ros/jazzy DEBUGINFOD_URLS=https://debuginfod.ubuntu.com /usr/bin/cmake --build /home/phantona/ee4308-proj2/build/ee4308_drone -- -j16 -l16
[0.152s] [ 18%] Built target behavior
[0.153s] [ 25%] Built target estimator
[0.154s] [ 50%] Built target controller
[0.154s] [ 50%] Built target behavior_component
[0.163s] [ 62%] Built target planner
[0.165s] [ 75%] Built target controller_component
[0.166s] [ 87%] Built target planner_component
[0.174s] [ 93%] [32mBuilding CXX object CMakeFiles/estimator_component.dir/src/estimator.cpp.o[0m
[24.333s] [100%] [32m[1mLinking CXX shared library libestimator_component.so[0m
[25.255s] [100%] Built target estimator_component
[25.268s] Invoked command in '/home/phantona/ee4308-proj2/build/ee4308_drone' returned '0': CMAKE_PREFIX_PATH=${CMAKE_PREFIX_PATH}:/opt/ros/jazzy DEBUGINFOD_URLS=https://debuginfod.ubuntu.com /usr/bin/cmake --build /home/phantona/ee4308-proj2/build/ee4308_drone -- -j16 -l16
[25.269s] Invoking command in '/home/phantona/ee4308-proj2/build/ee4308_drone': CMAKE_PREFIX_PATH=${CMAKE_PREFIX_PATH}:/opt/ros/jazzy DEBUGINFOD_URLS=https://debuginfod.ubuntu.com /usr/bin/cmake --install /home/phantona/ee4308-proj2/build/ee4308_drone
[25.279s] -- Install configuration: ""
[25.280s] -- Execute custom install script
[25.280s] -- Up-to-date symlink: /home/phantona/ee4308-proj2/install/ee4308_drone/lib/ee4308_drone/behavior
[25.281s] -- Up-to-date symlink: /home/phantona/ee4308-proj2/install/ee4308_drone/lib/ee4308_drone/controller
[25.281s] -- Up-to-date symlink: /home/phantona/ee4308-proj2/install/ee4308_drone/lib/ee4308_drone/estimator
[25.281s] -- Up-to-date symlink: /home/phantona/ee4308-proj2/install/ee4308_drone/lib/ee4308_drone/planner
[25.282s] -- Up-to-date symlink: /home/phantona/ee4308-proj2/install/ee4308_drone/share/ament_index/resource_index/package_run_dependencies/ee4308_drone
[25.282s] -- Up-to-date symlink: /home/phantona/ee4308-proj2/install/ee4308_drone/share/ament_index/resource_index/parent_prefix_path/ee4308_drone
[25.282s] -- Up-to-date symlink: /home/phantona/ee4308-proj2/install/ee4308_drone/share/ee4308_drone/environment/ament_prefix_path.sh
[25.282s] -- Up-to-date symlink: /home/phantona/ee4308-proj2/install/ee4308_drone/share/ee4308_drone/environment/ament_prefix_path.dsv
[25.283s] -- Up-to-date symlink: /home/phantona/ee4308-proj2/install/ee4308_drone/share/ee4308_drone/environment/path.sh
[25.283s] -- Up-to-date symlink: /home/phantona/ee4308-proj2/install/ee4308_drone/share/ee4308_drone/environment/path.dsv
[25.283s] -- Up-to-date symlink: /home/phantona/ee4308-proj2/install/ee4308_drone/share/ee4308_drone/local_setup.bash
[25.283s] -- Up-to-date symlink: /home/phantona/ee4308-proj2/install/ee4308_drone/share/ee4308_drone/local_setup.sh
[25.284s] -- Up-to-date symlink: /home/phantona/ee4308-proj2/install/ee4308_drone/share/ee4308_drone/local_setup.zsh
[25.284s] -- Up-to-date symlink: /home/phantona/ee4308-proj2/install/ee4308_drone/share/ee4308_drone/local_setup.dsv
[25.284s] -- Symlinking: /home/phantona/ee4308-proj2/install/ee4308_drone/share/ee4308_drone/package.dsv
[25.294s] -- Up-to-date symlink: /home/phantona/ee4308-proj2/install/ee4308_drone/share/ament_index/resource_index/packages/ee4308_drone
[25.294s] -- Up-to-date symlink: /home/phantona/ee4308-proj2/install/ee4308_drone/share/ament_index/resource_index/rclcpp_components/ee4308_drone
[25.295s] -- Up-to-date symlink: /home/phantona/ee4308-proj2/install/ee4308_drone/share/ee4308_drone/cmake/ament_cmake_export_targets-extras.cmake
[25.295s] -- Up-to-date symlink: /home/phantona/ee4308-proj2/install/ee4308_drone/share/ee4308_drone/cmake/ament_cmake_export_dependencies-extras.cmake
[25.295s] -- Up-to-date symlink: /home/phantona/ee4308-proj2/install/ee4308_drone/share/ee4308_drone/cmake/ee4308_droneConfig.cmake
[25.296s] -- Up-to-date symlink: /home/phantona/ee4308-proj2/install/ee4308_drone/share/ee4308_drone/cmake/ee4308_droneConfig-version.cmake
[25.296s] -- Up-to-date symlink: /home/phantona/ee4308-proj2/install/ee4308_drone/share/ee4308_drone/package.xml
[25.296s] -- Up-to-date: /home/phantona/ee4308-proj2/install/ee4308_drone/lib/libbehavior_component.so
[25.297s] -- Up-to-date: /home/phantona/ee4308-proj2/install/ee4308_drone/lib/libcontroller_component.so
[25.297s] -- Installing: /home/phantona/ee4308-proj2/install/ee4308_drone/lib/libestimator_component.so
[25.324s] -- Set non-toolchain portion of runtime path of "/home/phantona/ee4308-proj2/install/ee4308_drone/lib/libestimator_component.so" to ""
[25.324s] -- Up-to-date: /home/phantona/ee4308-proj2/install/ee4308_drone/lib/libplanner_component.so
[25.324s] -- Up-to-date: /home/phantona/ee4308-proj2/install/ee4308_drone/share/ee4308_drone/cmake/export_behavior_componentExport.cmake
[25.325s] -- Up-to-date: /home/phantona/ee4308-proj2/install/ee4308_drone/share/ee4308_drone/cmake/export_behavior_componentExport-noconfig.cmake
[25.325s] -- Up-to-date: /home/phantona/ee4308-proj2/install/ee4308_drone/share/ee4308_drone/cmake/export_controller_componentExport.cmake
[25.325s] -- Up-to-date: /home/phantona/ee4308-proj2/install/ee4308_drone/share/ee4308_drone/cmake/export_controller_componentExport-noconfig.cmake
[25.325s] -- Up-to-date: /home/phantona/ee4308-proj2/install/ee4308_drone/share/ee4308_drone/cmake/export_estimator_componentExport.cmake
[25.325s] -- Up-to-date: /home/phantona/ee4308-proj2/install/ee4308_drone/share/ee4308_drone/cmake/export_estimator_componentExport-noconfig.cmake
[25.325s] -- Up-to-date: /home/phantona/ee4308-proj2/install/ee4308_drone/share/ee4308_drone/cmake/export_planner_componentExport.cmake
[25.325s] -- Up-to-date: /home/phantona/ee4308-proj2/install/ee4308_drone/share/ee4308_drone/cmake/export_planner_componentExport-noconfig.cmake
[25.328s] Invoked command in '/home/phantona/ee4308-proj2/build/ee4308_drone' returned '0': CMAKE_PREFIX_PATH=${CMAKE_PREFIX_PATH}:/opt/ros/jazzy DEBUGINFOD_URLS=https://debuginfod.ubuntu.com /usr/bin/cmake --install /home/phantona/ee4308-proj2/build/ee4308_drone
