[0.174s] DEBUG:colcon:Command line arguments: ['/usr/bin/colcon', 'build', '--symlink-install']
[0.174s] DEBUG:colcon:Parsed command line arguments: Namespace(log_base=None, log_level=None, verb_name='build', build_base='build', install_base='install', merge_install=False, symlink_install=True, test_result_base=None, continue_on_error=False, executor='parallel', parallel_workers=16, event_handlers=None, ignore_user_meta=False, metas=['./colcon.meta'], base_paths=['.'], packages_ignore=None, packages_ignore_regex=None, paths=None, packages_up_to=None, packages_up_to_regex=None, packages_above=None, packages_above_and_dependencies=None, packages_above_depth=None, packages_select_by_dep=None, packages_skip_by_dep=None, packages_skip_up_to=None, packages_select_build_failed=False, packages_skip_build_finished=False, packages_select_test_failures=False, packages_skip_test_passed=False, packages_select=None, packages_skip=None, packages_select_regex=None, packages_skip_regex=None, packages_start=None, packages_end=None, allow_overriding=[], cmake_args=None, cmake_target=None, cmake_target_skip_unavailable=False, cmake_clean_cache=False, cmake_clean_first=False, cmake_force_configure=False, ament_cmake_args=None, catkin_cmake_args=None, catkin_skip_building_tests=False, mixin_files=None, mixin=None, verb_parser=<colcon_mixin.mixin.mixin_argument.MixinArgumentDecorator object at 0x79997a89c170>, verb_extension=<colcon_core.verb.build.BuildVerb object at 0x79997a85fe90>, main=<bound method BuildVerb.main of <colcon_core.verb.build.BuildVerb object at 0x79997a85fe90>>, mixin_verb=('build',))
[0.246s] Level 1:colcon.colcon_core.package_discovery:discover_packages(colcon_meta) check parameters
[0.246s] Level 1:colcon.colcon_core.package_discovery:discover_packages(recursive) check parameters
[0.246s] Level 1:colcon.colcon_core.package_discovery:discover_packages(ignore) check parameters
[0.246s] Level 1:colcon.colcon_core.package_discovery:discover_packages(path) check parameters
[0.246s] Level 1:colcon.colcon_core.package_discovery:discover_packages(colcon_meta) discover
[0.246s] Level 1:colcon.colcon_core.package_discovery:discover_packages(recursive) discover
[0.246s] INFO:colcon.colcon_core.package_discovery:Crawling recursively for packages in '/home/phantona/ee4308L2'
[0.247s] Level 1:colcon.colcon_core.package_identification:_identify(.) by extensions ['ignore', 'ignore_ament_install']
[0.247s] Level 1:colcon.colcon_core.package_identification:_identify(.) by extension 'ignore'
[0.247s] Level 1:colcon.colcon_core.package_identification:_identify(.) by extension 'ignore_ament_install'
[0.247s] Level 1:colcon.colcon_core.package_identification:_identify(.) by extensions ['colcon_pkg']
[0.247s] Level 1:colcon.colcon_core.package_identification:_identify(.) by extension 'colcon_pkg'
[0.247s] Level 1:colcon.colcon_core.package_identification:_identify(.) by extensions ['colcon_meta']
[0.247s] Level 1:colcon.colcon_core.package_identification:_identify(.) by extension 'colcon_meta'
[0.247s] Level 1:colcon.colcon_core.package_identification:_identify(.) by extensions ['ros']
[0.247s] Level 1:colcon.colcon_core.package_identification:_identify(.) by extension 'ros'
[0.286s] Level 1:colcon.colcon_core.package_identification:_identify(.) by extensions ['cmake', 'python']
[0.286s] Level 1:colcon.colcon_core.package_identification:_identify(.) by extension 'cmake'
[0.286s] Level 1:colcon.colcon_core.package_identification:_identify(.) by extension 'python'
[0.286s] Level 1:colcon.colcon_core.package_identification:_identify(.) by extensions ['python_setup_py']
[0.286s] Level 1:colcon.colcon_core.package_identification:_identify(.) by extension 'python_setup_py'
[0.286s] Level 1:colcon.colcon_core.package_identification:_identify(build) by extensions ['ignore', 'ignore_ament_install']
[0.286s] Level 1:colcon.colcon_core.package_identification:_identify(build) by extension 'ignore'
[0.286s] Level 1:colcon.colcon_core.package_identification:_identify(build) ignored
[0.286s] Level 1:colcon.colcon_core.package_identification:_identify(docs) by extensions ['ignore', 'ignore_ament_install']
[0.287s] Level 1:colcon.colcon_core.package_identification:_identify(docs) by extension 'ignore'
[0.287s] Level 1:colcon.colcon_core.package_identification:_identify(docs) by extension 'ignore_ament_install'
[0.287s] Level 1:colcon.colcon_core.package_identification:_identify(docs) by extensions ['colcon_pkg']
[0.287s] Level 1:colcon.colcon_core.package_identification:_identify(docs) by extension 'colcon_pkg'
[0.287s] Level 1:colcon.colcon_core.package_identification:_identify(docs) by extensions ['colcon_meta']
[0.287s] Level 1:colcon.colcon_core.package_identification:_identify(docs) by extension 'colcon_meta'
[0.287s] Level 1:colcon.colcon_core.package_identification:_identify(docs) by extensions ['ros']
[0.287s] Level 1:colcon.colcon_core.package_identification:_identify(docs) by extension 'ros'
[0.287s] Level 1:colcon.colcon_core.package_identification:_identify(docs) by extensions ['cmake', 'python']
[0.287s] Level 1:colcon.colcon_core.package_identification:_identify(docs) by extension 'cmake'
[0.287s] Level 1:colcon.colcon_core.package_identification:_identify(docs) by extension 'python'
[0.287s] Level 1:colcon.colcon_core.package_identification:_identify(docs) by extensions ['python_setup_py']
[0.288s] Level 1:colcon.colcon_core.package_identification:_identify(docs) by extension 'python_setup_py'
[0.288s] Level 1:colcon.colcon_core.package_identification:_identify(install) by extensions ['ignore', 'ignore_ament_install']
[0.288s] Level 1:colcon.colcon_core.package_identification:_identify(install) by extension 'ignore'
[0.288s] Level 1:colcon.colcon_core.package_identification:_identify(install) ignored
[0.288s] Level 1:colcon.colcon_core.package_identification:_identify(log) by extensions ['ignore', 'ignore_ament_install']
[0.288s] Level 1:colcon.colcon_core.package_identification:_identify(log) by extension 'ignore'
[0.288s] Level 1:colcon.colcon_core.package_identification:_identify(log) ignored
[0.288s] Level 1:colcon.colcon_core.package_identification:_identify(src) by extensions ['ignore', 'ignore_ament_install']
[0.288s] Level 1:colcon.colcon_core.package_identification:_identify(src) by extension 'ignore'
[0.289s] Level 1:colcon.colcon_core.package_identification:_identify(src) by extension 'ignore_ament_install'
[0.289s] Level 1:colcon.colcon_core.package_identification:_identify(src) by extensions ['colcon_pkg']
[0.289s] Level 1:colcon.colcon_core.package_identification:_identify(src) by extension 'colcon_pkg'
[0.289s] Level 1:colcon.colcon_core.package_identification:_identify(src) by extensions ['colcon_meta']
[0.289s] Level 1:colcon.colcon_core.package_identification:_identify(src) by extension 'colcon_meta'
[0.289s] Level 1:colcon.colcon_core.package_identification:_identify(src) by extensions ['ros']
[0.289s] Level 1:colcon.colcon_core.package_identification:_identify(src) by extension 'ros'
[0.289s] Level 1:colcon.colcon_core.package_identification:_identify(src) by extensions ['cmake', 'python']
[0.289s] Level 1:colcon.colcon_core.package_identification:_identify(src) by extension 'cmake'
[0.289s] Level 1:colcon.colcon_core.package_identification:_identify(src) by extension 'python'
[0.289s] Level 1:colcon.colcon_core.package_identification:_identify(src) by extensions ['python_setup_py']
[0.289s] Level 1:colcon.colcon_core.package_identification:_identify(src) by extension 'python_setup_py'
[0.291s] Level 1:colcon.colcon_core.package_identification:_identify(src/ee4308_bringup) by extensions ['ignore', 'ignore_ament_install']
[0.291s] Level 1:colcon.colcon_core.package_identification:_identify(src/ee4308_bringup) by extension 'ignore'
[0.292s] Level 1:colcon.colcon_core.package_identification:_identify(src/ee4308_bringup) by extension 'ignore_ament_install'
[0.292s] Level 1:colcon.colcon_core.package_identification:_identify(src/ee4308_bringup) by extensions ['colcon_pkg']
[0.292s] Level 1:colcon.colcon_core.package_identification:_identify(src/ee4308_bringup) by extension 'colcon_pkg'
[0.292s] Level 1:colcon.colcon_core.package_identification:_identify(src/ee4308_bringup) by extensions ['colcon_meta']
[0.292s] Level 1:colcon.colcon_core.package_identification:_identify(src/ee4308_bringup) by extension 'colcon_meta'
[0.292s] Level 1:colcon.colcon_core.package_identification:_identify(src/ee4308_bringup) by extensions ['ros']
[0.292s] Level 1:colcon.colcon_core.package_identification:_identify(src/ee4308_bringup) by extension 'ros'
[0.296s] DEBUG:colcon.colcon_core.package_identification:Package 'src/ee4308_bringup' with type 'ros.ament_cmake' and name 'ee4308_bringup'
[0.297s] Level 1:colcon.colcon_core.package_identification:_identify(src/ee4308_drone) by extensions ['ignore', 'ignore_ament_install']
[0.297s] Level 1:colcon.colcon_core.package_identification:_identify(src/ee4308_drone) by extension 'ignore'
[0.297s] Level 1:colcon.colcon_core.package_identification:_identify(src/ee4308_drone) by extension 'ignore_ament_install'
[0.297s] Level 1:colcon.colcon_core.package_identification:_identify(src/ee4308_drone) by extensions ['colcon_pkg']
[0.297s] Level 1:colcon.colcon_core.package_identification:_identify(src/ee4308_drone) by extension 'colcon_pkg'
[0.297s] Level 1:colcon.colcon_core.package_identification:_identify(src/ee4308_drone) by extensions ['colcon_meta']
[0.297s] Level 1:colcon.colcon_core.package_identification:_identify(src/ee4308_drone) by extension 'colcon_meta'
[0.297s] Level 1:colcon.colcon_core.package_identification:_identify(src/ee4308_drone) by extensions ['ros']
[0.297s] Level 1:colcon.colcon_core.package_identification:_identify(src/ee4308_drone) by extension 'ros'
[0.299s] DEBUG:colcon.colcon_core.package_identification:Package 'src/ee4308_drone' with type 'ros.ament_cmake' and name 'ee4308_drone'
[0.299s] Level 1:colcon.colcon_core.package_identification:_identify(src/ee4308_turtle2) by extensions ['ignore', 'ignore_ament_install']
[0.299s] Level 1:colcon.colcon_core.package_identification:_identify(src/ee4308_turtle2) by extension 'ignore'
[0.300s] Level 1:colcon.colcon_core.package_identification:_identify(src/ee4308_turtle2) by extension 'ignore_ament_install'
[0.300s] Level 1:colcon.colcon_core.package_identification:_identify(src/ee4308_turtle2) by extensions ['colcon_pkg']
[0.300s] Level 1:colcon.colcon_core.package_identification:_identify(src/ee4308_turtle2) by extension 'colcon_pkg'
[0.300s] Level 1:colcon.colcon_core.package_identification:_identify(src/ee4308_turtle2) by extensions ['colcon_meta']
[0.300s] Level 1:colcon.colcon_core.package_identification:_identify(src/ee4308_turtle2) by extension 'colcon_meta'
[0.300s] Level 1:colcon.colcon_core.package_identification:_identify(src/ee4308_turtle2) by extensions ['ros']
[0.300s] Level 1:colcon.colcon_core.package_identification:_identify(src/ee4308_turtle2) by extension 'ros'
[0.302s] DEBUG:colcon.colcon_core.package_identification:Package 'src/ee4308_turtle2' with type 'ros.ament_cmake' and name 'ee4308_turtle2'
[0.302s] Level 1:colcon.colcon_core.package_discovery:discover_packages(recursive) using defaults
[0.302s] Level 1:colcon.colcon_core.package_discovery:discover_packages(ignore) discover
[0.302s] Level 1:colcon.colcon_core.package_discovery:discover_packages(ignore) using defaults
[0.302s] Level 1:colcon.colcon_core.package_discovery:discover_packages(path) discover
[0.302s] Level 1:colcon.colcon_core.package_discovery:discover_packages(path) using defaults
[0.329s] Level 1:colcon.colcon_core.package_discovery:discover_packages(prefix_path) check parameters
[0.330s] Level 1:colcon.colcon_core.package_discovery:discover_packages(prefix_path) discover
[0.333s] DEBUG:colcon.colcon_installed_package_information.package_discovery:Found 3 installed packages in /home/phantona/ee4308-proj2/install
[0.336s] DEBUG:colcon.colcon_installed_package_information.package_discovery:Found 394 installed packages in /opt/ros/jazzy
[0.338s] Level 1:colcon.colcon_core.package_discovery:discover_packages(prefix_path) using defaults
[0.422s] Level 5:colcon.colcon_core.verb:set package 'ee4308_bringup' build argument 'cmake_args' from command line to 'None'
[0.423s] Level 5:colcon.colcon_core.verb:set package 'ee4308_bringup' build argument 'cmake_target' from command line to 'None'
[0.423s] Level 5:colcon.colcon_core.verb:set package 'ee4308_bringup' build argument 'cmake_target_skip_unavailable' from command line to 'False'
[0.423s] Level 5:colcon.colcon_core.verb:set package 'ee4308_bringup' build argument 'cmake_clean_cache' from command line to 'False'
[0.423s] Level 5:colcon.colcon_core.verb:set package 'ee4308_bringup' build argument 'cmake_clean_first' from command line to 'False'
[0.423s] Level 5:colcon.colcon_core.verb:set package 'ee4308_bringup' build argument 'cmake_force_configure' from command line to 'False'
[0.423s] Level 5:colcon.colcon_core.verb:set package 'ee4308_bringup' build argument 'ament_cmake_args' from command line to 'None'
[0.423s] Level 5:colcon.colcon_core.verb:set package 'ee4308_bringup' build argument 'catkin_cmake_args' from command line to 'None'
[0.423s] Level 5:colcon.colcon_core.verb:set package 'ee4308_bringup' build argument 'catkin_skip_building_tests' from command line to 'False'
[0.423s] DEBUG:colcon.colcon_core.verb:Building package 'ee4308_bringup' with the following arguments: {'ament_cmake_args': None, 'build_base': '/home/phantona/ee4308L2/build/ee4308_bringup', 'catkin_cmake_args': None, 'catkin_skip_building_tests': False, 'cmake_args': None, 'cmake_clean_cache': False, 'cmake_clean_first': False, 'cmake_force_configure': False, 'cmake_target': None, 'cmake_target_skip_unavailable': False, 'install_base': '/home/phantona/ee4308L2/install/ee4308_bringup', 'merge_install': False, 'path': '/home/phantona/ee4308L2/src/ee4308_bringup', 'symlink_install': True, 'test_result_base': None}
[0.423s] Level 5:colcon.colcon_core.verb:set package 'ee4308_drone' build argument 'cmake_args' from command line to 'None'
[0.423s] Level 5:colcon.colcon_core.verb:set package 'ee4308_drone' build argument 'cmake_target' from command line to 'None'
[0.423s] Level 5:colcon.colcon_core.verb:set package 'ee4308_drone' build argument 'cmake_target_skip_unavailable' from command line to 'False'
[0.423s] Level 5:colcon.colcon_core.verb:set package 'ee4308_drone' build argument 'cmake_clean_cache' from command line to 'False'
[0.424s] Level 5:colcon.colcon_core.verb:set package 'ee4308_drone' build argument 'cmake_clean_first' from command line to 'False'
[0.424s] Level 5:colcon.colcon_core.verb:set package 'ee4308_drone' build argument 'cmake_force_configure' from command line to 'False'
[0.424s] Level 5:colcon.colcon_core.verb:set package 'ee4308_drone' build argument 'ament_cmake_args' from command line to 'None'
[0.424s] Level 5:colcon.colcon_core.verb:set package 'ee4308_drone' build argument 'catkin_cmake_args' from command line to 'None'
[0.424s] Level 5:colcon.colcon_core.verb:set package 'ee4308_drone' build argument 'catkin_skip_building_tests' from command line to 'False'
[0.424s] DEBUG:colcon.colcon_core.verb:Building package 'ee4308_drone' with the following arguments: {'ament_cmake_args': None, 'build_base': '/home/phantona/ee4308L2/build/ee4308_drone', 'catkin_cmake_args': None, 'catkin_skip_building_tests': False, 'cmake_args': None, 'cmake_clean_cache': False, 'cmake_clean_first': False, 'cmake_force_configure': False, 'cmake_target': None, 'cmake_target_skip_unavailable': False, 'install_base': '/home/phantona/ee4308L2/install/ee4308_drone', 'merge_install': False, 'path': '/home/phantona/ee4308L2/src/ee4308_drone', 'symlink_install': True, 'test_result_base': None}
[0.424s] Level 5:colcon.colcon_core.verb:set package 'ee4308_turtle2' build argument 'cmake_args' from command line to 'None'
[0.424s] Level 5:colcon.colcon_core.verb:set package 'ee4308_turtle2' build argument 'cmake_target' from command line to 'None'
[0.424s] Level 5:colcon.colcon_core.verb:set package 'ee4308_turtle2' build argument 'cmake_target_skip_unavailable' from command line to 'False'
[0.424s] Level 5:colcon.colcon_core.verb:set package 'ee4308_turtle2' build argument 'cmake_clean_cache' from command line to 'False'
[0.424s] Level 5:colcon.colcon_core.verb:set package 'ee4308_turtle2' build argument 'cmake_clean_first' from command line to 'False'
[0.424s] Level 5:colcon.colcon_core.verb:set package 'ee4308_turtle2' build argument 'cmake_force_configure' from command line to 'False'
[0.424s] Level 5:colcon.colcon_core.verb:set package 'ee4308_turtle2' build argument 'ament_cmake_args' from command line to 'None'
[0.424s] Level 5:colcon.colcon_core.verb:set package 'ee4308_turtle2' build argument 'catkin_cmake_args' from command line to 'None'
[0.424s] Level 5:colcon.colcon_core.verb:set package 'ee4308_turtle2' build argument 'catkin_skip_building_tests' from command line to 'False'
[0.424s] DEBUG:colcon.colcon_core.verb:Building package 'ee4308_turtle2' with the following arguments: {'ament_cmake_args': None, 'build_base': '/home/phantona/ee4308L2/build/ee4308_turtle2', 'catkin_cmake_args': None, 'catkin_skip_building_tests': False, 'cmake_args': None, 'cmake_clean_cache': False, 'cmake_clean_first': False, 'cmake_force_configure': False, 'cmake_target': None, 'cmake_target_skip_unavailable': False, 'install_base': '/home/phantona/ee4308L2/install/ee4308_turtle2', 'merge_install': False, 'path': '/home/phantona/ee4308L2/src/ee4308_turtle2', 'symlink_install': True, 'test_result_base': None}
[0.425s] INFO:colcon.colcon_core.executor:Executing jobs using 'parallel' executor
[0.426s] DEBUG:colcon.colcon_parallel_executor.executor.parallel:run_until_complete
[0.426s] INFO:colcon.colcon_ros.task.ament_cmake.build:Building ROS package in '/home/phantona/ee4308L2/src/ee4308_bringup' with build type 'ament_cmake'
[0.427s] INFO:colcon.colcon_cmake.task.cmake.build:Building CMake package in '/home/phantona/ee4308L2/src/ee4308_bringup'
[0.430s] INFO:colcon.colcon_core.plugin_system:Skipping extension 'colcon_core.shell.bat': Not used on non-Windows systems
[0.430s] INFO:colcon.colcon_core.shell:Skip shell extension 'powershell' for command environment: Not usable outside of PowerShell
[0.430s] DEBUG:colcon.colcon_core.shell:Skip shell extension 'dsv' for command environment
[0.444s] INFO:colcon.colcon_ros.task.ament_cmake.build:Building ROS package in '/home/phantona/ee4308L2/src/ee4308_drone' with build type 'ament_cmake'
[0.444s] INFO:colcon.colcon_cmake.task.cmake.build:Building CMake package in '/home/phantona/ee4308L2/src/ee4308_drone'
[0.444s] INFO:colcon.colcon_core.shell:Skip shell extension 'powershell' for command environment: Not usable outside of PowerShell
[0.445s] DEBUG:colcon.colcon_core.shell:Skip shell extension 'dsv' for command environment
[0.451s] INFO:colcon.colcon_ros.task.ament_cmake.build:Building ROS package in '/home/phantona/ee4308L2/src/ee4308_turtle2' with build type 'ament_cmake'
[0.451s] INFO:colcon.colcon_cmake.task.cmake.build:Building CMake package in '/home/phantona/ee4308L2/src/ee4308_turtle2'
[0.452s] INFO:colcon.colcon_core.shell:Skip shell extension 'powershell' for command environment: Not usable outside of PowerShell
[0.452s] DEBUG:colcon.colcon_core.shell:Skip shell extension 'dsv' for command environment
[0.466s] DEBUG:colcon.colcon_core.event_handler.log_command:Invoking command in '/home/phantona/ee4308L2/build/ee4308_bringup': CMAKE_PREFIX_PATH=${CMAKE_PREFIX_PATH}:/opt/ros/jazzy DEBUGINFOD_URLS=https://debuginfod.ubuntu.com /usr/bin/cmake --build /home/phantona/ee4308L2/build/ee4308_bringup -- -j16 -l16
[0.472s] DEBUG:colcon.colcon_core.event_handler.log_command:Invoking command in '/home/phantona/ee4308L2/build/ee4308_drone': CMAKE_PREFIX_PATH=${CMAKE_PREFIX_PATH}:/opt/ros/jazzy DEBUGINFOD_URLS=https://debuginfod.ubuntu.com /usr/bin/cmake --build /home/phantona/ee4308L2/build/ee4308_drone -- -j16 -l16
[0.480s] DEBUG:colcon.colcon_core.event_handler.log_command:Invoking command in '/home/phantona/ee4308L2/build/ee4308_turtle2': CMAKE_PREFIX_PATH=${CMAKE_PREFIX_PATH}:/opt/ros/jazzy DEBUGINFOD_URLS=https://debuginfod.ubuntu.com /usr/bin/cmake --build /home/phantona/ee4308L2/build/ee4308_turtle2 -- -j16 -l16
[1.136s] DEBUG:colcon.colcon_core.event_handler.log_command:Invoked command in '/home/phantona/ee4308L2/build/ee4308_bringup' returned '0': CMAKE_PREFIX_PATH=${CMAKE_PREFIX_PATH}:/opt/ros/jazzy DEBUGINFOD_URLS=https://debuginfod.ubuntu.com /usr/bin/cmake --build /home/phantona/ee4308L2/build/ee4308_bringup -- -j16 -l16
[1.159s] DEBUG:colcon.colcon_core.event_handler.log_command:Invoking command in '/home/phantona/ee4308L2/build/ee4308_bringup': CMAKE_PREFIX_PATH=${CMAKE_PREFIX_PATH}:/opt/ros/jazzy DEBUGINFOD_URLS=https://debuginfod.ubuntu.com /usr/bin/cmake --install /home/phantona/ee4308L2/build/ee4308_bringup
[1.220s] Level 1:colcon.colcon_core.environment:create_environment_scripts_only(ee4308_bringup)
[1.221s] DEBUG:colcon.colcon_core.event_handler.log_command:Invoked command in '/home/phantona/ee4308L2/build/ee4308_bringup' returned '0': CMAKE_PREFIX_PATH=${CMAKE_PREFIX_PATH}:/opt/ros/jazzy DEBUGINFOD_URLS=https://debuginfod.ubuntu.com /usr/bin/cmake --install /home/phantona/ee4308L2/build/ee4308_bringup
[1.225s] Level 1:colcon.colcon_core.environment:checking '/home/phantona/ee4308L2/install/ee4308_bringup' for CMake module files
[1.227s] Level 1:colcon.colcon_core.environment:checking '/home/phantona/ee4308L2/install/ee4308_bringup' for CMake config files
[1.234s] Level 1:colcon.colcon_core.shell:create_environment_hook('ee4308_bringup', 'cmake_prefix_path')
[1.235s] INFO:colcon.colcon_core.shell:Creating environment hook '/home/phantona/ee4308L2/install/ee4308_bringup/share/ee4308_bringup/hook/cmake_prefix_path.ps1'
[1.236s] INFO:colcon.colcon_core.shell:Creating environment descriptor '/home/phantona/ee4308L2/install/ee4308_bringup/share/ee4308_bringup/hook/cmake_prefix_path.dsv'
[1.237s] INFO:colcon.colcon_core.shell:Creating environment hook '/home/phantona/ee4308L2/install/ee4308_bringup/share/ee4308_bringup/hook/cmake_prefix_path.sh'
[1.238s] Level 1:colcon.colcon_core.environment:checking '/home/phantona/ee4308L2/install/ee4308_bringup/bin'
[1.238s] Level 1:colcon.colcon_core.environment:checking '/home/phantona/ee4308L2/install/ee4308_bringup/lib/pkgconfig/ee4308_bringup.pc'
[1.239s] Level 1:colcon.colcon_core.environment:checking '/home/phantona/ee4308L2/install/ee4308_bringup/lib/python3.12/site-packages'
[1.239s] Level 1:colcon.colcon_core.environment:checking '/home/phantona/ee4308L2/install/ee4308_bringup/bin'
[1.240s] INFO:colcon.colcon_core.shell:Creating package script '/home/phantona/ee4308L2/install/ee4308_bringup/share/ee4308_bringup/package.ps1'
[1.241s] INFO:colcon.colcon_core.shell:Creating package descriptor '/home/phantona/ee4308L2/install/ee4308_bringup/share/ee4308_bringup/package.dsv'
[1.242s] INFO:colcon.colcon_core.shell:Creating package script '/home/phantona/ee4308L2/install/ee4308_bringup/share/ee4308_bringup/package.sh'
[1.243s] INFO:colcon.colcon_core.shell:Creating package script '/home/phantona/ee4308L2/install/ee4308_bringup/share/ee4308_bringup/package.bash'
[1.244s] INFO:colcon.colcon_core.shell:Creating package script '/home/phantona/ee4308L2/install/ee4308_bringup/share/ee4308_bringup/package.zsh'
[1.244s] Level 1:colcon.colcon_core.environment:create_file_with_runtime_dependencies(/home/phantona/ee4308L2/install/ee4308_bringup/share/colcon-core/packages/ee4308_bringup)
[1.245s] Level 1:colcon.colcon_core.environment:create_environment_scripts_only(ee4308_bringup)
[1.246s] Level 1:colcon.colcon_core.environment:checking '/home/phantona/ee4308L2/install/ee4308_bringup' for CMake module files
[1.247s] Level 1:colcon.colcon_core.environment:checking '/home/phantona/ee4308L2/install/ee4308_bringup' for CMake config files
[1.248s] Level 1:colcon.colcon_core.shell:create_environment_hook('ee4308_bringup', 'cmake_prefix_path')
[1.248s] INFO:colcon.colcon_core.shell:Creating environment hook '/home/phantona/ee4308L2/install/ee4308_bringup/share/ee4308_bringup/hook/cmake_prefix_path.ps1'
[1.248s] INFO:colcon.colcon_core.shell:Creating environment descriptor '/home/phantona/ee4308L2/install/ee4308_bringup/share/ee4308_bringup/hook/cmake_prefix_path.dsv'
[1.249s] INFO:colcon.colcon_core.shell:Creating environment hook '/home/phantona/ee4308L2/install/ee4308_bringup/share/ee4308_bringup/hook/cmake_prefix_path.sh'
[1.250s] Level 1:colcon.colcon_core.environment:checking '/home/phantona/ee4308L2/install/ee4308_bringup/bin'
[1.250s] Level 1:colcon.colcon_core.environment:checking '/home/phantona/ee4308L2/install/ee4308_bringup/lib/pkgconfig/ee4308_bringup.pc'
[1.250s] Level 1:colcon.colcon_core.environment:checking '/home/phantona/ee4308L2/install/ee4308_bringup/lib/python3.12/site-packages'
[1.251s] Level 1:colcon.colcon_core.environment:checking '/home/phantona/ee4308L2/install/ee4308_bringup/bin'
[1.251s] INFO:colcon.colcon_core.shell:Creating package script '/home/phantona/ee4308L2/install/ee4308_bringup/share/ee4308_bringup/package.ps1'
[1.252s] INFO:colcon.colcon_core.shell:Creating package descriptor '/home/phantona/ee4308L2/install/ee4308_bringup/share/ee4308_bringup/package.dsv'
[1.253s] INFO:colcon.colcon_core.shell:Creating package script '/home/phantona/ee4308L2/install/ee4308_bringup/share/ee4308_bringup/package.sh'
[1.253s] INFO:colcon.colcon_core.shell:Creating package script '/home/phantona/ee4308L2/install/ee4308_bringup/share/ee4308_bringup/package.bash'
[1.254s] INFO:colcon.colcon_core.shell:Creating package script '/home/phantona/ee4308L2/install/ee4308_bringup/share/ee4308_bringup/package.zsh'
[1.255s] Level 1:colcon.colcon_core.environment:create_file_with_runtime_dependencies(/home/phantona/ee4308L2/install/ee4308_bringup/share/colcon-core/packages/ee4308_bringup)
[21.706s] DEBUG:colcon.colcon_core.event_handler.log_command:Invoked command in '/home/phantona/ee4308L2/build/ee4308_turtle2' returned '0': CMAKE_PREFIX_PATH=${CMAKE_PREFIX_PATH}:/opt/ros/jazzy DEBUGINFOD_URLS=https://debuginfod.ubuntu.com /usr/bin/cmake --build /home/phantona/ee4308L2/build/ee4308_turtle2 -- -j16 -l16
[21.708s] DEBUG:colcon.colcon_core.event_handler.log_command:Invoking command in '/home/phantona/ee4308L2/build/ee4308_turtle2': CMAKE_PREFIX_PATH=${CMAKE_PREFIX_PATH}:/opt/ros/jazzy DEBUGINFOD_URLS=https://debuginfod.ubuntu.com /usr/bin/cmake --install /home/phantona/ee4308L2/build/ee4308_turtle2
[21.753s] Level 1:colcon.colcon_core.environment:create_environment_scripts_only(ee4308_turtle2)
[21.753s] Level 1:colcon.colcon_core.environment:checking '/home/phantona/ee4308L2/install/ee4308_turtle2' for CMake module files
[21.754s] DEBUG:colcon.colcon_core.event_handler.log_command:Invoked command in '/home/phantona/ee4308L2/build/ee4308_turtle2' returned '0': CMAKE_PREFIX_PATH=${CMAKE_PREFIX_PATH}:/opt/ros/jazzy DEBUGINFOD_URLS=https://debuginfod.ubuntu.com /usr/bin/cmake --install /home/phantona/ee4308L2/build/ee4308_turtle2
[21.757s] Level 1:colcon.colcon_core.environment:checking '/home/phantona/ee4308L2/install/ee4308_turtle2' for CMake config files
[21.759s] Level 1:colcon.colcon_core.shell:create_environment_hook('ee4308_turtle2', 'cmake_prefix_path')
[21.760s] INFO:colcon.colcon_core.shell:Creating environment hook '/home/phantona/ee4308L2/install/ee4308_turtle2/share/ee4308_turtle2/hook/cmake_prefix_path.ps1'
[21.760s] INFO:colcon.colcon_core.shell:Creating environment descriptor '/home/phantona/ee4308L2/install/ee4308_turtle2/share/ee4308_turtle2/hook/cmake_prefix_path.dsv'
[21.761s] INFO:colcon.colcon_core.shell:Creating environment hook '/home/phantona/ee4308L2/install/ee4308_turtle2/share/ee4308_turtle2/hook/cmake_prefix_path.sh'
[21.761s] Level 1:colcon.colcon_core.environment:checking '/home/phantona/ee4308L2/install/ee4308_turtle2/lib'
[21.762s] Level 1:colcon.colcon_core.shell:create_environment_hook('ee4308_turtle2', 'ld_library_path_lib')
[21.762s] INFO:colcon.colcon_core.shell:Creating environment hook '/home/phantona/ee4308L2/install/ee4308_turtle2/share/ee4308_turtle2/hook/ld_library_path_lib.ps1'
[21.763s] INFO:colcon.colcon_core.shell:Creating environment descriptor '/home/phantona/ee4308L2/install/ee4308_turtle2/share/ee4308_turtle2/hook/ld_library_path_lib.dsv'
[21.763s] INFO:colcon.colcon_core.shell:Creating environment hook '/home/phantona/ee4308L2/install/ee4308_turtle2/share/ee4308_turtle2/hook/ld_library_path_lib.sh'
[21.764s] Level 1:colcon.colcon_core.environment:checking '/home/phantona/ee4308L2/install/ee4308_turtle2/bin'
[21.764s] Level 1:colcon.colcon_core.environment:checking '/home/phantona/ee4308L2/install/ee4308_turtle2/lib/pkgconfig/ee4308_turtle2.pc'
[21.764s] Level 1:colcon.colcon_core.environment:checking '/home/phantona/ee4308L2/install/ee4308_turtle2/lib/python3.12/site-packages'
[21.765s] Level 1:colcon.colcon_core.environment:checking '/home/phantona/ee4308L2/install/ee4308_turtle2/bin'
[21.765s] INFO:colcon.colcon_core.shell:Creating package script '/home/phantona/ee4308L2/install/ee4308_turtle2/share/ee4308_turtle2/package.ps1'
[21.766s] INFO:colcon.colcon_core.shell:Creating package descriptor '/home/phantona/ee4308L2/install/ee4308_turtle2/share/ee4308_turtle2/package.dsv'
[21.766s] INFO:colcon.colcon_core.shell:Creating package script '/home/phantona/ee4308L2/install/ee4308_turtle2/share/ee4308_turtle2/package.sh'
[21.767s] INFO:colcon.colcon_core.shell:Creating package script '/home/phantona/ee4308L2/install/ee4308_turtle2/share/ee4308_turtle2/package.bash'
[21.767s] INFO:colcon.colcon_core.shell:Creating package script '/home/phantona/ee4308L2/install/ee4308_turtle2/share/ee4308_turtle2/package.zsh'
[21.767s] Level 1:colcon.colcon_core.environment:create_file_with_runtime_dependencies(/home/phantona/ee4308L2/install/ee4308_turtle2/share/colcon-core/packages/ee4308_turtle2)
[21.768s] Level 1:colcon.colcon_core.environment:create_environment_scripts_only(ee4308_turtle2)
[21.768s] Level 1:colcon.colcon_core.environment:checking '/home/phantona/ee4308L2/install/ee4308_turtle2' for CMake module files
[21.769s] Level 1:colcon.colcon_core.environment:checking '/home/phantona/ee4308L2/install/ee4308_turtle2' for CMake config files
[21.769s] Level 1:colcon.colcon_core.shell:create_environment_hook('ee4308_turtle2', 'cmake_prefix_path')
[21.769s] INFO:colcon.colcon_core.shell:Creating environment hook '/home/phantona/ee4308L2/install/ee4308_turtle2/share/ee4308_turtle2/hook/cmake_prefix_path.ps1'
[21.770s] INFO:colcon.colcon_core.shell:Creating environment descriptor '/home/phantona/ee4308L2/install/ee4308_turtle2/share/ee4308_turtle2/hook/cmake_prefix_path.dsv'
[21.771s] INFO:colcon.colcon_core.shell:Creating environment hook '/home/phantona/ee4308L2/install/ee4308_turtle2/share/ee4308_turtle2/hook/cmake_prefix_path.sh'
[21.771s] Level 1:colcon.colcon_core.environment:checking '/home/phantona/ee4308L2/install/ee4308_turtle2/lib'
[21.771s] Level 1:colcon.colcon_core.shell:create_environment_hook('ee4308_turtle2', 'ld_library_path_lib')
[21.772s] INFO:colcon.colcon_core.shell:Creating environment hook '/home/phantona/ee4308L2/install/ee4308_turtle2/share/ee4308_turtle2/hook/ld_library_path_lib.ps1'
[21.772s] INFO:colcon.colcon_core.shell:Creating environment descriptor '/home/phantona/ee4308L2/install/ee4308_turtle2/share/ee4308_turtle2/hook/ld_library_path_lib.dsv'
[21.772s] INFO:colcon.colcon_core.shell:Creating environment hook '/home/phantona/ee4308L2/install/ee4308_turtle2/share/ee4308_turtle2/hook/ld_library_path_lib.sh'
[21.773s] Level 1:colcon.colcon_core.environment:checking '/home/phantona/ee4308L2/install/ee4308_turtle2/bin'
[21.773s] Level 1:colcon.colcon_core.environment:checking '/home/phantona/ee4308L2/install/ee4308_turtle2/lib/pkgconfig/ee4308_turtle2.pc'
[21.773s] Level 1:colcon.colcon_core.environment:checking '/home/phantona/ee4308L2/install/ee4308_turtle2/lib/python3.12/site-packages'
[21.774s] Level 1:colcon.colcon_core.environment:checking '/home/phantona/ee4308L2/install/ee4308_turtle2/bin'
[21.774s] INFO:colcon.colcon_core.shell:Creating package script '/home/phantona/ee4308L2/install/ee4308_turtle2/share/ee4308_turtle2/package.ps1'
[21.774s] INFO:colcon.colcon_core.shell:Creating package descriptor '/home/phantona/ee4308L2/install/ee4308_turtle2/share/ee4308_turtle2/package.dsv'
[21.775s] INFO:colcon.colcon_core.shell:Creating package script '/home/phantona/ee4308L2/install/ee4308_turtle2/share/ee4308_turtle2/package.sh'
[21.776s] INFO:colcon.colcon_core.shell:Creating package script '/home/phantona/ee4308L2/install/ee4308_turtle2/share/ee4308_turtle2/package.bash'
[21.776s] INFO:colcon.colcon_core.shell:Creating package script '/home/phantona/ee4308L2/install/ee4308_turtle2/share/ee4308_turtle2/package.zsh'
[21.777s] Level 1:colcon.colcon_core.environment:create_file_with_runtime_dependencies(/home/phantona/ee4308L2/install/ee4308_turtle2/share/colcon-core/packages/ee4308_turtle2)
[29.993s] DEBUG:colcon.colcon_parallel_executor.executor.parallel:run_until_complete was interrupted
[29.993s] DEBUG:colcon.colcon_parallel_executor.executor.parallel:run_until_complete again
[30.159s] DEBUG:colcon.colcon_core.event_handler.log_command:Invoked command in '/home/phantona/ee4308L2/build/ee4308_drone' returned '-2': CMAKE_PREFIX_PATH=${CMAKE_PREFIX_PATH}:/opt/ros/jazzy DEBUGINFOD_URLS=https://debuginfod.ubuntu.com /usr/bin/cmake --build /home/phantona/ee4308L2/build/ee4308_drone -- -j16 -l16
[30.160s] Level 1:colcon.colcon_core.environment:create_environment_scripts_only(ee4308_drone)
[30.161s] Level 1:colcon.colcon_core.environment:checking '/home/phantona/ee4308L2/install/ee4308_drone' for CMake module files
[30.164s] Level 1:colcon.colcon_core.environment:checking '/home/phantona/ee4308L2/install/ee4308_drone' for CMake config files
[30.165s] Level 1:colcon.colcon_core.shell:create_environment_hook('ee4308_drone', 'cmake_prefix_path')
[30.165s] INFO:colcon.colcon_core.shell:Creating environment hook '/home/phantona/ee4308L2/install/ee4308_drone/share/ee4308_drone/hook/cmake_prefix_path.ps1'
[30.166s] INFO:colcon.colcon_core.shell:Creating environment descriptor '/home/phantona/ee4308L2/install/ee4308_drone/share/ee4308_drone/hook/cmake_prefix_path.dsv'
[30.166s] INFO:colcon.colcon_core.shell:Creating environment hook '/home/phantona/ee4308L2/install/ee4308_drone/share/ee4308_drone/hook/cmake_prefix_path.sh'
[30.167s] Level 1:colcon.colcon_core.environment:checking '/home/phantona/ee4308L2/install/ee4308_drone/lib'
[30.167s] Level 1:colcon.colcon_core.shell:create_environment_hook('ee4308_drone', 'ld_library_path_lib')
[30.167s] INFO:colcon.colcon_core.shell:Creating environment hook '/home/phantona/ee4308L2/install/ee4308_drone/share/ee4308_drone/hook/ld_library_path_lib.ps1'
[30.167s] INFO:colcon.colcon_core.shell:Creating environment descriptor '/home/phantona/ee4308L2/install/ee4308_drone/share/ee4308_drone/hook/ld_library_path_lib.dsv'
[30.167s] INFO:colcon.colcon_core.shell:Creating environment hook '/home/phantona/ee4308L2/install/ee4308_drone/share/ee4308_drone/hook/ld_library_path_lib.sh'
[30.168s] Level 1:colcon.colcon_core.environment:checking '/home/phantona/ee4308L2/install/ee4308_drone/bin'
[30.168s] Level 1:colcon.colcon_core.environment:checking '/home/phantona/ee4308L2/install/ee4308_drone/lib/pkgconfig/ee4308_drone.pc'
[30.168s] Level 1:colcon.colcon_core.environment:checking '/home/phantona/ee4308L2/install/ee4308_drone/lib/python3.12/site-packages'
[30.168s] Level 1:colcon.colcon_core.environment:checking '/home/phantona/ee4308L2/install/ee4308_drone/bin'
[30.169s] INFO:colcon.colcon_core.shell:Creating package script '/home/phantona/ee4308L2/install/ee4308_drone/share/ee4308_drone/package.ps1'
[30.169s] INFO:colcon.colcon_core.shell:Creating package descriptor '/home/phantona/ee4308L2/install/ee4308_drone/share/ee4308_drone/package.dsv'
[30.169s] INFO:colcon.colcon_core.shell:Creating package script '/home/phantona/ee4308L2/install/ee4308_drone/share/ee4308_drone/package.sh'
[30.170s] INFO:colcon.colcon_core.shell:Creating package script '/home/phantona/ee4308L2/install/ee4308_drone/share/ee4308_drone/package.bash'
[30.170s] INFO:colcon.colcon_core.shell:Creating package script '/home/phantona/ee4308L2/install/ee4308_drone/share/ee4308_drone/package.zsh'
[30.170s] Level 1:colcon.colcon_core.environment:create_file_with_runtime_dependencies(/home/phantona/ee4308L2/install/ee4308_drone/share/colcon-core/packages/ee4308_drone)
[30.181s] DEBUG:colcon.colcon_parallel_executor.executor.parallel:run_until_complete finished
[30.181s] DEBUG:colcon.colcon_parallel_executor.executor.parallel:closing loop
[30.181s] DEBUG:colcon.colcon_parallel_executor.executor.parallel:loop closed
[30.182s] DEBUG:colcon.colcon_core.event_reactor:joining thread
[30.188s] INFO:colcon.colcon_core.plugin_system:Skipping extension 'colcon_notification.desktop_notification.terminal_notifier': Not used on non-Darwin systems
[30.188s] INFO:colcon.colcon_core.plugin_system:Skipping extension 'colcon_notification.desktop_notification.win32': Not used on non-Windows systems
[30.188s] INFO:colcon.colcon_notification.desktop_notification:Sending desktop notification using 'notify2'
[30.199s] DEBUG:colcon.colcon_core.event_reactor:joined thread
[30.200s] INFO:colcon.colcon_core.shell:Creating prefix script '/home/phantona/ee4308L2/install/local_setup.ps1'
[30.201s] INFO:colcon.colcon_core.shell:Creating prefix util module '/home/phantona/ee4308L2/install/_local_setup_util_ps1.py'
[30.202s] INFO:colcon.colcon_core.shell:Creating prefix chain script '/home/phantona/ee4308L2/install/setup.ps1'
[30.203s] INFO:colcon.colcon_core.shell:Creating prefix script '/home/phantona/ee4308L2/install/local_setup.sh'
[30.203s] INFO:colcon.colcon_core.shell:Creating prefix util module '/home/phantona/ee4308L2/install/_local_setup_util_sh.py'
[30.204s] INFO:colcon.colcon_core.shell:Creating prefix chain script '/home/phantona/ee4308L2/install/setup.sh'
[30.205s] INFO:colcon.colcon_core.shell:Creating prefix script '/home/phantona/ee4308L2/install/local_setup.bash'
[30.206s] INFO:colcon.colcon_core.shell:Creating prefix chain script '/home/phantona/ee4308L2/install/setup.bash'
[30.207s] INFO:colcon.colcon_core.shell:Creating prefix script '/home/phantona/ee4308L2/install/local_setup.zsh'
[30.208s] INFO:colcon.colcon_core.shell:Creating prefix chain script '/home/phantona/ee4308L2/install/setup.zsh'
