[0.033s] Invoking command in '/home/phantona/ee4308-proj2/build/ee4308_drone': CMAKE_PREFIX_PATH=${CMAKE_PREFIX_PATH}:/opt/ros/jazzy DEBUGINFOD_URLS=https://debuginfod.ubuntu.com /usr/bin/cmake --build /home/phantona/ee4308-proj2/build/ee4308_drone -- -j16 -l16
[0.050s] [0mCMake Error: The current CMakeCache.txt directory /home/phantona/ee4308-proj2/build/ee4308_drone/CMakeCache.txt is different than the directory /home/phantona/ee4308L2/build/ee4308_drone where CMakeCache.txt was created. This may result in binaries being created in the wrong place. If you are not sure, reedit the CMakeCache.txt[0m
[0.182s] [ 31%] Built target planner
[0.182s] [ 37%] Built target estimator_component
[0.182s] [ 50%] Built target planner_component
[0.183s] [ 31%] Built target behavior_component
[0.183s] [ 68%] Built target estimator
[0.183s] [ 75%] Built target behavior
[0.186s] [ 87%] Built target controller
[0.186s] [100%] Built target controller_component
[0.207s] Invoked command in '/home/phantona/ee4308-proj2/build/ee4308_drone' returned '0': CMAKE_PREFIX_PATH=${CMAKE_PREFIX_PATH}:/opt/ros/jazzy DEBUGINFOD_URLS=https://debuginfod.ubuntu.com /usr/bin/cmake --build /home/phantona/ee4308-proj2/build/ee4308_drone -- -j16 -l16
[0.209s] Invoking command in '/home/phantona/ee4308-proj2/build/ee4308_drone': CMAKE_PREFIX_PATH=${CMAKE_PREFIX_PATH}:/opt/ros/jazzy DEBUGINFOD_URLS=https://debuginfod.ubuntu.com /usr/bin/cmake --install /home/phantona/ee4308-proj2/build/ee4308_drone
[0.225s] -- Install configuration: ""
[0.226s] -- Execute custom install script
[0.227s] -- Up-to-date symlink: /home/phantona/ee4308L2/install/ee4308_drone/lib/ee4308_drone/behavior
[0.227s] -- Up-to-date symlink: /home/phantona/ee4308L2/install/ee4308_drone/lib/ee4308_drone/controller
[0.229s] -- Up-to-date symlink: /home/phantona/ee4308L2/install/ee4308_drone/lib/ee4308_drone/estimator
[0.229s] -- Up-to-date symlink: /home/phantona/ee4308L2/install/ee4308_drone/lib/ee4308_drone/planner
[0.229s] -- Up-to-date symlink: /home/phantona/ee4308L2/install/ee4308_drone/share/ament_index/resource_index/package_run_dependencies/ee4308_drone
[0.230s] -- Up-to-date symlink: /home/phantona/ee4308L2/install/ee4308_drone/share/ament_index/resource_index/parent_prefix_path/ee4308_drone
[0.230s] -- Up-to-date symlink: /home/phantona/ee4308L2/install/ee4308_drone/share/ee4308_drone/environment/ament_prefix_path.sh
[0.230s] -- Up-to-date symlink: /home/phantona/ee4308L2/install/ee4308_drone/share/ee4308_drone/environment/ament_prefix_path.dsv
[0.231s] -- Up-to-date symlink: /home/phantona/ee4308L2/install/ee4308_drone/share/ee4308_drone/environment/path.sh
[0.231s] -- Up-to-date symlink: /home/phantona/ee4308L2/install/ee4308_drone/share/ee4308_drone/environment/path.dsv
[0.231s] -- Up-to-date symlink: /home/phantona/ee4308L2/install/ee4308_drone/share/ee4308_drone/local_setup.bash
[0.231s] -- Up-to-date symlink: /home/phantona/ee4308L2/install/ee4308_drone/share/ee4308_drone/local_setup.sh
[0.231s] -- Up-to-date symlink: /home/phantona/ee4308L2/install/ee4308_drone/share/ee4308_drone/local_setup.zsh
[0.232s] -- Up-to-date symlink: /home/phantona/ee4308L2/install/ee4308_drone/share/ee4308_drone/local_setup.dsv
[0.232s] -- Symlinking: /home/phantona/ee4308L2/install/ee4308_drone/share/ee4308_drone/package.dsv
[0.251s] -- Up-to-date symlink: /home/phantona/ee4308L2/install/ee4308_drone/share/ament_index/resource_index/packages/ee4308_drone
[0.251s] -- Up-to-date symlink: /home/phantona/ee4308L2/install/ee4308_drone/share/ament_index/resource_index/rclcpp_components/ee4308_drone
[0.252s] -- Up-to-date symlink: /home/phantona/ee4308L2/install/ee4308_drone/share/ee4308_drone/cmake/ament_cmake_export_targets-extras.cmake
[0.252s] -- Up-to-date symlink: /home/phantona/ee4308L2/install/ee4308_drone/share/ee4308_drone/cmake/ament_cmake_export_dependencies-extras.cmake
[0.252s] -- Up-to-date symlink: /home/phantona/ee4308L2/install/ee4308_drone/share/ee4308_drone/cmake/ee4308_droneConfig.cmake
[0.252s] -- Up-to-date symlink: /home/phantona/ee4308L2/install/ee4308_drone/share/ee4308_drone/cmake/ee4308_droneConfig-version.cmake
[0.252s] -- Up-to-date symlink: /home/phantona/ee4308L2/install/ee4308_drone/share/ee4308_drone/package.xml
[0.253s] -- Up-to-date: /home/phantona/ee4308L2/install/ee4308_drone/lib/libbehavior_component.so
[0.253s] -- Up-to-date: /home/phantona/ee4308L2/install/ee4308_drone/lib/libcontroller_component.so
[0.253s] -- Up-to-date: /home/phantona/ee4308L2/install/ee4308_drone/lib/libestimator_component.so
[0.254s] -- Up-to-date: /home/phantona/ee4308L2/install/ee4308_drone/lib/libplanner_component.so
[0.255s] -- Up-to-date: /home/phantona/ee4308L2/install/ee4308_drone/share/ee4308_drone/cmake/export_behavior_componentExport.cmake
[0.255s] -- Up-to-date: /home/phantona/ee4308L2/install/ee4308_drone/share/ee4308_drone/cmake/export_behavior_componentExport-noconfig.cmake
[0.257s] -- Up-to-date: /home/phantona/ee4308L2/install/ee4308_drone/share/ee4308_drone/cmake/export_controller_componentExport.cmake
[0.258s] -- Up-to-date: /home/phantona/ee4308L2/install/ee4308_drone/share/ee4308_drone/cmake/export_controller_componentExport-noconfig.cmake
[0.258s] -- Up-to-date: /home/phantona/ee4308L2/install/ee4308_drone/share/ee4308_drone/cmake/export_estimator_componentExport.cmake
[0.258s] -- Up-to-date: /home/phantona/ee4308L2/install/ee4308_drone/share/ee4308_drone/cmake/export_estimator_componentExport-noconfig.cmake
[0.258s] -- Up-to-date: /home/phantona/ee4308L2/install/ee4308_drone/share/ee4308_drone/cmake/export_planner_componentExport.cmake
[0.258s] -- Up-to-date: /home/phantona/ee4308L2/install/ee4308_drone/share/ee4308_drone/cmake/export_planner_componentExport-noconfig.cmake
[0.266s] Invoked command in '/home/phantona/ee4308-proj2/build/ee4308_drone' returned '0': CMAKE_PREFIX_PATH=${CMAKE_PREFIX_PATH}:/opt/ros/jazzy DEBUGINFOD_URLS=https://debuginfod.ubuntu.com /usr/bin/cmake --install /home/phantona/ee4308-proj2/build/ee4308_drone
