-- Found ament_cmake: 2.5.5 (/opt/ros/jazzy/share/ament_cmake/cmake)
-- Override CMake install command with custom implementation using symlinks instead of copying resources
-- Found rclcpp: 28.1.16 (/opt/ros/jazzy/share/rclcpp/cmake)
-- Found rosidl_generator_c: 4.6.7 (/opt/ros/jazzy/share/rosidl_generator_c/cmake)
-- Found rosidl_generator_cpp: 4.6.7 (/opt/ros/jazzy/share/rosidl_generator_cpp/cmake)
-- Using all available rosidl_typesupport_c: rosidl_typesupport_fastrtps_c;rosidl_typesupport_introspection_c
-- Using all available rosidl_typesupport_cpp: rosidl_typesupport_fastrtps_cpp;rosidl_typesupport_introspection_cpp
-- Found rmw_implementation_cmake: 7.3.3 (/opt/ros/jazzy/share/rmw_implementation_cmake/cmake)
-- Found rmw_fastrtps_cpp: 8.4.3 (/opt/ros/jazzy/share/rmw_fastrtps_cpp/cmake)
-- Using RMW implementation 'rmw_fastrtps_cpp' as default
-- Found rclcpp_components: 28.1.16 (/opt/ros/jazzy/share/rclcpp_components/cmake)
-- Found std_msgs: 5.3.6 (/opt/ros/jazzy/share/std_msgs/cmake)
-- Found sensor_msgs: 5.3.6 (/opt/ros/jazzy/share/sensor_msgs/cmake)
-- Found nav_msgs: 5.3.6 (/opt/ros/jazzy/share/nav_msgs/cmake)
-- Found tf2: 0.36.19 (/opt/ros/jazzy/share/tf2/cmake)
-- Found tf2_ros: 0.36.19 (/opt/ros/jazzy/share/tf2_ros/cmake)
-- Found eigen3_cmake_module: 0.3.0 (/opt/ros/jazzy/share/eigen3_cmake_module/cmake)
-- Configuring done (1.5s)
-- Generating done (0.1s)
-- Build files have been written to: /home/phantona/ee4308/build/ee4308_drone
[ 25%] [32mBuilding CXX object CMakeFiles/behavior_component.dir/src/behavior.cpp.o[0m
[ 31%] [32mBuilding CXX object CMakeFiles/planner_component.dir/src/planner.cpp.o[0m
[ 43%] [32mBuilding CXX object CMakeFiles/behavior.dir/rclcpp_components/node_main_behavior.cpp.o[0m
[ 25%] [32mBuilding CXX object CMakeFiles/planner.dir/rclcpp_components/node_main_planner.cpp.o[0m
[ 25%] [32mBuilding CXX object CMakeFiles/estimator.dir/rclcpp_components/node_main_estimator.cpp.o[0m
[ 43%] [32mBuilding CXX object CMakeFiles/controller.dir/rclcpp_components/node_main_controller.cpp.o[0m
[ 43%] [32mBuilding CXX object CMakeFiles/controller_component.dir/src/controller.cpp.o[0m
[ 50%] [32mBuilding CXX object CMakeFiles/estimator_component.dir/src/estimator.cpp.o[0m
[ 56%] [32m[1mLinking CXX executable estimator[0m
[ 68%] [32m[1mLinking CXX executable behavior[0m
[ 68%] [32m[1mLinking CXX executable controller[0m
[ 75%] [32m[1mLinking CXX executable planner[0m
[ 75%] Built target estimator
[ 75%] Built target controller
[ 75%] Built target behavior
[ 75%] Built target planner
[ 81%] [32m[1mLinking CXX shared library libplanner_component.so[0m
[ 81%] Built target planner_component
[ 87%] [32m[1mLinking CXX shared library libcontroller_component.so[0m
[ 87%] Built target controller_component
[ 93%] [32m[1mLinking CXX shared library libbehavior_component.so[0m
[ 93%] Built target behavior_component
