[0.036s] Invoking command in '/home/phantona/ee4308-proj2/build/ee4308_bringup': CMAKE_PREFIX_PATH=${CMAKE_PREFIX_PATH}:/opt/ros/jazzy DEBUGINFOD_URLS=https://debuginfod.ubuntu.com /usr/bin/cmake --build /home/phantona/ee4308-proj2/build/ee4308_bringup -- -j16 -l16
[0.126s] Invoked command in '/home/phantona/ee4308-proj2/build/ee4308_bringup' returned '0': CMAKE_PREFIX_PATH=${CMAKE_PREFIX_PATH}:/opt/ros/jazzy DEBUGINFOD_URLS=https://debuginfod.ubuntu.com /usr/bin/cmake --build /home/phantona/ee4308-proj2/build/ee4308_bringup -- -j16 -l16
[0.158s] Invoking command in '/home/phantona/ee4308-proj2/build/ee4308_bringup': CMAKE_PREFIX_PATH=${CMAKE_PREFIX_PATH}:/opt/ros/jazzy DEBUGINFOD_URLS=https://debuginfod.ubuntu.com /usr/bin/cmake --install /home/phantona/ee4308-proj2/build/ee4308_bringup
[0.179s] -- Install configuration: ""
[0.179s] -- Execute custom install script
[0.182s] -- Up-to-date symlink: /home/phantona/ee4308-proj2/install/ee4308_bringup/share/ee4308_bringup//launch/proj2_sim.launch.py
[0.182s] -- Up-to-date symlink: /home/phantona/ee4308-proj2/install/ee4308_bringup/share/ee4308_bringup//launch/sim.launch.py
[0.183s] -- Up-to-date symlink: /home/phantona/ee4308-proj2/install/ee4308_bringup/share/ee4308_bringup//launch/spawn_models.launch.py
[0.183s] -- Up-to-date symlink: /home/phantona/ee4308-proj2/install/ee4308_bringup/share/ee4308_bringup//rviz/proj2.rviz
[0.183s] -- Up-to-date symlink: /home/phantona/ee4308-proj2/install/ee4308_bringup/share/ee4308_bringup//params/proj2.yaml
[0.183s] -- Up-to-date symlink: /home/phantona/ee4308-proj2/install/ee4308_bringup/share/ee4308_bringup//params/ros_gz_bridge_proj2.yaml
[0.184s] -- Up-to-date symlink: /home/phantona/ee4308-proj2/install/ee4308_bringup/share/ee4308_bringup//maps/proj2_sim.pgm
[0.184s] -- Up-to-date symlink: /home/phantona/ee4308-proj2/install/ee4308_bringup/share/ee4308_bringup//maps/proj2_sim.yaml
[0.184s] -- Up-to-date symlink: /home/phantona/ee4308-proj2/install/ee4308_bringup/share/ee4308_bringup//worlds/empty_world.world
[0.184s] -- Up-to-date symlink: /home/phantona/ee4308-proj2/install/ee4308_bringup/share/ee4308_bringup//worlds/turtlebot3_house.world
[0.184s] -- Up-to-date symlink: /home/phantona/ee4308-proj2/install/ee4308_bringup/share/ee4308_bringup//worlds/turtlebot3_world.world
[0.184s] -- Up-to-date symlink: /home/phantona/ee4308-proj2/install/ee4308_bringup/share/ee4308_bringup//models/drone/README
[0.184s] -- Up-to-date symlink: /home/phantona/ee4308-proj2/install/ee4308_bringup/share/ee4308_bringup//models/drone/drone.urdf
[0.185s] -- Up-to-date symlink: /home/phantona/ee4308-proj2/install/ee4308_bringup/share/ee4308_bringup//models/drone/drone_proj2.sdf
[0.185s] -- Up-to-date symlink: /home/phantona/ee4308-proj2/install/ee4308_bringup/share/ee4308_bringup//models/drone/materials/textures/led.jpg
[0.185s] -- Up-to-date symlink: /home/phantona/ee4308-proj2/install/ee4308_bringup/share/ee4308_bringup//models/drone/materials/textures/spotlight.jpg
[0.185s] -- Up-to-date symlink: /home/phantona/ee4308-proj2/install/ee4308_bringup/share/ee4308_bringup//models/drone/meshes/iris.dae
[0.185s] -- Up-to-date symlink: /home/phantona/ee4308-proj2/install/ee4308_bringup/share/ee4308_bringup//models/drone/meshes/led.dae
[0.185s] -- Up-to-date symlink: /home/phantona/ee4308-proj2/install/ee4308_bringup/share/ee4308_bringup//models/drone/meshes/led_lamp.dae
[0.186s] -- Up-to-date symlink: /home/phantona/ee4308-proj2/install/ee4308_bringup/share/ee4308_bringup//models/drone/meshes/propeller_ccw.dae
[0.186s] -- Up-to-date symlink: /home/phantona/ee4308-proj2/install/ee4308_bringup/share/ee4308_bringup//models/drone/meshes/propeller_cw.dae
[0.186s] -- Up-to-date symlink: /home/phantona/ee4308-proj2/install/ee4308_bringup/share/ee4308_bringup//models/drone/meshes/spotlight.dae
[0.186s] -- Up-to-date symlink: /home/phantona/ee4308-proj2/install/ee4308_bringup/share/ee4308_bringup//models/drone/meshes/vi_camera.dae
[0.187s] -- Up-to-date symlink: /home/phantona/ee4308-proj2/install/ee4308_bringup/share/ee4308_bringup//models/drone/meshes/vi_camera.jpg
[0.187s] -- Up-to-date symlink: /home/phantona/ee4308-proj2/install/ee4308_bringup/share/ee4308_bringup//models/drone/meshes/vi_sensor.dae
[0.187s] -- Up-to-date symlink: /home/phantona/ee4308-proj2/install/ee4308_bringup/share/ee4308_bringup//models/drone/meshes/vi_sensor.jpg
[0.187s] -- Up-to-date symlink: /home/phantona/ee4308-proj2/install/ee4308_bringup/share/ee4308_bringup//models/drone/meshes/x3.dae
[0.187s] -- Up-to-date symlink: /home/phantona/ee4308-proj2/install/ee4308_bringup/share/ee4308_bringup//models/drone/meshes/x3.jpg
[0.187s] -- Up-to-date symlink: /home/phantona/ee4308-proj2/install/ee4308_bringup/share/ee4308_bringup//models/drone/model.config
[0.187s] -- Up-to-date symlink: /home/phantona/ee4308-proj2/install/ee4308_bringup/share/ee4308_bringup//models/drone/model.sdf
[0.188s] -- Up-to-date symlink: /home/phantona/ee4308-proj2/install/ee4308_bringup/share/ee4308_bringup//models/turtle/turtle.urdf
[0.188s] -- Up-to-date symlink: /home/phantona/ee4308-proj2/install/ee4308_bringup/share/ee4308_bringup//models/turtle/turtle_proj1.sdf
[0.188s] -- Up-to-date symlink: /home/phantona/ee4308-proj2/install/ee4308_bringup/share/ee4308_bringup//models/turtle/turtle_proj2.sdf
[0.188s] -- Up-to-date symlink: /home/phantona/ee4308-proj2/install/ee4308_bringup/share/ament_index/resource_index/package_run_dependencies/ee4308_bringup
[0.188s] -- Up-to-date symlink: /home/phantona/ee4308-proj2/install/ee4308_bringup/share/ament_index/resource_index/parent_prefix_path/ee4308_bringup
[0.188s] -- Up-to-date symlink: /home/phantona/ee4308-proj2/install/ee4308_bringup/share/ee4308_bringup/environment/ament_prefix_path.sh
[0.189s] -- Up-to-date symlink: /home/phantona/ee4308-proj2/install/ee4308_bringup/share/ee4308_bringup/environment/ament_prefix_path.dsv
[0.189s] -- Up-to-date symlink: /home/phantona/ee4308-proj2/install/ee4308_bringup/share/ee4308_bringup/environment/path.sh
[0.189s] -- Up-to-date symlink: /home/phantona/ee4308-proj2/install/ee4308_bringup/share/ee4308_bringup/environment/path.dsv
[0.189s] -- Up-to-date symlink: /home/phantona/ee4308-proj2/install/ee4308_bringup/share/ee4308_bringup/local_setup.bash
[0.190s] -- Up-to-date symlink: /home/phantona/ee4308-proj2/install/ee4308_bringup/share/ee4308_bringup/local_setup.sh
[0.190s] -- Up-to-date symlink: /home/phantona/ee4308-proj2/install/ee4308_bringup/share/ee4308_bringup/local_setup.zsh
[0.190s] -- Up-to-date symlink: /home/phantona/ee4308-proj2/install/ee4308_bringup/share/ee4308_bringup/local_setup.dsv
[0.190s] -- Symlinking: /home/phantona/ee4308-proj2/install/ee4308_bringup/share/ee4308_bringup/package.dsv
[0.211s] -- Up-to-date symlink: /home/phantona/ee4308-proj2/install/ee4308_bringup/share/ament_index/resource_index/packages/ee4308_bringup
[0.212s] -- Up-to-date symlink: /home/phantona/ee4308-proj2/install/ee4308_bringup/share/ee4308_bringup/cmake/ament_cmake_export_dependencies-extras.cmake
[0.212s] -- Up-to-date symlink: /home/phantona/ee4308-proj2/install/ee4308_bringup/share/ee4308_bringup/cmake/ee4308_bringupConfig.cmake
[0.212s] -- Up-to-date symlink: /home/phantona/ee4308-proj2/install/ee4308_bringup/share/ee4308_bringup/cmake/ee4308_bringupConfig-version.cmake
[0.213s] -- Up-to-date symlink: /home/phantona/ee4308-proj2/install/ee4308_bringup/share/ee4308_bringup/package.xml
[0.217s] Invoked command in '/home/phantona/ee4308-proj2/build/ee4308_bringup' returned '0': CMAKE_PREFIX_PATH=${CMAKE_PREFIX_PATH}:/opt/ros/jazzy DEBUGINFOD_URLS=https://debuginfod.ubuntu.com /usr/bin/cmake --install /home/phantona/ee4308-proj2/build/ee4308_bringup
