[0.163s] DEBUG:colcon:Command line arguments: ['/usr/bin/colcon', 'build', '--symlink-install']
[0.163s] DEBUG:colcon:Parsed command line arguments: Namespace(log_base=None, log_level=None, verb_name='build', build_base='build', install_base='install', merge_install=False, symlink_install=True, test_result_base=None, continue_on_error=False, executor='parallel', parallel_workers=16, event_handlers=None, ignore_user_meta=False, metas=['./colcon.meta'], base_paths=['.'], packages_ignore=None, packages_ignore_regex=None, paths=None, packages_up_to=None, packages_up_to_regex=None, packages_above=None, packages_above_and_dependencies=None, packages_above_depth=None, packages_select_by_dep=None, packages_skip_by_dep=None, packages_skip_up_to=None, packages_select_build_failed=False, packages_skip_build_finished=False, packages_select_test_failures=False, packages_skip_test_passed=False, packages_select=None, packages_skip=None, packages_select_regex=None, packages_skip_regex=None, packages_start=None, packages_end=None, allow_overriding=[], cmake_args=None, cmake_target=None, cmake_target_skip_unavailable=False, cmake_clean_cache=False, cmake_clean_first=False, cmake_force_configure=False, ament_cmake_args=None, catkin_cmake_args=None, catkin_skip_building_tests=False, mixin_files=None, mixin=None, verb_parser=<colcon_mixin.mixin.mixin_argument.MixinArgumentDecorator object at 0x73327539c050>, verb_extension=<colcon_core.verb.build.BuildVerb object at 0x733275363ce0>, main=<bound method BuildVerb.main of <colcon_core.verb.build.BuildVerb object at 0x733275363ce0>>, mixin_verb=('build',))
[0.223s] Level 1:colcon.colcon_core.package_discovery:discover_packages(colcon_meta) check parameters
[0.224s] Level 1:colcon.colcon_core.package_discovery:discover_packages(recursive) check parameters
[0.224s] Level 1:colcon.colcon_core.package_discovery:discover_packages(ignore) check parameters
[0.224s] Level 1:colcon.colcon_core.package_discovery:discover_packages(path) check parameters
[0.224s] Level 1:colcon.colcon_core.package_discovery:discover_packages(colcon_meta) discover
[0.224s] Level 1:colcon.colcon_core.package_discovery:discover_packages(recursive) discover
[0.224s] INFO:colcon.colcon_core.package_discovery:Crawling recursively for packages in '/home/phantona/ee4308-proj2'
[0.224s] Level 1:colcon.colcon_core.package_identification:_identify(.) by extensions ['ignore', 'ignore_ament_install']
[0.224s] Level 1:colcon.colcon_core.package_identification:_identify(.) by extension 'ignore'
[0.225s] Level 1:colcon.colcon_core.package_identification:_identify(.) by extension 'ignore_ament_install'
[0.225s] Level 1:colcon.colcon_core.package_identification:_identify(.) by extensions ['colcon_pkg']
[0.225s] Level 1:colcon.colcon_core.package_identification:_identify(.) by extension 'colcon_pkg'
[0.225s] Level 1:colcon.colcon_core.package_identification:_identify(.) by extensions ['colcon_meta']
[0.225s] Level 1:colcon.colcon_core.package_identification:_identify(.) by extension 'colcon_meta'
[0.225s] Level 1:colcon.colcon_core.package_identification:_identify(.) by extensions ['ros']
[0.225s] Level 1:colcon.colcon_core.package_identification:_identify(.) by extension 'ros'
[0.268s] Level 1:colcon.colcon_core.package_identification:_identify(.) by extensions ['cmake', 'python']
[0.268s] Level 1:colcon.colcon_core.package_identification:_identify(.) by extension 'cmake'
[0.268s] Level 1:colcon.colcon_core.package_identification:_identify(.) by extension 'python'
[0.268s] Level 1:colcon.colcon_core.package_identification:_identify(.) by extensions ['python_setup_py']
[0.268s] Level 1:colcon.colcon_core.package_identification:_identify(.) by extension 'python_setup_py'
[0.269s] Level 1:colcon.colcon_core.package_identification:_identify(build) by extensions ['ignore', 'ignore_ament_install']
[0.269s] Level 1:colcon.colcon_core.package_identification:_identify(build) by extension 'ignore'
[0.269s] Level 1:colcon.colcon_core.package_identification:_identify(build) ignored
[0.269s] Level 1:colcon.colcon_core.package_identification:_identify(docs) by extensions ['ignore', 'ignore_ament_install']
[0.269s] Level 1:colcon.colcon_core.package_identification:_identify(docs) by extension 'ignore'
[0.269s] Level 1:colcon.colcon_core.package_identification:_identify(docs) by extension 'ignore_ament_install'
[0.269s] Level 1:colcon.colcon_core.package_identification:_identify(docs) by extensions ['colcon_pkg']
[0.270s] Level 1:colcon.colcon_core.package_identification:_identify(docs) by extension 'colcon_pkg'
[0.270s] Level 1:colcon.colcon_core.package_identification:_identify(docs) by extensions ['colcon_meta']
[0.270s] Level 1:colcon.colcon_core.package_identification:_identify(docs) by extension 'colcon_meta'
[0.270s] Level 1:colcon.colcon_core.package_identification:_identify(docs) by extensions ['ros']
[0.270s] Level 1:colcon.colcon_core.package_identification:_identify(docs) by extension 'ros'
[0.270s] Level 1:colcon.colcon_core.package_identification:_identify(docs) by extensions ['cmake', 'python']
[0.270s] Level 1:colcon.colcon_core.package_identification:_identify(docs) by extension 'cmake'
[0.270s] Level 1:colcon.colcon_core.package_identification:_identify(docs) by extension 'python'
[0.270s] Level 1:colcon.colcon_core.package_identification:_identify(docs) by extensions ['python_setup_py']
[0.270s] Level 1:colcon.colcon_core.package_identification:_identify(docs) by extension 'python_setup_py'
[0.270s] Level 1:colcon.colcon_core.package_identification:_identify(install) by extensions ['ignore', 'ignore_ament_install']
[0.271s] Level 1:colcon.colcon_core.package_identification:_identify(install) by extension 'ignore'
[0.271s] Level 1:colcon.colcon_core.package_identification:_identify(install) ignored
[0.271s] Level 1:colcon.colcon_core.package_identification:_identify(log) by extensions ['ignore', 'ignore_ament_install']
[0.271s] Level 1:colcon.colcon_core.package_identification:_identify(log) by extension 'ignore'
[0.271s] Level 1:colcon.colcon_core.package_identification:_identify(log) ignored
[0.271s] Level 1:colcon.colcon_core.package_identification:_identify(src) by extensions ['ignore', 'ignore_ament_install']
[0.271s] Level 1:colcon.colcon_core.package_identification:_identify(src) by extension 'ignore'
[0.272s] Level 1:colcon.colcon_core.package_identification:_identify(src) by extension 'ignore_ament_install'
[0.272s] Level 1:colcon.colcon_core.package_identification:_identify(src) by extensions ['colcon_pkg']
[0.272s] Level 1:colcon.colcon_core.package_identification:_identify(src) by extension 'colcon_pkg'
[0.272s] Level 1:colcon.colcon_core.package_identification:_identify(src) by extensions ['colcon_meta']
[0.272s] Level 1:colcon.colcon_core.package_identification:_identify(src) by extension 'colcon_meta'
[0.272s] Level 1:colcon.colcon_core.package_identification:_identify(src) by extensions ['ros']
[0.272s] Level 1:colcon.colcon_core.package_identification:_identify(src) by extension 'ros'
[0.272s] Level 1:colcon.colcon_core.package_identification:_identify(src) by extensions ['cmake', 'python']
[0.272s] Level 1:colcon.colcon_core.package_identification:_identify(src) by extension 'cmake'
[0.272s] Level 1:colcon.colcon_core.package_identification:_identify(src) by extension 'python'
[0.272s] Level 1:colcon.colcon_core.package_identification:_identify(src) by extensions ['python_setup_py']
[0.272s] Level 1:colcon.colcon_core.package_identification:_identify(src) by extension 'python_setup_py'
[0.272s] Level 1:colcon.colcon_core.package_identification:_identify(src/ee4308_bringup) by extensions ['ignore', 'ignore_ament_install']
[0.273s] Level 1:colcon.colcon_core.package_identification:_identify(src/ee4308_bringup) by extension 'ignore'
[0.273s] Level 1:colcon.colcon_core.package_identification:_identify(src/ee4308_bringup) by extension 'ignore_ament_install'
[0.273s] Level 1:colcon.colcon_core.package_identification:_identify(src/ee4308_bringup) by extensions ['colcon_pkg']
[0.273s] Level 1:colcon.colcon_core.package_identification:_identify(src/ee4308_bringup) by extension 'colcon_pkg'
[0.273s] Level 1:colcon.colcon_core.package_identification:_identify(src/ee4308_bringup) by extensions ['colcon_meta']
[0.273s] Level 1:colcon.colcon_core.package_identification:_identify(src/ee4308_bringup) by extension 'colcon_meta'
[0.273s] Level 1:colcon.colcon_core.package_identification:_identify(src/ee4308_bringup) by extensions ['ros']
[0.273s] Level 1:colcon.colcon_core.package_identification:_identify(src/ee4308_bringup) by extension 'ros'
[0.277s] DEBUG:colcon.colcon_core.package_identification:Package 'src/ee4308_bringup' with type 'ros.ament_cmake' and name 'ee4308_bringup'
[0.277s] Level 1:colcon.colcon_core.package_identification:_identify(src/ee4308_drone) by extensions ['ignore', 'ignore_ament_install']
[0.277s] Level 1:colcon.colcon_core.package_identification:_identify(src/ee4308_drone) by extension 'ignore'
[0.277s] Level 1:colcon.colcon_core.package_identification:_identify(src/ee4308_drone) by extension 'ignore_ament_install'
[0.277s] Level 1:colcon.colcon_core.package_identification:_identify(src/ee4308_drone) by extensions ['colcon_pkg']
[0.277s] Level 1:colcon.colcon_core.package_identification:_identify(src/ee4308_drone) by extension 'colcon_pkg'
[0.278s] Level 1:colcon.colcon_core.package_identification:_identify(src/ee4308_drone) by extensions ['colcon_meta']
[0.278s] Level 1:colcon.colcon_core.package_identification:_identify(src/ee4308_drone) by extension 'colcon_meta'
[0.278s] Level 1:colcon.colcon_core.package_identification:_identify(src/ee4308_drone) by extensions ['ros']
[0.278s] Level 1:colcon.colcon_core.package_identification:_identify(src/ee4308_drone) by extension 'ros'
[0.279s] DEBUG:colcon.colcon_core.package_identification:Package 'src/ee4308_drone' with type 'ros.ament_cmake' and name 'ee4308_drone'
[0.279s] Level 1:colcon.colcon_core.package_identification:_identify(src/ee4308_turtle2) by extensions ['ignore', 'ignore_ament_install']
[0.280s] Level 1:colcon.colcon_core.package_identification:_identify(src/ee4308_turtle2) by extension 'ignore'
[0.280s] Level 1:colcon.colcon_core.package_identification:_identify(src/ee4308_turtle2) by extension 'ignore_ament_install'
[0.280s] Level 1:colcon.colcon_core.package_identification:_identify(src/ee4308_turtle2) by extensions ['colcon_pkg']
[0.280s] Level 1:colcon.colcon_core.package_identification:_identify(src/ee4308_turtle2) by extension 'colcon_pkg'
[0.280s] Level 1:colcon.colcon_core.package_identification:_identify(src/ee4308_turtle2) by extensions ['colcon_meta']
[0.280s] Level 1:colcon.colcon_core.package_identification:_identify(src/ee4308_turtle2) by extension 'colcon_meta'
[0.280s] Level 1:colcon.colcon_core.package_identification:_identify(src/ee4308_turtle2) by extensions ['ros']
[0.280s] Level 1:colcon.colcon_core.package_identification:_identify(src/ee4308_turtle2) by extension 'ros'
[0.281s] DEBUG:colcon.colcon_core.package_identification:Package 'src/ee4308_turtle2' with type 'ros.ament_cmake' and name 'ee4308_turtle2'
[0.281s] Level 1:colcon.colcon_core.package_discovery:discover_packages(recursive) using defaults
[0.282s] Level 1:colcon.colcon_core.package_discovery:discover_packages(ignore) discover
[0.282s] Level 1:colcon.colcon_core.package_discovery:discover_packages(ignore) using defaults
[0.282s] Level 1:colcon.colcon_core.package_discovery:discover_packages(path) discover
[0.282s] Level 1:colcon.colcon_core.package_discovery:discover_packages(path) using defaults
[0.311s] Level 1:colcon.colcon_core.package_discovery:discover_packages(prefix_path) check parameters
[0.311s] Level 1:colcon.colcon_core.package_discovery:discover_packages(prefix_path) discover
[0.314s] DEBUG:colcon.colcon_installed_package_information.package_discovery:Found 3 installed packages in /home/phantona/ee4308-proj2/install
[0.317s] DEBUG:colcon.colcon_installed_package_information.package_discovery:Found 394 installed packages in /opt/ros/jazzy
[0.320s] Level 1:colcon.colcon_core.package_discovery:discover_packages(prefix_path) using defaults
[0.406s] Level 5:colcon.colcon_core.verb:set package 'ee4308_bringup' build argument 'cmake_args' from command line to 'None'
[0.406s] Level 5:colcon.colcon_core.verb:set package 'ee4308_bringup' build argument 'cmake_target' from command line to 'None'
[0.407s] Level 5:colcon.colcon_core.verb:set package 'ee4308_bringup' build argument 'cmake_target_skip_unavailable' from command line to 'False'
[0.407s] Level 5:colcon.colcon_core.verb:set package 'ee4308_bringup' build argument 'cmake_clean_cache' from command line to 'False'
[0.407s] Level 5:colcon.colcon_core.verb:set package 'ee4308_bringup' build argument 'cmake_clean_first' from command line to 'False'
[0.407s] Level 5:colcon.colcon_core.verb:set package 'ee4308_bringup' build argument 'cmake_force_configure' from command line to 'False'
[0.407s] Level 5:colcon.colcon_core.verb:set package 'ee4308_bringup' build argument 'ament_cmake_args' from command line to 'None'
[0.407s] Level 5:colcon.colcon_core.verb:set package 'ee4308_bringup' build argument 'catkin_cmake_args' from command line to 'None'
[0.407s] Level 5:colcon.colcon_core.verb:set package 'ee4308_bringup' build argument 'catkin_skip_building_tests' from command line to 'False'
[0.407s] DEBUG:colcon.colcon_core.verb:Building package 'ee4308_bringup' with the following arguments: {'ament_cmake_args': None, 'build_base': '/home/phantona/ee4308-proj2/build/ee4308_bringup', 'catkin_cmake_args': None, 'catkin_skip_building_tests': False, 'cmake_args': None, 'cmake_clean_cache': False, 'cmake_clean_first': False, 'cmake_force_configure': False, 'cmake_target': None, 'cmake_target_skip_unavailable': False, 'install_base': '/home/phantona/ee4308-proj2/install/ee4308_bringup', 'merge_install': False, 'path': '/home/phantona/ee4308-proj2/src/ee4308_bringup', 'symlink_install': True, 'test_result_base': None}
[0.407s] Level 5:colcon.colcon_core.verb:set package 'ee4308_drone' build argument 'cmake_args' from command line to 'None'
[0.408s] Level 5:colcon.colcon_core.verb:set package 'ee4308_drone' build argument 'cmake_target' from command line to 'None'
[0.408s] Level 5:colcon.colcon_core.verb:set package 'ee4308_drone' build argument 'cmake_target_skip_unavailable' from command line to 'False'
[0.408s] Level 5:colcon.colcon_core.verb:set package 'ee4308_drone' build argument 'cmake_clean_cache' from command line to 'False'
[0.408s] Level 5:colcon.colcon_core.verb:set package 'ee4308_drone' build argument 'cmake_clean_first' from command line to 'False'
[0.408s] Level 5:colcon.colcon_core.verb:set package 'ee4308_drone' build argument 'cmake_force_configure' from command line to 'False'
[0.408s] Level 5:colcon.colcon_core.verb:set package 'ee4308_drone' build argument 'ament_cmake_args' from command line to 'None'
[0.408s] Level 5:colcon.colcon_core.verb:set package 'ee4308_drone' build argument 'catkin_cmake_args' from command line to 'None'
[0.408s] Level 5:colcon.colcon_core.verb:set package 'ee4308_drone' build argument 'catkin_skip_building_tests' from command line to 'False'
[0.408s] DEBUG:colcon.colcon_core.verb:Building package 'ee4308_drone' with the following arguments: {'ament_cmake_args': None, 'build_base': '/home/phantona/ee4308-proj2/build/ee4308_drone', 'catkin_cmake_args': None, 'catkin_skip_building_tests': False, 'cmake_args': None, 'cmake_clean_cache': False, 'cmake_clean_first': False, 'cmake_force_configure': False, 'cmake_target': None, 'cmake_target_skip_unavailable': False, 'install_base': '/home/phantona/ee4308-proj2/install/ee4308_drone', 'merge_install': False, 'path': '/home/phantona/ee4308-proj2/src/ee4308_drone', 'symlink_install': True, 'test_result_base': None}
[0.408s] Level 5:colcon.colcon_core.verb:set package 'ee4308_turtle2' build argument 'cmake_args' from command line to 'None'
[0.408s] Level 5:colcon.colcon_core.verb:set package 'ee4308_turtle2' build argument 'cmake_target' from command line to 'None'
[0.408s] Level 5:colcon.colcon_core.verb:set package 'ee4308_turtle2' build argument 'cmake_target_skip_unavailable' from command line to 'False'
[0.409s] Level 5:colcon.colcon_core.verb:set package 'ee4308_turtle2' build argument 'cmake_clean_cache' from command line to 'False'
[0.409s] Level 5:colcon.colcon_core.verb:set package 'ee4308_turtle2' build argument 'cmake_clean_first' from command line to 'False'
[0.409s] Level 5:colcon.colcon_core.verb:set package 'ee4308_turtle2' build argument 'cmake_force_configure' from command line to 'False'
[0.409s] Level 5:colcon.colcon_core.verb:set package 'ee4308_turtle2' build argument 'ament_cmake_args' from command line to 'None'
[0.409s] Level 5:colcon.colcon_core.verb:set package 'ee4308_turtle2' build argument 'catkin_cmake_args' from command line to 'None'
[0.409s] Level 5:colcon.colcon_core.verb:set package 'ee4308_turtle2' build argument 'catkin_skip_building_tests' from command line to 'False'
[0.409s] DEBUG:colcon.colcon_core.verb:Building package 'ee4308_turtle2' with the following arguments: {'ament_cmake_args': None, 'build_base': '/home/phantona/ee4308-proj2/build/ee4308_turtle2', 'catkin_cmake_args': None, 'catkin_skip_building_tests': False, 'cmake_args': None, 'cmake_clean_cache': False, 'cmake_clean_first': False, 'cmake_force_configure': False, 'cmake_target': None, 'cmake_target_skip_unavailable': False, 'install_base': '/home/phantona/ee4308-proj2/install/ee4308_turtle2', 'merge_install': False, 'path': '/home/phantona/ee4308-proj2/src/ee4308_turtle2', 'symlink_install': True, 'test_result_base': None}
[0.409s] INFO:colcon.colcon_core.executor:Executing jobs using 'parallel' executor
[0.411s] DEBUG:colcon.colcon_parallel_executor.executor.parallel:run_until_complete
[0.411s] INFO:colcon.colcon_ros.task.ament_cmake.build:Building ROS package in '/home/phantona/ee4308-proj2/src/ee4308_bringup' with build type 'ament_cmake'
[0.411s] INFO:colcon.colcon_cmake.task.cmake.build:Building CMake package in '/home/phantona/ee4308-proj2/src/ee4308_bringup'
[0.415s] INFO:colcon.colcon_core.plugin_system:Skipping extension 'colcon_core.shell.bat': Not used on non-Windows systems
[0.415s] INFO:colcon.colcon_core.shell:Skip shell extension 'powershell' for command environment: Not usable outside of PowerShell
[0.415s] DEBUG:colcon.colcon_core.shell:Skip shell extension 'dsv' for command environment
[0.423s] INFO:colcon.colcon_ros.task.ament_cmake.build:Building ROS package in '/home/phantona/ee4308-proj2/src/ee4308_drone' with build type 'ament_cmake'
[0.424s] INFO:colcon.colcon_cmake.task.cmake.build:Building CMake package in '/home/phantona/ee4308-proj2/src/ee4308_drone'
[0.424s] INFO:colcon.colcon_core.shell:Skip shell extension 'powershell' for command environment: Not usable outside of PowerShell
[0.424s] DEBUG:colcon.colcon_core.shell:Skip shell extension 'dsv' for command environment
[0.431s] INFO:colcon.colcon_ros.task.ament_cmake.build:Building ROS package in '/home/phantona/ee4308-proj2/src/ee4308_turtle2' with build type 'ament_cmake'
[0.431s] INFO:colcon.colcon_cmake.task.cmake.build:Building CMake package in '/home/phantona/ee4308-proj2/src/ee4308_turtle2'
[0.432s] INFO:colcon.colcon_core.shell:Skip shell extension 'powershell' for command environment: Not usable outside of PowerShell
[0.432s] DEBUG:colcon.colcon_core.shell:Skip shell extension 'dsv' for command environment
[0.447s] DEBUG:colcon.colcon_core.event_handler.log_command:Invoking command in '/home/phantona/ee4308-proj2/build/ee4308_bringup': CMAKE_PREFIX_PATH=${CMAKE_PREFIX_PATH}:/opt/ros/jazzy DEBUGINFOD_URLS=https://debuginfod.ubuntu.com /usr/bin/cmake --build /home/phantona/ee4308-proj2/build/ee4308_bringup -- -j16 -l16
[0.455s] DEBUG:colcon.colcon_core.event_handler.log_command:Invoking command in '/home/phantona/ee4308-proj2/build/ee4308_drone': CMAKE_PREFIX_PATH=${CMAKE_PREFIX_PATH}:/opt/ros/jazzy DEBUGINFOD_URLS=https://debuginfod.ubuntu.com /usr/bin/cmake --build /home/phantona/ee4308-proj2/build/ee4308_drone -- -j16 -l16
[0.459s] DEBUG:colcon.colcon_core.event_handler.log_command:Invoking command in '/home/phantona/ee4308-proj2/build/ee4308_turtle2': CMAKE_PREFIX_PATH=${CMAKE_PREFIX_PATH}:/opt/ros/jazzy DEBUGINFOD_URLS=https://debuginfod.ubuntu.com /usr/bin/cmake --build /home/phantona/ee4308-proj2/build/ee4308_turtle2 -- -j16 -l16
[0.534s] DEBUG:colcon.colcon_core.event_handler.log_command:Invoked command in '/home/phantona/ee4308-proj2/build/ee4308_bringup' returned '0': CMAKE_PREFIX_PATH=${CMAKE_PREFIX_PATH}:/opt/ros/jazzy DEBUGINFOD_URLS=https://debuginfod.ubuntu.com /usr/bin/cmake --build /home/phantona/ee4308-proj2/build/ee4308_bringup -- -j16 -l16
[0.556s] DEBUG:colcon.colcon_core.event_handler.log_command:Invoking command in '/home/phantona/ee4308-proj2/build/ee4308_bringup': CMAKE_PREFIX_PATH=${CMAKE_PREFIX_PATH}:/opt/ros/jazzy DEBUGINFOD_URLS=https://debuginfod.ubuntu.com /usr/bin/cmake --install /home/phantona/ee4308-proj2/build/ee4308_bringup
[0.626s] Level 1:colcon.colcon_core.environment:create_environment_scripts_only(ee4308_bringup)
[0.628s] DEBUG:colcon.colcon_core.event_handler.log_command:Invoked command in '/home/phantona/ee4308-proj2/build/ee4308_bringup' returned '0': CMAKE_PREFIX_PATH=${CMAKE_PREFIX_PATH}:/opt/ros/jazzy DEBUGINFOD_URLS=https://debuginfod.ubuntu.com /usr/bin/cmake --install /home/phantona/ee4308-proj2/build/ee4308_bringup
[0.631s] Level 1:colcon.colcon_core.environment:checking '/home/phantona/ee4308-proj2/install/ee4308_bringup' for CMake module files
[0.632s] Level 1:colcon.colcon_core.environment:checking '/home/phantona/ee4308-proj2/install/ee4308_bringup' for CMake config files
[0.633s] Level 1:colcon.colcon_core.shell:create_environment_hook('ee4308_bringup', 'cmake_prefix_path')
[0.634s] INFO:colcon.colcon_core.shell:Creating environment hook '/home/phantona/ee4308-proj2/install/ee4308_bringup/share/ee4308_bringup/hook/cmake_prefix_path.ps1'
[0.635s] INFO:colcon.colcon_core.shell:Creating environment descriptor '/home/phantona/ee4308-proj2/install/ee4308_bringup/share/ee4308_bringup/hook/cmake_prefix_path.dsv'
[0.636s] INFO:colcon.colcon_core.shell:Creating environment hook '/home/phantona/ee4308-proj2/install/ee4308_bringup/share/ee4308_bringup/hook/cmake_prefix_path.sh'
[0.637s] Level 1:colcon.colcon_core.environment:checking '/home/phantona/ee4308-proj2/install/ee4308_bringup/bin'
[0.637s] Level 1:colcon.colcon_core.environment:checking '/home/phantona/ee4308-proj2/install/ee4308_bringup/lib/pkgconfig/ee4308_bringup.pc'
[0.637s] Level 1:colcon.colcon_core.environment:checking '/home/phantona/ee4308-proj2/install/ee4308_bringup/lib/python3.12/site-packages'
[0.638s] Level 1:colcon.colcon_core.environment:checking '/home/phantona/ee4308-proj2/install/ee4308_bringup/bin'
[0.638s] INFO:colcon.colcon_core.shell:Creating package script '/home/phantona/ee4308-proj2/install/ee4308_bringup/share/ee4308_bringup/package.ps1'
[0.640s] INFO:colcon.colcon_core.shell:Creating package descriptor '/home/phantona/ee4308-proj2/install/ee4308_bringup/share/ee4308_bringup/package.dsv'
[0.640s] INFO:colcon.colcon_core.shell:Creating package script '/home/phantona/ee4308-proj2/install/ee4308_bringup/share/ee4308_bringup/package.sh'
[0.641s] INFO:colcon.colcon_core.shell:Creating package script '/home/phantona/ee4308-proj2/install/ee4308_bringup/share/ee4308_bringup/package.bash'
[0.642s] INFO:colcon.colcon_core.shell:Creating package script '/home/phantona/ee4308-proj2/install/ee4308_bringup/share/ee4308_bringup/package.zsh'
[0.643s] Level 1:colcon.colcon_core.environment:create_file_with_runtime_dependencies(/home/phantona/ee4308-proj2/install/ee4308_bringup/share/colcon-core/packages/ee4308_bringup)
[0.644s] Level 1:colcon.colcon_core.environment:create_environment_scripts_only(ee4308_bringup)
[0.644s] Level 1:colcon.colcon_core.environment:checking '/home/phantona/ee4308-proj2/install/ee4308_bringup' for CMake module files
[0.645s] Level 1:colcon.colcon_core.environment:checking '/home/phantona/ee4308-proj2/install/ee4308_bringup' for CMake config files
[0.646s] Level 1:colcon.colcon_core.shell:create_environment_hook('ee4308_bringup', 'cmake_prefix_path')
[0.647s] INFO:colcon.colcon_core.shell:Creating environment hook '/home/phantona/ee4308-proj2/install/ee4308_bringup/share/ee4308_bringup/hook/cmake_prefix_path.ps1'
[0.647s] INFO:colcon.colcon_core.shell:Creating environment descriptor '/home/phantona/ee4308-proj2/install/ee4308_bringup/share/ee4308_bringup/hook/cmake_prefix_path.dsv'
[0.648s] INFO:colcon.colcon_core.shell:Creating environment hook '/home/phantona/ee4308-proj2/install/ee4308_bringup/share/ee4308_bringup/hook/cmake_prefix_path.sh'
[0.649s] Level 1:colcon.colcon_core.environment:checking '/home/phantona/ee4308-proj2/install/ee4308_bringup/bin'
[0.649s] Level 1:colcon.colcon_core.environment:checking '/home/phantona/ee4308-proj2/install/ee4308_bringup/lib/pkgconfig/ee4308_bringup.pc'
[0.649s] Level 1:colcon.colcon_core.environment:checking '/home/phantona/ee4308-proj2/install/ee4308_bringup/lib/python3.12/site-packages'
[0.650s] Level 1:colcon.colcon_core.environment:checking '/home/phantona/ee4308-proj2/install/ee4308_bringup/bin'
[0.650s] INFO:colcon.colcon_core.shell:Creating package script '/home/phantona/ee4308-proj2/install/ee4308_bringup/share/ee4308_bringup/package.ps1'
[0.651s] INFO:colcon.colcon_core.shell:Creating package descriptor '/home/phantona/ee4308-proj2/install/ee4308_bringup/share/ee4308_bringup/package.dsv'
[0.652s] INFO:colcon.colcon_core.shell:Creating package script '/home/phantona/ee4308-proj2/install/ee4308_bringup/share/ee4308_bringup/package.sh'
[0.652s] INFO:colcon.colcon_core.shell:Creating package script '/home/phantona/ee4308-proj2/install/ee4308_bringup/share/ee4308_bringup/package.bash'
[0.653s] INFO:colcon.colcon_core.shell:Creating package script '/home/phantona/ee4308-proj2/install/ee4308_bringup/share/ee4308_bringup/package.zsh'
[0.653s] Level 1:colcon.colcon_core.environment:create_file_with_runtime_dependencies(/home/phantona/ee4308-proj2/install/ee4308_bringup/share/colcon-core/packages/ee4308_bringup)
[0.656s] DEBUG:colcon.colcon_core.event_handler.log_command:Invoked command in '/home/phantona/ee4308-proj2/build/ee4308_turtle2' returned '0': CMAKE_PREFIX_PATH=${CMAKE_PREFIX_PATH}:/opt/ros/jazzy DEBUGINFOD_URLS=https://debuginfod.ubuntu.com /usr/bin/cmake --build /home/phantona/ee4308-proj2/build/ee4308_turtle2 -- -j16 -l16
[0.658s] DEBUG:colcon.colcon_core.event_handler.log_command:Invoking command in '/home/phantona/ee4308-proj2/build/ee4308_turtle2': CMAKE_PREFIX_PATH=${CMAKE_PREFIX_PATH}:/opt/ros/jazzy DEBUGINFOD_URLS=https://debuginfod.ubuntu.com /usr/bin/cmake --install /home/phantona/ee4308-proj2/build/ee4308_turtle2
[0.710s] Level 1:colcon.colcon_core.environment:create_environment_scripts_only(ee4308_turtle2)
[0.710s] Level 1:colcon.colcon_core.environment:checking '/home/phantona/ee4308-proj2/install/ee4308_turtle2' for CMake module files
[0.711s] DEBUG:colcon.colcon_core.event_handler.log_command:Invoked command in '/home/phantona/ee4308-proj2/build/ee4308_turtle2' returned '0': CMAKE_PREFIX_PATH=${CMAKE_PREFIX_PATH}:/opt/ros/jazzy DEBUGINFOD_URLS=https://debuginfod.ubuntu.com /usr/bin/cmake --install /home/phantona/ee4308-proj2/build/ee4308_turtle2
[0.712s] Level 1:colcon.colcon_core.environment:checking '/home/phantona/ee4308-proj2/install/ee4308_turtle2' for CMake config files
[0.713s] Level 1:colcon.colcon_core.shell:create_environment_hook('ee4308_turtle2', 'cmake_prefix_path')
[0.713s] INFO:colcon.colcon_core.shell:Creating environment hook '/home/phantona/ee4308-proj2/install/ee4308_turtle2/share/ee4308_turtle2/hook/cmake_prefix_path.ps1'
[0.714s] INFO:colcon.colcon_core.shell:Creating environment descriptor '/home/phantona/ee4308-proj2/install/ee4308_turtle2/share/ee4308_turtle2/hook/cmake_prefix_path.dsv'
[0.714s] INFO:colcon.colcon_core.shell:Creating environment hook '/home/phantona/ee4308-proj2/install/ee4308_turtle2/share/ee4308_turtle2/hook/cmake_prefix_path.sh'
[0.715s] Level 1:colcon.colcon_core.environment:checking '/home/phantona/ee4308-proj2/install/ee4308_turtle2/lib'
[0.716s] Level 1:colcon.colcon_core.shell:create_environment_hook('ee4308_turtle2', 'ld_library_path_lib')
[0.716s] INFO:colcon.colcon_core.shell:Creating environment hook '/home/phantona/ee4308-proj2/install/ee4308_turtle2/share/ee4308_turtle2/hook/ld_library_path_lib.ps1'
[0.717s] INFO:colcon.colcon_core.shell:Creating environment descriptor '/home/phantona/ee4308-proj2/install/ee4308_turtle2/share/ee4308_turtle2/hook/ld_library_path_lib.dsv'
[0.718s] INFO:colcon.colcon_core.shell:Creating environment hook '/home/phantona/ee4308-proj2/install/ee4308_turtle2/share/ee4308_turtle2/hook/ld_library_path_lib.sh'
[0.718s] Level 1:colcon.colcon_core.environment:checking '/home/phantona/ee4308-proj2/install/ee4308_turtle2/bin'
[0.718s] Level 1:colcon.colcon_core.environment:checking '/home/phantona/ee4308-proj2/install/ee4308_turtle2/lib/pkgconfig/ee4308_turtle2.pc'
[0.719s] Level 1:colcon.colcon_core.environment:checking '/home/phantona/ee4308-proj2/install/ee4308_turtle2/lib/python3.12/site-packages'
[0.719s] Level 1:colcon.colcon_core.environment:checking '/home/phantona/ee4308-proj2/install/ee4308_turtle2/bin'
[0.720s] INFO:colcon.colcon_core.shell:Creating package script '/home/phantona/ee4308-proj2/install/ee4308_turtle2/share/ee4308_turtle2/package.ps1'
[0.721s] INFO:colcon.colcon_core.shell:Creating package descriptor '/home/phantona/ee4308-proj2/install/ee4308_turtle2/share/ee4308_turtle2/package.dsv'
[0.721s] INFO:colcon.colcon_core.shell:Creating package script '/home/phantona/ee4308-proj2/install/ee4308_turtle2/share/ee4308_turtle2/package.sh'
[0.722s] INFO:colcon.colcon_core.shell:Creating package script '/home/phantona/ee4308-proj2/install/ee4308_turtle2/share/ee4308_turtle2/package.bash'
[0.723s] INFO:colcon.colcon_core.shell:Creating package script '/home/phantona/ee4308-proj2/install/ee4308_turtle2/share/ee4308_turtle2/package.zsh'
[0.723s] Level 1:colcon.colcon_core.environment:create_file_with_runtime_dependencies(/home/phantona/ee4308-proj2/install/ee4308_turtle2/share/colcon-core/packages/ee4308_turtle2)
[0.725s] Level 1:colcon.colcon_core.environment:create_environment_scripts_only(ee4308_turtle2)
[0.725s] Level 1:colcon.colcon_core.environment:checking '/home/phantona/ee4308-proj2/install/ee4308_turtle2' for CMake module files
[0.726s] Level 1:colcon.colcon_core.environment:checking '/home/phantona/ee4308-proj2/install/ee4308_turtle2' for CMake config files
[0.727s] Level 1:colcon.colcon_core.shell:create_environment_hook('ee4308_turtle2', 'cmake_prefix_path')
[0.727s] INFO:colcon.colcon_core.shell:Creating environment hook '/home/phantona/ee4308-proj2/install/ee4308_turtle2/share/ee4308_turtle2/hook/cmake_prefix_path.ps1'
[0.728s] INFO:colcon.colcon_core.shell:Creating environment descriptor '/home/phantona/ee4308-proj2/install/ee4308_turtle2/share/ee4308_turtle2/hook/cmake_prefix_path.dsv'
[0.728s] INFO:colcon.colcon_core.shell:Creating environment hook '/home/phantona/ee4308-proj2/install/ee4308_turtle2/share/ee4308_turtle2/hook/cmake_prefix_path.sh'
[0.729s] Level 1:colcon.colcon_core.environment:checking '/home/phantona/ee4308-proj2/install/ee4308_turtle2/lib'
[0.729s] Level 1:colcon.colcon_core.shell:create_environment_hook('ee4308_turtle2', 'ld_library_path_lib')
[0.730s] INFO:colcon.colcon_core.shell:Creating environment hook '/home/phantona/ee4308-proj2/install/ee4308_turtle2/share/ee4308_turtle2/hook/ld_library_path_lib.ps1'
[0.730s] INFO:colcon.colcon_core.shell:Creating environment descriptor '/home/phantona/ee4308-proj2/install/ee4308_turtle2/share/ee4308_turtle2/hook/ld_library_path_lib.dsv'
[0.731s] INFO:colcon.colcon_core.shell:Creating environment hook '/home/phantona/ee4308-proj2/install/ee4308_turtle2/share/ee4308_turtle2/hook/ld_library_path_lib.sh'
[0.731s] Level 1:colcon.colcon_core.environment:checking '/home/phantona/ee4308-proj2/install/ee4308_turtle2/bin'
[0.731s] Level 1:colcon.colcon_core.environment:checking '/home/phantona/ee4308-proj2/install/ee4308_turtle2/lib/pkgconfig/ee4308_turtle2.pc'
[0.732s] Level 1:colcon.colcon_core.environment:checking '/home/phantona/ee4308-proj2/install/ee4308_turtle2/lib/python3.12/site-packages'
[0.732s] Level 1:colcon.colcon_core.environment:checking '/home/phantona/ee4308-proj2/install/ee4308_turtle2/bin'
[0.733s] INFO:colcon.colcon_core.shell:Creating package script '/home/phantona/ee4308-proj2/install/ee4308_turtle2/share/ee4308_turtle2/package.ps1'
[0.734s] INFO:colcon.colcon_core.shell:Creating package descriptor '/home/phantona/ee4308-proj2/install/ee4308_turtle2/share/ee4308_turtle2/package.dsv'
[0.735s] INFO:colcon.colcon_core.shell:Creating package script '/home/phantona/ee4308-proj2/install/ee4308_turtle2/share/ee4308_turtle2/package.sh'
[0.735s] INFO:colcon.colcon_core.shell:Creating package script '/home/phantona/ee4308-proj2/install/ee4308_turtle2/share/ee4308_turtle2/package.bash'
[0.736s] INFO:colcon.colcon_core.shell:Creating package script '/home/phantona/ee4308-proj2/install/ee4308_turtle2/share/ee4308_turtle2/package.zsh'
[0.737s] Level 1:colcon.colcon_core.environment:create_file_with_runtime_dependencies(/home/phantona/ee4308-proj2/install/ee4308_turtle2/share/colcon-core/packages/ee4308_turtle2)
[26.283s] DEBUG:colcon.colcon_core.event_handler.log_command:Invoked command in '/home/phantona/ee4308-proj2/build/ee4308_drone' returned '0': CMAKE_PREFIX_PATH=${CMAKE_PREFIX_PATH}:/opt/ros/jazzy DEBUGINFOD_URLS=https://debuginfod.ubuntu.com /usr/bin/cmake --build /home/phantona/ee4308-proj2/build/ee4308_drone -- -j16 -l16
[26.284s] DEBUG:colcon.colcon_core.event_handler.log_command:Invoking command in '/home/phantona/ee4308-proj2/build/ee4308_drone': CMAKE_PREFIX_PATH=${CMAKE_PREFIX_PATH}:/opt/ros/jazzy DEBUGINFOD_URLS=https://debuginfod.ubuntu.com /usr/bin/cmake --install /home/phantona/ee4308-proj2/build/ee4308_drone
[26.343s] Level 1:colcon.colcon_core.environment:create_environment_scripts_only(ee4308_drone)
[26.344s] Level 1:colcon.colcon_core.environment:checking '/home/phantona/ee4308-proj2/install/ee4308_drone' for CMake module files
[26.344s] DEBUG:colcon.colcon_core.event_handler.log_command:Invoked command in '/home/phantona/ee4308-proj2/build/ee4308_drone' returned '0': CMAKE_PREFIX_PATH=${CMAKE_PREFIX_PATH}:/opt/ros/jazzy DEBUGINFOD_URLS=https://debuginfod.ubuntu.com /usr/bin/cmake --install /home/phantona/ee4308-proj2/build/ee4308_drone
[26.344s] Level 1:colcon.colcon_core.environment:checking '/home/phantona/ee4308-proj2/install/ee4308_drone' for CMake config files
[26.345s] Level 1:colcon.colcon_core.shell:create_environment_hook('ee4308_drone', 'cmake_prefix_path')
[26.345s] INFO:colcon.colcon_core.shell:Creating environment hook '/home/phantona/ee4308-proj2/install/ee4308_drone/share/ee4308_drone/hook/cmake_prefix_path.ps1'
[26.345s] INFO:colcon.colcon_core.shell:Creating environment descriptor '/home/phantona/ee4308-proj2/install/ee4308_drone/share/ee4308_drone/hook/cmake_prefix_path.dsv'
[26.346s] INFO:colcon.colcon_core.shell:Creating environment hook '/home/phantona/ee4308-proj2/install/ee4308_drone/share/ee4308_drone/hook/cmake_prefix_path.sh'
[26.346s] Level 1:colcon.colcon_core.environment:checking '/home/phantona/ee4308-proj2/install/ee4308_drone/lib'
[26.346s] Level 1:colcon.colcon_core.shell:create_environment_hook('ee4308_drone', 'ld_library_path_lib')
[26.346s] INFO:colcon.colcon_core.shell:Creating environment hook '/home/phantona/ee4308-proj2/install/ee4308_drone/share/ee4308_drone/hook/ld_library_path_lib.ps1'
[26.347s] INFO:colcon.colcon_core.shell:Creating environment descriptor '/home/phantona/ee4308-proj2/install/ee4308_drone/share/ee4308_drone/hook/ld_library_path_lib.dsv'
[26.347s] INFO:colcon.colcon_core.shell:Creating environment hook '/home/phantona/ee4308-proj2/install/ee4308_drone/share/ee4308_drone/hook/ld_library_path_lib.sh'
[26.347s] Level 1:colcon.colcon_core.environment:checking '/home/phantona/ee4308-proj2/install/ee4308_drone/bin'
[26.348s] Level 1:colcon.colcon_core.environment:checking '/home/phantona/ee4308-proj2/install/ee4308_drone/lib/pkgconfig/ee4308_drone.pc'
[26.348s] Level 1:colcon.colcon_core.environment:checking '/home/phantona/ee4308-proj2/install/ee4308_drone/lib/python3.12/site-packages'
[26.348s] Level 1:colcon.colcon_core.environment:checking '/home/phantona/ee4308-proj2/install/ee4308_drone/bin'
[26.348s] INFO:colcon.colcon_core.shell:Creating package script '/home/phantona/ee4308-proj2/install/ee4308_drone/share/ee4308_drone/package.ps1'
[26.349s] INFO:colcon.colcon_core.shell:Creating package descriptor '/home/phantona/ee4308-proj2/install/ee4308_drone/share/ee4308_drone/package.dsv'
[26.349s] INFO:colcon.colcon_core.shell:Creating package script '/home/phantona/ee4308-proj2/install/ee4308_drone/share/ee4308_drone/package.sh'
[26.349s] INFO:colcon.colcon_core.shell:Creating package script '/home/phantona/ee4308-proj2/install/ee4308_drone/share/ee4308_drone/package.bash'
[26.350s] INFO:colcon.colcon_core.shell:Creating package script '/home/phantona/ee4308-proj2/install/ee4308_drone/share/ee4308_drone/package.zsh'
[26.350s] Level 1:colcon.colcon_core.environment:create_file_with_runtime_dependencies(/home/phantona/ee4308-proj2/install/ee4308_drone/share/colcon-core/packages/ee4308_drone)
[26.351s] Level 1:colcon.colcon_core.environment:create_environment_scripts_only(ee4308_drone)
[26.351s] Level 1:colcon.colcon_core.environment:checking '/home/phantona/ee4308-proj2/install/ee4308_drone' for CMake module files
[26.351s] Level 1:colcon.colcon_core.environment:checking '/home/phantona/ee4308-proj2/install/ee4308_drone' for CMake config files
[26.351s] Level 1:colcon.colcon_core.shell:create_environment_hook('ee4308_drone', 'cmake_prefix_path')
[26.352s] INFO:colcon.colcon_core.shell:Creating environment hook '/home/phantona/ee4308-proj2/install/ee4308_drone/share/ee4308_drone/hook/cmake_prefix_path.ps1'
[26.352s] INFO:colcon.colcon_core.shell:Creating environment descriptor '/home/phantona/ee4308-proj2/install/ee4308_drone/share/ee4308_drone/hook/cmake_prefix_path.dsv'
[26.352s] INFO:colcon.colcon_core.shell:Creating environment hook '/home/phantona/ee4308-proj2/install/ee4308_drone/share/ee4308_drone/hook/cmake_prefix_path.sh'
[26.353s] Level 1:colcon.colcon_core.environment:checking '/home/phantona/ee4308-proj2/install/ee4308_drone/lib'
[26.353s] Level 1:colcon.colcon_core.shell:create_environment_hook('ee4308_drone', 'ld_library_path_lib')
[26.353s] INFO:colcon.colcon_core.shell:Creating environment hook '/home/phantona/ee4308-proj2/install/ee4308_drone/share/ee4308_drone/hook/ld_library_path_lib.ps1'
[26.353s] INFO:colcon.colcon_core.shell:Creating environment descriptor '/home/phantona/ee4308-proj2/install/ee4308_drone/share/ee4308_drone/hook/ld_library_path_lib.dsv'
[26.354s] INFO:colcon.colcon_core.shell:Creating environment hook '/home/phantona/ee4308-proj2/install/ee4308_drone/share/ee4308_drone/hook/ld_library_path_lib.sh'
[26.354s] Level 1:colcon.colcon_core.environment:checking '/home/phantona/ee4308-proj2/install/ee4308_drone/bin'
[26.354s] Level 1:colcon.colcon_core.environment:checking '/home/phantona/ee4308-proj2/install/ee4308_drone/lib/pkgconfig/ee4308_drone.pc'
[26.354s] Level 1:colcon.colcon_core.environment:checking '/home/phantona/ee4308-proj2/install/ee4308_drone/lib/python3.12/site-packages'
[26.354s] Level 1:colcon.colcon_core.environment:checking '/home/phantona/ee4308-proj2/install/ee4308_drone/bin'
[26.355s] INFO:colcon.colcon_core.shell:Creating package script '/home/phantona/ee4308-proj2/install/ee4308_drone/share/ee4308_drone/package.ps1'
[26.355s] INFO:colcon.colcon_core.shell:Creating package descriptor '/home/phantona/ee4308-proj2/install/ee4308_drone/share/ee4308_drone/package.dsv'
[26.356s] INFO:colcon.colcon_core.shell:Creating package script '/home/phantona/ee4308-proj2/install/ee4308_drone/share/ee4308_drone/package.sh'
[26.356s] INFO:colcon.colcon_core.shell:Creating package script '/home/phantona/ee4308-proj2/install/ee4308_drone/share/ee4308_drone/package.bash'
[26.356s] INFO:colcon.colcon_core.shell:Creating package script '/home/phantona/ee4308-proj2/install/ee4308_drone/share/ee4308_drone/package.zsh'
[26.357s] Level 1:colcon.colcon_core.environment:create_file_with_runtime_dependencies(/home/phantona/ee4308-proj2/install/ee4308_drone/share/colcon-core/packages/ee4308_drone)
[26.357s] DEBUG:colcon.colcon_parallel_executor.executor.parallel:closing loop
[26.357s] DEBUG:colcon.colcon_parallel_executor.executor.parallel:loop closed
[26.357s] DEBUG:colcon.colcon_parallel_executor.executor.parallel:run_until_complete finished with '0'
[26.358s] DEBUG:colcon.colcon_core.event_reactor:joining thread
[26.364s] INFO:colcon.colcon_core.plugin_system:Skipping extension 'colcon_notification.desktop_notification.terminal_notifier': Not used on non-Darwin systems
[26.364s] INFO:colcon.colcon_core.plugin_system:Skipping extension 'colcon_notification.desktop_notification.win32': Not used on non-Windows systems
[26.364s] INFO:colcon.colcon_notification.desktop_notification:Sending desktop notification using 'notify2'
[26.378s] DEBUG:colcon.colcon_core.event_reactor:joined thread
[26.379s] INFO:colcon.colcon_core.shell:Creating prefix script '/home/phantona/ee4308-proj2/install/local_setup.ps1'
[26.379s] INFO:colcon.colcon_core.shell:Creating prefix util module '/home/phantona/ee4308-proj2/install/_local_setup_util_ps1.py'
[26.381s] INFO:colcon.colcon_core.shell:Creating prefix chain script '/home/phantona/ee4308-proj2/install/setup.ps1'
[26.382s] INFO:colcon.colcon_core.shell:Creating prefix script '/home/phantona/ee4308-proj2/install/local_setup.sh'
[26.382s] INFO:colcon.colcon_core.shell:Creating prefix util module '/home/phantona/ee4308-proj2/install/_local_setup_util_sh.py'
[26.383s] INFO:colcon.colcon_core.shell:Creating prefix chain script '/home/phantona/ee4308-proj2/install/setup.sh'
[26.384s] INFO:colcon.colcon_core.shell:Creating prefix script '/home/phantona/ee4308-proj2/install/local_setup.bash'
[26.385s] INFO:colcon.colcon_core.shell:Creating prefix chain script '/home/phantona/ee4308-proj2/install/setup.bash'
[26.386s] INFO:colcon.colcon_core.shell:Creating prefix script '/home/phantona/ee4308-proj2/install/local_setup.zsh'
[26.387s] INFO:colcon.colcon_core.shell:Creating prefix chain script '/home/phantona/ee4308-proj2/install/setup.zsh'
