[0.038s] Invoking command in '/home/phantona/ee4308L2/build/ee4308_bringup': CMAKE_PREFIX_PATH=${CMAKE_PREFIX_PATH}:/opt/ros/jazzy DEBUGINFOD_URLS=https://debuginfod.ubuntu.com /usr/bin/cmake --build /home/phantona/ee4308L2/build/ee4308_bringup -- -j16 -l16
[0.058s] [0mCMake Error: The current CMakeCache.txt directory /home/phantona/ee4308L2/build/ee4308_bringup/CMakeCache.txt is different than the directory /home/phantona/ee4308/build/ee4308_bringup where CMakeCache.txt was created. This may result in binaries being created in the wrong place. If you are not sure, reedit the CMakeCache.txt[0m
[0.099s] -- Found ament_cmake: 2.5.5 (/opt/ros/jazzy/share/ament_cmake/cmake)
[0.468s] -- Override CMake install command with custom implementation using symlinks instead of copying resources
[0.651s] -- Configuring done (0.6s)
[0.658s] -- Generating done (0.0s)
[0.661s] -- Build files have been written to: /home/phantona/ee4308/build/ee4308_bringup
[0.709s] Invoked command in '/home/phantona/ee4308L2/build/ee4308_bringup' returned '0': CMAKE_PREFIX_PATH=${CMAKE_PREFIX_PATH}:/opt/ros/jazzy DEBUGINFOD_URLS=https://debuginfod.ubuntu.com /usr/bin/cmake --build /home/phantona/ee4308L2/build/ee4308_bringup -- -j16 -l16
[0.731s] Invoking command in '/home/phantona/ee4308L2/build/ee4308_bringup': CMAKE_PREFIX_PATH=${CMAKE_PREFIX_PATH}:/opt/ros/jazzy DEBUGINFOD_URLS=https://debuginfod.ubuntu.com /usr/bin/cmake --install /home/phantona/ee4308L2/build/ee4308_bringup
[0.748s] -- Install configuration: ""
[0.748s] -- Execute custom install script
[0.749s] -- Up-to-date symlink: /home/phantona/ee4308/install/ee4308_bringup/share/ee4308_bringup//launch/proj2_sim.launch.py
[0.750s] -- Up-to-date symlink: /home/phantona/ee4308/install/ee4308_bringup/share/ee4308_bringup//launch/sim.launch.py
[0.750s] -- Up-to-date symlink: /home/phantona/ee4308/install/ee4308_bringup/share/ee4308_bringup//launch/spawn_models.launch.py
[0.751s] -- Up-to-date symlink: /home/phantona/ee4308/install/ee4308_bringup/share/ee4308_bringup//rviz/proj2.rviz
[0.751s] -- Up-to-date symlink: /home/phantona/ee4308/install/ee4308_bringup/share/ee4308_bringup//params/proj2.yaml
[0.752s] -- Up-to-date symlink: /home/phantona/ee4308/install/ee4308_bringup/share/ee4308_bringup//params/ros_gz_bridge_proj2.yaml
[0.752s] -- Up-to-date symlink: /home/phantona/ee4308/install/ee4308_bringup/share/ee4308_bringup//maps/proj2_sim.pgm
[0.753s] -- Up-to-date symlink: /home/phantona/ee4308/install/ee4308_bringup/share/ee4308_bringup//maps/proj2_sim.yaml
[0.753s] -- Up-to-date symlink: /home/phantona/ee4308/install/ee4308_bringup/share/ee4308_bringup//worlds/empty_world.world
[0.754s] -- Up-to-date symlink: /home/phantona/ee4308/install/ee4308_bringup/share/ee4308_bringup//worlds/turtlebot3_house.world
[0.754s] -- Up-to-date symlink: /home/phantona/ee4308/install/ee4308_bringup/share/ee4308_bringup//worlds/turtlebot3_world.world
[0.756s] -- Up-to-date symlink: /home/phantona/ee4308/install/ee4308_bringup/share/ee4308_bringup//models/drone/README
[0.757s] -- Up-to-date symlink: /home/phantona/ee4308/install/ee4308_bringup/share/ee4308_bringup//models/drone/drone.urdf
[0.757s] -- Up-to-date symlink: /home/phantona/ee4308/install/ee4308_bringup/share/ee4308_bringup//models/drone/drone_proj2.sdf
[0.757s] -- Up-to-date symlink: /home/phantona/ee4308/install/ee4308_bringup/share/ee4308_bringup//models/drone/materials/textures/led.jpg
[0.758s] -- Up-to-date symlink: /home/phantona/ee4308/install/ee4308_bringup/share/ee4308_bringup//models/drone/materials/textures/spotlight.jpg
[0.758s] -- Up-to-date symlink: /home/phantona/ee4308/install/ee4308_bringup/share/ee4308_bringup//models/drone/meshes/iris.dae
[0.759s] -- Up-to-date symlink: /home/phantona/ee4308/install/ee4308_bringup/share/ee4308_bringup//models/drone/meshes/led.dae
[0.759s] -- Up-to-date symlink: /home/phantona/ee4308/install/ee4308_bringup/share/ee4308_bringup//models/drone/meshes/led_lamp.dae
[0.759s] -- Up-to-date symlink: /home/phantona/ee4308/install/ee4308_bringup/share/ee4308_bringup//models/drone/meshes/propeller_ccw.dae
[0.761s] -- Up-to-date symlink: /home/phantona/ee4308/install/ee4308_bringup/share/ee4308_bringup//models/drone/meshes/propeller_cw.dae
[0.761s] -- Up-to-date symlink: /home/phantona/ee4308/install/ee4308_bringup/share/ee4308_bringup//models/drone/meshes/spotlight.dae
[0.761s] -- Up-to-date symlink: /home/phantona/ee4308/install/ee4308_bringup/share/ee4308_bringup//models/drone/meshes/vi_camera.dae
[0.761s] -- Up-to-date symlink: /home/phantona/ee4308/install/ee4308_bringup/share/ee4308_bringup//models/drone/meshes/vi_camera.jpg
[0.762s] -- Up-to-date symlink: /home/phantona/ee4308/install/ee4308_bringup/share/ee4308_bringup//models/drone/meshes/vi_sensor.dae
[0.762s] -- Up-to-date symlink: /home/phantona/ee4308/install/ee4308_bringup/share/ee4308_bringup//models/drone/meshes/vi_sensor.jpg
[0.763s] -- Up-to-date symlink: /home/phantona/ee4308/install/ee4308_bringup/share/ee4308_bringup//models/drone/meshes/x3.dae
[0.763s] -- Up-to-date symlink: /home/phantona/ee4308/install/ee4308_bringup/share/ee4308_bringup//models/drone/meshes/x3.jpg
[0.763s] -- Up-to-date symlink: /home/phantona/ee4308/install/ee4308_bringup/share/ee4308_bringup//models/drone/model.config
[0.764s] -- Up-to-date symlink: /home/phantona/ee4308/install/ee4308_bringup/share/ee4308_bringup//models/drone/model.sdf
[0.764s] -- Up-to-date symlink: /home/phantona/ee4308/install/ee4308_bringup/share/ee4308_bringup//models/turtle/turtle.urdf
[0.765s] -- Up-to-date symlink: /home/phantona/ee4308/install/ee4308_bringup/share/ee4308_bringup//models/turtle/turtle_proj1.sdf
[0.765s] -- Up-to-date symlink: /home/phantona/ee4308/install/ee4308_bringup/share/ee4308_bringup//models/turtle/turtle_proj2.sdf
[0.765s] -- Up-to-date symlink: /home/phantona/ee4308/install/ee4308_bringup/share/ament_index/resource_index/package_run_dependencies/ee4308_bringup
[0.766s] -- Up-to-date symlink: /home/phantona/ee4308/install/ee4308_bringup/share/ament_index/resource_index/parent_prefix_path/ee4308_bringup
[0.766s] -- Up-to-date symlink: /home/phantona/ee4308/install/ee4308_bringup/share/ee4308_bringup/environment/ament_prefix_path.sh
[0.767s] -- Up-to-date symlink: /home/phantona/ee4308/install/ee4308_bringup/share/ee4308_bringup/environment/ament_prefix_path.dsv
[0.767s] -- Up-to-date symlink: /home/phantona/ee4308/install/ee4308_bringup/share/ee4308_bringup/environment/path.sh
[0.768s] -- Up-to-date symlink: /home/phantona/ee4308/install/ee4308_bringup/share/ee4308_bringup/environment/path.dsv
[0.768s] -- Up-to-date symlink: /home/phantona/ee4308/install/ee4308_bringup/share/ee4308_bringup/local_setup.bash
[0.769s] -- Up-to-date symlink: /home/phantona/ee4308/install/ee4308_bringup/share/ee4308_bringup/local_setup.sh
[0.769s] -- Up-to-date symlink: /home/phantona/ee4308/install/ee4308_bringup/share/ee4308_bringup/local_setup.zsh
[0.769s] -- Up-to-date symlink: /home/phantona/ee4308/install/ee4308_bringup/share/ee4308_bringup/local_setup.dsv
[0.770s] -- Symlinking: /home/phantona/ee4308/install/ee4308_bringup/share/ee4308_bringup/package.dsv
[0.788s] -- Up-to-date symlink: /home/phantona/ee4308/install/ee4308_bringup/share/ament_index/resource_index/packages/ee4308_bringup
[0.789s] -- Up-to-date symlink: /home/phantona/ee4308/install/ee4308_bringup/share/ee4308_bringup/cmake/ament_cmake_export_dependencies-extras.cmake
[0.789s] -- Up-to-date symlink: /home/phantona/ee4308/install/ee4308_bringup/share/ee4308_bringup/cmake/ee4308_bringupConfig.cmake
[0.789s] -- Up-to-date symlink: /home/phantona/ee4308/install/ee4308_bringup/share/ee4308_bringup/cmake/ee4308_bringupConfig-version.cmake
[0.790s] -- Up-to-date symlink: /home/phantona/ee4308/install/ee4308_bringup/share/ee4308_bringup/package.xml
[0.794s] Invoked command in '/home/phantona/ee4308L2/build/ee4308_bringup' returned '0': CMAKE_PREFIX_PATH=${CMAKE_PREFIX_PATH}:/opt/ros/jazzy DEBUGINFOD_URLS=https://debuginfod.ubuntu.com /usr/bin/cmake --install /home/phantona/ee4308L2/build/ee4308_bringup
