[0.175s] DEBUG:colcon:Command line arguments: ['/usr/bin/colcon', 'build', '--symlink-install']
[0.175s] DEBUG:colcon:Parsed command line arguments: Namespace(log_base=None, log_level=None, verb_name='build', build_base='build', install_base='install', merge_install=False, symlink_install=True, test_result_base=None, continue_on_error=False, executor='parallel', parallel_workers=16, event_handlers=None, ignore_user_meta=False, metas=['./colcon.meta'], base_paths=['.'], packages_ignore=None, packages_ignore_regex=None, paths=None, packages_up_to=None, packages_up_to_regex=None, packages_above=None, packages_above_and_dependencies=None, packages_above_depth=None, packages_select_by_dep=None, packages_skip_by_dep=None, packages_skip_up_to=None, packages_select_build_failed=False, packages_skip_build_finished=False, packages_select_test_failures=False, packages_skip_test_passed=False, packages_select=None, packages_skip=None, packages_select_regex=None, packages_skip_regex=None, packages_start=None, packages_end=None, allow_overriding=[], cmake_args=None, cmake_target=None, cmake_target_skip_unavailable=False, cmake_clean_cache=False, cmake_clean_first=False, cmake_force_configure=False, ament_cmake_args=None, catkin_cmake_args=None, catkin_skip_building_tests=False, mixin_files=None, mixin=None, verb_parser=<colcon_mixin.mixin.mixin_argument.MixinArgumentDecorator object at 0x7f3a5307ff80>, verb_extension=<colcon_core.verb.build.BuildVerb object at 0x7f3a5307fc50>, main=<bound method BuildVerb.main of <colcon_core.verb.build.BuildVerb object at 0x7f3a5307fc50>>, mixin_verb=('build',))
[0.247s] Level 1:colcon.colcon_core.package_discovery:discover_packages(colcon_meta) check parameters
[0.247s] Level 1:colcon.colcon_core.package_discovery:discover_packages(recursive) check parameters
[0.247s] Level 1:colcon.colcon_core.package_discovery:discover_packages(ignore) check parameters
[0.247s] Level 1:colcon.colcon_core.package_discovery:discover_packages(path) check parameters
[0.247s] Level 1:colcon.colcon_core.package_discovery:discover_packages(colcon_meta) discover
[0.248s] Level 1:colcon.colcon_core.package_discovery:discover_packages(recursive) discover
[0.248s] INFO:colcon.colcon_core.package_discovery:Crawling recursively for packages in '/home/phantona/ee4308L2'
[0.248s] Level 1:colcon.colcon_core.package_identification:_identify(.) by extensions ['ignore', 'ignore_ament_install']
[0.248s] Level 1:colcon.colcon_core.package_identification:_identify(.) by extension 'ignore'
[0.248s] Level 1:colcon.colcon_core.package_identification:_identify(.) by extension 'ignore_ament_install'
[0.248s] Level 1:colcon.colcon_core.package_identification:_identify(.) by extensions ['colcon_pkg']
[0.248s] Level 1:colcon.colcon_core.package_identification:_identify(.) by extension 'colcon_pkg'
[0.248s] Level 1:colcon.colcon_core.package_identification:_identify(.) by extensions ['colcon_meta']
[0.248s] Level 1:colcon.colcon_core.package_identification:_identify(.) by extension 'colcon_meta'
[0.249s] Level 1:colcon.colcon_core.package_identification:_identify(.) by extensions ['ros']
[0.249s] Level 1:colcon.colcon_core.package_identification:_identify(.) by extension 'ros'
[0.286s] Level 1:colcon.colcon_core.package_identification:_identify(.) by extensions ['cmake', 'python']
[0.286s] Level 1:colcon.colcon_core.package_identification:_identify(.) by extension 'cmake'
[0.287s] Level 1:colcon.colcon_core.package_identification:_identify(.) by extension 'python'
[0.287s] Level 1:colcon.colcon_core.package_identification:_identify(.) by extensions ['python_setup_py']
[0.287s] Level 1:colcon.colcon_core.package_identification:_identify(.) by extension 'python_setup_py'
[0.287s] Level 1:colcon.colcon_core.package_identification:_identify(build) by extensions ['ignore', 'ignore_ament_install']
[0.287s] Level 1:colcon.colcon_core.package_identification:_identify(build) by extension 'ignore'
[0.287s] Level 1:colcon.colcon_core.package_identification:_identify(build) ignored
[0.287s] Level 1:colcon.colcon_core.package_identification:_identify(docs) by extensions ['ignore', 'ignore_ament_install']
[0.287s] Level 1:colcon.colcon_core.package_identification:_identify(docs) by extension 'ignore'
[0.288s] Level 1:colcon.colcon_core.package_identification:_identify(docs) by extension 'ignore_ament_install'
[0.288s] Level 1:colcon.colcon_core.package_identification:_identify(docs) by extensions ['colcon_pkg']
[0.288s] Level 1:colcon.colcon_core.package_identification:_identify(docs) by extension 'colcon_pkg'
[0.288s] Level 1:colcon.colcon_core.package_identification:_identify(docs) by extensions ['colcon_meta']
[0.288s] Level 1:colcon.colcon_core.package_identification:_identify(docs) by extension 'colcon_meta'
[0.288s] Level 1:colcon.colcon_core.package_identification:_identify(docs) by extensions ['ros']
[0.288s] Level 1:colcon.colcon_core.package_identification:_identify(docs) by extension 'ros'
[0.288s] Level 1:colcon.colcon_core.package_identification:_identify(docs) by extensions ['cmake', 'python']
[0.288s] Level 1:colcon.colcon_core.package_identification:_identify(docs) by extension 'cmake'
[0.288s] Level 1:colcon.colcon_core.package_identification:_identify(docs) by extension 'python'
[0.288s] Level 1:colcon.colcon_core.package_identification:_identify(docs) by extensions ['python_setup_py']
[0.288s] Level 1:colcon.colcon_core.package_identification:_identify(docs) by extension 'python_setup_py'
[0.288s] Level 1:colcon.colcon_core.package_identification:_identify(install) by extensions ['ignore', 'ignore_ament_install']
[0.289s] Level 1:colcon.colcon_core.package_identification:_identify(install) by extension 'ignore'
[0.289s] Level 1:colcon.colcon_core.package_identification:_identify(install) ignored
[0.289s] Level 1:colcon.colcon_core.package_identification:_identify(log) by extensions ['ignore', 'ignore_ament_install']
[0.289s] Level 1:colcon.colcon_core.package_identification:_identify(log) by extension 'ignore'
[0.289s] Level 1:colcon.colcon_core.package_identification:_identify(log) ignored
[0.289s] Level 1:colcon.colcon_core.package_identification:_identify(src) by extensions ['ignore', 'ignore_ament_install']
[0.289s] Level 1:colcon.colcon_core.package_identification:_identify(src) by extension 'ignore'
[0.289s] Level 1:colcon.colcon_core.package_identification:_identify(src) by extension 'ignore_ament_install'
[0.289s] Level 1:colcon.colcon_core.package_identification:_identify(src) by extensions ['colcon_pkg']
[0.290s] Level 1:colcon.colcon_core.package_identification:_identify(src) by extension 'colcon_pkg'
[0.290s] Level 1:colcon.colcon_core.package_identification:_identify(src) by extensions ['colcon_meta']
[0.290s] Level 1:colcon.colcon_core.package_identification:_identify(src) by extension 'colcon_meta'
[0.290s] Level 1:colcon.colcon_core.package_identification:_identify(src) by extensions ['ros']
[0.290s] Level 1:colcon.colcon_core.package_identification:_identify(src) by extension 'ros'
[0.290s] Level 1:colcon.colcon_core.package_identification:_identify(src) by extensions ['cmake', 'python']
[0.290s] Level 1:colcon.colcon_core.package_identification:_identify(src) by extension 'cmake'
[0.290s] Level 1:colcon.colcon_core.package_identification:_identify(src) by extension 'python'
[0.290s] Level 1:colcon.colcon_core.package_identification:_identify(src) by extensions ['python_setup_py']
[0.290s] Level 1:colcon.colcon_core.package_identification:_identify(src) by extension 'python_setup_py'
[0.290s] Level 1:colcon.colcon_core.package_identification:_identify(src/ee4308_bringup) by extensions ['ignore', 'ignore_ament_install']
[0.290s] Level 1:colcon.colcon_core.package_identification:_identify(src/ee4308_bringup) by extension 'ignore'
[0.291s] Level 1:colcon.colcon_core.package_identification:_identify(src/ee4308_bringup) by extension 'ignore_ament_install'
[0.291s] Level 1:colcon.colcon_core.package_identification:_identify(src/ee4308_bringup) by extensions ['colcon_pkg']
[0.291s] Level 1:colcon.colcon_core.package_identification:_identify(src/ee4308_bringup) by extension 'colcon_pkg'
[0.291s] Level 1:colcon.colcon_core.package_identification:_identify(src/ee4308_bringup) by extensions ['colcon_meta']
[0.291s] Level 1:colcon.colcon_core.package_identification:_identify(src/ee4308_bringup) by extension 'colcon_meta'
[0.291s] Level 1:colcon.colcon_core.package_identification:_identify(src/ee4308_bringup) by extensions ['ros']
[0.291s] Level 1:colcon.colcon_core.package_identification:_identify(src/ee4308_bringup) by extension 'ros'
[0.297s] DEBUG:colcon.colcon_core.package_identification:Package 'src/ee4308_bringup' with type 'ros.ament_cmake' and name 'ee4308_bringup'
[0.297s] Level 1:colcon.colcon_core.package_identification:_identify(src/ee4308_drone) by extensions ['ignore', 'ignore_ament_install']
[0.297s] Level 1:colcon.colcon_core.package_identification:_identify(src/ee4308_drone) by extension 'ignore'
[0.297s] Level 1:colcon.colcon_core.package_identification:_identify(src/ee4308_drone) by extension 'ignore_ament_install'
[0.298s] Level 1:colcon.colcon_core.package_identification:_identify(src/ee4308_drone) by extensions ['colcon_pkg']
[0.298s] Level 1:colcon.colcon_core.package_identification:_identify(src/ee4308_drone) by extension 'colcon_pkg'
[0.298s] Level 1:colcon.colcon_core.package_identification:_identify(src/ee4308_drone) by extensions ['colcon_meta']
[0.298s] Level 1:colcon.colcon_core.package_identification:_identify(src/ee4308_drone) by extension 'colcon_meta'
[0.298s] Level 1:colcon.colcon_core.package_identification:_identify(src/ee4308_drone) by extensions ['ros']
[0.298s] Level 1:colcon.colcon_core.package_identification:_identify(src/ee4308_drone) by extension 'ros'
[0.299s] DEBUG:colcon.colcon_core.package_identification:Package 'src/ee4308_drone' with type 'ros.ament_cmake' and name 'ee4308_drone'
[0.300s] Level 1:colcon.colcon_core.package_identification:_identify(src/ee4308_turtle2) by extensions ['ignore', 'ignore_ament_install']
[0.300s] Level 1:colcon.colcon_core.package_identification:_identify(src/ee4308_turtle2) by extension 'ignore'
[0.300s] Level 1:colcon.colcon_core.package_identification:_identify(src/ee4308_turtle2) by extension 'ignore_ament_install'
[0.300s] Level 1:colcon.colcon_core.package_identification:_identify(src/ee4308_turtle2) by extensions ['colcon_pkg']
[0.300s] Level 1:colcon.colcon_core.package_identification:_identify(src/ee4308_turtle2) by extension 'colcon_pkg'
[0.300s] Level 1:colcon.colcon_core.package_identification:_identify(src/ee4308_turtle2) by extensions ['colcon_meta']
[0.300s] Level 1:colcon.colcon_core.package_identification:_identify(src/ee4308_turtle2) by extension 'colcon_meta'
[0.300s] Level 1:colcon.colcon_core.package_identification:_identify(src/ee4308_turtle2) by extensions ['ros']
[0.300s] Level 1:colcon.colcon_core.package_identification:_identify(src/ee4308_turtle2) by extension 'ros'
[0.302s] DEBUG:colcon.colcon_core.package_identification:Package 'src/ee4308_turtle2' with type 'ros.ament_cmake' and name 'ee4308_turtle2'
[0.302s] Level 1:colcon.colcon_core.package_discovery:discover_packages(recursive) using defaults
[0.302s] Level 1:colcon.colcon_core.package_discovery:discover_packages(ignore) discover
[0.302s] Level 1:colcon.colcon_core.package_discovery:discover_packages(ignore) using defaults
[0.302s] Level 1:colcon.colcon_core.package_discovery:discover_packages(path) discover
[0.302s] Level 1:colcon.colcon_core.package_discovery:discover_packages(path) using defaults
[0.329s] Level 1:colcon.colcon_core.package_discovery:discover_packages(prefix_path) check parameters
[0.330s] Level 1:colcon.colcon_core.package_discovery:discover_packages(prefix_path) discover
[0.333s] DEBUG:colcon.colcon_installed_package_information.package_discovery:Found 3 installed packages in /home/phantona/ee4308-proj2/install
[0.336s] DEBUG:colcon.colcon_installed_package_information.package_discovery:Found 394 installed packages in /opt/ros/jazzy
[0.338s] Level 1:colcon.colcon_core.package_discovery:discover_packages(prefix_path) using defaults
[0.421s] Level 5:colcon.colcon_core.verb:set package 'ee4308_bringup' build argument 'cmake_args' from command line to 'None'
[0.422s] Level 5:colcon.colcon_core.verb:set package 'ee4308_bringup' build argument 'cmake_target' from command line to 'None'
[0.422s] Level 5:colcon.colcon_core.verb:set package 'ee4308_bringup' build argument 'cmake_target_skip_unavailable' from command line to 'False'
[0.422s] Level 5:colcon.colcon_core.verb:set package 'ee4308_bringup' build argument 'cmake_clean_cache' from command line to 'False'
[0.422s] Level 5:colcon.colcon_core.verb:set package 'ee4308_bringup' build argument 'cmake_clean_first' from command line to 'False'
[0.422s] Level 5:colcon.colcon_core.verb:set package 'ee4308_bringup' build argument 'cmake_force_configure' from command line to 'False'
[0.422s] Level 5:colcon.colcon_core.verb:set package 'ee4308_bringup' build argument 'ament_cmake_args' from command line to 'None'
[0.422s] Level 5:colcon.colcon_core.verb:set package 'ee4308_bringup' build argument 'catkin_cmake_args' from command line to 'None'
[0.422s] Level 5:colcon.colcon_core.verb:set package 'ee4308_bringup' build argument 'catkin_skip_building_tests' from command line to 'False'
[0.422s] DEBUG:colcon.colcon_core.verb:Building package 'ee4308_bringup' with the following arguments: {'ament_cmake_args': None, 'build_base': '/home/phantona/ee4308L2/build/ee4308_bringup', 'catkin_cmake_args': None, 'catkin_skip_building_tests': False, 'cmake_args': None, 'cmake_clean_cache': False, 'cmake_clean_first': False, 'cmake_force_configure': False, 'cmake_target': None, 'cmake_target_skip_unavailable': False, 'install_base': '/home/phantona/ee4308L2/install/ee4308_bringup', 'merge_install': False, 'path': '/home/phantona/ee4308L2/src/ee4308_bringup', 'symlink_install': True, 'test_result_base': None}
[0.422s] Level 5:colcon.colcon_core.verb:set package 'ee4308_drone' build argument 'cmake_args' from command line to 'None'
[0.422s] Level 5:colcon.colcon_core.verb:set package 'ee4308_drone' build argument 'cmake_target' from command line to 'None'
[0.422s] Level 5:colcon.colcon_core.verb:set package 'ee4308_drone' build argument 'cmake_target_skip_unavailable' from command line to 'False'
[0.422s] Level 5:colcon.colcon_core.verb:set package 'ee4308_drone' build argument 'cmake_clean_cache' from command line to 'False'
[0.422s] Level 5:colcon.colcon_core.verb:set package 'ee4308_drone' build argument 'cmake_clean_first' from command line to 'False'
[0.423s] Level 5:colcon.colcon_core.verb:set package 'ee4308_drone' build argument 'cmake_force_configure' from command line to 'False'
[0.423s] Level 5:colcon.colcon_core.verb:set package 'ee4308_drone' build argument 'ament_cmake_args' from command line to 'None'
[0.423s] Level 5:colcon.colcon_core.verb:set package 'ee4308_drone' build argument 'catkin_cmake_args' from command line to 'None'
[0.423s] Level 5:colcon.colcon_core.verb:set package 'ee4308_drone' build argument 'catkin_skip_building_tests' from command line to 'False'
[0.423s] DEBUG:colcon.colcon_core.verb:Building package 'ee4308_drone' with the following arguments: {'ament_cmake_args': None, 'build_base': '/home/phantona/ee4308L2/build/ee4308_drone', 'catkin_cmake_args': None, 'catkin_skip_building_tests': False, 'cmake_args': None, 'cmake_clean_cache': False, 'cmake_clean_first': False, 'cmake_force_configure': False, 'cmake_target': None, 'cmake_target_skip_unavailable': False, 'install_base': '/home/phantona/ee4308L2/install/ee4308_drone', 'merge_install': False, 'path': '/home/phantona/ee4308L2/src/ee4308_drone', 'symlink_install': True, 'test_result_base': None}
[0.423s] Level 5:colcon.colcon_core.verb:set package 'ee4308_turtle2' build argument 'cmake_args' from command line to 'None'
[0.423s] Level 5:colcon.colcon_core.verb:set package 'ee4308_turtle2' build argument 'cmake_target' from command line to 'None'
[0.423s] Level 5:colcon.colcon_core.verb:set package 'ee4308_turtle2' build argument 'cmake_target_skip_unavailable' from command line to 'False'
[0.423s] Level 5:colcon.colcon_core.verb:set package 'ee4308_turtle2' build argument 'cmake_clean_cache' from command line to 'False'
[0.423s] Level 5:colcon.colcon_core.verb:set package 'ee4308_turtle2' build argument 'cmake_clean_first' from command line to 'False'
[0.423s] Level 5:colcon.colcon_core.verb:set package 'ee4308_turtle2' build argument 'cmake_force_configure' from command line to 'False'
[0.423s] Level 5:colcon.colcon_core.verb:set package 'ee4308_turtle2' build argument 'ament_cmake_args' from command line to 'None'
[0.423s] Level 5:colcon.colcon_core.verb:set package 'ee4308_turtle2' build argument 'catkin_cmake_args' from command line to 'None'
[0.423s] Level 5:colcon.colcon_core.verb:set package 'ee4308_turtle2' build argument 'catkin_skip_building_tests' from command line to 'False'
[0.423s] DEBUG:colcon.colcon_core.verb:Building package 'ee4308_turtle2' with the following arguments: {'ament_cmake_args': None, 'build_base': '/home/phantona/ee4308L2/build/ee4308_turtle2', 'catkin_cmake_args': None, 'catkin_skip_building_tests': False, 'cmake_args': None, 'cmake_clean_cache': False, 'cmake_clean_first': False, 'cmake_force_configure': False, 'cmake_target': None, 'cmake_target_skip_unavailable': False, 'install_base': '/home/phantona/ee4308L2/install/ee4308_turtle2', 'merge_install': False, 'path': '/home/phantona/ee4308L2/src/ee4308_turtle2', 'symlink_install': True, 'test_result_base': None}
[0.424s] INFO:colcon.colcon_core.executor:Executing jobs using 'parallel' executor
[0.425s] DEBUG:colcon.colcon_parallel_executor.executor.parallel:run_until_complete
[0.426s] INFO:colcon.colcon_ros.task.ament_cmake.build:Building ROS package in '/home/phantona/ee4308L2/src/ee4308_bringup' with build type 'ament_cmake'
[0.426s] INFO:colcon.colcon_cmake.task.cmake.build:Building CMake package in '/home/phantona/ee4308L2/src/ee4308_bringup'
[0.429s] INFO:colcon.colcon_core.plugin_system:Skipping extension 'colcon_core.shell.bat': Not used on non-Windows systems
[0.429s] INFO:colcon.colcon_core.shell:Skip shell extension 'powershell' for command environment: Not usable outside of PowerShell
[0.429s] DEBUG:colcon.colcon_core.shell:Skip shell extension 'dsv' for command environment
[0.443s] INFO:colcon.colcon_ros.task.ament_cmake.build:Building ROS package in '/home/phantona/ee4308L2/src/ee4308_drone' with build type 'ament_cmake'
[0.444s] INFO:colcon.colcon_cmake.task.cmake.build:Building CMake package in '/home/phantona/ee4308L2/src/ee4308_drone'
[0.444s] INFO:colcon.colcon_core.shell:Skip shell extension 'powershell' for command environment: Not usable outside of PowerShell
[0.444s] DEBUG:colcon.colcon_core.shell:Skip shell extension 'dsv' for command environment
[0.451s] INFO:colcon.colcon_ros.task.ament_cmake.build:Building ROS package in '/home/phantona/ee4308L2/src/ee4308_turtle2' with build type 'ament_cmake'
[0.451s] INFO:colcon.colcon_cmake.task.cmake.build:Building CMake package in '/home/phantona/ee4308L2/src/ee4308_turtle2'
[0.451s] INFO:colcon.colcon_core.shell:Skip shell extension 'powershell' for command environment: Not usable outside of PowerShell
[0.451s] DEBUG:colcon.colcon_core.shell:Skip shell extension 'dsv' for command environment
[0.467s] DEBUG:colcon.colcon_core.event_handler.log_command:Invoking command in '/home/phantona/ee4308L2/build/ee4308_bringup': CMAKE_PREFIX_PATH=${CMAKE_PREFIX_PATH}:/opt/ros/jazzy DEBUGINFOD_URLS=https://debuginfod.ubuntu.com /usr/bin/cmake --build /home/phantona/ee4308L2/build/ee4308_bringup -- -j16 -l16
[0.474s] DEBUG:colcon.colcon_core.event_handler.log_command:Invoking command in '/home/phantona/ee4308L2/build/ee4308_drone': CMAKE_PREFIX_PATH=${CMAKE_PREFIX_PATH}:/opt/ros/jazzy DEBUGINFOD_URLS=https://debuginfod.ubuntu.com /usr/bin/cmake --build /home/phantona/ee4308L2/build/ee4308_drone -- -j16 -l16
[0.480s] DEBUG:colcon.colcon_core.event_handler.log_command:Invoking command in '/home/phantona/ee4308L2/build/ee4308_turtle2': CMAKE_PREFIX_PATH=${CMAKE_PREFIX_PATH}:/opt/ros/jazzy DEBUGINFOD_URLS=https://debuginfod.ubuntu.com /usr/bin/cmake --build /home/phantona/ee4308L2/build/ee4308_turtle2 -- -j16 -l16
[0.558s] DEBUG:colcon.colcon_core.event_handler.log_command:Invoked command in '/home/phantona/ee4308L2/build/ee4308_bringup' returned '0': CMAKE_PREFIX_PATH=${CMAKE_PREFIX_PATH}:/opt/ros/jazzy DEBUGINFOD_URLS=https://debuginfod.ubuntu.com /usr/bin/cmake --build /home/phantona/ee4308L2/build/ee4308_bringup -- -j16 -l16
[0.585s] DEBUG:colcon.colcon_core.event_handler.log_command:Invoking command in '/home/phantona/ee4308L2/build/ee4308_bringup': CMAKE_PREFIX_PATH=${CMAKE_PREFIX_PATH}:/opt/ros/jazzy DEBUGINFOD_URLS=https://debuginfod.ubuntu.com /usr/bin/cmake --install /home/phantona/ee4308L2/build/ee4308_bringup
[0.664s] DEBUG:colcon.colcon_core.event_handler.log_command:Invoked command in '/home/phantona/ee4308L2/build/ee4308_turtle2' returned '0': CMAKE_PREFIX_PATH=${CMAKE_PREFIX_PATH}:/opt/ros/jazzy DEBUGINFOD_URLS=https://debuginfod.ubuntu.com /usr/bin/cmake --build /home/phantona/ee4308L2/build/ee4308_turtle2 -- -j16 -l16
[0.667s] DEBUG:colcon.colcon_core.event_handler.log_command:Invoking command in '/home/phantona/ee4308L2/build/ee4308_turtle2': CMAKE_PREFIX_PATH=${CMAKE_PREFIX_PATH}:/opt/ros/jazzy DEBUGINFOD_URLS=https://debuginfod.ubuntu.com /usr/bin/cmake --install /home/phantona/ee4308L2/build/ee4308_turtle2
[0.668s] Level 1:colcon.colcon_core.environment:create_environment_scripts_only(ee4308_bringup)
[0.669s] DEBUG:colcon.colcon_core.event_handler.log_command:Invoked command in '/home/phantona/ee4308L2/build/ee4308_bringup' returned '0': CMAKE_PREFIX_PATH=${CMAKE_PREFIX_PATH}:/opt/ros/jazzy DEBUGINFOD_URLS=https://debuginfod.ubuntu.com /usr/bin/cmake --install /home/phantona/ee4308L2/build/ee4308_bringup
[0.673s] Level 1:colcon.colcon_core.environment:checking '/home/phantona/ee4308L2/install/ee4308_bringup' for CMake module files
[0.674s] Level 1:colcon.colcon_core.environment:checking '/home/phantona/ee4308L2/install/ee4308_bringup' for CMake config files
[0.675s] Level 1:colcon.colcon_core.shell:create_environment_hook('ee4308_bringup', 'cmake_prefix_path')
[0.676s] INFO:colcon.colcon_core.shell:Creating environment hook '/home/phantona/ee4308L2/install/ee4308_bringup/share/ee4308_bringup/hook/cmake_prefix_path.ps1'
[0.677s] INFO:colcon.colcon_core.shell:Creating environment descriptor '/home/phantona/ee4308L2/install/ee4308_bringup/share/ee4308_bringup/hook/cmake_prefix_path.dsv'
[0.677s] INFO:colcon.colcon_core.shell:Creating environment hook '/home/phantona/ee4308L2/install/ee4308_bringup/share/ee4308_bringup/hook/cmake_prefix_path.sh'
[0.679s] Level 1:colcon.colcon_core.environment:checking '/home/phantona/ee4308L2/install/ee4308_bringup/bin'
[0.679s] Level 1:colcon.colcon_core.environment:checking '/home/phantona/ee4308L2/install/ee4308_bringup/lib/pkgconfig/ee4308_bringup.pc'
[0.679s] Level 1:colcon.colcon_core.environment:checking '/home/phantona/ee4308L2/install/ee4308_bringup/lib/python3.12/site-packages'
[0.680s] Level 1:colcon.colcon_core.environment:checking '/home/phantona/ee4308L2/install/ee4308_bringup/bin'
[0.680s] INFO:colcon.colcon_core.shell:Creating package script '/home/phantona/ee4308L2/install/ee4308_bringup/share/ee4308_bringup/package.ps1'
[0.681s] INFO:colcon.colcon_core.shell:Creating package descriptor '/home/phantona/ee4308L2/install/ee4308_bringup/share/ee4308_bringup/package.dsv'
[0.682s] INFO:colcon.colcon_core.shell:Creating package script '/home/phantona/ee4308L2/install/ee4308_bringup/share/ee4308_bringup/package.sh'
[0.683s] INFO:colcon.colcon_core.shell:Creating package script '/home/phantona/ee4308L2/install/ee4308_bringup/share/ee4308_bringup/package.bash'
[0.684s] INFO:colcon.colcon_core.shell:Creating package script '/home/phantona/ee4308L2/install/ee4308_bringup/share/ee4308_bringup/package.zsh'
[0.686s] Level 1:colcon.colcon_core.environment:create_file_with_runtime_dependencies(/home/phantona/ee4308L2/install/ee4308_bringup/share/colcon-core/packages/ee4308_bringup)
[0.687s] Level 1:colcon.colcon_core.environment:create_environment_scripts_only(ee4308_bringup)
[0.688s] Level 1:colcon.colcon_core.environment:checking '/home/phantona/ee4308L2/install/ee4308_bringup' for CMake module files
[0.689s] Level 1:colcon.colcon_core.environment:checking '/home/phantona/ee4308L2/install/ee4308_bringup' for CMake config files
[0.693s] Level 1:colcon.colcon_core.shell:create_environment_hook('ee4308_bringup', 'cmake_prefix_path')
[0.693s] INFO:colcon.colcon_core.shell:Creating environment hook '/home/phantona/ee4308L2/install/ee4308_bringup/share/ee4308_bringup/hook/cmake_prefix_path.ps1'
[0.695s] INFO:colcon.colcon_core.shell:Creating environment descriptor '/home/phantona/ee4308L2/install/ee4308_bringup/share/ee4308_bringup/hook/cmake_prefix_path.dsv'
[0.695s] INFO:colcon.colcon_core.shell:Creating environment hook '/home/phantona/ee4308L2/install/ee4308_bringup/share/ee4308_bringup/hook/cmake_prefix_path.sh'
[0.696s] Level 1:colcon.colcon_core.environment:checking '/home/phantona/ee4308L2/install/ee4308_bringup/bin'
[0.696s] Level 1:colcon.colcon_core.environment:checking '/home/phantona/ee4308L2/install/ee4308_bringup/lib/pkgconfig/ee4308_bringup.pc'
[0.697s] Level 1:colcon.colcon_core.environment:checking '/home/phantona/ee4308L2/install/ee4308_bringup/lib/python3.12/site-packages'
[0.697s] Level 1:colcon.colcon_core.environment:checking '/home/phantona/ee4308L2/install/ee4308_bringup/bin'
[0.697s] INFO:colcon.colcon_core.shell:Creating package script '/home/phantona/ee4308L2/install/ee4308_bringup/share/ee4308_bringup/package.ps1'
[0.698s] INFO:colcon.colcon_core.shell:Creating package descriptor '/home/phantona/ee4308L2/install/ee4308_bringup/share/ee4308_bringup/package.dsv'
[0.699s] INFO:colcon.colcon_core.shell:Creating package script '/home/phantona/ee4308L2/install/ee4308_bringup/share/ee4308_bringup/package.sh'
[0.700s] INFO:colcon.colcon_core.shell:Creating package script '/home/phantona/ee4308L2/install/ee4308_bringup/share/ee4308_bringup/package.bash'
[0.700s] INFO:colcon.colcon_core.shell:Creating package script '/home/phantona/ee4308L2/install/ee4308_bringup/share/ee4308_bringup/package.zsh'
[0.701s] Level 1:colcon.colcon_core.environment:create_file_with_runtime_dependencies(/home/phantona/ee4308L2/install/ee4308_bringup/share/colcon-core/packages/ee4308_bringup)
[0.732s] Level 1:colcon.colcon_core.environment:create_environment_scripts_only(ee4308_turtle2)
[0.732s] Level 1:colcon.colcon_core.environment:checking '/home/phantona/ee4308L2/install/ee4308_turtle2' for CMake module files
[0.733s] DEBUG:colcon.colcon_core.event_handler.log_command:Invoked command in '/home/phantona/ee4308L2/build/ee4308_turtle2' returned '0': CMAKE_PREFIX_PATH=${CMAKE_PREFIX_PATH}:/opt/ros/jazzy DEBUGINFOD_URLS=https://debuginfod.ubuntu.com /usr/bin/cmake --install /home/phantona/ee4308L2/build/ee4308_turtle2
[0.734s] Level 1:colcon.colcon_core.environment:checking '/home/phantona/ee4308L2/install/ee4308_turtle2' for CMake config files
[0.736s] Level 1:colcon.colcon_core.shell:create_environment_hook('ee4308_turtle2', 'cmake_prefix_path')
[0.736s] INFO:colcon.colcon_core.shell:Creating environment hook '/home/phantona/ee4308L2/install/ee4308_turtle2/share/ee4308_turtle2/hook/cmake_prefix_path.ps1'
[0.737s] INFO:colcon.colcon_core.shell:Creating environment descriptor '/home/phantona/ee4308L2/install/ee4308_turtle2/share/ee4308_turtle2/hook/cmake_prefix_path.dsv'
[0.738s] INFO:colcon.colcon_core.shell:Creating environment hook '/home/phantona/ee4308L2/install/ee4308_turtle2/share/ee4308_turtle2/hook/cmake_prefix_path.sh'
[0.739s] Level 1:colcon.colcon_core.environment:checking '/home/phantona/ee4308L2/install/ee4308_turtle2/lib'
[0.740s] Level 1:colcon.colcon_core.shell:create_environment_hook('ee4308_turtle2', 'ld_library_path_lib')
[0.740s] INFO:colcon.colcon_core.shell:Creating environment hook '/home/phantona/ee4308L2/install/ee4308_turtle2/share/ee4308_turtle2/hook/ld_library_path_lib.ps1'
[0.741s] INFO:colcon.colcon_core.shell:Creating environment descriptor '/home/phantona/ee4308L2/install/ee4308_turtle2/share/ee4308_turtle2/hook/ld_library_path_lib.dsv'
[0.741s] INFO:colcon.colcon_core.shell:Creating environment hook '/home/phantona/ee4308L2/install/ee4308_turtle2/share/ee4308_turtle2/hook/ld_library_path_lib.sh'
[0.742s] Level 1:colcon.colcon_core.environment:checking '/home/phantona/ee4308L2/install/ee4308_turtle2/bin'
[0.742s] Level 1:colcon.colcon_core.environment:checking '/home/phantona/ee4308L2/install/ee4308_turtle2/lib/pkgconfig/ee4308_turtle2.pc'
[0.742s] Level 1:colcon.colcon_core.environment:checking '/home/phantona/ee4308L2/install/ee4308_turtle2/lib/python3.12/site-packages'
[0.743s] Level 1:colcon.colcon_core.environment:checking '/home/phantona/ee4308L2/install/ee4308_turtle2/bin'
[0.743s] INFO:colcon.colcon_core.shell:Creating package script '/home/phantona/ee4308L2/install/ee4308_turtle2/share/ee4308_turtle2/package.ps1'
[0.744s] INFO:colcon.colcon_core.shell:Creating package descriptor '/home/phantona/ee4308L2/install/ee4308_turtle2/share/ee4308_turtle2/package.dsv'
[0.745s] INFO:colcon.colcon_core.shell:Creating package script '/home/phantona/ee4308L2/install/ee4308_turtle2/share/ee4308_turtle2/package.sh'
[0.746s] INFO:colcon.colcon_core.shell:Creating package script '/home/phantona/ee4308L2/install/ee4308_turtle2/share/ee4308_turtle2/package.bash'
[0.746s] INFO:colcon.colcon_core.shell:Creating package script '/home/phantona/ee4308L2/install/ee4308_turtle2/share/ee4308_turtle2/package.zsh'
[0.747s] Level 1:colcon.colcon_core.environment:create_file_with_runtime_dependencies(/home/phantona/ee4308L2/install/ee4308_turtle2/share/colcon-core/packages/ee4308_turtle2)
[0.748s] Level 1:colcon.colcon_core.environment:create_environment_scripts_only(ee4308_turtle2)
[0.748s] Level 1:colcon.colcon_core.environment:checking '/home/phantona/ee4308L2/install/ee4308_turtle2' for CMake module files
[0.749s] Level 1:colcon.colcon_core.environment:checking '/home/phantona/ee4308L2/install/ee4308_turtle2' for CMake config files
[0.749s] Level 1:colcon.colcon_core.shell:create_environment_hook('ee4308_turtle2', 'cmake_prefix_path')
[0.750s] INFO:colcon.colcon_core.shell:Creating environment hook '/home/phantona/ee4308L2/install/ee4308_turtle2/share/ee4308_turtle2/hook/cmake_prefix_path.ps1'
[0.750s] INFO:colcon.colcon_core.shell:Creating environment descriptor '/home/phantona/ee4308L2/install/ee4308_turtle2/share/ee4308_turtle2/hook/cmake_prefix_path.dsv'
[0.751s] INFO:colcon.colcon_core.shell:Creating environment hook '/home/phantona/ee4308L2/install/ee4308_turtle2/share/ee4308_turtle2/hook/cmake_prefix_path.sh'
[0.752s] Level 1:colcon.colcon_core.environment:checking '/home/phantona/ee4308L2/install/ee4308_turtle2/lib'
[0.752s] Level 1:colcon.colcon_core.shell:create_environment_hook('ee4308_turtle2', 'ld_library_path_lib')
[0.752s] INFO:colcon.colcon_core.shell:Creating environment hook '/home/phantona/ee4308L2/install/ee4308_turtle2/share/ee4308_turtle2/hook/ld_library_path_lib.ps1'
[0.753s] INFO:colcon.colcon_core.shell:Creating environment descriptor '/home/phantona/ee4308L2/install/ee4308_turtle2/share/ee4308_turtle2/hook/ld_library_path_lib.dsv'
[0.753s] INFO:colcon.colcon_core.shell:Creating environment hook '/home/phantona/ee4308L2/install/ee4308_turtle2/share/ee4308_turtle2/hook/ld_library_path_lib.sh'
[0.754s] Level 1:colcon.colcon_core.environment:checking '/home/phantona/ee4308L2/install/ee4308_turtle2/bin'
[0.754s] Level 1:colcon.colcon_core.environment:checking '/home/phantona/ee4308L2/install/ee4308_turtle2/lib/pkgconfig/ee4308_turtle2.pc'
[0.754s] Level 1:colcon.colcon_core.environment:checking '/home/phantona/ee4308L2/install/ee4308_turtle2/lib/python3.12/site-packages'
[0.755s] Level 1:colcon.colcon_core.environment:checking '/home/phantona/ee4308L2/install/ee4308_turtle2/bin'
[0.755s] INFO:colcon.colcon_core.shell:Creating package script '/home/phantona/ee4308L2/install/ee4308_turtle2/share/ee4308_turtle2/package.ps1'
[0.756s] INFO:colcon.colcon_core.shell:Creating package descriptor '/home/phantona/ee4308L2/install/ee4308_turtle2/share/ee4308_turtle2/package.dsv'
[0.757s] INFO:colcon.colcon_core.shell:Creating package script '/home/phantona/ee4308L2/install/ee4308_turtle2/share/ee4308_turtle2/package.sh'
[0.758s] INFO:colcon.colcon_core.shell:Creating package script '/home/phantona/ee4308L2/install/ee4308_turtle2/share/ee4308_turtle2/package.bash'
[0.758s] INFO:colcon.colcon_core.shell:Creating package script '/home/phantona/ee4308L2/install/ee4308_turtle2/share/ee4308_turtle2/package.zsh'
[0.759s] Level 1:colcon.colcon_core.environment:create_file_with_runtime_dependencies(/home/phantona/ee4308L2/install/ee4308_turtle2/share/colcon-core/packages/ee4308_turtle2)
[17.356s] DEBUG:colcon.colcon_core.event_handler.log_command:Invoked command in '/home/phantona/ee4308L2/build/ee4308_drone' returned '0': CMAKE_PREFIX_PATH=${CMAKE_PREFIX_PATH}:/opt/ros/jazzy DEBUGINFOD_URLS=https://debuginfod.ubuntu.com /usr/bin/cmake --build /home/phantona/ee4308L2/build/ee4308_drone -- -j16 -l16
[17.358s] DEBUG:colcon.colcon_core.event_handler.log_command:Invoking command in '/home/phantona/ee4308L2/build/ee4308_drone': CMAKE_PREFIX_PATH=${CMAKE_PREFIX_PATH}:/opt/ros/jazzy DEBUGINFOD_URLS=https://debuginfod.ubuntu.com /usr/bin/cmake --install /home/phantona/ee4308L2/build/ee4308_drone
[17.405s] Level 1:colcon.colcon_core.environment:create_environment_scripts_only(ee4308_drone)
[17.406s] Level 1:colcon.colcon_core.environment:checking '/home/phantona/ee4308L2/install/ee4308_drone' for CMake module files
[17.406s] DEBUG:colcon.colcon_core.event_handler.log_command:Invoked command in '/home/phantona/ee4308L2/build/ee4308_drone' returned '0': CMAKE_PREFIX_PATH=${CMAKE_PREFIX_PATH}:/opt/ros/jazzy DEBUGINFOD_URLS=https://debuginfod.ubuntu.com /usr/bin/cmake --install /home/phantona/ee4308L2/build/ee4308_drone
[17.406s] Level 1:colcon.colcon_core.environment:checking '/home/phantona/ee4308L2/install/ee4308_drone' for CMake config files
[17.407s] Level 1:colcon.colcon_core.shell:create_environment_hook('ee4308_drone', 'cmake_prefix_path')
[17.407s] INFO:colcon.colcon_core.shell:Creating environment hook '/home/phantona/ee4308L2/install/ee4308_drone/share/ee4308_drone/hook/cmake_prefix_path.ps1'
[17.408s] INFO:colcon.colcon_core.shell:Creating environment descriptor '/home/phantona/ee4308L2/install/ee4308_drone/share/ee4308_drone/hook/cmake_prefix_path.dsv'
[17.408s] INFO:colcon.colcon_core.shell:Creating environment hook '/home/phantona/ee4308L2/install/ee4308_drone/share/ee4308_drone/hook/cmake_prefix_path.sh'
[17.408s] Level 1:colcon.colcon_core.environment:checking '/home/phantona/ee4308L2/install/ee4308_drone/lib'
[17.408s] Level 1:colcon.colcon_core.shell:create_environment_hook('ee4308_drone', 'ld_library_path_lib')
[17.409s] INFO:colcon.colcon_core.shell:Creating environment hook '/home/phantona/ee4308L2/install/ee4308_drone/share/ee4308_drone/hook/ld_library_path_lib.ps1'
[17.409s] INFO:colcon.colcon_core.shell:Creating environment descriptor '/home/phantona/ee4308L2/install/ee4308_drone/share/ee4308_drone/hook/ld_library_path_lib.dsv'
[17.409s] INFO:colcon.colcon_core.shell:Creating environment hook '/home/phantona/ee4308L2/install/ee4308_drone/share/ee4308_drone/hook/ld_library_path_lib.sh'
[17.409s] Level 1:colcon.colcon_core.environment:checking '/home/phantona/ee4308L2/install/ee4308_drone/bin'
[17.409s] Level 1:colcon.colcon_core.environment:checking '/home/phantona/ee4308L2/install/ee4308_drone/lib/pkgconfig/ee4308_drone.pc'
[17.410s] Level 1:colcon.colcon_core.environment:checking '/home/phantona/ee4308L2/install/ee4308_drone/lib/python3.12/site-packages'
[17.410s] Level 1:colcon.colcon_core.environment:checking '/home/phantona/ee4308L2/install/ee4308_drone/bin'
[17.410s] INFO:colcon.colcon_core.shell:Creating package script '/home/phantona/ee4308L2/install/ee4308_drone/share/ee4308_drone/package.ps1'
[17.410s] INFO:colcon.colcon_core.shell:Creating package descriptor '/home/phantona/ee4308L2/install/ee4308_drone/share/ee4308_drone/package.dsv'
[17.411s] INFO:colcon.colcon_core.shell:Creating package script '/home/phantona/ee4308L2/install/ee4308_drone/share/ee4308_drone/package.sh'
[17.411s] INFO:colcon.colcon_core.shell:Creating package script '/home/phantona/ee4308L2/install/ee4308_drone/share/ee4308_drone/package.bash'
[17.411s] INFO:colcon.colcon_core.shell:Creating package script '/home/phantona/ee4308L2/install/ee4308_drone/share/ee4308_drone/package.zsh'
[17.412s] Level 1:colcon.colcon_core.environment:create_file_with_runtime_dependencies(/home/phantona/ee4308L2/install/ee4308_drone/share/colcon-core/packages/ee4308_drone)
[17.412s] Level 1:colcon.colcon_core.environment:create_environment_scripts_only(ee4308_drone)
[17.412s] Level 1:colcon.colcon_core.environment:checking '/home/phantona/ee4308L2/install/ee4308_drone' for CMake module files
[17.413s] Level 1:colcon.colcon_core.environment:checking '/home/phantona/ee4308L2/install/ee4308_drone' for CMake config files
[17.413s] Level 1:colcon.colcon_core.shell:create_environment_hook('ee4308_drone', 'cmake_prefix_path')
[17.413s] INFO:colcon.colcon_core.shell:Creating environment hook '/home/phantona/ee4308L2/install/ee4308_drone/share/ee4308_drone/hook/cmake_prefix_path.ps1'
[17.413s] INFO:colcon.colcon_core.shell:Creating environment descriptor '/home/phantona/ee4308L2/install/ee4308_drone/share/ee4308_drone/hook/cmake_prefix_path.dsv'
[17.413s] INFO:colcon.colcon_core.shell:Creating environment hook '/home/phantona/ee4308L2/install/ee4308_drone/share/ee4308_drone/hook/cmake_prefix_path.sh'
[17.414s] Level 1:colcon.colcon_core.environment:checking '/home/phantona/ee4308L2/install/ee4308_drone/lib'
[17.414s] Level 1:colcon.colcon_core.shell:create_environment_hook('ee4308_drone', 'ld_library_path_lib')
[17.414s] INFO:colcon.colcon_core.shell:Creating environment hook '/home/phantona/ee4308L2/install/ee4308_drone/share/ee4308_drone/hook/ld_library_path_lib.ps1'
[17.414s] INFO:colcon.colcon_core.shell:Creating environment descriptor '/home/phantona/ee4308L2/install/ee4308_drone/share/ee4308_drone/hook/ld_library_path_lib.dsv'
[17.415s] INFO:colcon.colcon_core.shell:Creating environment hook '/home/phantona/ee4308L2/install/ee4308_drone/share/ee4308_drone/hook/ld_library_path_lib.sh'
[17.415s] Level 1:colcon.colcon_core.environment:checking '/home/phantona/ee4308L2/install/ee4308_drone/bin'
[17.415s] Level 1:colcon.colcon_core.environment:checking '/home/phantona/ee4308L2/install/ee4308_drone/lib/pkgconfig/ee4308_drone.pc'
[17.415s] Level 1:colcon.colcon_core.environment:checking '/home/phantona/ee4308L2/install/ee4308_drone/lib/python3.12/site-packages'
[17.415s] Level 1:colcon.colcon_core.environment:checking '/home/phantona/ee4308L2/install/ee4308_drone/bin'
[17.415s] INFO:colcon.colcon_core.shell:Creating package script '/home/phantona/ee4308L2/install/ee4308_drone/share/ee4308_drone/package.ps1'
[17.416s] INFO:colcon.colcon_core.shell:Creating package descriptor '/home/phantona/ee4308L2/install/ee4308_drone/share/ee4308_drone/package.dsv'
[17.416s] INFO:colcon.colcon_core.shell:Creating package script '/home/phantona/ee4308L2/install/ee4308_drone/share/ee4308_drone/package.sh'
[17.417s] INFO:colcon.colcon_core.shell:Creating package script '/home/phantona/ee4308L2/install/ee4308_drone/share/ee4308_drone/package.bash'
[17.417s] INFO:colcon.colcon_core.shell:Creating package script '/home/phantona/ee4308L2/install/ee4308_drone/share/ee4308_drone/package.zsh'
[17.417s] Level 1:colcon.colcon_core.environment:create_file_with_runtime_dependencies(/home/phantona/ee4308L2/install/ee4308_drone/share/colcon-core/packages/ee4308_drone)
[17.417s] DEBUG:colcon.colcon_parallel_executor.executor.parallel:closing loop
[17.418s] DEBUG:colcon.colcon_parallel_executor.executor.parallel:loop closed
[17.418s] DEBUG:colcon.colcon_parallel_executor.executor.parallel:run_until_complete finished with '0'
[17.418s] DEBUG:colcon.colcon_core.event_reactor:joining thread
[17.424s] INFO:colcon.colcon_core.plugin_system:Skipping extension 'colcon_notification.desktop_notification.terminal_notifier': Not used on non-Darwin systems
[17.424s] INFO:colcon.colcon_core.plugin_system:Skipping extension 'colcon_notification.desktop_notification.win32': Not used on non-Windows systems
[17.424s] INFO:colcon.colcon_notification.desktop_notification:Sending desktop notification using 'notify2'
[17.437s] DEBUG:colcon.colcon_core.event_reactor:joined thread
[17.438s] INFO:colcon.colcon_core.shell:Creating prefix script '/home/phantona/ee4308L2/install/local_setup.ps1'
[17.439s] INFO:colcon.colcon_core.shell:Creating prefix util module '/home/phantona/ee4308L2/install/_local_setup_util_ps1.py'
[17.439s] INFO:colcon.colcon_core.shell:Creating prefix chain script '/home/phantona/ee4308L2/install/setup.ps1'
[17.440s] INFO:colcon.colcon_core.shell:Creating prefix script '/home/phantona/ee4308L2/install/local_setup.sh'
[17.441s] INFO:colcon.colcon_core.shell:Creating prefix util module '/home/phantona/ee4308L2/install/_local_setup_util_sh.py'
[17.441s] INFO:colcon.colcon_core.shell:Creating prefix chain script '/home/phantona/ee4308L2/install/setup.sh'
[17.442s] INFO:colcon.colcon_core.shell:Creating prefix script '/home/phantona/ee4308L2/install/local_setup.bash'
[17.443s] INFO:colcon.colcon_core.shell:Creating prefix chain script '/home/phantona/ee4308L2/install/setup.bash'
[17.443s] INFO:colcon.colcon_core.shell:Creating prefix script '/home/phantona/ee4308L2/install/local_setup.zsh'
[17.444s] INFO:colcon.colcon_core.shell:Creating prefix chain script '/home/phantona/ee4308L2/install/setup.zsh'
