[0mCMake Error: The current CMakeCache.txt directory /home/phantona/ee4308L2/build/ee4308_turtle2/CMakeCache.txt is different than the directory /home/phantona/ee4308/build/ee4308_turtle2 where CMakeCache.txt was created. This may result in binaries being created in the wrong place. If you are not sure, reedit the CMakeCache.txt[0m
-- Found ament_cmake: 2.5.5 (/opt/ros/jazzy/share/ament_cmake/cmake)
-- Override CMake install command with custom implementation using symlinks instead of copying resources
-- Found rclcpp: 28.1.16 (/opt/ros/jazzy/share/rclcpp/cmake)
-- Found rosidl_generator_c: 4.6.7 (/opt/ros/jazzy/share/rosidl_generator_c/cmake)
-- Found rosidl_generator_cpp: 4.6.7 (/opt/ros/jazzy/share/rosidl_generator_cpp/cmake)
-- Using all available rosidl_typesupport_c: rosidl_typesupport_fastrtps_c;rosidl_typesupport_introspection_c
-- Using all available rosidl_typesupport_cpp: rosidl_typesupport_fastrtps_cpp;rosidl_typesupport_introspection_cpp
-- Found rmw_implementation_cmake: 7.3.3 (/opt/ros/jazzy/share/rmw_implementation_cmake/cmake)
-- Found rmw_fastrtps_cpp: 8.4.3 (/opt/ros/jazzy/share/rmw_fastrtps_cpp/cmake)
-- Using RMW implementation 'rmw_fastrtps_cpp' as default
-- Found rclcpp_components: 28.1.16 (/opt/ros/jazzy/share/rclcpp_components/cmake)
-- Found sensor_msgs: 5.3.6 (/opt/ros/jazzy/share/sensor_msgs/cmake)
-- Found nav_msgs: 5.3.6 (/opt/ros/jazzy/share/nav_msgs/cmake)
-- Found tf2: 0.36.19 (/opt/ros/jazzy/share/tf2/cmake)
-- Found tf2_ros: 0.36.19 (/opt/ros/jazzy/share/tf2_ros/cmake)
-- Configuring done (1.5s)
-- Generating done (0.1s)
-- Build files have been written to: /home/phantona/ee4308/build/ee4308_turtle2
[ 37%] [32mBuilding CXX object CMakeFiles/map_loader.dir/rclcpp_components/node_main_map_loader.cpp.o[0m
[ 37%] [32mBuilding CXX object CMakeFiles/planner_component.dir/src/planner.cpp.o[0m
[ 37%] [32mBuilding CXX object CMakeFiles/planner.dir/rclcpp_components/node_main_planner.cpp.o[0m
[ 43%] [32mBuilding CXX object CMakeFiles/behavior.dir/rclcpp_components/node_main_behavior.cpp.o[0m
[ 43%] [32mBuilding CXX object CMakeFiles/map_loader_component.dir/src/map_loader.cpp.o[0m
[ 50%] [32mBuilding CXX object CMakeFiles/behavior_component.dir/src/behavior.cpp.o[0m
[ 43%] [32mBuilding CXX object CMakeFiles/controller.dir/rclcpp_components/node_main_controller.cpp.o[0m
[ 50%] [32mBuilding CXX object CMakeFiles/controller_component.dir/src/controller.cpp.o[0m
[ 56%] [32m[1mLinking CXX executable controller[0m
[ 62%] [32m[1mLinking CXX executable planner[0m
[ 68%] [32m[1mLinking CXX executable behavior[0m
[ 68%] Built target controller
[ 75%] [32m[1mLinking CXX executable map_loader[0m
[ 75%] Built target planner
[ 75%] Built target behavior
[ 75%] Built target map_loader
[ 81%] [32m[1mLinking CXX shared library libmap_loader_component.so[0m
[ 81%] Built target map_loader_component
[ 87%] [32m[1mLinking CXX shared library libbehavior_component.so[0m
[ 87%] Built target behavior_component
[ 93%] [32m[1mLinking CXX shared library libplanner_component.so[0m
[100%] [32m[1mLinking CXX shared library libcontroller_component.so[0m
[100%] Built target planner_component
[100%] Built target controller_component
-- Install configuration: ""
-- Execute custom install script
-- Up-to-date symlink: /home/phantona/ee4308/install/ee4308_turtle2/lib/ee4308_turtle2/map_loader
-- Up-to-date symlink: /home/phantona/ee4308/install/ee4308_turtle2/lib/ee4308_turtle2/behavior
-- Up-to-date symlink: /home/phantona/ee4308/install/ee4308_turtle2/lib/ee4308_turtle2/controller
-- Up-to-date symlink: /home/phantona/ee4308/install/ee4308_turtle2/lib/ee4308_turtle2/planner
-- Up-to-date symlink: /home/phantona/ee4308/install/ee4308_turtle2/share/ament_index/resource_index/package_run_dependencies/ee4308_turtle2
-- Up-to-date symlink: /home/phantona/ee4308/install/ee4308_turtle2/share/ament_index/resource_index/parent_prefix_path/ee4308_turtle2
-- Up-to-date symlink: /home/phantona/ee4308/install/ee4308_turtle2/share/ee4308_turtle2/environment/ament_prefix_path.sh
-- Up-to-date symlink: /home/phantona/ee4308/install/ee4308_turtle2/share/ee4308_turtle2/environment/ament_prefix_path.dsv
-- Up-to-date symlink: /home/phantona/ee4308/install/ee4308_turtle2/share/ee4308_turtle2/environment/path.sh
-- Up-to-date symlink: /home/phantona/ee4308/install/ee4308_turtle2/share/ee4308_turtle2/environment/path.dsv
-- Up-to-date symlink: /home/phantona/ee4308/install/ee4308_turtle2/share/ee4308_turtle2/local_setup.bash
-- Up-to-date symlink: /home/phantona/ee4308/install/ee4308_turtle2/share/ee4308_turtle2/local_setup.sh
-- Up-to-date symlink: /home/phantona/ee4308/install/ee4308_turtle2/share/ee4308_turtle2/local_setup.zsh
-- Up-to-date symlink: /home/phantona/ee4308/install/ee4308_turtle2/share/ee4308_turtle2/local_setup.dsv
-- Symlinking: /home/phantona/ee4308/install/ee4308_turtle2/share/ee4308_turtle2/package.dsv
-- Up-to-date symlink: /home/phantona/ee4308/install/ee4308_turtle2/share/ament_index/resource_index/packages/ee4308_turtle2
-- Up-to-date symlink: /home/phantona/ee4308/install/ee4308_turtle2/share/ament_index/resource_index/rclcpp_components/ee4308_turtle2
-- Up-to-date symlink: /home/phantona/ee4308/install/ee4308_turtle2/share/ee4308_turtle2/cmake/ament_cmake_export_targets-extras.cmake
-- Up-to-date symlink: /home/phantona/ee4308/install/ee4308_turtle2/share/ee4308_turtle2/cmake/ee4308_turtle2Config.cmake
-- Up-to-date symlink: /home/phantona/ee4308/install/ee4308_turtle2/share/ee4308_turtle2/cmake/ee4308_turtle2Config-version.cmake
-- Up-to-date symlink: /home/phantona/ee4308/install/ee4308_turtle2/share/ee4308_turtle2/package.xml
-- Up-to-date: /home/phantona/ee4308/install/ee4308_turtle2/lib/libmap_loader_component.so
-- Up-to-date: /home/phantona/ee4308/install/ee4308_turtle2/lib/libbehavior_component.so
-- Up-to-date: /home/phantona/ee4308/install/ee4308_turtle2/lib/libcontroller_component.so
-- Up-to-date: /home/phantona/ee4308/install/ee4308_turtle2/lib/libplanner_component.so
-- Up-to-date: /home/phantona/ee4308/install/ee4308_turtle2/share/ee4308_turtle2/cmake/export_map_loader_componentExport.cmake
-- Up-to-date: /home/phantona/ee4308/install/ee4308_turtle2/share/ee4308_turtle2/cmake/export_map_loader_componentExport-noconfig.cmake
-- Up-to-date: /home/phantona/ee4308/install/ee4308_turtle2/share/ee4308_turtle2/cmake/export_behavior_componentExport.cmake
-- Up-to-date: /home/phantona/ee4308/install/ee4308_turtle2/share/ee4308_turtle2/cmake/export_behavior_componentExport-noconfig.cmake
-- Up-to-date: /home/phantona/ee4308/install/ee4308_turtle2/share/ee4308_turtle2/cmake/export_controller_componentExport.cmake
-- Up-to-date: /home/phantona/ee4308/install/ee4308_turtle2/share/ee4308_turtle2/cmake/export_controller_componentExport-noconfig.cmake
-- Up-to-date: /home/phantona/ee4308/install/ee4308_turtle2/share/ee4308_turtle2/cmake/export_planner_componentExport.cmake
-- Up-to-date: /home/phantona/ee4308/install/ee4308_turtle2/share/ee4308_turtle2/cmake/export_planner_componentExport-noconfig.cmake
