[0.028s] Invoking command in '/home/phantona/ee4308L2/build/ee4308_turtle2': CMAKE_PREFIX_PATH=${CMAKE_PREFIX_PATH}:/opt/ros/jazzy DEBUGINFOD_URLS=https://debuginfod.ubuntu.com /usr/bin/cmake --build /home/phantona/ee4308L2/build/ee4308_turtle2 -- -j16 -l16
[0.041s] [0mCMake Error: The current CMakeCache.txt directory /home/phantona/ee4308L2/build/ee4308_turtle2/CMakeCache.txt is different than the directory /home/phantona/ee4308/build/ee4308_turtle2 where CMakeCache.txt was created. This may result in binaries being created in the wrong place. If you are not sure, reedit the CMakeCache.txt[0m
[0.081s] -- Found ament_cmake: 2.5.5 (/opt/ros/jazzy/share/ament_cmake/cmake)
[0.443s] -- Override CMake install command with custom implementation using symlinks instead of copying resources
[0.466s] -- Found rclcpp: 28.1.16 (/opt/ros/jazzy/share/rclcpp/cmake)
[0.546s] -- Found rosidl_generator_c: 4.6.7 (/opt/ros/jazzy/share/rosidl_generator_c/cmake)
[0.562s] -- Found rosidl_generator_cpp: 4.6.7 (/opt/ros/jazzy/share/rosidl_generator_cpp/cmake)
[0.587s] -- Using all available rosidl_typesupport_c: rosidl_typesupport_fastrtps_c;rosidl_typesupport_introspection_c
[0.614s] -- Using all available rosidl_typesupport_cpp: rosidl_typesupport_fastrtps_cpp;rosidl_typesupport_introspection_cpp
[0.736s] -- Found rmw_implementation_cmake: 7.3.3 (/opt/ros/jazzy/share/rmw_implementation_cmake/cmake)
[0.740s] -- Found rmw_fastrtps_cpp: 8.4.3 (/opt/ros/jazzy/share/rmw_fastrtps_cpp/cmake)
[0.864s] -- Using RMW implementation 'rmw_fastrtps_cpp' as default
[0.992s] -- Found rclcpp_components: 28.1.16 (/opt/ros/jazzy/share/rclcpp_components/cmake)
[1.042s] -- Found sensor_msgs: 5.3.6 (/opt/ros/jazzy/share/sensor_msgs/cmake)
[1.141s] -- Found nav_msgs: 5.3.6 (/opt/ros/jazzy/share/nav_msgs/cmake)
[1.192s] -- Found tf2: 0.36.19 (/opt/ros/jazzy/share/tf2/cmake)
[1.206s] -- Found tf2_ros: 0.36.19 (/opt/ros/jazzy/share/tf2_ros/cmake)
[1.535s] -- Configuring done (1.5s)
[1.619s] -- Generating done (0.1s)
[1.641s] -- Build files have been written to: /home/phantona/ee4308/build/ee4308_turtle2
[1.762s] [ 37%] [32mBuilding CXX object CMakeFiles/map_loader.dir/rclcpp_components/node_main_map_loader.cpp.o[0m
[1.763s] [ 37%] [32mBuilding CXX object CMakeFiles/planner_component.dir/src/planner.cpp.o[0m
[1.764s] [ 37%] [32mBuilding CXX object CMakeFiles/planner.dir/rclcpp_components/node_main_planner.cpp.o[0m
[1.764s] [ 43%] [32mBuilding CXX object CMakeFiles/behavior.dir/rclcpp_components/node_main_behavior.cpp.o[0m
[1.764s] [ 43%] [32mBuilding CXX object CMakeFiles/map_loader_component.dir/src/map_loader.cpp.o[0m
[1.764s] [ 50%] [32mBuilding CXX object CMakeFiles/behavior_component.dir/src/behavior.cpp.o[0m
[1.765s] [ 43%] [32mBuilding CXX object CMakeFiles/controller.dir/rclcpp_components/node_main_controller.cpp.o[0m
[1.766s] [ 50%] [32mBuilding CXX object CMakeFiles/controller_component.dir/src/controller.cpp.o[0m
[10.812s] [ 56%] [32m[1mLinking CXX executable controller[0m
[11.049s] [ 62%] [32m[1mLinking CXX executable planner[0m
[11.235s] [ 68%] [32m[1mLinking CXX executable behavior[0m
[11.271s] [ 68%] Built target controller
[11.448s] [ 75%] [32m[1mLinking CXX executable map_loader[0m
[11.531s] [ 75%] Built target planner
[11.703s] [ 75%] Built target behavior
[11.838s] [ 75%] Built target map_loader
[14.470s] [ 81%] [32m[1mLinking CXX shared library libmap_loader_component.so[0m
[14.842s] [ 81%] Built target map_loader_component
[16.608s] [ 87%] [32m[1mLinking CXX shared library libbehavior_component.so[0m
[17.031s] [ 87%] Built target behavior_component
[20.424s] [ 93%] [32m[1mLinking CXX shared library libplanner_component.so[0m
[20.683s] [100%] [32m[1mLinking CXX shared library libcontroller_component.so[0m
[20.992s] [100%] Built target planner_component
[21.233s] [100%] Built target controller_component
[21.254s] Invoked command in '/home/phantona/ee4308L2/build/ee4308_turtle2' returned '0': CMAKE_PREFIX_PATH=${CMAKE_PREFIX_PATH}:/opt/ros/jazzy DEBUGINFOD_URLS=https://debuginfod.ubuntu.com /usr/bin/cmake --build /home/phantona/ee4308L2/build/ee4308_turtle2 -- -j16 -l16
[21.256s] Invoking command in '/home/phantona/ee4308L2/build/ee4308_turtle2': CMAKE_PREFIX_PATH=${CMAKE_PREFIX_PATH}:/opt/ros/jazzy DEBUGINFOD_URLS=https://debuginfod.ubuntu.com /usr/bin/cmake --install /home/phantona/ee4308L2/build/ee4308_turtle2
[21.269s] -- Install configuration: ""
[21.270s] -- Execute custom install script
[21.270s] -- Up-to-date symlink: /home/phantona/ee4308/install/ee4308_turtle2/lib/ee4308_turtle2/map_loader
[21.270s] -- Up-to-date symlink: /home/phantona/ee4308/install/ee4308_turtle2/lib/ee4308_turtle2/behavior
[21.271s] -- Up-to-date symlink: /home/phantona/ee4308/install/ee4308_turtle2/lib/ee4308_turtle2/controller
[21.271s] -- Up-to-date symlink: /home/phantona/ee4308/install/ee4308_turtle2/lib/ee4308_turtle2/planner
[21.272s] -- Up-to-date symlink: /home/phantona/ee4308/install/ee4308_turtle2/share/ament_index/resource_index/package_run_dependencies/ee4308_turtle2
[21.272s] -- Up-to-date symlink: /home/phantona/ee4308/install/ee4308_turtle2/share/ament_index/resource_index/parent_prefix_path/ee4308_turtle2
[21.272s] -- Up-to-date symlink: /home/phantona/ee4308/install/ee4308_turtle2/share/ee4308_turtle2/environment/ament_prefix_path.sh
[21.273s] -- Up-to-date symlink: /home/phantona/ee4308/install/ee4308_turtle2/share/ee4308_turtle2/environment/ament_prefix_path.dsv
[21.273s] -- Up-to-date symlink: /home/phantona/ee4308/install/ee4308_turtle2/share/ee4308_turtle2/environment/path.sh
[21.274s] -- Up-to-date symlink: /home/phantona/ee4308/install/ee4308_turtle2/share/ee4308_turtle2/environment/path.dsv
[21.274s] -- Up-to-date symlink: /home/phantona/ee4308/install/ee4308_turtle2/share/ee4308_turtle2/local_setup.bash
[21.274s] -- Up-to-date symlink: /home/phantona/ee4308/install/ee4308_turtle2/share/ee4308_turtle2/local_setup.sh
[21.275s] -- Up-to-date symlink: /home/phantona/ee4308/install/ee4308_turtle2/share/ee4308_turtle2/local_setup.zsh
[21.275s] -- Up-to-date symlink: /home/phantona/ee4308/install/ee4308_turtle2/share/ee4308_turtle2/local_setup.dsv
[21.276s] -- Symlinking: /home/phantona/ee4308/install/ee4308_turtle2/share/ee4308_turtle2/package.dsv
[21.290s] -- Up-to-date symlink: /home/phantona/ee4308/install/ee4308_turtle2/share/ament_index/resource_index/packages/ee4308_turtle2
[21.291s] -- Up-to-date symlink: /home/phantona/ee4308/install/ee4308_turtle2/share/ament_index/resource_index/rclcpp_components/ee4308_turtle2
[21.291s] -- Up-to-date symlink: /home/phantona/ee4308/install/ee4308_turtle2/share/ee4308_turtle2/cmake/ament_cmake_export_targets-extras.cmake
[21.292s] -- Up-to-date symlink: /home/phantona/ee4308/install/ee4308_turtle2/share/ee4308_turtle2/cmake/ee4308_turtle2Config.cmake
[21.292s] -- Up-to-date symlink: /home/phantona/ee4308/install/ee4308_turtle2/share/ee4308_turtle2/cmake/ee4308_turtle2Config-version.cmake
[21.292s] -- Up-to-date symlink: /home/phantona/ee4308/install/ee4308_turtle2/share/ee4308_turtle2/package.xml
[21.293s] -- Up-to-date: /home/phantona/ee4308/install/ee4308_turtle2/lib/libmap_loader_component.so
[21.294s] -- Up-to-date: /home/phantona/ee4308/install/ee4308_turtle2/lib/libbehavior_component.so
[21.295s] -- Up-to-date: /home/phantona/ee4308/install/ee4308_turtle2/lib/libcontroller_component.so
[21.296s] -- Up-to-date: /home/phantona/ee4308/install/ee4308_turtle2/lib/libplanner_component.so
[21.297s] -- Up-to-date: /home/phantona/ee4308/install/ee4308_turtle2/share/ee4308_turtle2/cmake/export_map_loader_componentExport.cmake
[21.297s] -- Up-to-date: /home/phantona/ee4308/install/ee4308_turtle2/share/ee4308_turtle2/cmake/export_map_loader_componentExport-noconfig.cmake
[21.297s] -- Up-to-date: /home/phantona/ee4308/install/ee4308_turtle2/share/ee4308_turtle2/cmake/export_behavior_componentExport.cmake
[21.298s] -- Up-to-date: /home/phantona/ee4308/install/ee4308_turtle2/share/ee4308_turtle2/cmake/export_behavior_componentExport-noconfig.cmake
[21.298s] -- Up-to-date: /home/phantona/ee4308/install/ee4308_turtle2/share/ee4308_turtle2/cmake/export_controller_componentExport.cmake
[21.298s] -- Up-to-date: /home/phantona/ee4308/install/ee4308_turtle2/share/ee4308_turtle2/cmake/export_controller_componentExport-noconfig.cmake
[21.298s] -- Up-to-date: /home/phantona/ee4308/install/ee4308_turtle2/share/ee4308_turtle2/cmake/export_planner_componentExport.cmake
[21.298s] -- Up-to-date: /home/phantona/ee4308/install/ee4308_turtle2/share/ee4308_turtle2/cmake/export_planner_componentExport-noconfig.cmake
[21.302s] Invoked command in '/home/phantona/ee4308L2/build/ee4308_turtle2' returned '0': CMAKE_PREFIX_PATH=${CMAKE_PREFIX_PATH}:/opt/ros/jazzy DEBUGINFOD_URLS=https://debuginfod.ubuntu.com /usr/bin/cmake --install /home/phantona/ee4308L2/build/ee4308_turtle2
