[0.013s] Invoking command in '/home/phantona/ee4308-proj2/build/ee4308_drone': CMAKE_PREFIX_PATH=${CMAKE_PREFIX_PATH}:/opt/ros/jazzy DEBUGINFOD_URLS=https://debuginfod.ubuntu.com /usr/bin/cmake --build /home/phantona/ee4308-proj2/build/ee4308_drone -- -j16 -l16
[0.021s] [0mCMake Error: The current CMakeCache.txt directory /home/phantona/ee4308-proj2/build/ee4308_drone/CMakeCache.txt is different than the directory /home/phantona/ee4308/build/ee4308_drone where CMakeCache.txt was created. This may result in binaries being created in the wrong place. If you are not sure, reedit the CMakeCache.txt[0m
[0.139s] [ 50%] Built target controller
[0.140s] [ 50%] Built target planner_component
[0.140s] [ 50%] Built target controller_component
[0.140s] [ 50%] Built target estimator
[0.140s] [ 62%] Built target estimator_component
[0.142s] [ 75%] Built target behavior
[0.144s] [100%] Built target behavior_component
[0.144s] [100%] Built target planner
[0.157s] Invoked command in '/home/phantona/ee4308-proj2/build/ee4308_drone' returned '0': CMAKE_PREFIX_PATH=${CMAKE_PREFIX_PATH}:/opt/ros/jazzy DEBUGINFOD_URLS=https://debuginfod.ubuntu.com /usr/bin/cmake --build /home/phantona/ee4308-proj2/build/ee4308_drone -- -j16 -l16
[0.158s] Invoking command in '/home/phantona/ee4308-proj2/build/ee4308_drone': CMAKE_PREFIX_PATH=${CMAKE_PREFIX_PATH}:/opt/ros/jazzy DEBUGINFOD_URLS=https://debuginfod.ubuntu.com /usr/bin/cmake --install /home/phantona/ee4308-proj2/build/ee4308_drone
[0.166s] -- Install configuration: ""
[0.166s] -- Execute custom install script
[0.167s] -- Up-to-date symlink: /home/phantona/ee4308/install/ee4308_drone/lib/ee4308_drone/behavior
[0.167s] -- Up-to-date symlink: /home/phantona/ee4308/install/ee4308_drone/lib/ee4308_drone/controller
[0.168s] -- Up-to-date symlink: /home/phantona/ee4308/install/ee4308_drone/lib/ee4308_drone/estimator
[0.168s] -- Up-to-date symlink: /home/phantona/ee4308/install/ee4308_drone/lib/ee4308_drone/planner
[0.169s] -- Up-to-date symlink: /home/phantona/ee4308/install/ee4308_drone/share/ament_index/resource_index/package_run_dependencies/ee4308_drone
[0.170s] -- Up-to-date symlink: /home/phantona/ee4308/install/ee4308_drone/share/ament_index/resource_index/parent_prefix_path/ee4308_drone
[0.170s] -- Up-to-date symlink: /home/phantona/ee4308/install/ee4308_drone/share/ee4308_drone/environment/ament_prefix_path.sh
[0.171s] -- Up-to-date symlink: /home/phantona/ee4308/install/ee4308_drone/share/ee4308_drone/environment/ament_prefix_path.dsv
[0.171s] -- Up-to-date symlink: /home/phantona/ee4308/install/ee4308_drone/share/ee4308_drone/environment/path.sh
[0.171s] -- Up-to-date symlink: /home/phantona/ee4308/install/ee4308_drone/share/ee4308_drone/environment/path.dsv
[0.171s] -- Up-to-date symlink: /home/phantona/ee4308/install/ee4308_drone/share/ee4308_drone/local_setup.bash
[0.171s] -- Up-to-date symlink: /home/phantona/ee4308/install/ee4308_drone/share/ee4308_drone/local_setup.sh
[0.172s] -- Up-to-date symlink: /home/phantona/ee4308/install/ee4308_drone/share/ee4308_drone/local_setup.zsh
[0.173s] -- Up-to-date symlink: /home/phantona/ee4308/install/ee4308_drone/share/ee4308_drone/local_setup.dsv
[0.173s] -- Symlinking: /home/phantona/ee4308/install/ee4308_drone/share/ee4308_drone/package.dsv
[0.181s] -- Up-to-date symlink: /home/phantona/ee4308/install/ee4308_drone/share/ament_index/resource_index/packages/ee4308_drone
[0.181s] -- Up-to-date symlink: /home/phantona/ee4308/install/ee4308_drone/share/ament_index/resource_index/rclcpp_components/ee4308_drone
[0.182s] -- Up-to-date symlink: /home/phantona/ee4308/install/ee4308_drone/share/ee4308_drone/cmake/ament_cmake_export_targets-extras.cmake
[0.182s] -- Up-to-date symlink: /home/phantona/ee4308/install/ee4308_drone/share/ee4308_drone/cmake/ament_cmake_export_dependencies-extras.cmake
[0.182s] -- Up-to-date symlink: /home/phantona/ee4308/install/ee4308_drone/share/ee4308_drone/cmake/ee4308_droneConfig.cmake
[0.183s] -- Up-to-date symlink: /home/phantona/ee4308/install/ee4308_drone/share/ee4308_drone/cmake/ee4308_droneConfig-version.cmake
[0.183s] -- Up-to-date symlink: /home/phantona/ee4308/install/ee4308_drone/share/ee4308_drone/package.xml
[0.184s] -- Up-to-date: /home/phantona/ee4308/install/ee4308_drone/lib/libbehavior_component.so
[0.184s] -- Up-to-date: /home/phantona/ee4308/install/ee4308_drone/lib/libcontroller_component.so
[0.185s] -- Up-to-date: /home/phantona/ee4308/install/ee4308_drone/lib/libestimator_component.so
[0.186s] -- Up-to-date: /home/phantona/ee4308/install/ee4308_drone/lib/libplanner_component.so
[0.187s] -- Up-to-date: /home/phantona/ee4308/install/ee4308_drone/share/ee4308_drone/cmake/export_behavior_componentExport.cmake
[0.187s] -- Up-to-date: /home/phantona/ee4308/install/ee4308_drone/share/ee4308_drone/cmake/export_behavior_componentExport-noconfig.cmake
[0.187s] -- Up-to-date: /home/phantona/ee4308/install/ee4308_drone/share/ee4308_drone/cmake/export_controller_componentExport.cmake
[0.188s] -- Up-to-date: /home/phantona/ee4308/install/ee4308_drone/share/ee4308_drone/cmake/export_controller_componentExport-noconfig.cmake
[0.188s] -- Up-to-date: /home/phantona/ee4308/install/ee4308_drone/share/ee4308_drone/cmake/export_estimator_componentExport.cmake
[0.188s] -- Up-to-date: /home/phantona/ee4308/install/ee4308_drone/share/ee4308_drone/cmake/export_estimator_componentExport-noconfig.cmake
[0.188s] -- Up-to-date: /home/phantona/ee4308/install/ee4308_drone/share/ee4308_drone/cmake/export_planner_componentExport.cmake
[0.188s] -- Up-to-date: /home/phantona/ee4308/install/ee4308_drone/share/ee4308_drone/cmake/export_planner_componentExport-noconfig.cmake
[0.205s] Invoked command in '/home/phantona/ee4308-proj2/build/ee4308_drone' returned '0': CMAKE_PREFIX_PATH=${CMAKE_PREFIX_PATH}:/opt/ros/jazzy DEBUGINFOD_URLS=https://debuginfod.ubuntu.com /usr/bin/cmake --install /home/phantona/ee4308-proj2/build/ee4308_drone
