-- The C compiler identification is GNU 13.3.0
-- The CXX compiler identification is GNU 13.3.0
-- Detecting C compiler ABI info
-- Detecting C compiler ABI info - done
-- Check for working C compiler: /usr/bin/cc - skipped
-- Detecting C compile features
-- Detecting C compile features - done
-- Detecting CXX compiler ABI info
-- Detecting CXX compiler ABI info - done
-- Check for working CXX compiler: /usr/bin/c++ - skipped
-- Detecting CXX compile features
-- Detecting CXX compile features - done
-- Found ament_cmake: 2.5.5 (/opt/ros/jazzy/share/ament_cmake/cmake)
-- Found Python3: /usr/bin/python3 (found version "3.12.3") found components: Interpreter 
-- Override CMake install command with custom implementation using symlinks instead of copying resources
-- Found rclcpp: 28.1.16 (/opt/ros/jazzy/share/rclcpp/cmake)
-- Found rosidl_generator_c: 4.6.7 (/opt/ros/jazzy/share/rosidl_generator_c/cmake)
-- Found rosidl_generator_cpp: 4.6.7 (/opt/ros/jazzy/share/rosidl_generator_cpp/cmake)
-- Using all available rosidl_typesupport_c: rosidl_typesupport_fastrtps_c;rosidl_typesupport_introspection_c
-- Using all available rosidl_typesupport_cpp: rosidl_typesupport_fastrtps_cpp;rosidl_typesupport_introspection_cpp
-- Found rmw_implementation_cmake: 7.3.3 (/opt/ros/jazzy/share/rmw_implementation_cmake/cmake)
-- Found rmw_fastrtps_cpp: 8.4.3 (/opt/ros/jazzy/share/rmw_fastrtps_cpp/cmake)
-- Found OpenSSL: /usr/lib/x86_64-linux-gnu/libcrypto.so (found version "3.0.13")  
-- Found FastRTPS: /opt/ros/jazzy/include (Required is at least version "2.13") 
-- Using RMW implementation 'rmw_fastrtps_cpp' as default
-- Found rclcpp_components: 28.1.16 (/opt/ros/jazzy/share/rclcpp_components/cmake)
-- Found sensor_msgs: 5.3.6 (/opt/ros/jazzy/share/sensor_msgs/cmake)
-- Found nav_msgs: 5.3.6 (/opt/ros/jazzy/share/nav_msgs/cmake)
-- Found tf2: 0.36.19 (/opt/ros/jazzy/share/tf2/cmake)
-- Found tf2_ros: 0.36.19 (/opt/ros/jazzy/share/tf2_ros/cmake)
-- Configuring done (1.5s)
-- Generating done (0.0s)
-- Build files have been written to: /home/phantona/ee4308/build/ee4308_turtle2
[ 50%] [32mBuilding CXX object CMakeFiles/behavior.dir/rclcpp_components/node_main_behavior.cpp.o[0m
[ 50%] [32mBuilding CXX object CMakeFiles/map_loader.dir/rclcpp_components/node_main_map_loader.cpp.o[0m
[ 50%] [32mBuilding CXX object CMakeFiles/controller.dir/rclcpp_components/node_main_controller.cpp.o[0m
[ 50%] [32mBuilding CXX object CMakeFiles/controller_component.dir/src/controller.cpp.o[0m
[ 50%] [32mBuilding CXX object CMakeFiles/behavior_component.dir/src/behavior.cpp.o[0m
[ 50%] [32mBuilding CXX object CMakeFiles/map_loader_component.dir/src/map_loader.cpp.o[0m
[ 50%] [32mBuilding CXX object CMakeFiles/planner_component.dir/src/planner.cpp.o[0m
[ 50%] [32mBuilding CXX object CMakeFiles/planner.dir/rclcpp_components/node_main_planner.cpp.o[0m
[ 56%] [32m[1mLinking CXX executable controller[0m
[ 62%] [32m[1mLinking CXX executable planner[0m
[ 62%] Built target planner
[ 62%] Built target controller
[ 68%] [32m[1mLinking CXX executable behavior[0m
[ 75%] [32m[1mLinking CXX executable map_loader[0m
[ 75%] Built target behavior
[ 75%] Built target map_loader
[ 81%] [32m[1mLinking CXX shared library libmap_loader_component.so[0m
[ 81%] Built target map_loader_component
[ 87%] [32m[1mLinking CXX shared library libbehavior_component.so[0m
[ 87%] Built target behavior_component
[ 93%] [32m[1mLinking CXX shared library libplanner_component.so[0m
[100%] [32m[1mLinking CXX shared library libcontroller_component.so[0m
[100%] Built target planner_component
[100%] Built target controller_component
-- Install configuration: ""
-- Execute custom install script
-- Symlinking: /home/phantona/ee4308/install/ee4308_turtle2/lib/ee4308_turtle2/map_loader
-- Symlinking: /home/phantona/ee4308/install/ee4308_turtle2/lib/ee4308_turtle2/behavior
-- Symlinking: /home/phantona/ee4308/install/ee4308_turtle2/lib/ee4308_turtle2/controller
-- Symlinking: /home/phantona/ee4308/install/ee4308_turtle2/lib/ee4308_turtle2/planner
-- Symlinking: /home/phantona/ee4308/install/ee4308_turtle2/share/ament_index/resource_index/package_run_dependencies/ee4308_turtle2
-- Symlinking: /home/phantona/ee4308/install/ee4308_turtle2/share/ament_index/resource_index/parent_prefix_path/ee4308_turtle2
-- Symlinking: /home/phantona/ee4308/install/ee4308_turtle2/share/ee4308_turtle2/environment/ament_prefix_path.sh
-- Symlinking: /home/phantona/ee4308/install/ee4308_turtle2/share/ee4308_turtle2/environment/ament_prefix_path.dsv
-- Symlinking: /home/phantona/ee4308/install/ee4308_turtle2/share/ee4308_turtle2/environment/path.sh
-- Symlinking: /home/phantona/ee4308/install/ee4308_turtle2/share/ee4308_turtle2/environment/path.dsv
-- Symlinking: /home/phantona/ee4308/install/ee4308_turtle2/share/ee4308_turtle2/local_setup.bash
-- Symlinking: /home/phantona/ee4308/install/ee4308_turtle2/share/ee4308_turtle2/local_setup.sh
-- Symlinking: /home/phantona/ee4308/install/ee4308_turtle2/share/ee4308_turtle2/local_setup.zsh
-- Symlinking: /home/phantona/ee4308/install/ee4308_turtle2/share/ee4308_turtle2/local_setup.dsv
-- Symlinking: /home/phantona/ee4308/install/ee4308_turtle2/share/ee4308_turtle2/package.dsv
-- Symlinking: /home/phantona/ee4308/install/ee4308_turtle2/share/ament_index/resource_index/packages/ee4308_turtle2
-- Symlinking: /home/phantona/ee4308/install/ee4308_turtle2/share/ament_index/resource_index/rclcpp_components/ee4308_turtle2
-- Symlinking: /home/phantona/ee4308/install/ee4308_turtle2/share/ee4308_turtle2/cmake/ament_cmake_export_targets-extras.cmake
-- Symlinking: /home/phantona/ee4308/install/ee4308_turtle2/share/ee4308_turtle2/cmake/ee4308_turtle2Config.cmake
-- Symlinking: /home/phantona/ee4308/install/ee4308_turtle2/share/ee4308_turtle2/cmake/ee4308_turtle2Config-version.cmake
-- Symlinking: /home/phantona/ee4308/install/ee4308_turtle2/share/ee4308_turtle2/package.xml
-- Installing: /home/phantona/ee4308/install/ee4308_turtle2/lib/libmap_loader_component.so
-- Set non-toolchain portion of runtime path of "/home/phantona/ee4308/install/ee4308_turtle2/lib/libmap_loader_component.so" to ""
-- Installing: /home/phantona/ee4308/install/ee4308_turtle2/lib/libbehavior_component.so
-- Set non-toolchain portion of runtime path of "/home/phantona/ee4308/install/ee4308_turtle2/lib/libbehavior_component.so" to ""
-- Installing: /home/phantona/ee4308/install/ee4308_turtle2/lib/libcontroller_component.so
-- Set non-toolchain portion of runtime path of "/home/phantona/ee4308/install/ee4308_turtle2/lib/libcontroller_component.so" to ""
-- Installing: /home/phantona/ee4308/install/ee4308_turtle2/lib/libplanner_component.so
-- Set non-toolchain portion of runtime path of "/home/phantona/ee4308/install/ee4308_turtle2/lib/libplanner_component.so" to ""
-- Installing: /home/phantona/ee4308/install/ee4308_turtle2/share/ee4308_turtle2/cmake/export_map_loader_componentExport.cmake
-- Installing: /home/phantona/ee4308/install/ee4308_turtle2/share/ee4308_turtle2/cmake/export_map_loader_componentExport-noconfig.cmake
-- Installing: /home/phantona/ee4308/install/ee4308_turtle2/share/ee4308_turtle2/cmake/export_behavior_componentExport.cmake
-- Installing: /home/phantona/ee4308/install/ee4308_turtle2/share/ee4308_turtle2/cmake/export_behavior_componentExport-noconfig.cmake
-- Installing: /home/phantona/ee4308/install/ee4308_turtle2/share/ee4308_turtle2/cmake/export_controller_componentExport.cmake
-- Installing: /home/phantona/ee4308/install/ee4308_turtle2/share/ee4308_turtle2/cmake/export_controller_componentExport-noconfig.cmake
-- Installing: /home/phantona/ee4308/install/ee4308_turtle2/share/ee4308_turtle2/cmake/export_planner_componentExport.cmake
-- Installing: /home/phantona/ee4308/install/ee4308_turtle2/share/ee4308_turtle2/cmake/export_planner_componentExport-noconfig.cmake
