[0.032s] Invoking command in '/home/phantona/ee4308L2/build/ee4308_drone': CMAKE_PREFIX_PATH=${CMAKE_PREFIX_PATH}:/opt/ros/jazzy DEBUGINFOD_URLS=https://debuginfod.ubuntu.com /usr/bin/cmake --build /home/phantona/ee4308L2/build/ee4308_drone -- -j16 -l16
[0.167s] [ 50%] Built target planner
[0.167s] [ 50%] Built target controller_component
[0.167s] [ 50%] Built target behavior_component
[0.168s] [ 50%] Built target estimator
[0.169s] [ 68%] [32mBuilding CXX object CMakeFiles/estimator_component.dir/src/estimator.cpp.o[0m
[0.170s] [ 68%] Built target planner_component
[0.170s] [ 81%] Built target behavior
[0.171s] [ 93%] Built target controller
[23.348s] [100%] [32m[1mLinking CXX shared library libestimator_component.so[0m
[24.195s] [100%] Built target estimator_component
[24.207s] Invoked command in '/home/phantona/ee4308L2/build/ee4308_drone' returned '0': CMAKE_PREFIX_PATH=${CMAKE_PREFIX_PATH}:/opt/ros/jazzy DEBUGINFOD_URLS=https://debuginfod.ubuntu.com /usr/bin/cmake --build /home/phantona/ee4308L2/build/ee4308_drone -- -j16 -l16
[24.208s] Invoking command in '/home/phantona/ee4308L2/build/ee4308_drone': CMAKE_PREFIX_PATH=${CMAKE_PREFIX_PATH}:/opt/ros/jazzy DEBUGINFOD_URLS=https://debuginfod.ubuntu.com /usr/bin/cmake --install /home/phantona/ee4308L2/build/ee4308_drone
[24.216s] -- Install configuration: ""
[24.216s] -- Execute custom install script
[24.216s] -- Up-to-date symlink: /home/phantona/ee4308L2/install/ee4308_drone/lib/ee4308_drone/behavior
[24.217s] -- Up-to-date symlink: /home/phantona/ee4308L2/install/ee4308_drone/lib/ee4308_drone/controller
[24.217s] -- Up-to-date symlink: /home/phantona/ee4308L2/install/ee4308_drone/lib/ee4308_drone/estimator
[24.217s] -- Up-to-date symlink: /home/phantona/ee4308L2/install/ee4308_drone/lib/ee4308_drone/planner
[24.217s] -- Up-to-date symlink: /home/phantona/ee4308L2/install/ee4308_drone/share/ament_index/resource_index/package_run_dependencies/ee4308_drone
[24.217s] -- Up-to-date symlink: /home/phantona/ee4308L2/install/ee4308_drone/share/ament_index/resource_index/parent_prefix_path/ee4308_drone
[24.217s] -- Up-to-date symlink: /home/phantona/ee4308L2/install/ee4308_drone/share/ee4308_drone/environment/ament_prefix_path.sh
[24.218s] -- Up-to-date symlink: /home/phantona/ee4308L2/install/ee4308_drone/share/ee4308_drone/environment/ament_prefix_path.dsv
[24.218s] -- Up-to-date symlink: /home/phantona/ee4308L2/install/ee4308_drone/share/ee4308_drone/environment/path.sh
[24.218s] -- Up-to-date symlink: /home/phantona/ee4308L2/install/ee4308_drone/share/ee4308_drone/environment/path.dsv
[24.218s] -- Up-to-date symlink: /home/phantona/ee4308L2/install/ee4308_drone/share/ee4308_drone/local_setup.bash
[24.218s] -- Up-to-date symlink: /home/phantona/ee4308L2/install/ee4308_drone/share/ee4308_drone/local_setup.sh
[24.218s] -- Up-to-date symlink: /home/phantona/ee4308L2/install/ee4308_drone/share/ee4308_drone/local_setup.zsh
[24.218s] -- Up-to-date symlink: /home/phantona/ee4308L2/install/ee4308_drone/share/ee4308_drone/local_setup.dsv
[24.219s] -- Symlinking: /home/phantona/ee4308L2/install/ee4308_drone/share/ee4308_drone/package.dsv
[24.228s] -- Up-to-date symlink: /home/phantona/ee4308L2/install/ee4308_drone/share/ament_index/resource_index/packages/ee4308_drone
[24.228s] -- Up-to-date symlink: /home/phantona/ee4308L2/install/ee4308_drone/share/ament_index/resource_index/rclcpp_components/ee4308_drone
[24.229s] -- Up-to-date symlink: /home/phantona/ee4308L2/install/ee4308_drone/share/ee4308_drone/cmake/ament_cmake_export_targets-extras.cmake
[24.229s] -- Up-to-date symlink: /home/phantona/ee4308L2/install/ee4308_drone/share/ee4308_drone/cmake/ament_cmake_export_dependencies-extras.cmake
[24.229s] -- Up-to-date symlink: /home/phantona/ee4308L2/install/ee4308_drone/share/ee4308_drone/cmake/ee4308_droneConfig.cmake
[24.229s] -- Up-to-date symlink: /home/phantona/ee4308L2/install/ee4308_drone/share/ee4308_drone/cmake/ee4308_droneConfig-version.cmake
[24.229s] -- Up-to-date symlink: /home/phantona/ee4308L2/install/ee4308_drone/share/ee4308_drone/package.xml
[24.229s] -- Up-to-date: /home/phantona/ee4308L2/install/ee4308_drone/lib/libbehavior_component.so
[24.230s] -- Up-to-date: /home/phantona/ee4308L2/install/ee4308_drone/lib/libcontroller_component.so
[24.230s] -- Installing: /home/phantona/ee4308L2/install/ee4308_drone/lib/libestimator_component.so
[24.248s] -- Set non-toolchain portion of runtime path of "/home/phantona/ee4308L2/install/ee4308_drone/lib/libestimator_component.so" to ""
[24.248s] -- Up-to-date: /home/phantona/ee4308L2/install/ee4308_drone/lib/libplanner_component.so
[24.249s] -- Up-to-date: /home/phantona/ee4308L2/install/ee4308_drone/share/ee4308_drone/cmake/export_behavior_componentExport.cmake
[24.249s] -- Up-to-date: /home/phantona/ee4308L2/install/ee4308_drone/share/ee4308_drone/cmake/export_behavior_componentExport-noconfig.cmake
[24.249s] -- Up-to-date: /home/phantona/ee4308L2/install/ee4308_drone/share/ee4308_drone/cmake/export_controller_componentExport.cmake
[24.249s] -- Up-to-date: /home/phantona/ee4308L2/install/ee4308_drone/share/ee4308_drone/cmake/export_controller_componentExport-noconfig.cmake
[24.249s] -- Up-to-date: /home/phantona/ee4308L2/install/ee4308_drone/share/ee4308_drone/cmake/export_estimator_componentExport.cmake
[24.249s] -- Up-to-date: /home/phantona/ee4308L2/install/ee4308_drone/share/ee4308_drone/cmake/export_estimator_componentExport-noconfig.cmake
[24.249s] -- Up-to-date: /home/phantona/ee4308L2/install/ee4308_drone/share/ee4308_drone/cmake/export_planner_componentExport.cmake
[24.249s] -- Up-to-date: /home/phantona/ee4308L2/install/ee4308_drone/share/ee4308_drone/cmake/export_planner_componentExport-noconfig.cmake
[24.251s] Invoked command in '/home/phantona/ee4308L2/build/ee4308_drone' returned '0': CMAKE_PREFIX_PATH=${CMAKE_PREFIX_PATH}:/opt/ros/jazzy DEBUGINFOD_URLS=https://debuginfod.ubuntu.com /usr/bin/cmake --install /home/phantona/ee4308L2/build/ee4308_drone
