[0.193s] DEBUG:colcon:Command line arguments: ['/usr/bin/colcon', 'build', '--symlink-install']
[0.194s] DEBUG:colcon:Parsed command line arguments: Namespace(log_base=None, log_level=None, verb_name='build', build_base='build', install_base='install', merge_install=False, symlink_install=True, test_result_base=None, continue_on_error=False, executor='parallel', parallel_workers=16, event_handlers=None, ignore_user_meta=False, metas=['./colcon.meta'], base_paths=['.'], packages_ignore=None, packages_ignore_regex=None, paths=None, packages_up_to=None, packages_up_to_regex=None, packages_above=None, packages_above_and_dependencies=None, packages_above_depth=None, packages_select_by_dep=None, packages_skip_by_dep=None, packages_skip_up_to=None, packages_select_build_failed=False, packages_skip_build_finished=False, packages_select_test_failures=False, packages_skip_test_passed=False, packages_select=None, packages_skip=None, packages_select_regex=None, packages_skip_regex=None, packages_start=None, packages_end=None, allow_overriding=[], cmake_args=None, cmake_target=None, cmake_target_skip_unavailable=False, cmake_clean_cache=False, cmake_clean_first=False, cmake_force_configure=False, ament_cmake_args=None, catkin_cmake_args=None, catkin_skip_building_tests=False, mixin_files=None, mixin=None, verb_parser=<colcon_mixin.mixin.mixin_argument.MixinArgumentDecorator object at 0x7d927cf9c0b0>, verb_extension=<colcon_core.verb.build.BuildVerb object at 0x7d927cf77da0>, main=<bound method BuildVerb.main of <colcon_core.verb.build.BuildVerb object at 0x7d927cf77da0>>, mixin_verb=('build',))
[0.257s] Level 1:colcon.colcon_core.package_discovery:discover_packages(colcon_meta) check parameters
[0.257s] Level 1:colcon.colcon_core.package_discovery:discover_packages(recursive) check parameters
[0.258s] Level 1:colcon.colcon_core.package_discovery:discover_packages(ignore) check parameters
[0.258s] Level 1:colcon.colcon_core.package_discovery:discover_packages(path) check parameters
[0.258s] Level 1:colcon.colcon_core.package_discovery:discover_packages(colcon_meta) discover
[0.258s] Level 1:colcon.colcon_core.package_discovery:discover_packages(recursive) discover
[0.258s] INFO:colcon.colcon_core.package_discovery:Crawling recursively for packages in '/home/phantona/ee4308'
[0.258s] Level 1:colcon.colcon_core.package_identification:_identify(.) by extensions ['ignore', 'ignore_ament_install']
[0.258s] Level 1:colcon.colcon_core.package_identification:_identify(.) by extension 'ignore'
[0.258s] Level 1:colcon.colcon_core.package_identification:_identify(.) by extension 'ignore_ament_install'
[0.259s] Level 1:colcon.colcon_core.package_identification:_identify(.) by extensions ['colcon_pkg']
[0.259s] Level 1:colcon.colcon_core.package_identification:_identify(.) by extension 'colcon_pkg'
[0.259s] Level 1:colcon.colcon_core.package_identification:_identify(.) by extensions ['colcon_meta']
[0.259s] Level 1:colcon.colcon_core.package_identification:_identify(.) by extension 'colcon_meta'
[0.259s] Level 1:colcon.colcon_core.package_identification:_identify(.) by extensions ['ros']
[0.259s] Level 1:colcon.colcon_core.package_identification:_identify(.) by extension 'ros'
[0.303s] Level 1:colcon.colcon_core.package_identification:_identify(.) by extensions ['cmake', 'python']
[0.304s] Level 1:colcon.colcon_core.package_identification:_identify(.) by extension 'cmake'
[0.304s] Level 1:colcon.colcon_core.package_identification:_identify(.) by extension 'python'
[0.304s] Level 1:colcon.colcon_core.package_identification:_identify(.) by extensions ['python_setup_py']
[0.304s] Level 1:colcon.colcon_core.package_identification:_identify(.) by extension 'python_setup_py'
[0.304s] Level 1:colcon.colcon_core.package_identification:_identify(build) by extensions ['ignore', 'ignore_ament_install']
[0.304s] Level 1:colcon.colcon_core.package_identification:_identify(build) by extension 'ignore'
[0.304s] Level 1:colcon.colcon_core.package_identification:_identify(build) ignored
[0.305s] Level 1:colcon.colcon_core.package_identification:_identify(docs) by extensions ['ignore', 'ignore_ament_install']
[0.305s] Level 1:colcon.colcon_core.package_identification:_identify(docs) by extension 'ignore'
[0.305s] Level 1:colcon.colcon_core.package_identification:_identify(docs) by extension 'ignore_ament_install'
[0.305s] Level 1:colcon.colcon_core.package_identification:_identify(docs) by extensions ['colcon_pkg']
[0.305s] Level 1:colcon.colcon_core.package_identification:_identify(docs) by extension 'colcon_pkg'
[0.305s] Level 1:colcon.colcon_core.package_identification:_identify(docs) by extensions ['colcon_meta']
[0.305s] Level 1:colcon.colcon_core.package_identification:_identify(docs) by extension 'colcon_meta'
[0.305s] Level 1:colcon.colcon_core.package_identification:_identify(docs) by extensions ['ros']
[0.305s] Level 1:colcon.colcon_core.package_identification:_identify(docs) by extension 'ros'
[0.306s] Level 1:colcon.colcon_core.package_identification:_identify(docs) by extensions ['cmake', 'python']
[0.306s] Level 1:colcon.colcon_core.package_identification:_identify(docs) by extension 'cmake'
[0.306s] Level 1:colcon.colcon_core.package_identification:_identify(docs) by extension 'python'
[0.306s] Level 1:colcon.colcon_core.package_identification:_identify(docs) by extensions ['python_setup_py']
[0.306s] Level 1:colcon.colcon_core.package_identification:_identify(docs) by extension 'python_setup_py'
[0.306s] Level 1:colcon.colcon_core.package_identification:_identify(install) by extensions ['ignore', 'ignore_ament_install']
[0.306s] Level 1:colcon.colcon_core.package_identification:_identify(install) by extension 'ignore'
[0.306s] Level 1:colcon.colcon_core.package_identification:_identify(install) ignored
[0.307s] Level 1:colcon.colcon_core.package_identification:_identify(log) by extensions ['ignore', 'ignore_ament_install']
[0.307s] Level 1:colcon.colcon_core.package_identification:_identify(log) by extension 'ignore'
[0.307s] Level 1:colcon.colcon_core.package_identification:_identify(log) ignored
[0.307s] Level 1:colcon.colcon_core.package_identification:_identify(src) by extensions ['ignore', 'ignore_ament_install']
[0.307s] Level 1:colcon.colcon_core.package_identification:_identify(src) by extension 'ignore'
[0.307s] Level 1:colcon.colcon_core.package_identification:_identify(src) by extension 'ignore_ament_install'
[0.307s] Level 1:colcon.colcon_core.package_identification:_identify(src) by extensions ['colcon_pkg']
[0.307s] Level 1:colcon.colcon_core.package_identification:_identify(src) by extension 'colcon_pkg'
[0.308s] Level 1:colcon.colcon_core.package_identification:_identify(src) by extensions ['colcon_meta']
[0.308s] Level 1:colcon.colcon_core.package_identification:_identify(src) by extension 'colcon_meta'
[0.308s] Level 1:colcon.colcon_core.package_identification:_identify(src) by extensions ['ros']
[0.308s] Level 1:colcon.colcon_core.package_identification:_identify(src) by extension 'ros'
[0.308s] Level 1:colcon.colcon_core.package_identification:_identify(src) by extensions ['cmake', 'python']
[0.308s] Level 1:colcon.colcon_core.package_identification:_identify(src) by extension 'cmake'
[0.308s] Level 1:colcon.colcon_core.package_identification:_identify(src) by extension 'python'
[0.308s] Level 1:colcon.colcon_core.package_identification:_identify(src) by extensions ['python_setup_py']
[0.308s] Level 1:colcon.colcon_core.package_identification:_identify(src) by extension 'python_setup_py'
[0.309s] Level 1:colcon.colcon_core.package_identification:_identify(src/ee4308_bringup) by extensions ['ignore', 'ignore_ament_install']
[0.309s] Level 1:colcon.colcon_core.package_identification:_identify(src/ee4308_bringup) by extension 'ignore'
[0.309s] Level 1:colcon.colcon_core.package_identification:_identify(src/ee4308_bringup) by extension 'ignore_ament_install'
[0.309s] Level 1:colcon.colcon_core.package_identification:_identify(src/ee4308_bringup) by extensions ['colcon_pkg']
[0.309s] Level 1:colcon.colcon_core.package_identification:_identify(src/ee4308_bringup) by extension 'colcon_pkg'
[0.309s] Level 1:colcon.colcon_core.package_identification:_identify(src/ee4308_bringup) by extensions ['colcon_meta']
[0.309s] Level 1:colcon.colcon_core.package_identification:_identify(src/ee4308_bringup) by extension 'colcon_meta'
[0.309s] Level 1:colcon.colcon_core.package_identification:_identify(src/ee4308_bringup) by extensions ['ros']
[0.309s] Level 1:colcon.colcon_core.package_identification:_identify(src/ee4308_bringup) by extension 'ros'
[0.313s] DEBUG:colcon.colcon_core.package_identification:Package 'src/ee4308_bringup' with type 'ros.ament_cmake' and name 'ee4308_bringup'
[0.313s] Level 1:colcon.colcon_core.package_identification:_identify(src/ee4308_drone) by extensions ['ignore', 'ignore_ament_install']
[0.314s] Level 1:colcon.colcon_core.package_identification:_identify(src/ee4308_drone) by extension 'ignore'
[0.314s] Level 1:colcon.colcon_core.package_identification:_identify(src/ee4308_drone) by extension 'ignore_ament_install'
[0.314s] Level 1:colcon.colcon_core.package_identification:_identify(src/ee4308_drone) by extensions ['colcon_pkg']
[0.314s] Level 1:colcon.colcon_core.package_identification:_identify(src/ee4308_drone) by extension 'colcon_pkg'
[0.314s] Level 1:colcon.colcon_core.package_identification:_identify(src/ee4308_drone) by extensions ['colcon_meta']
[0.314s] Level 1:colcon.colcon_core.package_identification:_identify(src/ee4308_drone) by extension 'colcon_meta'
[0.314s] Level 1:colcon.colcon_core.package_identification:_identify(src/ee4308_drone) by extensions ['ros']
[0.314s] Level 1:colcon.colcon_core.package_identification:_identify(src/ee4308_drone) by extension 'ros'
[0.316s] DEBUG:colcon.colcon_core.package_identification:Package 'src/ee4308_drone' with type 'ros.ament_cmake' and name 'ee4308_drone'
[0.316s] Level 1:colcon.colcon_core.package_identification:_identify(src/ee4308_turtle2) by extensions ['ignore', 'ignore_ament_install']
[0.316s] Level 1:colcon.colcon_core.package_identification:_identify(src/ee4308_turtle2) by extension 'ignore'
[0.316s] Level 1:colcon.colcon_core.package_identification:_identify(src/ee4308_turtle2) by extension 'ignore_ament_install'
[0.316s] Level 1:colcon.colcon_core.package_identification:_identify(src/ee4308_turtle2) by extensions ['colcon_pkg']
[0.316s] Level 1:colcon.colcon_core.package_identification:_identify(src/ee4308_turtle2) by extension 'colcon_pkg'
[0.316s] Level 1:colcon.colcon_core.package_identification:_identify(src/ee4308_turtle2) by extensions ['colcon_meta']
[0.317s] Level 1:colcon.colcon_core.package_identification:_identify(src/ee4308_turtle2) by extension 'colcon_meta'
[0.317s] Level 1:colcon.colcon_core.package_identification:_identify(src/ee4308_turtle2) by extensions ['ros']
[0.317s] Level 1:colcon.colcon_core.package_identification:_identify(src/ee4308_turtle2) by extension 'ros'
[0.318s] DEBUG:colcon.colcon_core.package_identification:Package 'src/ee4308_turtle2' with type 'ros.ament_cmake' and name 'ee4308_turtle2'
[0.318s] Level 1:colcon.colcon_core.package_discovery:discover_packages(recursive) using defaults
[0.318s] Level 1:colcon.colcon_core.package_discovery:discover_packages(ignore) discover
[0.318s] Level 1:colcon.colcon_core.package_discovery:discover_packages(ignore) using defaults
[0.318s] Level 1:colcon.colcon_core.package_discovery:discover_packages(path) discover
[0.318s] Level 1:colcon.colcon_core.package_discovery:discover_packages(path) using defaults
[0.352s] Level 1:colcon.colcon_core.package_discovery:discover_packages(prefix_path) check parameters
[0.352s] Level 1:colcon.colcon_core.package_discovery:discover_packages(prefix_path) discover
[0.360s] DEBUG:colcon.colcon_installed_package_information.package_discovery:Found 394 installed packages in /opt/ros/jazzy
[0.362s] Level 1:colcon.colcon_core.package_discovery:discover_packages(prefix_path) using defaults
[0.455s] Level 5:colcon.colcon_core.verb:set package 'ee4308_bringup' build argument 'cmake_args' from command line to 'None'
[0.455s] Level 5:colcon.colcon_core.verb:set package 'ee4308_bringup' build argument 'cmake_target' from command line to 'None'
[0.455s] Level 5:colcon.colcon_core.verb:set package 'ee4308_bringup' build argument 'cmake_target_skip_unavailable' from command line to 'False'
[0.455s] Level 5:colcon.colcon_core.verb:set package 'ee4308_bringup' build argument 'cmake_clean_cache' from command line to 'False'
[0.455s] Level 5:colcon.colcon_core.verb:set package 'ee4308_bringup' build argument 'cmake_clean_first' from command line to 'False'
[0.455s] Level 5:colcon.colcon_core.verb:set package 'ee4308_bringup' build argument 'cmake_force_configure' from command line to 'False'
[0.455s] Level 5:colcon.colcon_core.verb:set package 'ee4308_bringup' build argument 'ament_cmake_args' from command line to 'None'
[0.455s] Level 5:colcon.colcon_core.verb:set package 'ee4308_bringup' build argument 'catkin_cmake_args' from command line to 'None'
[0.455s] Level 5:colcon.colcon_core.verb:set package 'ee4308_bringup' build argument 'catkin_skip_building_tests' from command line to 'False'
[0.455s] DEBUG:colcon.colcon_core.verb:Building package 'ee4308_bringup' with the following arguments: {'ament_cmake_args': None, 'build_base': '/home/phantona/ee4308/build/ee4308_bringup', 'catkin_cmake_args': None, 'catkin_skip_building_tests': False, 'cmake_args': None, 'cmake_clean_cache': False, 'cmake_clean_first': False, 'cmake_force_configure': False, 'cmake_target': None, 'cmake_target_skip_unavailable': False, 'install_base': '/home/phantona/ee4308/install/ee4308_bringup', 'merge_install': False, 'path': '/home/phantona/ee4308/src/ee4308_bringup', 'symlink_install': True, 'test_result_base': None}
[0.456s] Level 5:colcon.colcon_core.verb:set package 'ee4308_drone' build argument 'cmake_args' from command line to 'None'
[0.456s] Level 5:colcon.colcon_core.verb:set package 'ee4308_drone' build argument 'cmake_target' from command line to 'None'
[0.456s] Level 5:colcon.colcon_core.verb:set package 'ee4308_drone' build argument 'cmake_target_skip_unavailable' from command line to 'False'
[0.456s] Level 5:colcon.colcon_core.verb:set package 'ee4308_drone' build argument 'cmake_clean_cache' from command line to 'False'
[0.456s] Level 5:colcon.colcon_core.verb:set package 'ee4308_drone' build argument 'cmake_clean_first' from command line to 'False'
[0.456s] Level 5:colcon.colcon_core.verb:set package 'ee4308_drone' build argument 'cmake_force_configure' from command line to 'False'
[0.456s] Level 5:colcon.colcon_core.verb:set package 'ee4308_drone' build argument 'ament_cmake_args' from command line to 'None'
[0.456s] Level 5:colcon.colcon_core.verb:set package 'ee4308_drone' build argument 'catkin_cmake_args' from command line to 'None'
[0.456s] Level 5:colcon.colcon_core.verb:set package 'ee4308_drone' build argument 'catkin_skip_building_tests' from command line to 'False'
[0.456s] DEBUG:colcon.colcon_core.verb:Building package 'ee4308_drone' with the following arguments: {'ament_cmake_args': None, 'build_base': '/home/phantona/ee4308/build/ee4308_drone', 'catkin_cmake_args': None, 'catkin_skip_building_tests': False, 'cmake_args': None, 'cmake_clean_cache': False, 'cmake_clean_first': False, 'cmake_force_configure': False, 'cmake_target': None, 'cmake_target_skip_unavailable': False, 'install_base': '/home/phantona/ee4308/install/ee4308_drone', 'merge_install': False, 'path': '/home/phantona/ee4308/src/ee4308_drone', 'symlink_install': True, 'test_result_base': None}
[0.457s] Level 5:colcon.colcon_core.verb:set package 'ee4308_turtle2' build argument 'cmake_args' from command line to 'None'
[0.457s] Level 5:colcon.colcon_core.verb:set package 'ee4308_turtle2' build argument 'cmake_target' from command line to 'None'
[0.457s] Level 5:colcon.colcon_core.verb:set package 'ee4308_turtle2' build argument 'cmake_target_skip_unavailable' from command line to 'False'
[0.457s] Level 5:colcon.colcon_core.verb:set package 'ee4308_turtle2' build argument 'cmake_clean_cache' from command line to 'False'
[0.457s] Level 5:colcon.colcon_core.verb:set package 'ee4308_turtle2' build argument 'cmake_clean_first' from command line to 'False'
[0.457s] Level 5:colcon.colcon_core.verb:set package 'ee4308_turtle2' build argument 'cmake_force_configure' from command line to 'False'
[0.457s] Level 5:colcon.colcon_core.verb:set package 'ee4308_turtle2' build argument 'ament_cmake_args' from command line to 'None'
[0.457s] Level 5:colcon.colcon_core.verb:set package 'ee4308_turtle2' build argument 'catkin_cmake_args' from command line to 'None'
[0.457s] Level 5:colcon.colcon_core.verb:set package 'ee4308_turtle2' build argument 'catkin_skip_building_tests' from command line to 'False'
[0.457s] DEBUG:colcon.colcon_core.verb:Building package 'ee4308_turtle2' with the following arguments: {'ament_cmake_args': None, 'build_base': '/home/phantona/ee4308/build/ee4308_turtle2', 'catkin_cmake_args': None, 'catkin_skip_building_tests': False, 'cmake_args': None, 'cmake_clean_cache': False, 'cmake_clean_first': False, 'cmake_force_configure': False, 'cmake_target': None, 'cmake_target_skip_unavailable': False, 'install_base': '/home/phantona/ee4308/install/ee4308_turtle2', 'merge_install': False, 'path': '/home/phantona/ee4308/src/ee4308_turtle2', 'symlink_install': True, 'test_result_base': None}
[0.457s] INFO:colcon.colcon_core.executor:Executing jobs using 'parallel' executor
[0.459s] DEBUG:colcon.colcon_parallel_executor.executor.parallel:run_until_complete
[0.459s] INFO:colcon.colcon_ros.task.ament_cmake.build:Building ROS package in '/home/phantona/ee4308/src/ee4308_bringup' with build type 'ament_cmake'
[0.460s] INFO:colcon.colcon_cmake.task.cmake.build:Building CMake package in '/home/phantona/ee4308/src/ee4308_bringup'
[0.471s] INFO:colcon.colcon_core.plugin_system:Skipping extension 'colcon_core.shell.bat': Not used on non-Windows systems
[0.472s] INFO:colcon.colcon_core.shell:Skip shell extension 'powershell' for command environment: Not usable outside of PowerShell
[0.472s] DEBUG:colcon.colcon_core.shell:Skip shell extension 'dsv' for command environment
[0.479s] INFO:colcon.colcon_ros.task.ament_cmake.build:Building ROS package in '/home/phantona/ee4308/src/ee4308_drone' with build type 'ament_cmake'
[0.479s] INFO:colcon.colcon_cmake.task.cmake.build:Building CMake package in '/home/phantona/ee4308/src/ee4308_drone'
[0.480s] INFO:colcon.colcon_core.shell:Skip shell extension 'powershell' for command environment: Not usable outside of PowerShell
[0.480s] DEBUG:colcon.colcon_core.shell:Skip shell extension 'dsv' for command environment
[0.486s] INFO:colcon.colcon_ros.task.ament_cmake.build:Building ROS package in '/home/phantona/ee4308/src/ee4308_turtle2' with build type 'ament_cmake'
[0.486s] INFO:colcon.colcon_cmake.task.cmake.build:Building CMake package in '/home/phantona/ee4308/src/ee4308_turtle2'
[0.486s] INFO:colcon.colcon_core.shell:Skip shell extension 'powershell' for command environment: Not usable outside of PowerShell
[0.486s] DEBUG:colcon.colcon_core.shell:Skip shell extension 'dsv' for command environment
[0.503s] DEBUG:colcon.colcon_core.event_handler.log_command:Invoking command in '/home/phantona/ee4308/build/ee4308_bringup': CMAKE_PREFIX_PATH=${CMAKE_PREFIX_PATH}:/opt/ros/jazzy DEBUGINFOD_URLS=https://debuginfod.ubuntu.com /usr/bin/cmake --build /home/phantona/ee4308/build/ee4308_bringup -- -j16 -l16
[0.511s] DEBUG:colcon.colcon_core.event_handler.log_command:Invoking command in '/home/phantona/ee4308/build/ee4308_drone': CMAKE_PREFIX_PATH=${CMAKE_PREFIX_PATH}:/opt/ros/jazzy DEBUGINFOD_URLS=https://debuginfod.ubuntu.com /usr/bin/cmake --build /home/phantona/ee4308/build/ee4308_drone -- -j16 -l16
[0.519s] DEBUG:colcon.colcon_core.event_handler.log_command:Invoking command in '/home/phantona/ee4308/build/ee4308_turtle2': CMAKE_PREFIX_PATH=${CMAKE_PREFIX_PATH}:/opt/ros/jazzy DEBUGINFOD_URLS=https://debuginfod.ubuntu.com /usr/bin/cmake --build /home/phantona/ee4308/build/ee4308_turtle2 -- -j16 -l16
[0.604s] DEBUG:colcon.colcon_core.event_handler.log_command:Invoked command in '/home/phantona/ee4308/build/ee4308_bringup' returned '0': CMAKE_PREFIX_PATH=${CMAKE_PREFIX_PATH}:/opt/ros/jazzy DEBUGINFOD_URLS=https://debuginfod.ubuntu.com /usr/bin/cmake --build /home/phantona/ee4308/build/ee4308_bringup -- -j16 -l16
[0.641s] DEBUG:colcon.colcon_core.event_handler.log_command:Invoking command in '/home/phantona/ee4308/build/ee4308_bringup': CMAKE_PREFIX_PATH=${CMAKE_PREFIX_PATH}:/opt/ros/jazzy DEBUGINFOD_URLS=https://debuginfod.ubuntu.com /usr/bin/cmake --install /home/phantona/ee4308/build/ee4308_bringup
[0.733s] DEBUG:colcon.colcon_core.event_handler.log_command:Invoked command in '/home/phantona/ee4308/build/ee4308_turtle2' returned '0': CMAKE_PREFIX_PATH=${CMAKE_PREFIX_PATH}:/opt/ros/jazzy DEBUGINFOD_URLS=https://debuginfod.ubuntu.com /usr/bin/cmake --build /home/phantona/ee4308/build/ee4308_turtle2 -- -j16 -l16
[0.736s] DEBUG:colcon.colcon_core.event_handler.log_command:Invoking command in '/home/phantona/ee4308/build/ee4308_turtle2': CMAKE_PREFIX_PATH=${CMAKE_PREFIX_PATH}:/opt/ros/jazzy DEBUGINFOD_URLS=https://debuginfod.ubuntu.com /usr/bin/cmake --install /home/phantona/ee4308/build/ee4308_turtle2
[0.738s] Level 1:colcon.colcon_core.environment:create_environment_scripts_only(ee4308_bringup)
[0.739s] DEBUG:colcon.colcon_core.event_handler.log_command:Invoked command in '/home/phantona/ee4308/build/ee4308_bringup' returned '0': CMAKE_PREFIX_PATH=${CMAKE_PREFIX_PATH}:/opt/ros/jazzy DEBUGINFOD_URLS=https://debuginfod.ubuntu.com /usr/bin/cmake --install /home/phantona/ee4308/build/ee4308_bringup
[0.745s] Level 1:colcon.colcon_core.environment:checking '/home/phantona/ee4308/install/ee4308_bringup' for CMake module files
[0.746s] Level 1:colcon.colcon_core.environment:checking '/home/phantona/ee4308/install/ee4308_bringup' for CMake config files
[0.748s] Level 1:colcon.colcon_core.shell:create_environment_hook('ee4308_bringup', 'cmake_prefix_path')
[0.748s] INFO:colcon.colcon_core.shell:Creating environment hook '/home/phantona/ee4308/install/ee4308_bringup/share/ee4308_bringup/hook/cmake_prefix_path.ps1'
[0.750s] INFO:colcon.colcon_core.shell:Creating environment descriptor '/home/phantona/ee4308/install/ee4308_bringup/share/ee4308_bringup/hook/cmake_prefix_path.dsv'
[0.751s] INFO:colcon.colcon_core.shell:Creating environment hook '/home/phantona/ee4308/install/ee4308_bringup/share/ee4308_bringup/hook/cmake_prefix_path.sh'
[0.753s] Level 1:colcon.colcon_core.environment:checking '/home/phantona/ee4308/install/ee4308_bringup/bin'
[0.753s] Level 1:colcon.colcon_core.environment:checking '/home/phantona/ee4308/install/ee4308_bringup/lib/pkgconfig/ee4308_bringup.pc'
[0.754s] Level 1:colcon.colcon_core.environment:checking '/home/phantona/ee4308/install/ee4308_bringup/lib/python3.12/site-packages'
[0.755s] Level 1:colcon.colcon_core.environment:checking '/home/phantona/ee4308/install/ee4308_bringup/bin'
[0.755s] INFO:colcon.colcon_core.shell:Creating package script '/home/phantona/ee4308/install/ee4308_bringup/share/ee4308_bringup/package.ps1'
[0.758s] INFO:colcon.colcon_core.shell:Creating package descriptor '/home/phantona/ee4308/install/ee4308_bringup/share/ee4308_bringup/package.dsv'
[0.760s] INFO:colcon.colcon_core.shell:Creating package script '/home/phantona/ee4308/install/ee4308_bringup/share/ee4308_bringup/package.sh'
[0.763s] INFO:colcon.colcon_core.shell:Creating package script '/home/phantona/ee4308/install/ee4308_bringup/share/ee4308_bringup/package.bash'
[0.766s] INFO:colcon.colcon_core.shell:Creating package script '/home/phantona/ee4308/install/ee4308_bringup/share/ee4308_bringup/package.zsh'
[0.768s] Level 1:colcon.colcon_core.environment:create_file_with_runtime_dependencies(/home/phantona/ee4308/install/ee4308_bringup/share/colcon-core/packages/ee4308_bringup)
[0.769s] Level 1:colcon.colcon_core.environment:create_environment_scripts_only(ee4308_bringup)
[0.769s] Level 1:colcon.colcon_core.environment:checking '/home/phantona/ee4308/install/ee4308_bringup' for CMake module files
[0.770s] Level 1:colcon.colcon_core.environment:checking '/home/phantona/ee4308/install/ee4308_bringup' for CMake config files
[0.771s] Level 1:colcon.colcon_core.shell:create_environment_hook('ee4308_bringup', 'cmake_prefix_path')
[0.771s] INFO:colcon.colcon_core.shell:Creating environment hook '/home/phantona/ee4308/install/ee4308_bringup/share/ee4308_bringup/hook/cmake_prefix_path.ps1'
[0.772s] INFO:colcon.colcon_core.shell:Creating environment descriptor '/home/phantona/ee4308/install/ee4308_bringup/share/ee4308_bringup/hook/cmake_prefix_path.dsv'
[0.773s] INFO:colcon.colcon_core.shell:Creating environment hook '/home/phantona/ee4308/install/ee4308_bringup/share/ee4308_bringup/hook/cmake_prefix_path.sh'
[0.774s] Level 1:colcon.colcon_core.environment:checking '/home/phantona/ee4308/install/ee4308_bringup/bin'
[0.774s] Level 1:colcon.colcon_core.environment:checking '/home/phantona/ee4308/install/ee4308_bringup/lib/pkgconfig/ee4308_bringup.pc'
[0.775s] Level 1:colcon.colcon_core.environment:checking '/home/phantona/ee4308/install/ee4308_bringup/lib/python3.12/site-packages'
[0.775s] Level 1:colcon.colcon_core.environment:checking '/home/phantona/ee4308/install/ee4308_bringup/bin'
[0.776s] INFO:colcon.colcon_core.shell:Creating package script '/home/phantona/ee4308/install/ee4308_bringup/share/ee4308_bringup/package.ps1'
[0.777s] INFO:colcon.colcon_core.shell:Creating package descriptor '/home/phantona/ee4308/install/ee4308_bringup/share/ee4308_bringup/package.dsv'
[0.778s] INFO:colcon.colcon_core.shell:Creating package script '/home/phantona/ee4308/install/ee4308_bringup/share/ee4308_bringup/package.sh'
[0.778s] INFO:colcon.colcon_core.shell:Creating package script '/home/phantona/ee4308/install/ee4308_bringup/share/ee4308_bringup/package.bash'
[0.779s] INFO:colcon.colcon_core.shell:Creating package script '/home/phantona/ee4308/install/ee4308_bringup/share/ee4308_bringup/package.zsh'
[0.780s] Level 1:colcon.colcon_core.environment:create_file_with_runtime_dependencies(/home/phantona/ee4308/install/ee4308_bringup/share/colcon-core/packages/ee4308_bringup)
[0.804s] Level 1:colcon.colcon_core.environment:create_environment_scripts_only(ee4308_turtle2)
[0.804s] Level 1:colcon.colcon_core.environment:checking '/home/phantona/ee4308/install/ee4308_turtle2' for CMake module files
[0.806s] DEBUG:colcon.colcon_core.event_handler.log_command:Invoked command in '/home/phantona/ee4308/build/ee4308_turtle2' returned '0': CMAKE_PREFIX_PATH=${CMAKE_PREFIX_PATH}:/opt/ros/jazzy DEBUGINFOD_URLS=https://debuginfod.ubuntu.com /usr/bin/cmake --install /home/phantona/ee4308/build/ee4308_turtle2
[0.806s] Level 1:colcon.colcon_core.environment:checking '/home/phantona/ee4308/install/ee4308_turtle2' for CMake config files
[0.807s] Level 1:colcon.colcon_core.shell:create_environment_hook('ee4308_turtle2', 'cmake_prefix_path')
[0.807s] INFO:colcon.colcon_core.shell:Creating environment hook '/home/phantona/ee4308/install/ee4308_turtle2/share/ee4308_turtle2/hook/cmake_prefix_path.ps1'
[0.808s] INFO:colcon.colcon_core.shell:Creating environment descriptor '/home/phantona/ee4308/install/ee4308_turtle2/share/ee4308_turtle2/hook/cmake_prefix_path.dsv'
[0.809s] INFO:colcon.colcon_core.shell:Creating environment hook '/home/phantona/ee4308/install/ee4308_turtle2/share/ee4308_turtle2/hook/cmake_prefix_path.sh'
[0.810s] Level 1:colcon.colcon_core.environment:checking '/home/phantona/ee4308/install/ee4308_turtle2/lib'
[0.810s] Level 1:colcon.colcon_core.shell:create_environment_hook('ee4308_turtle2', 'ld_library_path_lib')
[0.810s] INFO:colcon.colcon_core.shell:Creating environment hook '/home/phantona/ee4308/install/ee4308_turtle2/share/ee4308_turtle2/hook/ld_library_path_lib.ps1'
[0.811s] INFO:colcon.colcon_core.shell:Creating environment descriptor '/home/phantona/ee4308/install/ee4308_turtle2/share/ee4308_turtle2/hook/ld_library_path_lib.dsv'
[0.812s] INFO:colcon.colcon_core.shell:Creating environment hook '/home/phantona/ee4308/install/ee4308_turtle2/share/ee4308_turtle2/hook/ld_library_path_lib.sh'
[0.812s] Level 1:colcon.colcon_core.environment:checking '/home/phantona/ee4308/install/ee4308_turtle2/bin'
[0.812s] Level 1:colcon.colcon_core.environment:checking '/home/phantona/ee4308/install/ee4308_turtle2/lib/pkgconfig/ee4308_turtle2.pc'
[0.813s] Level 1:colcon.colcon_core.environment:checking '/home/phantona/ee4308/install/ee4308_turtle2/lib/python3.12/site-packages'
[0.813s] Level 1:colcon.colcon_core.environment:checking '/home/phantona/ee4308/install/ee4308_turtle2/bin'
[0.814s] INFO:colcon.colcon_core.shell:Creating package script '/home/phantona/ee4308/install/ee4308_turtle2/share/ee4308_turtle2/package.ps1'
[0.814s] INFO:colcon.colcon_core.shell:Creating package descriptor '/home/phantona/ee4308/install/ee4308_turtle2/share/ee4308_turtle2/package.dsv'
[0.815s] INFO:colcon.colcon_core.shell:Creating package script '/home/phantona/ee4308/install/ee4308_turtle2/share/ee4308_turtle2/package.sh'
[0.816s] INFO:colcon.colcon_core.shell:Creating package script '/home/phantona/ee4308/install/ee4308_turtle2/share/ee4308_turtle2/package.bash'
[0.816s] INFO:colcon.colcon_core.shell:Creating package script '/home/phantona/ee4308/install/ee4308_turtle2/share/ee4308_turtle2/package.zsh'
[0.817s] Level 1:colcon.colcon_core.environment:create_file_with_runtime_dependencies(/home/phantona/ee4308/install/ee4308_turtle2/share/colcon-core/packages/ee4308_turtle2)
[0.818s] Level 1:colcon.colcon_core.environment:create_environment_scripts_only(ee4308_turtle2)
[0.818s] Level 1:colcon.colcon_core.environment:checking '/home/phantona/ee4308/install/ee4308_turtle2' for CMake module files
[0.819s] Level 1:colcon.colcon_core.environment:checking '/home/phantona/ee4308/install/ee4308_turtle2' for CMake config files
[0.819s] Level 1:colcon.colcon_core.shell:create_environment_hook('ee4308_turtle2', 'cmake_prefix_path')
[0.820s] INFO:colcon.colcon_core.shell:Creating environment hook '/home/phantona/ee4308/install/ee4308_turtle2/share/ee4308_turtle2/hook/cmake_prefix_path.ps1'
[0.820s] INFO:colcon.colcon_core.shell:Creating environment descriptor '/home/phantona/ee4308/install/ee4308_turtle2/share/ee4308_turtle2/hook/cmake_prefix_path.dsv'
[0.821s] INFO:colcon.colcon_core.shell:Creating environment hook '/home/phantona/ee4308/install/ee4308_turtle2/share/ee4308_turtle2/hook/cmake_prefix_path.sh'
[0.822s] Level 1:colcon.colcon_core.environment:checking '/home/phantona/ee4308/install/ee4308_turtle2/lib'
[0.822s] Level 1:colcon.colcon_core.shell:create_environment_hook('ee4308_turtle2', 'ld_library_path_lib')
[0.822s] INFO:colcon.colcon_core.shell:Creating environment hook '/home/phantona/ee4308/install/ee4308_turtle2/share/ee4308_turtle2/hook/ld_library_path_lib.ps1'
[0.823s] INFO:colcon.colcon_core.shell:Creating environment descriptor '/home/phantona/ee4308/install/ee4308_turtle2/share/ee4308_turtle2/hook/ld_library_path_lib.dsv'
[0.823s] INFO:colcon.colcon_core.shell:Creating environment hook '/home/phantona/ee4308/install/ee4308_turtle2/share/ee4308_turtle2/hook/ld_library_path_lib.sh'
[0.824s] Level 1:colcon.colcon_core.environment:checking '/home/phantona/ee4308/install/ee4308_turtle2/bin'
[0.824s] Level 1:colcon.colcon_core.environment:checking '/home/phantona/ee4308/install/ee4308_turtle2/lib/pkgconfig/ee4308_turtle2.pc'
[0.824s] Level 1:colcon.colcon_core.environment:checking '/home/phantona/ee4308/install/ee4308_turtle2/lib/python3.12/site-packages'
[0.825s] Level 1:colcon.colcon_core.environment:checking '/home/phantona/ee4308/install/ee4308_turtle2/bin'
[0.825s] INFO:colcon.colcon_core.shell:Creating package script '/home/phantona/ee4308/install/ee4308_turtle2/share/ee4308_turtle2/package.ps1'
[0.826s] INFO:colcon.colcon_core.shell:Creating package descriptor '/home/phantona/ee4308/install/ee4308_turtle2/share/ee4308_turtle2/package.dsv'
[0.827s] INFO:colcon.colcon_core.shell:Creating package script '/home/phantona/ee4308/install/ee4308_turtle2/share/ee4308_turtle2/package.sh'
[0.828s] INFO:colcon.colcon_core.shell:Creating package script '/home/phantona/ee4308/install/ee4308_turtle2/share/ee4308_turtle2/package.bash'
[0.829s] INFO:colcon.colcon_core.shell:Creating package script '/home/phantona/ee4308/install/ee4308_turtle2/share/ee4308_turtle2/package.zsh'
[0.829s] Level 1:colcon.colcon_core.environment:create_file_with_runtime_dependencies(/home/phantona/ee4308/install/ee4308_turtle2/share/colcon-core/packages/ee4308_turtle2)
[28.697s] DEBUG:colcon.colcon_core.event_handler.log_command:Invoked command in '/home/phantona/ee4308/build/ee4308_drone' returned '0': CMAKE_PREFIX_PATH=${CMAKE_PREFIX_PATH}:/opt/ros/jazzy DEBUGINFOD_URLS=https://debuginfod.ubuntu.com /usr/bin/cmake --build /home/phantona/ee4308/build/ee4308_drone -- -j16 -l16
[28.700s] DEBUG:colcon.colcon_core.event_handler.log_command:Invoking command in '/home/phantona/ee4308/build/ee4308_drone': CMAKE_PREFIX_PATH=${CMAKE_PREFIX_PATH}:/opt/ros/jazzy DEBUGINFOD_URLS=https://debuginfod.ubuntu.com /usr/bin/cmake --install /home/phantona/ee4308/build/ee4308_drone
[28.788s] Level 1:colcon.colcon_core.environment:create_environment_scripts_only(ee4308_drone)
[28.788s] Level 1:colcon.colcon_core.environment:checking '/home/phantona/ee4308/install/ee4308_drone' for CMake module files
[28.789s] DEBUG:colcon.colcon_core.event_handler.log_command:Invoked command in '/home/phantona/ee4308/build/ee4308_drone' returned '0': CMAKE_PREFIX_PATH=${CMAKE_PREFIX_PATH}:/opt/ros/jazzy DEBUGINFOD_URLS=https://debuginfod.ubuntu.com /usr/bin/cmake --install /home/phantona/ee4308/build/ee4308_drone
[28.791s] Level 1:colcon.colcon_core.environment:checking '/home/phantona/ee4308/install/ee4308_drone' for CMake config files
[28.791s] Level 1:colcon.colcon_core.shell:create_environment_hook('ee4308_drone', 'cmake_prefix_path')
[28.791s] INFO:colcon.colcon_core.shell:Creating environment hook '/home/phantona/ee4308/install/ee4308_drone/share/ee4308_drone/hook/cmake_prefix_path.ps1'
[28.792s] INFO:colcon.colcon_core.shell:Creating environment descriptor '/home/phantona/ee4308/install/ee4308_drone/share/ee4308_drone/hook/cmake_prefix_path.dsv'
[28.793s] INFO:colcon.colcon_core.shell:Creating environment hook '/home/phantona/ee4308/install/ee4308_drone/share/ee4308_drone/hook/cmake_prefix_path.sh'
[28.794s] Level 1:colcon.colcon_core.environment:checking '/home/phantona/ee4308/install/ee4308_drone/lib'
[28.794s] Level 1:colcon.colcon_core.shell:create_environment_hook('ee4308_drone', 'ld_library_path_lib')
[28.795s] INFO:colcon.colcon_core.shell:Creating environment hook '/home/phantona/ee4308/install/ee4308_drone/share/ee4308_drone/hook/ld_library_path_lib.ps1'
[28.795s] INFO:colcon.colcon_core.shell:Creating environment descriptor '/home/phantona/ee4308/install/ee4308_drone/share/ee4308_drone/hook/ld_library_path_lib.dsv'
[28.796s] INFO:colcon.colcon_core.shell:Creating environment hook '/home/phantona/ee4308/install/ee4308_drone/share/ee4308_drone/hook/ld_library_path_lib.sh'
[28.797s] Level 1:colcon.colcon_core.environment:checking '/home/phantona/ee4308/install/ee4308_drone/bin'
[28.797s] Level 1:colcon.colcon_core.environment:checking '/home/phantona/ee4308/install/ee4308_drone/lib/pkgconfig/ee4308_drone.pc'
[28.797s] Level 1:colcon.colcon_core.environment:checking '/home/phantona/ee4308/install/ee4308_drone/lib/python3.12/site-packages'
[28.798s] Level 1:colcon.colcon_core.environment:checking '/home/phantona/ee4308/install/ee4308_drone/bin'
[28.798s] INFO:colcon.colcon_core.shell:Creating package script '/home/phantona/ee4308/install/ee4308_drone/share/ee4308_drone/package.ps1'
[28.799s] INFO:colcon.colcon_core.shell:Creating package descriptor '/home/phantona/ee4308/install/ee4308_drone/share/ee4308_drone/package.dsv'
[28.800s] INFO:colcon.colcon_core.shell:Creating package script '/home/phantona/ee4308/install/ee4308_drone/share/ee4308_drone/package.sh'
[28.800s] INFO:colcon.colcon_core.shell:Creating package script '/home/phantona/ee4308/install/ee4308_drone/share/ee4308_drone/package.bash'
[28.801s] INFO:colcon.colcon_core.shell:Creating package script '/home/phantona/ee4308/install/ee4308_drone/share/ee4308_drone/package.zsh'
[28.801s] Level 1:colcon.colcon_core.environment:create_file_with_runtime_dependencies(/home/phantona/ee4308/install/ee4308_drone/share/colcon-core/packages/ee4308_drone)
[28.802s] Level 1:colcon.colcon_core.environment:create_environment_scripts_only(ee4308_drone)
[28.802s] Level 1:colcon.colcon_core.environment:checking '/home/phantona/ee4308/install/ee4308_drone' for CMake module files
[28.803s] Level 1:colcon.colcon_core.environment:checking '/home/phantona/ee4308/install/ee4308_drone' for CMake config files
[28.804s] Level 1:colcon.colcon_core.shell:create_environment_hook('ee4308_drone', 'cmake_prefix_path')
[28.804s] INFO:colcon.colcon_core.shell:Creating environment hook '/home/phantona/ee4308/install/ee4308_drone/share/ee4308_drone/hook/cmake_prefix_path.ps1'
[28.805s] INFO:colcon.colcon_core.shell:Creating environment descriptor '/home/phantona/ee4308/install/ee4308_drone/share/ee4308_drone/hook/cmake_prefix_path.dsv'
[28.805s] INFO:colcon.colcon_core.shell:Creating environment hook '/home/phantona/ee4308/install/ee4308_drone/share/ee4308_drone/hook/cmake_prefix_path.sh'
[28.806s] Level 1:colcon.colcon_core.environment:checking '/home/phantona/ee4308/install/ee4308_drone/lib'
[28.806s] Level 1:colcon.colcon_core.shell:create_environment_hook('ee4308_drone', 'ld_library_path_lib')
[28.807s] INFO:colcon.colcon_core.shell:Creating environment hook '/home/phantona/ee4308/install/ee4308_drone/share/ee4308_drone/hook/ld_library_path_lib.ps1'
[28.807s] INFO:colcon.colcon_core.shell:Creating environment descriptor '/home/phantona/ee4308/install/ee4308_drone/share/ee4308_drone/hook/ld_library_path_lib.dsv'
[28.808s] INFO:colcon.colcon_core.shell:Creating environment hook '/home/phantona/ee4308/install/ee4308_drone/share/ee4308_drone/hook/ld_library_path_lib.sh'
[28.809s] Level 1:colcon.colcon_core.environment:checking '/home/phantona/ee4308/install/ee4308_drone/bin'
[28.809s] Level 1:colcon.colcon_core.environment:checking '/home/phantona/ee4308/install/ee4308_drone/lib/pkgconfig/ee4308_drone.pc'
[28.809s] Level 1:colcon.colcon_core.environment:checking '/home/phantona/ee4308/install/ee4308_drone/lib/python3.12/site-packages'
[28.810s] Level 1:colcon.colcon_core.environment:checking '/home/phantona/ee4308/install/ee4308_drone/bin'
[28.810s] INFO:colcon.colcon_core.shell:Creating package script '/home/phantona/ee4308/install/ee4308_drone/share/ee4308_drone/package.ps1'
[28.811s] INFO:colcon.colcon_core.shell:Creating package descriptor '/home/phantona/ee4308/install/ee4308_drone/share/ee4308_drone/package.dsv'
[28.812s] INFO:colcon.colcon_core.shell:Creating package script '/home/phantona/ee4308/install/ee4308_drone/share/ee4308_drone/package.sh'
[28.813s] INFO:colcon.colcon_core.shell:Creating package script '/home/phantona/ee4308/install/ee4308_drone/share/ee4308_drone/package.bash'
[28.814s] INFO:colcon.colcon_core.shell:Creating package script '/home/phantona/ee4308/install/ee4308_drone/share/ee4308_drone/package.zsh'
[28.814s] Level 1:colcon.colcon_core.environment:create_file_with_runtime_dependencies(/home/phantona/ee4308/install/ee4308_drone/share/colcon-core/packages/ee4308_drone)
[28.815s] DEBUG:colcon.colcon_parallel_executor.executor.parallel:closing loop
[28.816s] DEBUG:colcon.colcon_parallel_executor.executor.parallel:loop closed
[28.816s] DEBUG:colcon.colcon_parallel_executor.executor.parallel:run_until_complete finished with '0'
[28.816s] DEBUG:colcon.colcon_core.event_reactor:joining thread
[28.830s] INFO:colcon.colcon_core.plugin_system:Skipping extension 'colcon_notification.desktop_notification.terminal_notifier': Not used on non-Darwin systems
[28.830s] INFO:colcon.colcon_core.plugin_system:Skipping extension 'colcon_notification.desktop_notification.win32': Not used on non-Windows systems
[28.830s] INFO:colcon.colcon_notification.desktop_notification:Sending desktop notification using 'notify2'
[28.857s] DEBUG:colcon.colcon_core.event_reactor:joined thread
[28.858s] INFO:colcon.colcon_core.shell:Creating prefix script '/home/phantona/ee4308/install/local_setup.ps1'
[28.860s] INFO:colcon.colcon_core.shell:Creating prefix util module '/home/phantona/ee4308/install/_local_setup_util_ps1.py'
[28.861s] INFO:colcon.colcon_core.shell:Creating prefix chain script '/home/phantona/ee4308/install/setup.ps1'
[28.863s] INFO:colcon.colcon_core.shell:Creating prefix script '/home/phantona/ee4308/install/local_setup.sh'
[28.864s] INFO:colcon.colcon_core.shell:Creating prefix util module '/home/phantona/ee4308/install/_local_setup_util_sh.py'
[28.865s] INFO:colcon.colcon_core.shell:Creating prefix chain script '/home/phantona/ee4308/install/setup.sh'
[28.866s] INFO:colcon.colcon_core.shell:Creating prefix script '/home/phantona/ee4308/install/local_setup.bash'
[28.867s] INFO:colcon.colcon_core.shell:Creating prefix chain script '/home/phantona/ee4308/install/setup.bash'
[28.869s] INFO:colcon.colcon_core.shell:Creating prefix script '/home/phantona/ee4308/install/local_setup.zsh'
[28.870s] INFO:colcon.colcon_core.shell:Creating prefix chain script '/home/phantona/ee4308/install/setup.zsh'
