-- The C compiler identification is GNU 13.3.0
-- The CXX compiler identification is GNU 13.3.0
-- Detecting C compiler ABI info
-- Detecting C compiler ABI info - done
-- Check for working C compiler: /usr/bin/cc - skipped
-- Detecting C compile features
-- Detecting C compile features - done
-- Detecting CXX compiler ABI info
-- Detecting CXX compiler ABI info - done
-- Check for working CXX compiler: /usr/bin/c++ - skipped
-- Detecting CXX compile features
-- Detecting CXX compile features - done
-- Found ament_cmake: 2.5.5 (/opt/ros/jazzy/share/ament_cmake/cmake)
-- Found Python3: /usr/bin/python3 (found version "3.12.3") found components: Interpreter 
-- Override CMake install command with custom implementation using symlinks instead of copying resources
-- Configuring done (0.8s)
-- Generating done (0.0s)
-- Build files have been written to: /home/phantona/ee4308/build/ee4308_bringup
-- Install configuration: ""
-- Execute custom install script
-- Symlinking: /home/phantona/ee4308/install/ee4308_bringup/share/ee4308_bringup//launch/proj2_sim.launch.py
-- Symlinking: /home/phantona/ee4308/install/ee4308_bringup/share/ee4308_bringup//launch/sim.launch.py
-- Symlinking: /home/phantona/ee4308/install/ee4308_bringup/share/ee4308_bringup//launch/spawn_models.launch.py
-- Symlinking: /home/phantona/ee4308/install/ee4308_bringup/share/ee4308_bringup//rviz/proj2.rviz
-- Symlinking: /home/phantona/ee4308/install/ee4308_bringup/share/ee4308_bringup//params/proj2.yaml
-- Symlinking: /home/phantona/ee4308/install/ee4308_bringup/share/ee4308_bringup//params/ros_gz_bridge_proj2.yaml
-- Symlinking: /home/phantona/ee4308/install/ee4308_bringup/share/ee4308_bringup//maps/proj2_sim.pgm
-- Symlinking: /home/phantona/ee4308/install/ee4308_bringup/share/ee4308_bringup//maps/proj2_sim.yaml
-- Symlinking: /home/phantona/ee4308/install/ee4308_bringup/share/ee4308_bringup//worlds/empty_world.world
-- Symlinking: /home/phantona/ee4308/install/ee4308_bringup/share/ee4308_bringup//worlds/turtlebot3_house.world
-- Symlinking: /home/phantona/ee4308/install/ee4308_bringup/share/ee4308_bringup//worlds/turtlebot3_world.world
-- Symlinking: /home/phantona/ee4308/install/ee4308_bringup/share/ee4308_bringup//models/drone/README
-- Symlinking: /home/phantona/ee4308/install/ee4308_bringup/share/ee4308_bringup//models/drone/drone.urdf
-- Symlinking: /home/phantona/ee4308/install/ee4308_bringup/share/ee4308_bringup//models/drone/drone_proj2.sdf
-- Symlinking: /home/phantona/ee4308/install/ee4308_bringup/share/ee4308_bringup//models/drone/materials/textures/led.jpg
-- Symlinking: /home/phantona/ee4308/install/ee4308_bringup/share/ee4308_bringup//models/drone/materials/textures/spotlight.jpg
-- Symlinking: /home/phantona/ee4308/install/ee4308_bringup/share/ee4308_bringup//models/drone/meshes/iris.dae
-- Symlinking: /home/phantona/ee4308/install/ee4308_bringup/share/ee4308_bringup//models/drone/meshes/led.dae
-- Symlinking: /home/phantona/ee4308/install/ee4308_bringup/share/ee4308_bringup//models/drone/meshes/led_lamp.dae
-- Symlinking: /home/phantona/ee4308/install/ee4308_bringup/share/ee4308_bringup//models/drone/meshes/propeller_ccw.dae
-- Symlinking: /home/phantona/ee4308/install/ee4308_bringup/share/ee4308_bringup//models/drone/meshes/propeller_cw.dae
-- Symlinking: /home/phantona/ee4308/install/ee4308_bringup/share/ee4308_bringup//models/drone/meshes/spotlight.dae
-- Symlinking: /home/phantona/ee4308/install/ee4308_bringup/share/ee4308_bringup//models/drone/meshes/vi_camera.dae
-- Symlinking: /home/phantona/ee4308/install/ee4308_bringup/share/ee4308_bringup//models/drone/meshes/vi_camera.jpg
-- Symlinking: /home/phantona/ee4308/install/ee4308_bringup/share/ee4308_bringup//models/drone/meshes/vi_sensor.dae
-- Symlinking: /home/phantona/ee4308/install/ee4308_bringup/share/ee4308_bringup//models/drone/meshes/vi_sensor.jpg
-- Symlinking: /home/phantona/ee4308/install/ee4308_bringup/share/ee4308_bringup//models/drone/meshes/x3.dae
-- Symlinking: /home/phantona/ee4308/install/ee4308_bringup/share/ee4308_bringup//models/drone/meshes/x3.jpg
-- Symlinking: /home/phantona/ee4308/install/ee4308_bringup/share/ee4308_bringup//models/drone/model.config
-- Symlinking: /home/phantona/ee4308/install/ee4308_bringup/share/ee4308_bringup//models/drone/model.sdf
-- Symlinking: /home/phantona/ee4308/install/ee4308_bringup/share/ee4308_bringup//models/turtle/turtle.urdf
-- Symlinking: /home/phantona/ee4308/install/ee4308_bringup/share/ee4308_bringup//models/turtle/turtle_proj1.sdf
-- Symlinking: /home/phantona/ee4308/install/ee4308_bringup/share/ee4308_bringup//models/turtle/turtle_proj2.sdf
-- Symlinking: /home/phantona/ee4308/install/ee4308_bringup/share/ament_index/resource_index/package_run_dependencies/ee4308_bringup
-- Symlinking: /home/phantona/ee4308/install/ee4308_bringup/share/ament_index/resource_index/parent_prefix_path/ee4308_bringup
-- Symlinking: /home/phantona/ee4308/install/ee4308_bringup/share/ee4308_bringup/environment/ament_prefix_path.sh
-- Symlinking: /home/phantona/ee4308/install/ee4308_bringup/share/ee4308_bringup/environment/ament_prefix_path.dsv
-- Symlinking: /home/phantona/ee4308/install/ee4308_bringup/share/ee4308_bringup/environment/path.sh
-- Symlinking: /home/phantona/ee4308/install/ee4308_bringup/share/ee4308_bringup/environment/path.dsv
-- Symlinking: /home/phantona/ee4308/install/ee4308_bringup/share/ee4308_bringup/local_setup.bash
-- Symlinking: /home/phantona/ee4308/install/ee4308_bringup/share/ee4308_bringup/local_setup.sh
-- Symlinking: /home/phantona/ee4308/install/ee4308_bringup/share/ee4308_bringup/local_setup.zsh
-- Symlinking: /home/phantona/ee4308/install/ee4308_bringup/share/ee4308_bringup/local_setup.dsv
-- Symlinking: /home/phantona/ee4308/install/ee4308_bringup/share/ee4308_bringup/package.dsv
-- Symlinking: /home/phantona/ee4308/install/ee4308_bringup/share/ament_index/resource_index/packages/ee4308_bringup
-- Symlinking: /home/phantona/ee4308/install/ee4308_bringup/share/ee4308_bringup/cmake/ament_cmake_export_dependencies-extras.cmake
-- Symlinking: /home/phantona/ee4308/install/ee4308_bringup/share/ee4308_bringup/cmake/ee4308_bringupConfig.cmake
-- Symlinking: /home/phantona/ee4308/install/ee4308_bringup/share/ee4308_bringup/cmake/ee4308_bringupConfig-version.cmake
-- Symlinking: /home/phantona/ee4308/install/ee4308_bringup/share/ee4308_bringup/package.xml
