[0.174s] DEBUG:colcon:Command line arguments: ['/usr/bin/colcon', 'build', '--symlink-install']
[0.174s] DEBUG:colcon:Parsed command line arguments: Namespace(log_base=None, log_level=None, verb_name='build', build_base='build', install_base='install', merge_install=False, symlink_install=True, test_result_base=None, continue_on_error=False, executor='parallel', parallel_workers=16, event_handlers=None, ignore_user_meta=False, metas=['./colcon.meta'], base_paths=['.'], packages_ignore=None, packages_ignore_regex=None, paths=None, packages_up_to=None, packages_up_to_regex=None, packages_above=None, packages_above_and_dependencies=None, packages_above_depth=None, packages_select_by_dep=None, packages_skip_by_dep=None, packages_skip_up_to=None, packages_select_build_failed=False, packages_skip_build_finished=False, packages_select_test_failures=False, packages_skip_test_passed=False, packages_select=None, packages_skip=None, packages_select_regex=None, packages_skip_regex=None, packages_start=None, packages_end=None, allow_overriding=[], cmake_args=None, cmake_target=None, cmake_target_skip_unavailable=False, cmake_clean_cache=False, cmake_clean_first=False, cmake_force_configure=False, ament_cmake_args=None, catkin_cmake_args=None, catkin_skip_building_tests=False, mixin_files=None, mixin=None, verb_parser=<colcon_mixin.mixin.mixin_argument.MixinArgumentDecorator object at 0x7601b2677f20>, verb_extension=<colcon_core.verb.build.BuildVerb object at 0x7601b2677c80>, main=<bound method BuildVerb.main of <colcon_core.verb.build.BuildVerb object at 0x7601b2677c80>>, mixin_verb=('build',))
[0.236s] Level 1:colcon.colcon_core.package_discovery:discover_packages(colcon_meta) check parameters
[0.236s] Level 1:colcon.colcon_core.package_discovery:discover_packages(recursive) check parameters
[0.236s] Level 1:colcon.colcon_core.package_discovery:discover_packages(ignore) check parameters
[0.236s] Level 1:colcon.colcon_core.package_discovery:discover_packages(path) check parameters
[0.236s] Level 1:colcon.colcon_core.package_discovery:discover_packages(colcon_meta) discover
[0.237s] Level 1:colcon.colcon_core.package_discovery:discover_packages(recursive) discover
[0.237s] INFO:colcon.colcon_core.package_discovery:Crawling recursively for packages in '/home/phantona/ee4308'
[0.237s] Level 1:colcon.colcon_core.package_identification:_identify(.) by extensions ['ignore', 'ignore_ament_install']
[0.237s] Level 1:colcon.colcon_core.package_identification:_identify(.) by extension 'ignore'
[0.237s] Level 1:colcon.colcon_core.package_identification:_identify(.) by extension 'ignore_ament_install'
[0.237s] Level 1:colcon.colcon_core.package_identification:_identify(.) by extensions ['colcon_pkg']
[0.237s] Level 1:colcon.colcon_core.package_identification:_identify(.) by extension 'colcon_pkg'
[0.238s] Level 1:colcon.colcon_core.package_identification:_identify(.) by extensions ['colcon_meta']
[0.238s] Level 1:colcon.colcon_core.package_identification:_identify(.) by extension 'colcon_meta'
[0.238s] Level 1:colcon.colcon_core.package_identification:_identify(.) by extensions ['ros']
[0.238s] Level 1:colcon.colcon_core.package_identification:_identify(.) by extension 'ros'
[0.280s] Level 1:colcon.colcon_core.package_identification:_identify(.) by extensions ['cmake', 'python']
[0.281s] Level 1:colcon.colcon_core.package_identification:_identify(.) by extension 'cmake'
[0.281s] Level 1:colcon.colcon_core.package_identification:_identify(.) by extension 'python'
[0.281s] Level 1:colcon.colcon_core.package_identification:_identify(.) by extensions ['python_setup_py']
[0.281s] Level 1:colcon.colcon_core.package_identification:_identify(.) by extension 'python_setup_py'
[0.281s] Level 1:colcon.colcon_core.package_identification:_identify(build) by extensions ['ignore', 'ignore_ament_install']
[0.281s] Level 1:colcon.colcon_core.package_identification:_identify(build) by extension 'ignore'
[0.281s] Level 1:colcon.colcon_core.package_identification:_identify(build) ignored
[0.282s] Level 1:colcon.colcon_core.package_identification:_identify(docs) by extensions ['ignore', 'ignore_ament_install']
[0.282s] Level 1:colcon.colcon_core.package_identification:_identify(docs) by extension 'ignore'
[0.282s] Level 1:colcon.colcon_core.package_identification:_identify(docs) by extension 'ignore_ament_install'
[0.282s] Level 1:colcon.colcon_core.package_identification:_identify(docs) by extensions ['colcon_pkg']
[0.282s] Level 1:colcon.colcon_core.package_identification:_identify(docs) by extension 'colcon_pkg'
[0.282s] Level 1:colcon.colcon_core.package_identification:_identify(docs) by extensions ['colcon_meta']
[0.282s] Level 1:colcon.colcon_core.package_identification:_identify(docs) by extension 'colcon_meta'
[0.283s] Level 1:colcon.colcon_core.package_identification:_identify(docs) by extensions ['ros']
[0.283s] Level 1:colcon.colcon_core.package_identification:_identify(docs) by extension 'ros'
[0.283s] Level 1:colcon.colcon_core.package_identification:_identify(docs) by extensions ['cmake', 'python']
[0.283s] Level 1:colcon.colcon_core.package_identification:_identify(docs) by extension 'cmake'
[0.283s] Level 1:colcon.colcon_core.package_identification:_identify(docs) by extension 'python'
[0.283s] Level 1:colcon.colcon_core.package_identification:_identify(docs) by extensions ['python_setup_py']
[0.283s] Level 1:colcon.colcon_core.package_identification:_identify(docs) by extension 'python_setup_py'
[0.283s] Level 1:colcon.colcon_core.package_identification:_identify(install) by extensions ['ignore', 'ignore_ament_install']
[0.283s] Level 1:colcon.colcon_core.package_identification:_identify(install) by extension 'ignore'
[0.284s] Level 1:colcon.colcon_core.package_identification:_identify(install) ignored
[0.284s] Level 1:colcon.colcon_core.package_identification:_identify(log) by extensions ['ignore', 'ignore_ament_install']
[0.284s] Level 1:colcon.colcon_core.package_identification:_identify(log) by extension 'ignore'
[0.284s] Level 1:colcon.colcon_core.package_identification:_identify(log) ignored
[0.284s] Level 1:colcon.colcon_core.package_identification:_identify(src) by extensions ['ignore', 'ignore_ament_install']
[0.284s] Level 1:colcon.colcon_core.package_identification:_identify(src) by extension 'ignore'
[0.284s] Level 1:colcon.colcon_core.package_identification:_identify(src) by extension 'ignore_ament_install'
[0.285s] Level 1:colcon.colcon_core.package_identification:_identify(src) by extensions ['colcon_pkg']
[0.285s] Level 1:colcon.colcon_core.package_identification:_identify(src) by extension 'colcon_pkg'
[0.285s] Level 1:colcon.colcon_core.package_identification:_identify(src) by extensions ['colcon_meta']
[0.285s] Level 1:colcon.colcon_core.package_identification:_identify(src) by extension 'colcon_meta'
[0.285s] Level 1:colcon.colcon_core.package_identification:_identify(src) by extensions ['ros']
[0.285s] Level 1:colcon.colcon_core.package_identification:_identify(src) by extension 'ros'
[0.285s] Level 1:colcon.colcon_core.package_identification:_identify(src) by extensions ['cmake', 'python']
[0.285s] Level 1:colcon.colcon_core.package_identification:_identify(src) by extension 'cmake'
[0.285s] Level 1:colcon.colcon_core.package_identification:_identify(src) by extension 'python'
[0.285s] Level 1:colcon.colcon_core.package_identification:_identify(src) by extensions ['python_setup_py']
[0.285s] Level 1:colcon.colcon_core.package_identification:_identify(src) by extension 'python_setup_py'
[0.285s] Level 1:colcon.colcon_core.package_identification:_identify(src/ee4308_bringup) by extensions ['ignore', 'ignore_ament_install']
[0.286s] Level 1:colcon.colcon_core.package_identification:_identify(src/ee4308_bringup) by extension 'ignore'
[0.286s] Level 1:colcon.colcon_core.package_identification:_identify(src/ee4308_bringup) by extension 'ignore_ament_install'
[0.286s] Level 1:colcon.colcon_core.package_identification:_identify(src/ee4308_bringup) by extensions ['colcon_pkg']
[0.286s] Level 1:colcon.colcon_core.package_identification:_identify(src/ee4308_bringup) by extension 'colcon_pkg'
[0.286s] Level 1:colcon.colcon_core.package_identification:_identify(src/ee4308_bringup) by extensions ['colcon_meta']
[0.286s] Level 1:colcon.colcon_core.package_identification:_identify(src/ee4308_bringup) by extension 'colcon_meta'
[0.286s] Level 1:colcon.colcon_core.package_identification:_identify(src/ee4308_bringup) by extensions ['ros']
[0.286s] Level 1:colcon.colcon_core.package_identification:_identify(src/ee4308_bringup) by extension 'ros'
[0.290s] DEBUG:colcon.colcon_core.package_identification:Package 'src/ee4308_bringup' with type 'ros.ament_cmake' and name 'ee4308_bringup'
[0.290s] Level 1:colcon.colcon_core.package_identification:_identify(src/ee4308_drone) by extensions ['ignore', 'ignore_ament_install']
[0.291s] Level 1:colcon.colcon_core.package_identification:_identify(src/ee4308_drone) by extension 'ignore'
[0.291s] Level 1:colcon.colcon_core.package_identification:_identify(src/ee4308_drone) by extension 'ignore_ament_install'
[0.291s] Level 1:colcon.colcon_core.package_identification:_identify(src/ee4308_drone) by extensions ['colcon_pkg']
[0.291s] Level 1:colcon.colcon_core.package_identification:_identify(src/ee4308_drone) by extension 'colcon_pkg'
[0.291s] Level 1:colcon.colcon_core.package_identification:_identify(src/ee4308_drone) by extensions ['colcon_meta']
[0.291s] Level 1:colcon.colcon_core.package_identification:_identify(src/ee4308_drone) by extension 'colcon_meta'
[0.291s] Level 1:colcon.colcon_core.package_identification:_identify(src/ee4308_drone) by extensions ['ros']
[0.291s] Level 1:colcon.colcon_core.package_identification:_identify(src/ee4308_drone) by extension 'ros'
[0.293s] DEBUG:colcon.colcon_core.package_identification:Package 'src/ee4308_drone' with type 'ros.ament_cmake' and name 'ee4308_drone'
[0.293s] Level 1:colcon.colcon_core.package_identification:_identify(src/ee4308_turtle2) by extensions ['ignore', 'ignore_ament_install']
[0.293s] Level 1:colcon.colcon_core.package_identification:_identify(src/ee4308_turtle2) by extension 'ignore'
[0.293s] Level 1:colcon.colcon_core.package_identification:_identify(src/ee4308_turtle2) by extension 'ignore_ament_install'
[0.293s] Level 1:colcon.colcon_core.package_identification:_identify(src/ee4308_turtle2) by extensions ['colcon_pkg']
[0.293s] Level 1:colcon.colcon_core.package_identification:_identify(src/ee4308_turtle2) by extension 'colcon_pkg'
[0.294s] Level 1:colcon.colcon_core.package_identification:_identify(src/ee4308_turtle2) by extensions ['colcon_meta']
[0.294s] Level 1:colcon.colcon_core.package_identification:_identify(src/ee4308_turtle2) by extension 'colcon_meta'
[0.294s] Level 1:colcon.colcon_core.package_identification:_identify(src/ee4308_turtle2) by extensions ['ros']
[0.294s] Level 1:colcon.colcon_core.package_identification:_identify(src/ee4308_turtle2) by extension 'ros'
[0.295s] DEBUG:colcon.colcon_core.package_identification:Package 'src/ee4308_turtle2' with type 'ros.ament_cmake' and name 'ee4308_turtle2'
[0.295s] Level 1:colcon.colcon_core.package_discovery:discover_packages(recursive) using defaults
[0.295s] Level 1:colcon.colcon_core.package_discovery:discover_packages(ignore) discover
[0.295s] Level 1:colcon.colcon_core.package_discovery:discover_packages(ignore) using defaults
[0.295s] Level 1:colcon.colcon_core.package_discovery:discover_packages(path) discover
[0.295s] Level 1:colcon.colcon_core.package_discovery:discover_packages(path) using defaults
[0.325s] Level 1:colcon.colcon_core.package_discovery:discover_packages(prefix_path) check parameters
[0.325s] Level 1:colcon.colcon_core.package_discovery:discover_packages(prefix_path) discover
[0.329s] DEBUG:colcon.colcon_installed_package_information.package_discovery:Found 3 installed packages in /home/phantona/ee4308/install
[0.332s] DEBUG:colcon.colcon_installed_package_information.package_discovery:Found 394 installed packages in /opt/ros/jazzy
[0.335s] Level 1:colcon.colcon_core.package_discovery:discover_packages(prefix_path) using defaults
[0.430s] Level 5:colcon.colcon_core.verb:set package 'ee4308_bringup' build argument 'cmake_args' from command line to 'None'
[0.431s] Level 5:colcon.colcon_core.verb:set package 'ee4308_bringup' build argument 'cmake_target' from command line to 'None'
[0.431s] Level 5:colcon.colcon_core.verb:set package 'ee4308_bringup' build argument 'cmake_target_skip_unavailable' from command line to 'False'
[0.431s] Level 5:colcon.colcon_core.verb:set package 'ee4308_bringup' build argument 'cmake_clean_cache' from command line to 'False'
[0.431s] Level 5:colcon.colcon_core.verb:set package 'ee4308_bringup' build argument 'cmake_clean_first' from command line to 'False'
[0.431s] Level 5:colcon.colcon_core.verb:set package 'ee4308_bringup' build argument 'cmake_force_configure' from command line to 'False'
[0.431s] Level 5:colcon.colcon_core.verb:set package 'ee4308_bringup' build argument 'ament_cmake_args' from command line to 'None'
[0.431s] Level 5:colcon.colcon_core.verb:set package 'ee4308_bringup' build argument 'catkin_cmake_args' from command line to 'None'
[0.431s] Level 5:colcon.colcon_core.verb:set package 'ee4308_bringup' build argument 'catkin_skip_building_tests' from command line to 'False'
[0.431s] DEBUG:colcon.colcon_core.verb:Building package 'ee4308_bringup' with the following arguments: {'ament_cmake_args': None, 'build_base': '/home/phantona/ee4308/build/ee4308_bringup', 'catkin_cmake_args': None, 'catkin_skip_building_tests': False, 'cmake_args': None, 'cmake_clean_cache': False, 'cmake_clean_first': False, 'cmake_force_configure': False, 'cmake_target': None, 'cmake_target_skip_unavailable': False, 'install_base': '/home/phantona/ee4308/install/ee4308_bringup', 'merge_install': False, 'path': '/home/phantona/ee4308/src/ee4308_bringup', 'symlink_install': True, 'test_result_base': None}
[0.431s] Level 5:colcon.colcon_core.verb:set package 'ee4308_drone' build argument 'cmake_args' from command line to 'None'
[0.432s] Level 5:colcon.colcon_core.verb:set package 'ee4308_drone' build argument 'cmake_target' from command line to 'None'
[0.432s] Level 5:colcon.colcon_core.verb:set package 'ee4308_drone' build argument 'cmake_target_skip_unavailable' from command line to 'False'
[0.432s] Level 5:colcon.colcon_core.verb:set package 'ee4308_drone' build argument 'cmake_clean_cache' from command line to 'False'
[0.432s] Level 5:colcon.colcon_core.verb:set package 'ee4308_drone' build argument 'cmake_clean_first' from command line to 'False'
[0.432s] Level 5:colcon.colcon_core.verb:set package 'ee4308_drone' build argument 'cmake_force_configure' from command line to 'False'
[0.432s] Level 5:colcon.colcon_core.verb:set package 'ee4308_drone' build argument 'ament_cmake_args' from command line to 'None'
[0.432s] Level 5:colcon.colcon_core.verb:set package 'ee4308_drone' build argument 'catkin_cmake_args' from command line to 'None'
[0.432s] Level 5:colcon.colcon_core.verb:set package 'ee4308_drone' build argument 'catkin_skip_building_tests' from command line to 'False'
[0.432s] DEBUG:colcon.colcon_core.verb:Building package 'ee4308_drone' with the following arguments: {'ament_cmake_args': None, 'build_base': '/home/phantona/ee4308/build/ee4308_drone', 'catkin_cmake_args': None, 'catkin_skip_building_tests': False, 'cmake_args': None, 'cmake_clean_cache': False, 'cmake_clean_first': False, 'cmake_force_configure': False, 'cmake_target': None, 'cmake_target_skip_unavailable': False, 'install_base': '/home/phantona/ee4308/install/ee4308_drone', 'merge_install': False, 'path': '/home/phantona/ee4308/src/ee4308_drone', 'symlink_install': True, 'test_result_base': None}
[0.432s] Level 5:colcon.colcon_core.verb:set package 'ee4308_turtle2' build argument 'cmake_args' from command line to 'None'
[0.432s] Level 5:colcon.colcon_core.verb:set package 'ee4308_turtle2' build argument 'cmake_target' from command line to 'None'
[0.432s] Level 5:colcon.colcon_core.verb:set package 'ee4308_turtle2' build argument 'cmake_target_skip_unavailable' from command line to 'False'
[0.432s] Level 5:colcon.colcon_core.verb:set package 'ee4308_turtle2' build argument 'cmake_clean_cache' from command line to 'False'
[0.432s] Level 5:colcon.colcon_core.verb:set package 'ee4308_turtle2' build argument 'cmake_clean_first' from command line to 'False'
[0.433s] Level 5:colcon.colcon_core.verb:set package 'ee4308_turtle2' build argument 'cmake_force_configure' from command line to 'False'
[0.433s] Level 5:colcon.colcon_core.verb:set package 'ee4308_turtle2' build argument 'ament_cmake_args' from command line to 'None'
[0.433s] Level 5:colcon.colcon_core.verb:set package 'ee4308_turtle2' build argument 'catkin_cmake_args' from command line to 'None'
[0.433s] Level 5:colcon.colcon_core.verb:set package 'ee4308_turtle2' build argument 'catkin_skip_building_tests' from command line to 'False'
[0.433s] DEBUG:colcon.colcon_core.verb:Building package 'ee4308_turtle2' with the following arguments: {'ament_cmake_args': None, 'build_base': '/home/phantona/ee4308/build/ee4308_turtle2', 'catkin_cmake_args': None, 'catkin_skip_building_tests': False, 'cmake_args': None, 'cmake_clean_cache': False, 'cmake_clean_first': False, 'cmake_force_configure': False, 'cmake_target': None, 'cmake_target_skip_unavailable': False, 'install_base': '/home/phantona/ee4308/install/ee4308_turtle2', 'merge_install': False, 'path': '/home/phantona/ee4308/src/ee4308_turtle2', 'symlink_install': True, 'test_result_base': None}
[0.433s] INFO:colcon.colcon_core.executor:Executing jobs using 'parallel' executor
[0.435s] DEBUG:colcon.colcon_parallel_executor.executor.parallel:run_until_complete
[0.435s] INFO:colcon.colcon_ros.task.ament_cmake.build:Building ROS package in '/home/phantona/ee4308/src/ee4308_bringup' with build type 'ament_cmake'
[0.435s] INFO:colcon.colcon_cmake.task.cmake.build:Building CMake package in '/home/phantona/ee4308/src/ee4308_bringup'
[0.440s] INFO:colcon.colcon_core.plugin_system:Skipping extension 'colcon_core.shell.bat': Not used on non-Windows systems
[0.440s] INFO:colcon.colcon_core.shell:Skip shell extension 'powershell' for command environment: Not usable outside of PowerShell
[0.440s] DEBUG:colcon.colcon_core.shell:Skip shell extension 'dsv' for command environment
[0.448s] INFO:colcon.colcon_ros.task.ament_cmake.build:Building ROS package in '/home/phantona/ee4308/src/ee4308_drone' with build type 'ament_cmake'
[0.448s] INFO:colcon.colcon_cmake.task.cmake.build:Building CMake package in '/home/phantona/ee4308/src/ee4308_drone'
[0.449s] INFO:colcon.colcon_core.shell:Skip shell extension 'powershell' for command environment: Not usable outside of PowerShell
[0.449s] DEBUG:colcon.colcon_core.shell:Skip shell extension 'dsv' for command environment
[0.457s] INFO:colcon.colcon_ros.task.ament_cmake.build:Building ROS package in '/home/phantona/ee4308/src/ee4308_turtle2' with build type 'ament_cmake'
[0.457s] INFO:colcon.colcon_cmake.task.cmake.build:Building CMake package in '/home/phantona/ee4308/src/ee4308_turtle2'
[0.458s] INFO:colcon.colcon_core.shell:Skip shell extension 'powershell' for command environment: Not usable outside of PowerShell
[0.458s] DEBUG:colcon.colcon_core.shell:Skip shell extension 'dsv' for command environment
[0.474s] DEBUG:colcon.colcon_core.event_handler.log_command:Invoking command in '/home/phantona/ee4308/build/ee4308_bringup': CMAKE_PREFIX_PATH=${CMAKE_PREFIX_PATH}:/opt/ros/jazzy DEBUGINFOD_URLS=https://debuginfod.ubuntu.com /usr/bin/cmake --build /home/phantona/ee4308/build/ee4308_bringup -- -j16 -l16
[0.482s] DEBUG:colcon.colcon_core.event_handler.log_command:Invoking command in '/home/phantona/ee4308/build/ee4308_drone': CMAKE_PREFIX_PATH=${CMAKE_PREFIX_PATH}:/opt/ros/jazzy DEBUGINFOD_URLS=https://debuginfod.ubuntu.com /usr/bin/cmake --build /home/phantona/ee4308/build/ee4308_drone -- -j16 -l16
[0.490s] DEBUG:colcon.colcon_core.event_handler.log_command:Invoking command in '/home/phantona/ee4308/build/ee4308_turtle2': CMAKE_PREFIX_PATH=${CMAKE_PREFIX_PATH}:/opt/ros/jazzy DEBUGINFOD_URLS=https://debuginfod.ubuntu.com /usr/bin/cmake --build /home/phantona/ee4308/build/ee4308_turtle2 -- -j16 -l16
[0.565s] DEBUG:colcon.colcon_core.event_handler.log_command:Invoked command in '/home/phantona/ee4308/build/ee4308_bringup' returned '0': CMAKE_PREFIX_PATH=${CMAKE_PREFIX_PATH}:/opt/ros/jazzy DEBUGINFOD_URLS=https://debuginfod.ubuntu.com /usr/bin/cmake --build /home/phantona/ee4308/build/ee4308_bringup -- -j16 -l16
[0.602s] DEBUG:colcon.colcon_core.event_handler.log_command:Invoking command in '/home/phantona/ee4308/build/ee4308_bringup': CMAKE_PREFIX_PATH=${CMAKE_PREFIX_PATH}:/opt/ros/jazzy DEBUGINFOD_URLS=https://debuginfod.ubuntu.com /usr/bin/cmake --install /home/phantona/ee4308/build/ee4308_bringup
[0.668s] Level 1:colcon.colcon_core.environment:create_environment_scripts_only(ee4308_bringup)
[0.670s] DEBUG:colcon.colcon_core.event_handler.log_command:Invoked command in '/home/phantona/ee4308/build/ee4308_bringup' returned '0': CMAKE_PREFIX_PATH=${CMAKE_PREFIX_PATH}:/opt/ros/jazzy DEBUGINFOD_URLS=https://debuginfod.ubuntu.com /usr/bin/cmake --install /home/phantona/ee4308/build/ee4308_bringup
[0.674s] Level 1:colcon.colcon_core.environment:checking '/home/phantona/ee4308/install/ee4308_bringup' for CMake module files
[0.675s] Level 1:colcon.colcon_core.environment:checking '/home/phantona/ee4308/install/ee4308_bringup' for CMake config files
[0.677s] Level 1:colcon.colcon_core.shell:create_environment_hook('ee4308_bringup', 'cmake_prefix_path')
[0.677s] INFO:colcon.colcon_core.shell:Creating environment hook '/home/phantona/ee4308/install/ee4308_bringup/share/ee4308_bringup/hook/cmake_prefix_path.ps1'
[0.678s] INFO:colcon.colcon_core.shell:Creating environment descriptor '/home/phantona/ee4308/install/ee4308_bringup/share/ee4308_bringup/hook/cmake_prefix_path.dsv'
[0.679s] INFO:colcon.colcon_core.shell:Creating environment hook '/home/phantona/ee4308/install/ee4308_bringup/share/ee4308_bringup/hook/cmake_prefix_path.sh'
[0.681s] Level 1:colcon.colcon_core.environment:checking '/home/phantona/ee4308/install/ee4308_bringup/bin'
[0.681s] Level 1:colcon.colcon_core.environment:checking '/home/phantona/ee4308/install/ee4308_bringup/lib/pkgconfig/ee4308_bringup.pc'
[0.681s] Level 1:colcon.colcon_core.environment:checking '/home/phantona/ee4308/install/ee4308_bringup/lib/python3.12/site-packages'
[0.682s] Level 1:colcon.colcon_core.environment:checking '/home/phantona/ee4308/install/ee4308_bringup/bin'
[0.682s] INFO:colcon.colcon_core.shell:Creating package script '/home/phantona/ee4308/install/ee4308_bringup/share/ee4308_bringup/package.ps1'
[0.684s] INFO:colcon.colcon_core.shell:Creating package descriptor '/home/phantona/ee4308/install/ee4308_bringup/share/ee4308_bringup/package.dsv'
[0.684s] INFO:colcon.colcon_core.shell:Creating package script '/home/phantona/ee4308/install/ee4308_bringup/share/ee4308_bringup/package.sh'
[0.685s] INFO:colcon.colcon_core.shell:Creating package script '/home/phantona/ee4308/install/ee4308_bringup/share/ee4308_bringup/package.bash'
[0.686s] INFO:colcon.colcon_core.shell:Creating package script '/home/phantona/ee4308/install/ee4308_bringup/share/ee4308_bringup/package.zsh'
[0.687s] Level 1:colcon.colcon_core.environment:create_file_with_runtime_dependencies(/home/phantona/ee4308/install/ee4308_bringup/share/colcon-core/packages/ee4308_bringup)
[0.688s] Level 1:colcon.colcon_core.environment:create_environment_scripts_only(ee4308_bringup)
[0.689s] Level 1:colcon.colcon_core.environment:checking '/home/phantona/ee4308/install/ee4308_bringup' for CMake module files
[0.690s] Level 1:colcon.colcon_core.environment:checking '/home/phantona/ee4308/install/ee4308_bringup' for CMake config files
[0.691s] Level 1:colcon.colcon_core.shell:create_environment_hook('ee4308_bringup', 'cmake_prefix_path')
[0.691s] INFO:colcon.colcon_core.shell:Creating environment hook '/home/phantona/ee4308/install/ee4308_bringup/share/ee4308_bringup/hook/cmake_prefix_path.ps1'
[0.692s] INFO:colcon.colcon_core.shell:Creating environment descriptor '/home/phantona/ee4308/install/ee4308_bringup/share/ee4308_bringup/hook/cmake_prefix_path.dsv'
[0.693s] INFO:colcon.colcon_core.shell:Creating environment hook '/home/phantona/ee4308/install/ee4308_bringup/share/ee4308_bringup/hook/cmake_prefix_path.sh'
[0.694s] Level 1:colcon.colcon_core.environment:checking '/home/phantona/ee4308/install/ee4308_bringup/bin'
[0.694s] Level 1:colcon.colcon_core.environment:checking '/home/phantona/ee4308/install/ee4308_bringup/lib/pkgconfig/ee4308_bringup.pc'
[0.694s] Level 1:colcon.colcon_core.environment:checking '/home/phantona/ee4308/install/ee4308_bringup/lib/python3.12/site-packages'
[0.695s] Level 1:colcon.colcon_core.environment:checking '/home/phantona/ee4308/install/ee4308_bringup/bin'
[0.695s] INFO:colcon.colcon_core.shell:Creating package script '/home/phantona/ee4308/install/ee4308_bringup/share/ee4308_bringup/package.ps1'
[0.696s] INFO:colcon.colcon_core.shell:Creating package descriptor '/home/phantona/ee4308/install/ee4308_bringup/share/ee4308_bringup/package.dsv'
[0.697s] INFO:colcon.colcon_core.shell:Creating package script '/home/phantona/ee4308/install/ee4308_bringup/share/ee4308_bringup/package.sh'
[0.698s] INFO:colcon.colcon_core.shell:Creating package script '/home/phantona/ee4308/install/ee4308_bringup/share/ee4308_bringup/package.bash'
[0.699s] INFO:colcon.colcon_core.shell:Creating package script '/home/phantona/ee4308/install/ee4308_bringup/share/ee4308_bringup/package.zsh'
[0.699s] Level 1:colcon.colcon_core.environment:create_file_with_runtime_dependencies(/home/phantona/ee4308/install/ee4308_bringup/share/colcon-core/packages/ee4308_bringup)
[0.703s] DEBUG:colcon.colcon_core.event_handler.log_command:Invoked command in '/home/phantona/ee4308/build/ee4308_turtle2' returned '0': CMAKE_PREFIX_PATH=${CMAKE_PREFIX_PATH}:/opt/ros/jazzy DEBUGINFOD_URLS=https://debuginfod.ubuntu.com /usr/bin/cmake --build /home/phantona/ee4308/build/ee4308_turtle2 -- -j16 -l16
[0.705s] DEBUG:colcon.colcon_core.event_handler.log_command:Invoking command in '/home/phantona/ee4308/build/ee4308_turtle2': CMAKE_PREFIX_PATH=${CMAKE_PREFIX_PATH}:/opt/ros/jazzy DEBUGINFOD_URLS=https://debuginfod.ubuntu.com /usr/bin/cmake --install /home/phantona/ee4308/build/ee4308_turtle2
[0.764s] Level 1:colcon.colcon_core.environment:create_environment_scripts_only(ee4308_turtle2)
[0.765s] Level 1:colcon.colcon_core.environment:checking '/home/phantona/ee4308/install/ee4308_turtle2' for CMake module files
[0.766s] DEBUG:colcon.colcon_core.event_handler.log_command:Invoked command in '/home/phantona/ee4308/build/ee4308_turtle2' returned '0': CMAKE_PREFIX_PATH=${CMAKE_PREFIX_PATH}:/opt/ros/jazzy DEBUGINFOD_URLS=https://debuginfod.ubuntu.com /usr/bin/cmake --install /home/phantona/ee4308/build/ee4308_turtle2
[0.767s] Level 1:colcon.colcon_core.environment:checking '/home/phantona/ee4308/install/ee4308_turtle2' for CMake config files
[0.768s] Level 1:colcon.colcon_core.shell:create_environment_hook('ee4308_turtle2', 'cmake_prefix_path')
[0.768s] INFO:colcon.colcon_core.shell:Creating environment hook '/home/phantona/ee4308/install/ee4308_turtle2/share/ee4308_turtle2/hook/cmake_prefix_path.ps1'
[0.769s] INFO:colcon.colcon_core.shell:Creating environment descriptor '/home/phantona/ee4308/install/ee4308_turtle2/share/ee4308_turtle2/hook/cmake_prefix_path.dsv'
[0.770s] INFO:colcon.colcon_core.shell:Creating environment hook '/home/phantona/ee4308/install/ee4308_turtle2/share/ee4308_turtle2/hook/cmake_prefix_path.sh'
[0.771s] Level 1:colcon.colcon_core.environment:checking '/home/phantona/ee4308/install/ee4308_turtle2/lib'
[0.771s] Level 1:colcon.colcon_core.shell:create_environment_hook('ee4308_turtle2', 'ld_library_path_lib')
[0.772s] INFO:colcon.colcon_core.shell:Creating environment hook '/home/phantona/ee4308/install/ee4308_turtle2/share/ee4308_turtle2/hook/ld_library_path_lib.ps1'
[0.773s] INFO:colcon.colcon_core.shell:Creating environment descriptor '/home/phantona/ee4308/install/ee4308_turtle2/share/ee4308_turtle2/hook/ld_library_path_lib.dsv'
[0.773s] INFO:colcon.colcon_core.shell:Creating environment hook '/home/phantona/ee4308/install/ee4308_turtle2/share/ee4308_turtle2/hook/ld_library_path_lib.sh'
[0.774s] Level 1:colcon.colcon_core.environment:checking '/home/phantona/ee4308/install/ee4308_turtle2/bin'
[0.774s] Level 1:colcon.colcon_core.environment:checking '/home/phantona/ee4308/install/ee4308_turtle2/lib/pkgconfig/ee4308_turtle2.pc'
[0.775s] Level 1:colcon.colcon_core.environment:checking '/home/phantona/ee4308/install/ee4308_turtle2/lib/python3.12/site-packages'
[0.775s] Level 1:colcon.colcon_core.environment:checking '/home/phantona/ee4308/install/ee4308_turtle2/bin'
[0.776s] INFO:colcon.colcon_core.shell:Creating package script '/home/phantona/ee4308/install/ee4308_turtle2/share/ee4308_turtle2/package.ps1'
[0.777s] INFO:colcon.colcon_core.shell:Creating package descriptor '/home/phantona/ee4308/install/ee4308_turtle2/share/ee4308_turtle2/package.dsv'
[0.778s] INFO:colcon.colcon_core.shell:Creating package script '/home/phantona/ee4308/install/ee4308_turtle2/share/ee4308_turtle2/package.sh'
[0.778s] INFO:colcon.colcon_core.shell:Creating package script '/home/phantona/ee4308/install/ee4308_turtle2/share/ee4308_turtle2/package.bash'
[0.779s] INFO:colcon.colcon_core.shell:Creating package script '/home/phantona/ee4308/install/ee4308_turtle2/share/ee4308_turtle2/package.zsh'
[0.780s] Level 1:colcon.colcon_core.environment:create_file_with_runtime_dependencies(/home/phantona/ee4308/install/ee4308_turtle2/share/colcon-core/packages/ee4308_turtle2)
[0.781s] Level 1:colcon.colcon_core.environment:create_environment_scripts_only(ee4308_turtle2)
[0.781s] Level 1:colcon.colcon_core.environment:checking '/home/phantona/ee4308/install/ee4308_turtle2' for CMake module files
[0.782s] Level 1:colcon.colcon_core.environment:checking '/home/phantona/ee4308/install/ee4308_turtle2' for CMake config files
[0.783s] Level 1:colcon.colcon_core.shell:create_environment_hook('ee4308_turtle2', 'cmake_prefix_path')
[0.783s] INFO:colcon.colcon_core.shell:Creating environment hook '/home/phantona/ee4308/install/ee4308_turtle2/share/ee4308_turtle2/hook/cmake_prefix_path.ps1'
[0.784s] INFO:colcon.colcon_core.shell:Creating environment descriptor '/home/phantona/ee4308/install/ee4308_turtle2/share/ee4308_turtle2/hook/cmake_prefix_path.dsv'
[0.784s] INFO:colcon.colcon_core.shell:Creating environment hook '/home/phantona/ee4308/install/ee4308_turtle2/share/ee4308_turtle2/hook/cmake_prefix_path.sh'
[0.785s] Level 1:colcon.colcon_core.environment:checking '/home/phantona/ee4308/install/ee4308_turtle2/lib'
[0.785s] Level 1:colcon.colcon_core.shell:create_environment_hook('ee4308_turtle2', 'ld_library_path_lib')
[0.786s] INFO:colcon.colcon_core.shell:Creating environment hook '/home/phantona/ee4308/install/ee4308_turtle2/share/ee4308_turtle2/hook/ld_library_path_lib.ps1'
[0.786s] INFO:colcon.colcon_core.shell:Creating environment descriptor '/home/phantona/ee4308/install/ee4308_turtle2/share/ee4308_turtle2/hook/ld_library_path_lib.dsv'
[0.787s] INFO:colcon.colcon_core.shell:Creating environment hook '/home/phantona/ee4308/install/ee4308_turtle2/share/ee4308_turtle2/hook/ld_library_path_lib.sh'
[0.788s] Level 1:colcon.colcon_core.environment:checking '/home/phantona/ee4308/install/ee4308_turtle2/bin'
[0.788s] Level 1:colcon.colcon_core.environment:checking '/home/phantona/ee4308/install/ee4308_turtle2/lib/pkgconfig/ee4308_turtle2.pc'
[0.788s] Level 1:colcon.colcon_core.environment:checking '/home/phantona/ee4308/install/ee4308_turtle2/lib/python3.12/site-packages'
[0.789s] Level 1:colcon.colcon_core.environment:checking '/home/phantona/ee4308/install/ee4308_turtle2/bin'
[0.789s] INFO:colcon.colcon_core.shell:Creating package script '/home/phantona/ee4308/install/ee4308_turtle2/share/ee4308_turtle2/package.ps1'
[0.790s] INFO:colcon.colcon_core.shell:Creating package descriptor '/home/phantona/ee4308/install/ee4308_turtle2/share/ee4308_turtle2/package.dsv'
[0.791s] INFO:colcon.colcon_core.shell:Creating package script '/home/phantona/ee4308/install/ee4308_turtle2/share/ee4308_turtle2/package.sh'
[0.792s] INFO:colcon.colcon_core.shell:Creating package script '/home/phantona/ee4308/install/ee4308_turtle2/share/ee4308_turtle2/package.bash'
[0.793s] INFO:colcon.colcon_core.shell:Creating package script '/home/phantona/ee4308/install/ee4308_turtle2/share/ee4308_turtle2/package.zsh'
[0.793s] Level 1:colcon.colcon_core.environment:create_file_with_runtime_dependencies(/home/phantona/ee4308/install/ee4308_turtle2/share/colcon-core/packages/ee4308_turtle2)
[21.701s] DEBUG:colcon.colcon_core.event_handler.log_command:Invoked command in '/home/phantona/ee4308/build/ee4308_drone' returned '0': CMAKE_PREFIX_PATH=${CMAKE_PREFIX_PATH}:/opt/ros/jazzy DEBUGINFOD_URLS=https://debuginfod.ubuntu.com /usr/bin/cmake --build /home/phantona/ee4308/build/ee4308_drone -- -j16 -l16
[21.702s] DEBUG:colcon.colcon_core.event_handler.log_command:Invoking command in '/home/phantona/ee4308/build/ee4308_drone': CMAKE_PREFIX_PATH=${CMAKE_PREFIX_PATH}:/opt/ros/jazzy DEBUGINFOD_URLS=https://debuginfod.ubuntu.com /usr/bin/cmake --install /home/phantona/ee4308/build/ee4308_drone
[21.760s] Level 1:colcon.colcon_core.environment:create_environment_scripts_only(ee4308_drone)
[21.760s] Level 1:colcon.colcon_core.environment:checking '/home/phantona/ee4308/install/ee4308_drone' for CMake module files
[21.761s] DEBUG:colcon.colcon_core.event_handler.log_command:Invoked command in '/home/phantona/ee4308/build/ee4308_drone' returned '0': CMAKE_PREFIX_PATH=${CMAKE_PREFIX_PATH}:/opt/ros/jazzy DEBUGINFOD_URLS=https://debuginfod.ubuntu.com /usr/bin/cmake --install /home/phantona/ee4308/build/ee4308_drone
[21.762s] Level 1:colcon.colcon_core.environment:checking '/home/phantona/ee4308/install/ee4308_drone' for CMake config files
[21.762s] Level 1:colcon.colcon_core.shell:create_environment_hook('ee4308_drone', 'cmake_prefix_path')
[21.762s] INFO:colcon.colcon_core.shell:Creating environment hook '/home/phantona/ee4308/install/ee4308_drone/share/ee4308_drone/hook/cmake_prefix_path.ps1'
[21.763s] INFO:colcon.colcon_core.shell:Creating environment descriptor '/home/phantona/ee4308/install/ee4308_drone/share/ee4308_drone/hook/cmake_prefix_path.dsv'
[21.763s] INFO:colcon.colcon_core.shell:Creating environment hook '/home/phantona/ee4308/install/ee4308_drone/share/ee4308_drone/hook/cmake_prefix_path.sh'
[21.763s] Level 1:colcon.colcon_core.environment:checking '/home/phantona/ee4308/install/ee4308_drone/lib'
[21.764s] Level 1:colcon.colcon_core.shell:create_environment_hook('ee4308_drone', 'ld_library_path_lib')
[21.764s] INFO:colcon.colcon_core.shell:Creating environment hook '/home/phantona/ee4308/install/ee4308_drone/share/ee4308_drone/hook/ld_library_path_lib.ps1'
[21.764s] INFO:colcon.colcon_core.shell:Creating environment descriptor '/home/phantona/ee4308/install/ee4308_drone/share/ee4308_drone/hook/ld_library_path_lib.dsv'
[21.764s] INFO:colcon.colcon_core.shell:Creating environment hook '/home/phantona/ee4308/install/ee4308_drone/share/ee4308_drone/hook/ld_library_path_lib.sh'
[21.765s] Level 1:colcon.colcon_core.environment:checking '/home/phantona/ee4308/install/ee4308_drone/bin'
[21.765s] Level 1:colcon.colcon_core.environment:checking '/home/phantona/ee4308/install/ee4308_drone/lib/pkgconfig/ee4308_drone.pc'
[21.765s] Level 1:colcon.colcon_core.environment:checking '/home/phantona/ee4308/install/ee4308_drone/lib/python3.12/site-packages'
[21.765s] Level 1:colcon.colcon_core.environment:checking '/home/phantona/ee4308/install/ee4308_drone/bin'
[21.766s] INFO:colcon.colcon_core.shell:Creating package script '/home/phantona/ee4308/install/ee4308_drone/share/ee4308_drone/package.ps1'
[21.766s] INFO:colcon.colcon_core.shell:Creating package descriptor '/home/phantona/ee4308/install/ee4308_drone/share/ee4308_drone/package.dsv'
[21.767s] INFO:colcon.colcon_core.shell:Creating package script '/home/phantona/ee4308/install/ee4308_drone/share/ee4308_drone/package.sh'
[21.767s] INFO:colcon.colcon_core.shell:Creating package script '/home/phantona/ee4308/install/ee4308_drone/share/ee4308_drone/package.bash'
[21.767s] INFO:colcon.colcon_core.shell:Creating package script '/home/phantona/ee4308/install/ee4308_drone/share/ee4308_drone/package.zsh'
[21.768s] Level 1:colcon.colcon_core.environment:create_file_with_runtime_dependencies(/home/phantona/ee4308/install/ee4308_drone/share/colcon-core/packages/ee4308_drone)
[21.768s] Level 1:colcon.colcon_core.environment:create_environment_scripts_only(ee4308_drone)
[21.768s] Level 1:colcon.colcon_core.environment:checking '/home/phantona/ee4308/install/ee4308_drone' for CMake module files
[21.769s] Level 1:colcon.colcon_core.environment:checking '/home/phantona/ee4308/install/ee4308_drone' for CMake config files
[21.769s] Level 1:colcon.colcon_core.shell:create_environment_hook('ee4308_drone', 'cmake_prefix_path')
[21.769s] INFO:colcon.colcon_core.shell:Creating environment hook '/home/phantona/ee4308/install/ee4308_drone/share/ee4308_drone/hook/cmake_prefix_path.ps1'
[21.770s] INFO:colcon.colcon_core.shell:Creating environment descriptor '/home/phantona/ee4308/install/ee4308_drone/share/ee4308_drone/hook/cmake_prefix_path.dsv'
[21.770s] INFO:colcon.colcon_core.shell:Creating environment hook '/home/phantona/ee4308/install/ee4308_drone/share/ee4308_drone/hook/cmake_prefix_path.sh'
[21.770s] Level 1:colcon.colcon_core.environment:checking '/home/phantona/ee4308/install/ee4308_drone/lib'
[21.770s] Level 1:colcon.colcon_core.shell:create_environment_hook('ee4308_drone', 'ld_library_path_lib')
[21.771s] INFO:colcon.colcon_core.shell:Creating environment hook '/home/phantona/ee4308/install/ee4308_drone/share/ee4308_drone/hook/ld_library_path_lib.ps1'
[21.771s] INFO:colcon.colcon_core.shell:Creating environment descriptor '/home/phantona/ee4308/install/ee4308_drone/share/ee4308_drone/hook/ld_library_path_lib.dsv'
[21.771s] INFO:colcon.colcon_core.shell:Creating environment hook '/home/phantona/ee4308/install/ee4308_drone/share/ee4308_drone/hook/ld_library_path_lib.sh'
[21.772s] Level 1:colcon.colcon_core.environment:checking '/home/phantona/ee4308/install/ee4308_drone/bin'
[21.772s] Level 1:colcon.colcon_core.environment:checking '/home/phantona/ee4308/install/ee4308_drone/lib/pkgconfig/ee4308_drone.pc'
[21.772s] Level 1:colcon.colcon_core.environment:checking '/home/phantona/ee4308/install/ee4308_drone/lib/python3.12/site-packages'
[21.772s] Level 1:colcon.colcon_core.environment:checking '/home/phantona/ee4308/install/ee4308_drone/bin'
[21.773s] INFO:colcon.colcon_core.shell:Creating package script '/home/phantona/ee4308/install/ee4308_drone/share/ee4308_drone/package.ps1'
[21.773s] INFO:colcon.colcon_core.shell:Creating package descriptor '/home/phantona/ee4308/install/ee4308_drone/share/ee4308_drone/package.dsv'
[21.773s] INFO:colcon.colcon_core.shell:Creating package script '/home/phantona/ee4308/install/ee4308_drone/share/ee4308_drone/package.sh'
[21.774s] INFO:colcon.colcon_core.shell:Creating package script '/home/phantona/ee4308/install/ee4308_drone/share/ee4308_drone/package.bash'
[21.774s] INFO:colcon.colcon_core.shell:Creating package script '/home/phantona/ee4308/install/ee4308_drone/share/ee4308_drone/package.zsh'
[21.775s] Level 1:colcon.colcon_core.environment:create_file_with_runtime_dependencies(/home/phantona/ee4308/install/ee4308_drone/share/colcon-core/packages/ee4308_drone)
[21.775s] DEBUG:colcon.colcon_parallel_executor.executor.parallel:closing loop
[21.775s] DEBUG:colcon.colcon_parallel_executor.executor.parallel:loop closed
[21.775s] DEBUG:colcon.colcon_parallel_executor.executor.parallel:run_until_complete finished with '0'
[21.775s] DEBUG:colcon.colcon_core.event_reactor:joining thread
[21.782s] INFO:colcon.colcon_core.plugin_system:Skipping extension 'colcon_notification.desktop_notification.terminal_notifier': Not used on non-Darwin systems
[21.783s] INFO:colcon.colcon_core.plugin_system:Skipping extension 'colcon_notification.desktop_notification.win32': Not used on non-Windows systems
[21.783s] INFO:colcon.colcon_notification.desktop_notification:Sending desktop notification using 'notify2'
[21.798s] DEBUG:colcon.colcon_core.event_reactor:joined thread
[21.799s] INFO:colcon.colcon_core.shell:Creating prefix script '/home/phantona/ee4308/install/local_setup.ps1'
[21.800s] INFO:colcon.colcon_core.shell:Creating prefix util module '/home/phantona/ee4308/install/_local_setup_util_ps1.py'
[21.801s] INFO:colcon.colcon_core.shell:Creating prefix chain script '/home/phantona/ee4308/install/setup.ps1'
[21.803s] INFO:colcon.colcon_core.shell:Creating prefix script '/home/phantona/ee4308/install/local_setup.sh'
[21.803s] INFO:colcon.colcon_core.shell:Creating prefix util module '/home/phantona/ee4308/install/_local_setup_util_sh.py'
[21.804s] INFO:colcon.colcon_core.shell:Creating prefix chain script '/home/phantona/ee4308/install/setup.sh'
[21.805s] INFO:colcon.colcon_core.shell:Creating prefix script '/home/phantona/ee4308/install/local_setup.bash'
[21.805s] INFO:colcon.colcon_core.shell:Creating prefix chain script '/home/phantona/ee4308/install/setup.bash'
[21.806s] INFO:colcon.colcon_core.shell:Creating prefix script '/home/phantona/ee4308/install/local_setup.zsh'
[21.807s] INFO:colcon.colcon_core.shell:Creating prefix chain script '/home/phantona/ee4308/install/setup.zsh'
