[0.026s] Invoking command in '/home/phantona/ee4308L2/build/ee4308_drone': CMAKE_PREFIX_PATH=${CMAKE_PREFIX_PATH}:/opt/ros/jazzy DEBUGINFOD_URLS=https://debuginfod.ubuntu.com /usr/bin/cmake /home/phantona/ee4308L2/src/ee4308_drone -DAMENT_CMAKE_SYMLINK_INSTALL=1 -DCMAKE_INSTALL_PREFIX=/home/phantona/ee4308L2/install/ee4308_drone
[0.175s] -- The C compiler identification is GNU 13.3.0
[0.275s] -- The CXX compiler identification is GNU 13.3.0
[0.308s] -- Detecting C compiler ABI info
[0.480s] -- Detecting C compiler ABI info - done
[0.494s] -- Check for working C compiler: /usr/bin/cc - skipped
[0.495s] -- Detecting C compile features
[0.495s] -- Detecting C compile features - done
[0.513s] -- Detecting CXX compiler ABI info
[0.700s] -- Detecting CXX compiler ABI info - done
[0.714s] -- Check for working CXX compiler: /usr/bin/c++ - skipped
[0.716s] -- Detecting CXX compile features
[0.716s] -- Detecting CXX compile features - done
[0.756s] -- Found ament_cmake: 2.5.5 (/opt/ros/jazzy/share/ament_cmake/cmake)
[1.033s] -- Found Python3: /usr/bin/python3 (found version "3.12.3") found components: Interpreter 
[1.159s] -- Override CMake install command with custom implementation using symlinks instead of copying resources
[1.272s] -- Found rclcpp: 28.1.16 (/opt/ros/jazzy/share/rclcpp/cmake)
[1.381s] -- Found rosidl_generator_c: 4.6.7 (/opt/ros/jazzy/share/rosidl_generator_c/cmake)
[1.418s] -- Found rosidl_generator_cpp: 4.6.7 (/opt/ros/jazzy/share/rosidl_generator_cpp/cmake)
[1.463s] -- Using all available rosidl_typesupport_c: rosidl_typesupport_fastrtps_c;rosidl_typesupport_introspection_c
[1.510s] -- Using all available rosidl_typesupport_cpp: rosidl_typesupport_fastrtps_cpp;rosidl_typesupport_introspection_cpp
[1.689s] -- Found rmw_implementation_cmake: 7.3.3 (/opt/ros/jazzy/share/rmw_implementation_cmake/cmake)
[1.698s] -- Found rmw_fastrtps_cpp: 8.4.3 (/opt/ros/jazzy/share/rmw_fastrtps_cpp/cmake)
[1.896s] -- Found OpenSSL: /usr/lib/x86_64-linux-gnu/libcrypto.so (found version "3.0.13")  
[1.934s] -- Found FastRTPS: /opt/ros/jazzy/include (Required is at least version "2.13") 
[1.976s] -- Using RMW implementation 'rmw_fastrtps_cpp' as default
[2.136s] -- Found rclcpp_components: 28.1.16 (/opt/ros/jazzy/share/rclcpp_components/cmake)
[2.219s] -- Found std_msgs: 5.3.6 (/opt/ros/jazzy/share/std_msgs/cmake)
[2.248s] -- Found sensor_msgs: 5.3.6 (/opt/ros/jazzy/share/sensor_msgs/cmake)
[2.327s] -- Found nav_msgs: 5.3.6 (/opt/ros/jazzy/share/nav_msgs/cmake)
[2.386s] -- Found tf2: 0.36.19 (/opt/ros/jazzy/share/tf2/cmake)
[2.400s] -- Found tf2_ros: 0.36.19 (/opt/ros/jazzy/share/tf2_ros/cmake)
[2.589s] -- Found eigen3_cmake_module: 0.3.0 (/opt/ros/jazzy/share/eigen3_cmake_module/cmake)
[2.608s] -- Found Eigen3: TRUE (found version "3.4.0") 
[2.780s] -- Configuring done (2.7s)
[2.859s] -- Generating done (0.1s)
[2.884s] -- Build files have been written to: /home/phantona/ee4308L2/build/ee4308_drone
[2.906s] Invoked command in '/home/phantona/ee4308L2/build/ee4308_drone' returned '0': CMAKE_PREFIX_PATH=${CMAKE_PREFIX_PATH}:/opt/ros/jazzy DEBUGINFOD_URLS=https://debuginfod.ubuntu.com /usr/bin/cmake /home/phantona/ee4308L2/src/ee4308_drone -DAMENT_CMAKE_SYMLINK_INSTALL=1 -DCMAKE_INSTALL_PREFIX=/home/phantona/ee4308L2/install/ee4308_drone
[2.907s] Invoking command in '/home/phantona/ee4308L2/build/ee4308_drone': CMAKE_PREFIX_PATH=${CMAKE_PREFIX_PATH}:/opt/ros/jazzy DEBUGINFOD_URLS=https://debuginfod.ubuntu.com /usr/bin/cmake --build /home/phantona/ee4308L2/build/ee4308_drone -- -j16 -l16
[3.041s] [ 12%] [32m[1mLinking CXX executable controller[0m
[3.042s] [ 12%] [32m[1mLinking CXX executable behavior[0m
[3.042s] [ 18%] [32m[1mLinking CXX executable planner[0m
[3.044s] [ 25%] [32mBuilding CXX object CMakeFiles/planner_component.dir/src/planner.cpp.o[0m
[3.045s] [ 31%] [32mBuilding CXX object CMakeFiles/behavior_component.dir/src/behavior.cpp.o[0m
[3.046s] [ 37%] [32m[1mLinking CXX executable estimator[0m
[3.046s] [ 43%] [32mBuilding CXX object CMakeFiles/controller_component.dir/src/controller.cpp.o[0m
[3.065s] [ 50%] [32mBuilding CXX object CMakeFiles/estimator_component.dir/src/estimator.cpp.o[0m
[3.443s] [ 56%] Built target planner
[3.445s] [ 62%] Built target controller
[3.454s] [ 68%] Built target estimator
[3.458s] [ 75%] Built target behavior
[11.877s] [ 81%] [32m[1mLinking CXX shared library libplanner_component.so[0m
[12.233s] [ 81%] Built target planner_component
[18.617s] [ 87%] [32m[1mLinking CXX shared library libcontroller_component.so[0m
[19.097s] [ 87%] Built target controller_component
[22.068s] [ 93%] [32m[1mLinking CXX shared library libbehavior_component.so[0m
[22.611s] [ 93%] Built target behavior_component
[28.595s] [100%] [32m[1mLinking CXX shared library libestimator_component.so[0m
[29.377s] [100%] Built target estimator_component
[29.390s] Invoked command in '/home/phantona/ee4308L2/build/ee4308_drone' returned '0': CMAKE_PREFIX_PATH=${CMAKE_PREFIX_PATH}:/opt/ros/jazzy DEBUGINFOD_URLS=https://debuginfod.ubuntu.com /usr/bin/cmake --build /home/phantona/ee4308L2/build/ee4308_drone -- -j16 -l16
[29.391s] Invoking command in '/home/phantona/ee4308L2/build/ee4308_drone': CMAKE_PREFIX_PATH=${CMAKE_PREFIX_PATH}:/opt/ros/jazzy DEBUGINFOD_URLS=https://debuginfod.ubuntu.com /usr/bin/cmake --install /home/phantona/ee4308L2/build/ee4308_drone
[29.400s] -- Install configuration: ""
[29.401s] -- Execute custom install script
[29.401s] -- Symlinking: /home/phantona/ee4308L2/install/ee4308_drone/lib/ee4308_drone/behavior
[29.413s] -- Symlinking: /home/phantona/ee4308L2/install/ee4308_drone/lib/ee4308_drone/controller
[29.423s] -- Symlinking: /home/phantona/ee4308L2/install/ee4308_drone/lib/ee4308_drone/estimator
[29.433s] -- Symlinking: /home/phantona/ee4308L2/install/ee4308_drone/lib/ee4308_drone/planner
[29.442s] -- Symlinking: /home/phantona/ee4308L2/install/ee4308_drone/share/ament_index/resource_index/package_run_dependencies/ee4308_drone
[29.452s] -- Symlinking: /home/phantona/ee4308L2/install/ee4308_drone/share/ament_index/resource_index/parent_prefix_path/ee4308_drone
[29.460s] -- Up-to-date symlink: /home/phantona/ee4308L2/install/ee4308_drone/share/ee4308_drone/environment/ament_prefix_path.sh
[29.460s] -- Symlinking: /home/phantona/ee4308L2/install/ee4308_drone/share/ee4308_drone/environment/ament_prefix_path.dsv
[29.469s] -- Up-to-date symlink: /home/phantona/ee4308L2/install/ee4308_drone/share/ee4308_drone/environment/path.sh
[29.469s] -- Symlinking: /home/phantona/ee4308L2/install/ee4308_drone/share/ee4308_drone/environment/path.dsv
[29.479s] -- Symlinking: /home/phantona/ee4308L2/install/ee4308_drone/share/ee4308_drone/local_setup.bash
[29.489s] -- Symlinking: /home/phantona/ee4308L2/install/ee4308_drone/share/ee4308_drone/local_setup.sh
[29.499s] -- Symlinking: /home/phantona/ee4308L2/install/ee4308_drone/share/ee4308_drone/local_setup.zsh
[29.510s] -- Symlinking: /home/phantona/ee4308L2/install/ee4308_drone/share/ee4308_drone/local_setup.dsv
[29.520s] -- Symlinking: /home/phantona/ee4308L2/install/ee4308_drone/share/ee4308_drone/package.dsv
[29.531s] -- Symlinking: /home/phantona/ee4308L2/install/ee4308_drone/share/ament_index/resource_index/packages/ee4308_drone
[29.540s] -- Symlinking: /home/phantona/ee4308L2/install/ee4308_drone/share/ament_index/resource_index/rclcpp_components/ee4308_drone
[29.550s] -- Symlinking: /home/phantona/ee4308L2/install/ee4308_drone/share/ee4308_drone/cmake/ament_cmake_export_targets-extras.cmake
[29.559s] -- Symlinking: /home/phantona/ee4308L2/install/ee4308_drone/share/ee4308_drone/cmake/ament_cmake_export_dependencies-extras.cmake
[29.568s] -- Symlinking: /home/phantona/ee4308L2/install/ee4308_drone/share/ee4308_drone/cmake/ee4308_droneConfig.cmake
[29.577s] -- Symlinking: /home/phantona/ee4308L2/install/ee4308_drone/share/ee4308_drone/cmake/ee4308_droneConfig-version.cmake
[29.585s] -- Symlinking: /home/phantona/ee4308L2/install/ee4308_drone/share/ee4308_drone/package.xml
[29.596s] -- Installing: /home/phantona/ee4308L2/install/ee4308_drone/lib/libbehavior_component.so
[29.606s] -- Set non-toolchain portion of runtime path of "/home/phantona/ee4308L2/install/ee4308_drone/lib/libbehavior_component.so" to ""
[29.606s] -- Installing: /home/phantona/ee4308L2/install/ee4308_drone/lib/libcontroller_component.so
[29.614s] -- Set non-toolchain portion of runtime path of "/home/phantona/ee4308L2/install/ee4308_drone/lib/libcontroller_component.so" to ""
[29.615s] -- Installing: /home/phantona/ee4308L2/install/ee4308_drone/lib/libestimator_component.so
[29.632s] -- Set non-toolchain portion of runtime path of "/home/phantona/ee4308L2/install/ee4308_drone/lib/libestimator_component.so" to ""
[29.632s] -- Installing: /home/phantona/ee4308L2/install/ee4308_drone/lib/libplanner_component.so
[29.635s] -- Set non-toolchain portion of runtime path of "/home/phantona/ee4308L2/install/ee4308_drone/lib/libplanner_component.so" to ""
[29.635s] -- Up-to-date: /home/phantona/ee4308L2/install/ee4308_drone/share/ee4308_drone/cmake/export_behavior_componentExport.cmake
[29.635s] -- Up-to-date: /home/phantona/ee4308L2/install/ee4308_drone/share/ee4308_drone/cmake/export_behavior_componentExport-noconfig.cmake
[29.635s] -- Up-to-date: /home/phantona/ee4308L2/install/ee4308_drone/share/ee4308_drone/cmake/export_controller_componentExport.cmake
[29.635s] -- Up-to-date: /home/phantona/ee4308L2/install/ee4308_drone/share/ee4308_drone/cmake/export_controller_componentExport-noconfig.cmake
[29.635s] -- Up-to-date: /home/phantona/ee4308L2/install/ee4308_drone/share/ee4308_drone/cmake/export_estimator_componentExport.cmake
[29.636s] -- Up-to-date: /home/phantona/ee4308L2/install/ee4308_drone/share/ee4308_drone/cmake/export_estimator_componentExport-noconfig.cmake
[29.636s] -- Up-to-date: /home/phantona/ee4308L2/install/ee4308_drone/share/ee4308_drone/cmake/export_planner_componentExport.cmake
[29.636s] -- Up-to-date: /home/phantona/ee4308L2/install/ee4308_drone/share/ee4308_drone/cmake/export_planner_componentExport-noconfig.cmake
[29.639s] Invoked command in '/home/phantona/ee4308L2/build/ee4308_drone' returned '0': CMAKE_PREFIX_PATH=${CMAKE_PREFIX_PATH}:/opt/ros/jazzy DEBUGINFOD_URLS=https://debuginfod.ubuntu.com /usr/bin/cmake --install /home/phantona/ee4308L2/build/ee4308_drone
