[0.031s] Invoking command in '/home/phantona/ee4308/build/ee4308_drone': CMAKE_PREFIX_PATH=${CMAKE_PREFIX_PATH}:/opt/ros/jazzy DEBUGINFOD_URLS=https://debuginfod.ubuntu.com /usr/bin/cmake --build /home/phantona/ee4308/build/ee4308_drone -- -j16 -l16
[0.207s] [ 12%] Built target behavior
[0.211s] [ 18%] [32mBuilding CXX object CMakeFiles/estimator_component.dir/src/estimator.cpp.o[0m
[0.212s] [ 31%] Built target planner
[0.212s] [ 43%] Built target controller
[0.219s] [ 56%] Built target planner_component
[0.219s] [ 68%] Built target behavior_component
[0.224s] [ 81%] Built target estimator
[0.235s] [ 93%] Built target controller_component
[26.712s] [100%] [32m[1mLinking CXX shared library libestimator_component.so[0m
[28.196s] [100%] Built target estimator_component
[28.217s] Invoked command in '/home/phantona/ee4308/build/ee4308_drone' returned '0': CMAKE_PREFIX_PATH=${CMAKE_PREFIX_PATH}:/opt/ros/jazzy DEBUGINFOD_URLS=https://debuginfod.ubuntu.com /usr/bin/cmake --build /home/phantona/ee4308/build/ee4308_drone -- -j16 -l16
[28.220s] Invoking command in '/home/phantona/ee4308/build/ee4308_drone': CMAKE_PREFIX_PATH=${CMAKE_PREFIX_PATH}:/opt/ros/jazzy DEBUGINFOD_URLS=https://debuginfod.ubuntu.com /usr/bin/cmake --install /home/phantona/ee4308/build/ee4308_drone
[28.235s] -- Install configuration: ""
[28.236s] -- Execute custom install script
[28.237s] -- Up-to-date symlink: /home/phantona/ee4308/install/ee4308_drone/lib/ee4308_drone/behavior
[28.237s] -- Up-to-date symlink: /home/phantona/ee4308/install/ee4308_drone/lib/ee4308_drone/controller
[28.238s] -- Up-to-date symlink: /home/phantona/ee4308/install/ee4308_drone/lib/ee4308_drone/estimator
[28.238s] -- Up-to-date symlink: /home/phantona/ee4308/install/ee4308_drone/lib/ee4308_drone/planner
[28.239s] -- Up-to-date symlink: /home/phantona/ee4308/install/ee4308_drone/share/ament_index/resource_index/package_run_dependencies/ee4308_drone
[28.239s] -- Up-to-date symlink: /home/phantona/ee4308/install/ee4308_drone/share/ament_index/resource_index/parent_prefix_path/ee4308_drone
[28.239s] -- Up-to-date symlink: /home/phantona/ee4308/install/ee4308_drone/share/ee4308_drone/environment/ament_prefix_path.sh
[28.239s] -- Up-to-date symlink: /home/phantona/ee4308/install/ee4308_drone/share/ee4308_drone/environment/ament_prefix_path.dsv
[28.240s] -- Up-to-date symlink: /home/phantona/ee4308/install/ee4308_drone/share/ee4308_drone/environment/path.sh
[28.240s] -- Up-to-date symlink: /home/phantona/ee4308/install/ee4308_drone/share/ee4308_drone/environment/path.dsv
[28.240s] -- Up-to-date symlink: /home/phantona/ee4308/install/ee4308_drone/share/ee4308_drone/local_setup.bash
[28.240s] -- Up-to-date symlink: /home/phantona/ee4308/install/ee4308_drone/share/ee4308_drone/local_setup.sh
[28.241s] -- Up-to-date symlink: /home/phantona/ee4308/install/ee4308_drone/share/ee4308_drone/local_setup.zsh
[28.241s] -- Up-to-date symlink: /home/phantona/ee4308/install/ee4308_drone/share/ee4308_drone/local_setup.dsv
[28.241s] -- Symlinking: /home/phantona/ee4308/install/ee4308_drone/share/ee4308_drone/package.dsv
[28.259s] -- Up-to-date symlink: /home/phantona/ee4308/install/ee4308_drone/share/ament_index/resource_index/packages/ee4308_drone
[28.259s] -- Up-to-date symlink: /home/phantona/ee4308/install/ee4308_drone/share/ament_index/resource_index/rclcpp_components/ee4308_drone
[28.259s] -- Up-to-date symlink: /home/phantona/ee4308/install/ee4308_drone/share/ee4308_drone/cmake/ament_cmake_export_targets-extras.cmake
[28.260s] -- Up-to-date symlink: /home/phantona/ee4308/install/ee4308_drone/share/ee4308_drone/cmake/ament_cmake_export_dependencies-extras.cmake
[28.260s] -- Up-to-date symlink: /home/phantona/ee4308/install/ee4308_drone/share/ee4308_drone/cmake/ee4308_droneConfig.cmake
[28.260s] -- Up-to-date symlink: /home/phantona/ee4308/install/ee4308_drone/share/ee4308_drone/cmake/ee4308_droneConfig-version.cmake
[28.260s] -- Up-to-date symlink: /home/phantona/ee4308/install/ee4308_drone/share/ee4308_drone/package.xml
[28.261s] -- Up-to-date: /home/phantona/ee4308/install/ee4308_drone/lib/libbehavior_component.so
[28.263s] -- Up-to-date: /home/phantona/ee4308/install/ee4308_drone/lib/libcontroller_component.so
[28.264s] -- Installing: /home/phantona/ee4308/install/ee4308_drone/lib/libestimator_component.so
[28.301s] -- Set non-toolchain portion of runtime path of "/home/phantona/ee4308/install/ee4308_drone/lib/libestimator_component.so" to ""
[28.302s] -- Up-to-date: /home/phantona/ee4308/install/ee4308_drone/lib/libplanner_component.so
[28.303s] -- Up-to-date: /home/phantona/ee4308/install/ee4308_drone/share/ee4308_drone/cmake/export_behavior_componentExport.cmake
[28.303s] -- Up-to-date: /home/phantona/ee4308/install/ee4308_drone/share/ee4308_drone/cmake/export_behavior_componentExport-noconfig.cmake
[28.303s] -- Up-to-date: /home/phantona/ee4308/install/ee4308_drone/share/ee4308_drone/cmake/export_controller_componentExport.cmake
[28.304s] -- Up-to-date: /home/phantona/ee4308/install/ee4308_drone/share/ee4308_drone/cmake/export_controller_componentExport-noconfig.cmake
[28.304s] -- Up-to-date: /home/phantona/ee4308/install/ee4308_drone/share/ee4308_drone/cmake/export_estimator_componentExport.cmake
[28.304s] -- Up-to-date: /home/phantona/ee4308/install/ee4308_drone/share/ee4308_drone/cmake/export_estimator_componentExport-noconfig.cmake
[28.305s] -- Up-to-date: /home/phantona/ee4308/install/ee4308_drone/share/ee4308_drone/cmake/export_planner_componentExport.cmake
[28.305s] -- Up-to-date: /home/phantona/ee4308/install/ee4308_drone/share/ee4308_drone/cmake/export_planner_componentExport-noconfig.cmake
[28.309s] Invoked command in '/home/phantona/ee4308/build/ee4308_drone' returned '0': CMAKE_PREFIX_PATH=${CMAKE_PREFIX_PATH}:/opt/ros/jazzy DEBUGINFOD_URLS=https://debuginfod.ubuntu.com /usr/bin/cmake --install /home/phantona/ee4308/build/ee4308_drone
