[0.168s] DEBUG:colcon:Command line arguments: ['/usr/bin/colcon', 'build', '--symlink-install']
[0.168s] DEBUG:colcon:Parsed command line arguments: Namespace(log_base=None, log_level=None, verb_name='build', build_base='build', install_base='install', merge_install=False, symlink_install=True, test_result_base=None, continue_on_error=False, executor='parallel', parallel_workers=16, event_handlers=None, ignore_user_meta=False, metas=['./colcon.meta'], base_paths=['.'], packages_ignore=None, packages_ignore_regex=None, paths=None, packages_up_to=None, packages_up_to_regex=None, packages_above=None, packages_above_and_dependencies=None, packages_above_depth=None, packages_select_by_dep=None, packages_skip_by_dep=None, packages_skip_up_to=None, packages_select_build_failed=False, packages_skip_build_finished=False, packages_select_test_failures=False, packages_skip_test_passed=False, packages_select=None, packages_skip=None, packages_select_regex=None, packages_skip_regex=None, packages_start=None, packages_end=None, allow_overriding=[], cmake_args=None, cmake_target=None, cmake_target_skip_unavailable=False, cmake_clean_cache=False, cmake_clean_first=False, cmake_force_configure=False, ament_cmake_args=None, catkin_cmake_args=None, catkin_skip_building_tests=False, mixin_files=None, mixin=None, verb_parser=<colcon_mixin.mixin.mixin_argument.MixinArgumentDecorator object at 0x78a38e2a80b0>, verb_extension=<colcon_core.verb.build.BuildVerb object at 0x78a38e26bda0>, main=<bound method BuildVerb.main of <colcon_core.verb.build.BuildVerb object at 0x78a38e26bda0>>, mixin_verb=('build',))
[0.230s] Level 1:colcon.colcon_core.package_discovery:discover_packages(colcon_meta) check parameters
[0.230s] Level 1:colcon.colcon_core.package_discovery:discover_packages(recursive) check parameters
[0.230s] Level 1:colcon.colcon_core.package_discovery:discover_packages(ignore) check parameters
[0.230s] Level 1:colcon.colcon_core.package_discovery:discover_packages(path) check parameters
[0.231s] Level 1:colcon.colcon_core.package_discovery:discover_packages(colcon_meta) discover
[0.231s] Level 1:colcon.colcon_core.package_discovery:discover_packages(recursive) discover
[0.231s] INFO:colcon.colcon_core.package_discovery:Crawling recursively for packages in '/home/phantona/ee4308-proj2'
[0.231s] Level 1:colcon.colcon_core.package_identification:_identify(.) by extensions ['ignore', 'ignore_ament_install']
[0.231s] Level 1:colcon.colcon_core.package_identification:_identify(.) by extension 'ignore'
[0.231s] Level 1:colcon.colcon_core.package_identification:_identify(.) by extension 'ignore_ament_install'
[0.231s] Level 1:colcon.colcon_core.package_identification:_identify(.) by extensions ['colcon_pkg']
[0.231s] Level 1:colcon.colcon_core.package_identification:_identify(.) by extension 'colcon_pkg'
[0.232s] Level 1:colcon.colcon_core.package_identification:_identify(.) by extensions ['colcon_meta']
[0.232s] Level 1:colcon.colcon_core.package_identification:_identify(.) by extension 'colcon_meta'
[0.232s] Level 1:colcon.colcon_core.package_identification:_identify(.) by extensions ['ros']
[0.232s] Level 1:colcon.colcon_core.package_identification:_identify(.) by extension 'ros'
[0.274s] Level 1:colcon.colcon_core.package_identification:_identify(.) by extensions ['cmake', 'python']
[0.274s] Level 1:colcon.colcon_core.package_identification:_identify(.) by extension 'cmake'
[0.274s] Level 1:colcon.colcon_core.package_identification:_identify(.) by extension 'python'
[0.274s] Level 1:colcon.colcon_core.package_identification:_identify(.) by extensions ['python_setup_py']
[0.274s] Level 1:colcon.colcon_core.package_identification:_identify(.) by extension 'python_setup_py'
[0.275s] Level 1:colcon.colcon_core.package_identification:_identify(build) by extensions ['ignore', 'ignore_ament_install']
[0.275s] Level 1:colcon.colcon_core.package_identification:_identify(build) by extension 'ignore'
[0.275s] Level 1:colcon.colcon_core.package_identification:_identify(build) ignored
[0.275s] Level 1:colcon.colcon_core.package_identification:_identify(docs) by extensions ['ignore', 'ignore_ament_install']
[0.275s] Level 1:colcon.colcon_core.package_identification:_identify(docs) by extension 'ignore'
[0.275s] Level 1:colcon.colcon_core.package_identification:_identify(docs) by extension 'ignore_ament_install'
[0.275s] Level 1:colcon.colcon_core.package_identification:_identify(docs) by extensions ['colcon_pkg']
[0.276s] Level 1:colcon.colcon_core.package_identification:_identify(docs) by extension 'colcon_pkg'
[0.276s] Level 1:colcon.colcon_core.package_identification:_identify(docs) by extensions ['colcon_meta']
[0.276s] Level 1:colcon.colcon_core.package_identification:_identify(docs) by extension 'colcon_meta'
[0.276s] Level 1:colcon.colcon_core.package_identification:_identify(docs) by extensions ['ros']
[0.276s] Level 1:colcon.colcon_core.package_identification:_identify(docs) by extension 'ros'
[0.276s] Level 1:colcon.colcon_core.package_identification:_identify(docs) by extensions ['cmake', 'python']
[0.276s] Level 1:colcon.colcon_core.package_identification:_identify(docs) by extension 'cmake'
[0.276s] Level 1:colcon.colcon_core.package_identification:_identify(docs) by extension 'python'
[0.276s] Level 1:colcon.colcon_core.package_identification:_identify(docs) by extensions ['python_setup_py']
[0.276s] Level 1:colcon.colcon_core.package_identification:_identify(docs) by extension 'python_setup_py'
[0.276s] Level 1:colcon.colcon_core.package_identification:_identify(install) by extensions ['ignore', 'ignore_ament_install']
[0.276s] Level 1:colcon.colcon_core.package_identification:_identify(install) by extension 'ignore'
[0.277s] Level 1:colcon.colcon_core.package_identification:_identify(install) ignored
[0.277s] Level 1:colcon.colcon_core.package_identification:_identify(log) by extensions ['ignore', 'ignore_ament_install']
[0.277s] Level 1:colcon.colcon_core.package_identification:_identify(log) by extension 'ignore'
[0.277s] Level 1:colcon.colcon_core.package_identification:_identify(log) ignored
[0.277s] Level 1:colcon.colcon_core.package_identification:_identify(src) by extensions ['ignore', 'ignore_ament_install']
[0.277s] Level 1:colcon.colcon_core.package_identification:_identify(src) by extension 'ignore'
[0.277s] Level 1:colcon.colcon_core.package_identification:_identify(src) by extension 'ignore_ament_install'
[0.277s] Level 1:colcon.colcon_core.package_identification:_identify(src) by extensions ['colcon_pkg']
[0.277s] Level 1:colcon.colcon_core.package_identification:_identify(src) by extension 'colcon_pkg'
[0.277s] Level 1:colcon.colcon_core.package_identification:_identify(src) by extensions ['colcon_meta']
[0.278s] Level 1:colcon.colcon_core.package_identification:_identify(src) by extension 'colcon_meta'
[0.278s] Level 1:colcon.colcon_core.package_identification:_identify(src) by extensions ['ros']
[0.278s] Level 1:colcon.colcon_core.package_identification:_identify(src) by extension 'ros'
[0.278s] Level 1:colcon.colcon_core.package_identification:_identify(src) by extensions ['cmake', 'python']
[0.278s] Level 1:colcon.colcon_core.package_identification:_identify(src) by extension 'cmake'
[0.278s] Level 1:colcon.colcon_core.package_identification:_identify(src) by extension 'python'
[0.278s] Level 1:colcon.colcon_core.package_identification:_identify(src) by extensions ['python_setup_py']
[0.278s] Level 1:colcon.colcon_core.package_identification:_identify(src) by extension 'python_setup_py'
[0.278s] Level 1:colcon.colcon_core.package_identification:_identify(src/ee4308_bringup) by extensions ['ignore', 'ignore_ament_install']
[0.278s] Level 1:colcon.colcon_core.package_identification:_identify(src/ee4308_bringup) by extension 'ignore'
[0.278s] Level 1:colcon.colcon_core.package_identification:_identify(src/ee4308_bringup) by extension 'ignore_ament_install'
[0.279s] Level 1:colcon.colcon_core.package_identification:_identify(src/ee4308_bringup) by extensions ['colcon_pkg']
[0.279s] Level 1:colcon.colcon_core.package_identification:_identify(src/ee4308_bringup) by extension 'colcon_pkg'
[0.279s] Level 1:colcon.colcon_core.package_identification:_identify(src/ee4308_bringup) by extensions ['colcon_meta']
[0.279s] Level 1:colcon.colcon_core.package_identification:_identify(src/ee4308_bringup) by extension 'colcon_meta'
[0.279s] Level 1:colcon.colcon_core.package_identification:_identify(src/ee4308_bringup) by extensions ['ros']
[0.279s] Level 1:colcon.colcon_core.package_identification:_identify(src/ee4308_bringup) by extension 'ros'
[0.282s] DEBUG:colcon.colcon_core.package_identification:Package 'src/ee4308_bringup' with type 'ros.ament_cmake' and name 'ee4308_bringup'
[0.282s] Level 1:colcon.colcon_core.package_identification:_identify(src/ee4308_drone) by extensions ['ignore', 'ignore_ament_install']
[0.283s] Level 1:colcon.colcon_core.package_identification:_identify(src/ee4308_drone) by extension 'ignore'
[0.283s] Level 1:colcon.colcon_core.package_identification:_identify(src/ee4308_drone) by extension 'ignore_ament_install'
[0.283s] Level 1:colcon.colcon_core.package_identification:_identify(src/ee4308_drone) by extensions ['colcon_pkg']
[0.283s] Level 1:colcon.colcon_core.package_identification:_identify(src/ee4308_drone) by extension 'colcon_pkg'
[0.283s] Level 1:colcon.colcon_core.package_identification:_identify(src/ee4308_drone) by extensions ['colcon_meta']
[0.283s] Level 1:colcon.colcon_core.package_identification:_identify(src/ee4308_drone) by extension 'colcon_meta'
[0.283s] Level 1:colcon.colcon_core.package_identification:_identify(src/ee4308_drone) by extensions ['ros']
[0.283s] Level 1:colcon.colcon_core.package_identification:_identify(src/ee4308_drone) by extension 'ros'
[0.285s] DEBUG:colcon.colcon_core.package_identification:Package 'src/ee4308_drone' with type 'ros.ament_cmake' and name 'ee4308_drone'
[0.285s] Level 1:colcon.colcon_core.package_identification:_identify(src/ee4308_turtle2) by extensions ['ignore', 'ignore_ament_install']
[0.285s] Level 1:colcon.colcon_core.package_identification:_identify(src/ee4308_turtle2) by extension 'ignore'
[0.285s] Level 1:colcon.colcon_core.package_identification:_identify(src/ee4308_turtle2) by extension 'ignore_ament_install'
[0.285s] Level 1:colcon.colcon_core.package_identification:_identify(src/ee4308_turtle2) by extensions ['colcon_pkg']
[0.285s] Level 1:colcon.colcon_core.package_identification:_identify(src/ee4308_turtle2) by extension 'colcon_pkg'
[0.285s] Level 1:colcon.colcon_core.package_identification:_identify(src/ee4308_turtle2) by extensions ['colcon_meta']
[0.285s] Level 1:colcon.colcon_core.package_identification:_identify(src/ee4308_turtle2) by extension 'colcon_meta'
[0.285s] Level 1:colcon.colcon_core.package_identification:_identify(src/ee4308_turtle2) by extensions ['ros']
[0.285s] Level 1:colcon.colcon_core.package_identification:_identify(src/ee4308_turtle2) by extension 'ros'
[0.287s] DEBUG:colcon.colcon_core.package_identification:Package 'src/ee4308_turtle2' with type 'ros.ament_cmake' and name 'ee4308_turtle2'
[0.287s] Level 1:colcon.colcon_core.package_discovery:discover_packages(recursive) using defaults
[0.287s] Level 1:colcon.colcon_core.package_discovery:discover_packages(ignore) discover
[0.287s] Level 1:colcon.colcon_core.package_discovery:discover_packages(ignore) using defaults
[0.287s] Level 1:colcon.colcon_core.package_discovery:discover_packages(path) discover
[0.287s] Level 1:colcon.colcon_core.package_discovery:discover_packages(path) using defaults
[0.314s] Level 1:colcon.colcon_core.package_discovery:discover_packages(prefix_path) check parameters
[0.314s] Level 1:colcon.colcon_core.package_discovery:discover_packages(prefix_path) discover
[0.317s] DEBUG:colcon.colcon_installed_package_information.package_discovery:Found 3 installed packages in /home/phantona/ee4308-proj2/install
[0.320s] DEBUG:colcon.colcon_installed_package_information.package_discovery:Found 394 installed packages in /opt/ros/jazzy
[0.323s] Level 1:colcon.colcon_core.package_discovery:discover_packages(prefix_path) using defaults
[0.406s] Level 5:colcon.colcon_core.verb:set package 'ee4308_bringup' build argument 'cmake_args' from command line to 'None'
[0.406s] Level 5:colcon.colcon_core.verb:set package 'ee4308_bringup' build argument 'cmake_target' from command line to 'None'
[0.407s] Level 5:colcon.colcon_core.verb:set package 'ee4308_bringup' build argument 'cmake_target_skip_unavailable' from command line to 'False'
[0.407s] Level 5:colcon.colcon_core.verb:set package 'ee4308_bringup' build argument 'cmake_clean_cache' from command line to 'False'
[0.407s] Level 5:colcon.colcon_core.verb:set package 'ee4308_bringup' build argument 'cmake_clean_first' from command line to 'False'
[0.407s] Level 5:colcon.colcon_core.verb:set package 'ee4308_bringup' build argument 'cmake_force_configure' from command line to 'False'
[0.407s] Level 5:colcon.colcon_core.verb:set package 'ee4308_bringup' build argument 'ament_cmake_args' from command line to 'None'
[0.407s] Level 5:colcon.colcon_core.verb:set package 'ee4308_bringup' build argument 'catkin_cmake_args' from command line to 'None'
[0.407s] Level 5:colcon.colcon_core.verb:set package 'ee4308_bringup' build argument 'catkin_skip_building_tests' from command line to 'False'
[0.407s] DEBUG:colcon.colcon_core.verb:Building package 'ee4308_bringup' with the following arguments: {'ament_cmake_args': None, 'build_base': '/home/phantona/ee4308-proj2/build/ee4308_bringup', 'catkin_cmake_args': None, 'catkin_skip_building_tests': False, 'cmake_args': None, 'cmake_clean_cache': False, 'cmake_clean_first': False, 'cmake_force_configure': False, 'cmake_target': None, 'cmake_target_skip_unavailable': False, 'install_base': '/home/phantona/ee4308-proj2/install/ee4308_bringup', 'merge_install': False, 'path': '/home/phantona/ee4308-proj2/src/ee4308_bringup', 'symlink_install': True, 'test_result_base': None}
[0.407s] Level 5:colcon.colcon_core.verb:set package 'ee4308_drone' build argument 'cmake_args' from command line to 'None'
[0.407s] Level 5:colcon.colcon_core.verb:set package 'ee4308_drone' build argument 'cmake_target' from command line to 'None'
[0.407s] Level 5:colcon.colcon_core.verb:set package 'ee4308_drone' build argument 'cmake_target_skip_unavailable' from command line to 'False'
[0.407s] Level 5:colcon.colcon_core.verb:set package 'ee4308_drone' build argument 'cmake_clean_cache' from command line to 'False'
[0.407s] Level 5:colcon.colcon_core.verb:set package 'ee4308_drone' build argument 'cmake_clean_first' from command line to 'False'
[0.407s] Level 5:colcon.colcon_core.verb:set package 'ee4308_drone' build argument 'cmake_force_configure' from command line to 'False'
[0.407s] Level 5:colcon.colcon_core.verb:set package 'ee4308_drone' build argument 'ament_cmake_args' from command line to 'None'
[0.407s] Level 5:colcon.colcon_core.verb:set package 'ee4308_drone' build argument 'catkin_cmake_args' from command line to 'None'
[0.407s] Level 5:colcon.colcon_core.verb:set package 'ee4308_drone' build argument 'catkin_skip_building_tests' from command line to 'False'
[0.408s] DEBUG:colcon.colcon_core.verb:Building package 'ee4308_drone' with the following arguments: {'ament_cmake_args': None, 'build_base': '/home/phantona/ee4308-proj2/build/ee4308_drone', 'catkin_cmake_args': None, 'catkin_skip_building_tests': False, 'cmake_args': None, 'cmake_clean_cache': False, 'cmake_clean_first': False, 'cmake_force_configure': False, 'cmake_target': None, 'cmake_target_skip_unavailable': False, 'install_base': '/home/phantona/ee4308-proj2/install/ee4308_drone', 'merge_install': False, 'path': '/home/phantona/ee4308-proj2/src/ee4308_drone', 'symlink_install': True, 'test_result_base': None}
[0.408s] Level 5:colcon.colcon_core.verb:set package 'ee4308_turtle2' build argument 'cmake_args' from command line to 'None'
[0.408s] Level 5:colcon.colcon_core.verb:set package 'ee4308_turtle2' build argument 'cmake_target' from command line to 'None'
[0.408s] Level 5:colcon.colcon_core.verb:set package 'ee4308_turtle2' build argument 'cmake_target_skip_unavailable' from command line to 'False'
[0.408s] Level 5:colcon.colcon_core.verb:set package 'ee4308_turtle2' build argument 'cmake_clean_cache' from command line to 'False'
[0.408s] Level 5:colcon.colcon_core.verb:set package 'ee4308_turtle2' build argument 'cmake_clean_first' from command line to 'False'
[0.408s] Level 5:colcon.colcon_core.verb:set package 'ee4308_turtle2' build argument 'cmake_force_configure' from command line to 'False'
[0.408s] Level 5:colcon.colcon_core.verb:set package 'ee4308_turtle2' build argument 'ament_cmake_args' from command line to 'None'
[0.408s] Level 5:colcon.colcon_core.verb:set package 'ee4308_turtle2' build argument 'catkin_cmake_args' from command line to 'None'
[0.408s] Level 5:colcon.colcon_core.verb:set package 'ee4308_turtle2' build argument 'catkin_skip_building_tests' from command line to 'False'
[0.408s] DEBUG:colcon.colcon_core.verb:Building package 'ee4308_turtle2' with the following arguments: {'ament_cmake_args': None, 'build_base': '/home/phantona/ee4308-proj2/build/ee4308_turtle2', 'catkin_cmake_args': None, 'catkin_skip_building_tests': False, 'cmake_args': None, 'cmake_clean_cache': False, 'cmake_clean_first': False, 'cmake_force_configure': False, 'cmake_target': None, 'cmake_target_skip_unavailable': False, 'install_base': '/home/phantona/ee4308-proj2/install/ee4308_turtle2', 'merge_install': False, 'path': '/home/phantona/ee4308-proj2/src/ee4308_turtle2', 'symlink_install': True, 'test_result_base': None}
[0.408s] INFO:colcon.colcon_core.executor:Executing jobs using 'parallel' executor
[0.410s] DEBUG:colcon.colcon_parallel_executor.executor.parallel:run_until_complete
[0.410s] INFO:colcon.colcon_ros.task.ament_cmake.build:Building ROS package in '/home/phantona/ee4308-proj2/src/ee4308_bringup' with build type 'ament_cmake'
[0.411s] INFO:colcon.colcon_cmake.task.cmake.build:Building CMake package in '/home/phantona/ee4308-proj2/src/ee4308_bringup'
[0.414s] INFO:colcon.colcon_core.plugin_system:Skipping extension 'colcon_core.shell.bat': Not used on non-Windows systems
[0.414s] INFO:colcon.colcon_core.shell:Skip shell extension 'powershell' for command environment: Not usable outside of PowerShell
[0.415s] DEBUG:colcon.colcon_core.shell:Skip shell extension 'dsv' for command environment
[0.422s] INFO:colcon.colcon_ros.task.ament_cmake.build:Building ROS package in '/home/phantona/ee4308-proj2/src/ee4308_drone' with build type 'ament_cmake'
[0.423s] INFO:colcon.colcon_cmake.task.cmake.build:Building CMake package in '/home/phantona/ee4308-proj2/src/ee4308_drone'
[0.423s] INFO:colcon.colcon_core.shell:Skip shell extension 'powershell' for command environment: Not usable outside of PowerShell
[0.423s] DEBUG:colcon.colcon_core.shell:Skip shell extension 'dsv' for command environment
[0.430s] INFO:colcon.colcon_ros.task.ament_cmake.build:Building ROS package in '/home/phantona/ee4308-proj2/src/ee4308_turtle2' with build type 'ament_cmake'
[0.431s] INFO:colcon.colcon_cmake.task.cmake.build:Building CMake package in '/home/phantona/ee4308-proj2/src/ee4308_turtle2'
[0.431s] INFO:colcon.colcon_core.shell:Skip shell extension 'powershell' for command environment: Not usable outside of PowerShell
[0.431s] DEBUG:colcon.colcon_core.shell:Skip shell extension 'dsv' for command environment
[0.447s] DEBUG:colcon.colcon_core.event_handler.log_command:Invoking command in '/home/phantona/ee4308-proj2/build/ee4308_bringup': CMAKE_PREFIX_PATH=${CMAKE_PREFIX_PATH}:/opt/ros/jazzy DEBUGINFOD_URLS=https://debuginfod.ubuntu.com /usr/bin/cmake --build /home/phantona/ee4308-proj2/build/ee4308_bringup -- -j16 -l16
[0.453s] DEBUG:colcon.colcon_core.event_handler.log_command:Invoking command in '/home/phantona/ee4308-proj2/build/ee4308_drone': CMAKE_PREFIX_PATH=${CMAKE_PREFIX_PATH}:/opt/ros/jazzy DEBUGINFOD_URLS=https://debuginfod.ubuntu.com /usr/bin/cmake --build /home/phantona/ee4308-proj2/build/ee4308_drone -- -j16 -l16
[0.460s] DEBUG:colcon.colcon_core.event_handler.log_command:Invoking command in '/home/phantona/ee4308-proj2/build/ee4308_turtle2': CMAKE_PREFIX_PATH=${CMAKE_PREFIX_PATH}:/opt/ros/jazzy DEBUGINFOD_URLS=https://debuginfod.ubuntu.com /usr/bin/cmake --build /home/phantona/ee4308-proj2/build/ee4308_turtle2 -- -j16 -l16
[0.541s] DEBUG:colcon.colcon_core.event_handler.log_command:Invoked command in '/home/phantona/ee4308-proj2/build/ee4308_bringup' returned '0': CMAKE_PREFIX_PATH=${CMAKE_PREFIX_PATH}:/opt/ros/jazzy DEBUGINFOD_URLS=https://debuginfod.ubuntu.com /usr/bin/cmake --build /home/phantona/ee4308-proj2/build/ee4308_bringup -- -j16 -l16
[0.570s] DEBUG:colcon.colcon_core.event_handler.log_command:Invoking command in '/home/phantona/ee4308-proj2/build/ee4308_bringup': CMAKE_PREFIX_PATH=${CMAKE_PREFIX_PATH}:/opt/ros/jazzy DEBUGINFOD_URLS=https://debuginfod.ubuntu.com /usr/bin/cmake --install /home/phantona/ee4308-proj2/build/ee4308_bringup
[0.612s] DEBUG:colcon.colcon_core.event_handler.log_command:Invoked command in '/home/phantona/ee4308-proj2/build/ee4308_drone' returned '0': CMAKE_PREFIX_PATH=${CMAKE_PREFIX_PATH}:/opt/ros/jazzy DEBUGINFOD_URLS=https://debuginfod.ubuntu.com /usr/bin/cmake --build /home/phantona/ee4308-proj2/build/ee4308_drone -- -j16 -l16
[0.614s] DEBUG:colcon.colcon_core.event_handler.log_command:Invoking command in '/home/phantona/ee4308-proj2/build/ee4308_drone': CMAKE_PREFIX_PATH=${CMAKE_PREFIX_PATH}:/opt/ros/jazzy DEBUGINFOD_URLS=https://debuginfod.ubuntu.com /usr/bin/cmake --install /home/phantona/ee4308-proj2/build/ee4308_drone
[0.624s] DEBUG:colcon.colcon_core.event_handler.log_command:Invoked command in '/home/phantona/ee4308-proj2/build/ee4308_turtle2' returned '0': CMAKE_PREFIX_PATH=${CMAKE_PREFIX_PATH}:/opt/ros/jazzy DEBUGINFOD_URLS=https://debuginfod.ubuntu.com /usr/bin/cmake --build /home/phantona/ee4308-proj2/build/ee4308_turtle2 -- -j16 -l16
[0.626s] DEBUG:colcon.colcon_core.event_handler.log_command:Invoking command in '/home/phantona/ee4308-proj2/build/ee4308_turtle2': CMAKE_PREFIX_PATH=${CMAKE_PREFIX_PATH}:/opt/ros/jazzy DEBUGINFOD_URLS=https://debuginfod.ubuntu.com /usr/bin/cmake --install /home/phantona/ee4308-proj2/build/ee4308_turtle2
[0.630s] Level 1:colcon.colcon_core.environment:create_environment_scripts_only(ee4308_bringup)
[0.631s] DEBUG:colcon.colcon_core.event_handler.log_command:Invoked command in '/home/phantona/ee4308-proj2/build/ee4308_bringup' returned '0': CMAKE_PREFIX_PATH=${CMAKE_PREFIX_PATH}:/opt/ros/jazzy DEBUGINFOD_URLS=https://debuginfod.ubuntu.com /usr/bin/cmake --install /home/phantona/ee4308-proj2/build/ee4308_bringup
[0.639s] Level 1:colcon.colcon_core.environment:checking '/home/phantona/ee4308-proj2/install/ee4308_bringup' for CMake module files
[0.640s] Level 1:colcon.colcon_core.environment:checking '/home/phantona/ee4308-proj2/install/ee4308_bringup' for CMake config files
[0.641s] Level 1:colcon.colcon_core.shell:create_environment_hook('ee4308_bringup', 'cmake_prefix_path')
[0.642s] INFO:colcon.colcon_core.shell:Creating environment hook '/home/phantona/ee4308-proj2/install/ee4308_bringup/share/ee4308_bringup/hook/cmake_prefix_path.ps1'
[0.643s] INFO:colcon.colcon_core.shell:Creating environment descriptor '/home/phantona/ee4308-proj2/install/ee4308_bringup/share/ee4308_bringup/hook/cmake_prefix_path.dsv'
[0.644s] INFO:colcon.colcon_core.shell:Creating environment hook '/home/phantona/ee4308-proj2/install/ee4308_bringup/share/ee4308_bringup/hook/cmake_prefix_path.sh'
[0.647s] Level 1:colcon.colcon_core.environment:checking '/home/phantona/ee4308-proj2/install/ee4308_bringup/bin'
[0.647s] Level 1:colcon.colcon_core.environment:checking '/home/phantona/ee4308-proj2/install/ee4308_bringup/lib/pkgconfig/ee4308_bringup.pc'
[0.648s] Level 1:colcon.colcon_core.environment:checking '/home/phantona/ee4308-proj2/install/ee4308_bringup/lib/python3.12/site-packages'
[0.649s] Level 1:colcon.colcon_core.environment:checking '/home/phantona/ee4308-proj2/install/ee4308_bringup/bin'
[0.650s] INFO:colcon.colcon_core.shell:Creating package script '/home/phantona/ee4308-proj2/install/ee4308_bringup/share/ee4308_bringup/package.ps1'
[0.652s] INFO:colcon.colcon_core.shell:Creating package descriptor '/home/phantona/ee4308-proj2/install/ee4308_bringup/share/ee4308_bringup/package.dsv'
[0.653s] INFO:colcon.colcon_core.shell:Creating package script '/home/phantona/ee4308-proj2/install/ee4308_bringup/share/ee4308_bringup/package.sh'
[0.654s] INFO:colcon.colcon_core.shell:Creating package script '/home/phantona/ee4308-proj2/install/ee4308_bringup/share/ee4308_bringup/package.bash'
[0.655s] INFO:colcon.colcon_core.shell:Creating package script '/home/phantona/ee4308-proj2/install/ee4308_bringup/share/ee4308_bringup/package.zsh'
[0.656s] Level 1:colcon.colcon_core.environment:create_file_with_runtime_dependencies(/home/phantona/ee4308-proj2/install/ee4308_bringup/share/colcon-core/packages/ee4308_bringup)
[0.658s] Level 1:colcon.colcon_core.environment:create_environment_scripts_only(ee4308_bringup)
[0.659s] Level 1:colcon.colcon_core.environment:checking '/home/phantona/ee4308-proj2/install/ee4308_bringup' for CMake module files
[0.661s] Level 1:colcon.colcon_core.environment:checking '/home/phantona/ee4308-proj2/install/ee4308_bringup' for CMake config files
[0.664s] Level 1:colcon.colcon_core.shell:create_environment_hook('ee4308_bringup', 'cmake_prefix_path')
[0.664s] INFO:colcon.colcon_core.shell:Creating environment hook '/home/phantona/ee4308-proj2/install/ee4308_bringup/share/ee4308_bringup/hook/cmake_prefix_path.ps1'
[0.665s] INFO:colcon.colcon_core.shell:Creating environment descriptor '/home/phantona/ee4308-proj2/install/ee4308_bringup/share/ee4308_bringup/hook/cmake_prefix_path.dsv'
[0.666s] INFO:colcon.colcon_core.shell:Creating environment hook '/home/phantona/ee4308-proj2/install/ee4308_bringup/share/ee4308_bringup/hook/cmake_prefix_path.sh'
[0.667s] Level 1:colcon.colcon_core.environment:checking '/home/phantona/ee4308-proj2/install/ee4308_bringup/bin'
[0.667s] Level 1:colcon.colcon_core.environment:checking '/home/phantona/ee4308-proj2/install/ee4308_bringup/lib/pkgconfig/ee4308_bringup.pc'
[0.668s] Level 1:colcon.colcon_core.environment:checking '/home/phantona/ee4308-proj2/install/ee4308_bringup/lib/python3.12/site-packages'
[0.668s] Level 1:colcon.colcon_core.environment:checking '/home/phantona/ee4308-proj2/install/ee4308_bringup/bin'
[0.669s] INFO:colcon.colcon_core.shell:Creating package script '/home/phantona/ee4308-proj2/install/ee4308_bringup/share/ee4308_bringup/package.ps1'
[0.671s] INFO:colcon.colcon_core.shell:Creating package descriptor '/home/phantona/ee4308-proj2/install/ee4308_bringup/share/ee4308_bringup/package.dsv'
[0.673s] INFO:colcon.colcon_core.shell:Creating package script '/home/phantona/ee4308-proj2/install/ee4308_bringup/share/ee4308_bringup/package.sh'
[0.674s] INFO:colcon.colcon_core.shell:Creating package script '/home/phantona/ee4308-proj2/install/ee4308_bringup/share/ee4308_bringup/package.bash'
[0.675s] INFO:colcon.colcon_core.shell:Creating package script '/home/phantona/ee4308-proj2/install/ee4308_bringup/share/ee4308_bringup/package.zsh'
[0.676s] Level 1:colcon.colcon_core.environment:create_file_with_runtime_dependencies(/home/phantona/ee4308-proj2/install/ee4308_bringup/share/colcon-core/packages/ee4308_bringup)
[0.679s] Level 1:colcon.colcon_core.environment:create_environment_scripts_only(ee4308_turtle2)
[0.680s] Level 1:colcon.colcon_core.environment:checking '/home/phantona/ee4308-proj2/install/ee4308_turtle2' for CMake module files
[0.681s] DEBUG:colcon.colcon_core.event_handler.log_command:Invoked command in '/home/phantona/ee4308-proj2/build/ee4308_turtle2' returned '0': CMAKE_PREFIX_PATH=${CMAKE_PREFIX_PATH}:/opt/ros/jazzy DEBUGINFOD_URLS=https://debuginfod.ubuntu.com /usr/bin/cmake --install /home/phantona/ee4308-proj2/build/ee4308_turtle2
[0.681s] Level 1:colcon.colcon_core.environment:checking '/home/phantona/ee4308-proj2/install/ee4308_turtle2' for CMake config files
[0.682s] Level 1:colcon.colcon_core.shell:create_environment_hook('ee4308_turtle2', 'cmake_prefix_path')
[0.683s] INFO:colcon.colcon_core.shell:Creating environment hook '/home/phantona/ee4308-proj2/install/ee4308_turtle2/share/ee4308_turtle2/hook/cmake_prefix_path.ps1'
[0.683s] INFO:colcon.colcon_core.shell:Creating environment descriptor '/home/phantona/ee4308-proj2/install/ee4308_turtle2/share/ee4308_turtle2/hook/cmake_prefix_path.dsv'
[0.684s] INFO:colcon.colcon_core.shell:Creating environment hook '/home/phantona/ee4308-proj2/install/ee4308_turtle2/share/ee4308_turtle2/hook/cmake_prefix_path.sh'
[0.685s] Level 1:colcon.colcon_core.environment:checking '/home/phantona/ee4308-proj2/install/ee4308_turtle2/lib'
[0.685s] Level 1:colcon.colcon_core.shell:create_environment_hook('ee4308_turtle2', 'ld_library_path_lib')
[0.686s] INFO:colcon.colcon_core.shell:Creating environment hook '/home/phantona/ee4308-proj2/install/ee4308_turtle2/share/ee4308_turtle2/hook/ld_library_path_lib.ps1'
[0.686s] INFO:colcon.colcon_core.shell:Creating environment descriptor '/home/phantona/ee4308-proj2/install/ee4308_turtle2/share/ee4308_turtle2/hook/ld_library_path_lib.dsv'
[0.687s] INFO:colcon.colcon_core.shell:Creating environment hook '/home/phantona/ee4308-proj2/install/ee4308_turtle2/share/ee4308_turtle2/hook/ld_library_path_lib.sh'
[0.688s] Level 1:colcon.colcon_core.environment:checking '/home/phantona/ee4308-proj2/install/ee4308_turtle2/bin'
[0.688s] Level 1:colcon.colcon_core.environment:checking '/home/phantona/ee4308-proj2/install/ee4308_turtle2/lib/pkgconfig/ee4308_turtle2.pc'
[0.688s] Level 1:colcon.colcon_core.environment:checking '/home/phantona/ee4308-proj2/install/ee4308_turtle2/lib/python3.12/site-packages'
[0.689s] Level 1:colcon.colcon_core.environment:checking '/home/phantona/ee4308-proj2/install/ee4308_turtle2/bin'
[0.690s] INFO:colcon.colcon_core.shell:Creating package script '/home/phantona/ee4308-proj2/install/ee4308_turtle2/share/ee4308_turtle2/package.ps1'
[0.691s] INFO:colcon.colcon_core.shell:Creating package descriptor '/home/phantona/ee4308-proj2/install/ee4308_turtle2/share/ee4308_turtle2/package.dsv'
[0.691s] INFO:colcon.colcon_core.shell:Creating package script '/home/phantona/ee4308-proj2/install/ee4308_turtle2/share/ee4308_turtle2/package.sh'
[0.692s] INFO:colcon.colcon_core.shell:Creating package script '/home/phantona/ee4308-proj2/install/ee4308_turtle2/share/ee4308_turtle2/package.bash'
[0.693s] INFO:colcon.colcon_core.shell:Creating package script '/home/phantona/ee4308-proj2/install/ee4308_turtle2/share/ee4308_turtle2/package.zsh'
[0.693s] Level 1:colcon.colcon_core.environment:create_file_with_runtime_dependencies(/home/phantona/ee4308-proj2/install/ee4308_turtle2/share/colcon-core/packages/ee4308_turtle2)
[0.694s] Level 1:colcon.colcon_core.environment:create_environment_scripts_only(ee4308_turtle2)
[0.694s] Level 1:colcon.colcon_core.environment:checking '/home/phantona/ee4308-proj2/install/ee4308_turtle2' for CMake module files
[0.695s] Level 1:colcon.colcon_core.environment:checking '/home/phantona/ee4308-proj2/install/ee4308_turtle2' for CMake config files
[0.696s] Level 1:colcon.colcon_core.shell:create_environment_hook('ee4308_turtle2', 'cmake_prefix_path')
[0.696s] INFO:colcon.colcon_core.shell:Creating environment hook '/home/phantona/ee4308-proj2/install/ee4308_turtle2/share/ee4308_turtle2/hook/cmake_prefix_path.ps1'
[0.697s] INFO:colcon.colcon_core.shell:Creating environment descriptor '/home/phantona/ee4308-proj2/install/ee4308_turtle2/share/ee4308_turtle2/hook/cmake_prefix_path.dsv'
[0.697s] INFO:colcon.colcon_core.shell:Creating environment hook '/home/phantona/ee4308-proj2/install/ee4308_turtle2/share/ee4308_turtle2/hook/cmake_prefix_path.sh'
[0.698s] Level 1:colcon.colcon_core.environment:checking '/home/phantona/ee4308-proj2/install/ee4308_turtle2/lib'
[0.699s] Level 1:colcon.colcon_core.shell:create_environment_hook('ee4308_turtle2', 'ld_library_path_lib')
[0.699s] INFO:colcon.colcon_core.shell:Creating environment hook '/home/phantona/ee4308-proj2/install/ee4308_turtle2/share/ee4308_turtle2/hook/ld_library_path_lib.ps1'
[0.699s] INFO:colcon.colcon_core.shell:Creating environment descriptor '/home/phantona/ee4308-proj2/install/ee4308_turtle2/share/ee4308_turtle2/hook/ld_library_path_lib.dsv'
[0.700s] INFO:colcon.colcon_core.shell:Creating environment hook '/home/phantona/ee4308-proj2/install/ee4308_turtle2/share/ee4308_turtle2/hook/ld_library_path_lib.sh'
[0.701s] Level 1:colcon.colcon_core.environment:checking '/home/phantona/ee4308-proj2/install/ee4308_turtle2/bin'
[0.701s] Level 1:colcon.colcon_core.environment:checking '/home/phantona/ee4308-proj2/install/ee4308_turtle2/lib/pkgconfig/ee4308_turtle2.pc'
[0.701s] Level 1:colcon.colcon_core.environment:checking '/home/phantona/ee4308-proj2/install/ee4308_turtle2/lib/python3.12/site-packages'
[0.702s] Level 1:colcon.colcon_core.environment:checking '/home/phantona/ee4308-proj2/install/ee4308_turtle2/bin'
[0.702s] INFO:colcon.colcon_core.shell:Creating package script '/home/phantona/ee4308-proj2/install/ee4308_turtle2/share/ee4308_turtle2/package.ps1'
[0.703s] INFO:colcon.colcon_core.shell:Creating package descriptor '/home/phantona/ee4308-proj2/install/ee4308_turtle2/share/ee4308_turtle2/package.dsv'
[0.704s] INFO:colcon.colcon_core.shell:Creating package script '/home/phantona/ee4308-proj2/install/ee4308_turtle2/share/ee4308_turtle2/package.sh'
[0.705s] INFO:colcon.colcon_core.shell:Creating package script '/home/phantona/ee4308-proj2/install/ee4308_turtle2/share/ee4308_turtle2/package.bash'
[0.705s] INFO:colcon.colcon_core.shell:Creating package script '/home/phantona/ee4308-proj2/install/ee4308_turtle2/share/ee4308_turtle2/package.zsh'
[0.706s] Level 1:colcon.colcon_core.environment:create_file_with_runtime_dependencies(/home/phantona/ee4308-proj2/install/ee4308_turtle2/share/colcon-core/packages/ee4308_turtle2)
[0.707s] Level 1:colcon.colcon_core.environment:create_environment_scripts_only(ee4308_drone)
[0.707s] Level 1:colcon.colcon_core.environment:checking '/home/phantona/ee4308-proj2/install/ee4308_drone' for CMake module files
[0.709s] DEBUG:colcon.colcon_core.event_handler.log_command:Invoked command in '/home/phantona/ee4308-proj2/build/ee4308_drone' returned '0': CMAKE_PREFIX_PATH=${CMAKE_PREFIX_PATH}:/opt/ros/jazzy DEBUGINFOD_URLS=https://debuginfod.ubuntu.com /usr/bin/cmake --install /home/phantona/ee4308-proj2/build/ee4308_drone
[0.709s] Level 1:colcon.colcon_core.environment:checking '/home/phantona/ee4308-proj2/install/ee4308_drone' for CMake config files
[0.710s] Level 1:colcon.colcon_core.shell:create_environment_hook('ee4308_drone', 'cmake_prefix_path')
[0.711s] INFO:colcon.colcon_core.shell:Creating environment hook '/home/phantona/ee4308-proj2/install/ee4308_drone/share/ee4308_drone/hook/cmake_prefix_path.ps1'
[0.711s] INFO:colcon.colcon_core.shell:Creating environment descriptor '/home/phantona/ee4308-proj2/install/ee4308_drone/share/ee4308_drone/hook/cmake_prefix_path.dsv'
[0.712s] INFO:colcon.colcon_core.shell:Creating environment hook '/home/phantona/ee4308-proj2/install/ee4308_drone/share/ee4308_drone/hook/cmake_prefix_path.sh'
[0.713s] Level 1:colcon.colcon_core.environment:checking '/home/phantona/ee4308-proj2/install/ee4308_drone/lib'
[0.713s] Level 1:colcon.colcon_core.shell:create_environment_hook('ee4308_drone', 'ld_library_path_lib')
[0.713s] INFO:colcon.colcon_core.shell:Creating environment hook '/home/phantona/ee4308-proj2/install/ee4308_drone/share/ee4308_drone/hook/ld_library_path_lib.ps1'
[0.714s] INFO:colcon.colcon_core.shell:Creating environment descriptor '/home/phantona/ee4308-proj2/install/ee4308_drone/share/ee4308_drone/hook/ld_library_path_lib.dsv'
[0.714s] INFO:colcon.colcon_core.shell:Creating environment hook '/home/phantona/ee4308-proj2/install/ee4308_drone/share/ee4308_drone/hook/ld_library_path_lib.sh'
[0.715s] Level 1:colcon.colcon_core.environment:checking '/home/phantona/ee4308-proj2/install/ee4308_drone/bin'
[0.715s] Level 1:colcon.colcon_core.environment:checking '/home/phantona/ee4308-proj2/install/ee4308_drone/lib/pkgconfig/ee4308_drone.pc'
[0.716s] Level 1:colcon.colcon_core.environment:checking '/home/phantona/ee4308-proj2/install/ee4308_drone/lib/python3.12/site-packages'
[0.716s] Level 1:colcon.colcon_core.environment:checking '/home/phantona/ee4308-proj2/install/ee4308_drone/bin'
[0.717s] INFO:colcon.colcon_core.shell:Creating package script '/home/phantona/ee4308-proj2/install/ee4308_drone/share/ee4308_drone/package.ps1'
[0.718s] INFO:colcon.colcon_core.shell:Creating package descriptor '/home/phantona/ee4308-proj2/install/ee4308_drone/share/ee4308_drone/package.dsv'
[0.719s] INFO:colcon.colcon_core.shell:Creating package script '/home/phantona/ee4308-proj2/install/ee4308_drone/share/ee4308_drone/package.sh'
[0.719s] INFO:colcon.colcon_core.shell:Creating package script '/home/phantona/ee4308-proj2/install/ee4308_drone/share/ee4308_drone/package.bash'
[0.720s] INFO:colcon.colcon_core.shell:Creating package script '/home/phantona/ee4308-proj2/install/ee4308_drone/share/ee4308_drone/package.zsh'
[0.721s] Level 1:colcon.colcon_core.environment:create_file_with_runtime_dependencies(/home/phantona/ee4308-proj2/install/ee4308_drone/share/colcon-core/packages/ee4308_drone)
[0.722s] Level 1:colcon.colcon_core.environment:create_environment_scripts_only(ee4308_drone)
[0.723s] Level 1:colcon.colcon_core.environment:checking '/home/phantona/ee4308-proj2/install/ee4308_drone' for CMake module files
[0.724s] Level 1:colcon.colcon_core.environment:checking '/home/phantona/ee4308-proj2/install/ee4308_drone' for CMake config files
[0.724s] Level 1:colcon.colcon_core.shell:create_environment_hook('ee4308_drone', 'cmake_prefix_path')
[0.724s] INFO:colcon.colcon_core.shell:Creating environment hook '/home/phantona/ee4308-proj2/install/ee4308_drone/share/ee4308_drone/hook/cmake_prefix_path.ps1'
[0.725s] INFO:colcon.colcon_core.shell:Creating environment descriptor '/home/phantona/ee4308-proj2/install/ee4308_drone/share/ee4308_drone/hook/cmake_prefix_path.dsv'
[0.726s] INFO:colcon.colcon_core.shell:Creating environment hook '/home/phantona/ee4308-proj2/install/ee4308_drone/share/ee4308_drone/hook/cmake_prefix_path.sh'
[0.727s] Level 1:colcon.colcon_core.environment:checking '/home/phantona/ee4308-proj2/install/ee4308_drone/lib'
[0.727s] Level 1:colcon.colcon_core.shell:create_environment_hook('ee4308_drone', 'ld_library_path_lib')
[0.727s] INFO:colcon.colcon_core.shell:Creating environment hook '/home/phantona/ee4308-proj2/install/ee4308_drone/share/ee4308_drone/hook/ld_library_path_lib.ps1'
[0.728s] INFO:colcon.colcon_core.shell:Creating environment descriptor '/home/phantona/ee4308-proj2/install/ee4308_drone/share/ee4308_drone/hook/ld_library_path_lib.dsv'
[0.729s] INFO:colcon.colcon_core.shell:Creating environment hook '/home/phantona/ee4308-proj2/install/ee4308_drone/share/ee4308_drone/hook/ld_library_path_lib.sh'
[0.729s] Level 1:colcon.colcon_core.environment:checking '/home/phantona/ee4308-proj2/install/ee4308_drone/bin'
[0.729s] Level 1:colcon.colcon_core.environment:checking '/home/phantona/ee4308-proj2/install/ee4308_drone/lib/pkgconfig/ee4308_drone.pc'
[0.730s] Level 1:colcon.colcon_core.environment:checking '/home/phantona/ee4308-proj2/install/ee4308_drone/lib/python3.12/site-packages'
[0.731s] Level 1:colcon.colcon_core.environment:checking '/home/phantona/ee4308-proj2/install/ee4308_drone/bin'
[0.731s] INFO:colcon.colcon_core.shell:Creating package script '/home/phantona/ee4308-proj2/install/ee4308_drone/share/ee4308_drone/package.ps1'
[0.732s] INFO:colcon.colcon_core.shell:Creating package descriptor '/home/phantona/ee4308-proj2/install/ee4308_drone/share/ee4308_drone/package.dsv'
[0.733s] INFO:colcon.colcon_core.shell:Creating package script '/home/phantona/ee4308-proj2/install/ee4308_drone/share/ee4308_drone/package.sh'
[0.734s] INFO:colcon.colcon_core.shell:Creating package script '/home/phantona/ee4308-proj2/install/ee4308_drone/share/ee4308_drone/package.bash'
[0.734s] INFO:colcon.colcon_core.shell:Creating package script '/home/phantona/ee4308-proj2/install/ee4308_drone/share/ee4308_drone/package.zsh'
[0.735s] Level 1:colcon.colcon_core.environment:create_file_with_runtime_dependencies(/home/phantona/ee4308-proj2/install/ee4308_drone/share/colcon-core/packages/ee4308_drone)
[0.735s] DEBUG:colcon.colcon_parallel_executor.executor.parallel:closing loop
[0.736s] DEBUG:colcon.colcon_parallel_executor.executor.parallel:loop closed
[0.737s] DEBUG:colcon.colcon_parallel_executor.executor.parallel:run_until_complete finished with '0'
[0.737s] DEBUG:colcon.colcon_core.event_reactor:joining thread
[0.747s] INFO:colcon.colcon_core.plugin_system:Skipping extension 'colcon_notification.desktop_notification.terminal_notifier': Not used on non-Darwin systems
[0.748s] INFO:colcon.colcon_core.plugin_system:Skipping extension 'colcon_notification.desktop_notification.win32': Not used on non-Windows systems
[0.748s] INFO:colcon.colcon_notification.desktop_notification:Sending desktop notification using 'notify2'
[0.772s] DEBUG:colcon.colcon_core.event_reactor:joined thread
[0.773s] INFO:colcon.colcon_core.shell:Creating prefix script '/home/phantona/ee4308-proj2/install/local_setup.ps1'
[0.775s] INFO:colcon.colcon_core.shell:Creating prefix util module '/home/phantona/ee4308-proj2/install/_local_setup_util_ps1.py'
[0.776s] INFO:colcon.colcon_core.shell:Creating prefix chain script '/home/phantona/ee4308-proj2/install/setup.ps1'
[0.778s] INFO:colcon.colcon_core.shell:Creating prefix script '/home/phantona/ee4308-proj2/install/local_setup.sh'
[0.779s] INFO:colcon.colcon_core.shell:Creating prefix util module '/home/phantona/ee4308-proj2/install/_local_setup_util_sh.py'
[0.780s] INFO:colcon.colcon_core.shell:Creating prefix chain script '/home/phantona/ee4308-proj2/install/setup.sh'
[0.782s] INFO:colcon.colcon_core.shell:Creating prefix script '/home/phantona/ee4308-proj2/install/local_setup.bash'
[0.783s] INFO:colcon.colcon_core.shell:Creating prefix chain script '/home/phantona/ee4308-proj2/install/setup.bash'
[0.784s] INFO:colcon.colcon_core.shell:Creating prefix script '/home/phantona/ee4308-proj2/install/local_setup.zsh'
[0.785s] INFO:colcon.colcon_core.shell:Creating prefix chain script '/home/phantona/ee4308-proj2/install/setup.zsh'
