[0.031s] Invoking command in '/home/phantona/ee4308-proj2/build/ee4308_turtle2': CMAKE_PREFIX_PATH=${CMAKE_PREFIX_PATH}:/opt/ros/jazzy DEBUGINFOD_URLS=https://debuginfod.ubuntu.com /usr/bin/cmake --build /home/phantona/ee4308-proj2/build/ee4308_turtle2 -- -j16 -l16
[0.050s] [0mCMake Error: The current CMakeCache.txt directory /home/phantona/ee4308-proj2/build/ee4308_turtle2/CMakeCache.txt is different than the directory /home/phantona/ee4308L2/build/ee4308_turtle2 where CMakeCache.txt was created. This may result in binaries being created in the wrong place. If you are not sure, reedit the CMakeCache.txt[0m
[0.189s] [ 56%] Built target controller_component
[0.190s] [ 68%] Built target behavior
[0.190s] [ 68%] Built target map_loader
[0.190s] [ 68%] Built target map_loader_component
[0.190s] [ 75%] Built target controller
[0.190s] [ 75%] Built target planner_component
[0.193s] [ 87%] Built target behavior_component
[0.194s] [100%] Built target planner
[0.290s] Invoked command in '/home/phantona/ee4308-proj2/build/ee4308_turtle2' returned '0': CMAKE_PREFIX_PATH=${CMAKE_PREFIX_PATH}:/opt/ros/jazzy DEBUGINFOD_URLS=https://debuginfod.ubuntu.com /usr/bin/cmake --build /home/phantona/ee4308-proj2/build/ee4308_turtle2 -- -j16 -l16
[0.292s] Invoking command in '/home/phantona/ee4308-proj2/build/ee4308_turtle2': CMAKE_PREFIX_PATH=${CMAKE_PREFIX_PATH}:/opt/ros/jazzy DEBUGINFOD_URLS=https://debuginfod.ubuntu.com /usr/bin/cmake --install /home/phantona/ee4308-proj2/build/ee4308_turtle2
[0.312s] -- Install configuration: ""
[0.312s] -- Execute custom install script
[0.313s] -- Up-to-date symlink: /home/phantona/ee4308L2/install/ee4308_turtle2/lib/ee4308_turtle2/map_loader
[0.314s] -- Up-to-date symlink: /home/phantona/ee4308L2/install/ee4308_turtle2/lib/ee4308_turtle2/behavior
[0.314s] -- Up-to-date symlink: /home/phantona/ee4308L2/install/ee4308_turtle2/lib/ee4308_turtle2/controller
[0.315s] -- Up-to-date symlink: /home/phantona/ee4308L2/install/ee4308_turtle2/lib/ee4308_turtle2/planner
[0.315s] -- Up-to-date symlink: /home/phantona/ee4308L2/install/ee4308_turtle2/share/ament_index/resource_index/package_run_dependencies/ee4308_turtle2
[0.316s] -- Up-to-date symlink: /home/phantona/ee4308L2/install/ee4308_turtle2/share/ament_index/resource_index/parent_prefix_path/ee4308_turtle2
[0.316s] -- Up-to-date symlink: /home/phantona/ee4308L2/install/ee4308_turtle2/share/ee4308_turtle2/environment/ament_prefix_path.sh
[0.316s] -- Up-to-date symlink: /home/phantona/ee4308L2/install/ee4308_turtle2/share/ee4308_turtle2/environment/ament_prefix_path.dsv
[0.316s] -- Up-to-date symlink: /home/phantona/ee4308L2/install/ee4308_turtle2/share/ee4308_turtle2/environment/path.sh
[0.317s] -- Up-to-date symlink: /home/phantona/ee4308L2/install/ee4308_turtle2/share/ee4308_turtle2/environment/path.dsv
[0.317s] -- Up-to-date symlink: /home/phantona/ee4308L2/install/ee4308_turtle2/share/ee4308_turtle2/local_setup.bash
[0.317s] -- Up-to-date symlink: /home/phantona/ee4308L2/install/ee4308_turtle2/share/ee4308_turtle2/local_setup.sh
[0.318s] -- Up-to-date symlink: /home/phantona/ee4308L2/install/ee4308_turtle2/share/ee4308_turtle2/local_setup.zsh
[0.318s] -- Up-to-date symlink: /home/phantona/ee4308L2/install/ee4308_turtle2/share/ee4308_turtle2/local_setup.dsv
[0.318s] -- Symlinking: /home/phantona/ee4308L2/install/ee4308_turtle2/share/ee4308_turtle2/package.dsv
[0.341s] -- Up-to-date symlink: /home/phantona/ee4308L2/install/ee4308_turtle2/share/ament_index/resource_index/packages/ee4308_turtle2
[0.341s] -- Up-to-date symlink: /home/phantona/ee4308L2/install/ee4308_turtle2/share/ament_index/resource_index/rclcpp_components/ee4308_turtle2
[0.341s] -- Up-to-date symlink: /home/phantona/ee4308L2/install/ee4308_turtle2/share/ee4308_turtle2/cmake/ament_cmake_export_targets-extras.cmake
[0.342s] -- Up-to-date symlink: /home/phantona/ee4308L2/install/ee4308_turtle2/share/ee4308_turtle2/cmake/ee4308_turtle2Config.cmake
[0.342s] -- Up-to-date symlink: /home/phantona/ee4308L2/install/ee4308_turtle2/share/ee4308_turtle2/cmake/ee4308_turtle2Config-version.cmake
[0.342s] -- Up-to-date symlink: /home/phantona/ee4308L2/install/ee4308_turtle2/share/ee4308_turtle2/package.xml
[0.342s] -- Up-to-date: /home/phantona/ee4308L2/install/ee4308_turtle2/lib/libmap_loader_component.so
[0.343s] -- Up-to-date: /home/phantona/ee4308L2/install/ee4308_turtle2/lib/libbehavior_component.so
[0.343s] -- Up-to-date: /home/phantona/ee4308L2/install/ee4308_turtle2/lib/libcontroller_component.so
[0.344s] -- Up-to-date: /home/phantona/ee4308L2/install/ee4308_turtle2/lib/libplanner_component.so
[0.345s] -- Up-to-date: /home/phantona/ee4308L2/install/ee4308_turtle2/share/ee4308_turtle2/cmake/export_map_loader_componentExport.cmake
[0.345s] -- Up-to-date: /home/phantona/ee4308L2/install/ee4308_turtle2/share/ee4308_turtle2/cmake/export_map_loader_componentExport-noconfig.cmake
[0.345s] -- Up-to-date: /home/phantona/ee4308L2/install/ee4308_turtle2/share/ee4308_turtle2/cmake/export_behavior_componentExport.cmake
[0.345s] -- Up-to-date: /home/phantona/ee4308L2/install/ee4308_turtle2/share/ee4308_turtle2/cmake/export_behavior_componentExport-noconfig.cmake
[0.346s] -- Up-to-date: /home/phantona/ee4308L2/install/ee4308_turtle2/share/ee4308_turtle2/cmake/export_controller_componentExport.cmake
[0.346s] -- Up-to-date: /home/phantona/ee4308L2/install/ee4308_turtle2/share/ee4308_turtle2/cmake/export_controller_componentExport-noconfig.cmake
[0.346s] -- Up-to-date: /home/phantona/ee4308L2/install/ee4308_turtle2/share/ee4308_turtle2/cmake/export_planner_componentExport.cmake
[0.346s] -- Up-to-date: /home/phantona/ee4308L2/install/ee4308_turtle2/share/ee4308_turtle2/cmake/export_planner_componentExport-noconfig.cmake
[0.350s] Invoked command in '/home/phantona/ee4308-proj2/build/ee4308_turtle2' returned '0': CMAKE_PREFIX_PATH=${CMAKE_PREFIX_PATH}:/opt/ros/jazzy DEBUGINFOD_URLS=https://debuginfod.ubuntu.com /usr/bin/cmake --install /home/phantona/ee4308-proj2/build/ee4308_turtle2
