[0.037s] Invoking command in '/home/phantona/ee4308-proj2/build/ee4308_bringup': CMAKE_PREFIX_PATH=${CMAKE_PREFIX_PATH}:/opt/ros/jazzy DEBUGINFOD_URLS=https://debuginfod.ubuntu.com /usr/bin/cmake /home/phantona/ee4308-proj2/src/ee4308_bringup -DAMENT_CMAKE_SYMLINK_INSTALL=1 -DCMAKE_INSTALL_PREFIX=/home/phantona/ee4308-proj2/install/ee4308_bringup
[0.210s] -- The C compiler identification is GNU 13.3.0
[0.318s] -- The CXX compiler identification is GNU 13.3.0
[0.354s] -- Detecting C compiler ABI info
[0.550s] -- Detecting C compiler ABI info - done
[0.564s] -- Check for working C compiler: /usr/bin/cc - skipped
[0.565s] -- Detecting C compile features
[0.566s] -- Detecting C compile features - done
[0.585s] -- Detecting CXX compiler ABI info
[0.780s] -- Detecting CXX compiler ABI info - done
[0.797s] -- Check for working CXX compiler: /usr/bin/c++ - skipped
[0.797s] -- Detecting CXX compile features
[0.797s] -- Detecting CXX compile features - done
[0.828s] -- Found ament_cmake: 2.5.5 (/opt/ros/jazzy/share/ament_cmake/cmake)
[1.125s] -- Found Python3: /usr/bin/python3 (found version "3.12.3") found components: Interpreter 
[1.264s] -- Override CMake install command with custom implementation using symlinks instead of copying resources
[1.551s] -- Configuring done (1.5s)
[1.557s] -- Generating done (0.0s)
[1.561s] -- Build files have been written to: /home/phantona/ee4308-proj2/build/ee4308_bringup
[1.571s] Invoked command in '/home/phantona/ee4308-proj2/build/ee4308_bringup' returned '0': CMAKE_PREFIX_PATH=${CMAKE_PREFIX_PATH}:/opt/ros/jazzy DEBUGINFOD_URLS=https://debuginfod.ubuntu.com /usr/bin/cmake /home/phantona/ee4308-proj2/src/ee4308_bringup -DAMENT_CMAKE_SYMLINK_INSTALL=1 -DCMAKE_INSTALL_PREFIX=/home/phantona/ee4308-proj2/install/ee4308_bringup
[1.574s] Invoking command in '/home/phantona/ee4308-proj2/build/ee4308_bringup': CMAKE_PREFIX_PATH=${CMAKE_PREFIX_PATH}:/opt/ros/jazzy DEBUGINFOD_URLS=https://debuginfod.ubuntu.com /usr/bin/cmake --build /home/phantona/ee4308-proj2/build/ee4308_bringup -- -j16 -l16
[1.659s] Invoked command in '/home/phantona/ee4308-proj2/build/ee4308_bringup' returned '0': CMAKE_PREFIX_PATH=${CMAKE_PREFIX_PATH}:/opt/ros/jazzy DEBUGINFOD_URLS=https://debuginfod.ubuntu.com /usr/bin/cmake --build /home/phantona/ee4308-proj2/build/ee4308_bringup -- -j16 -l16
[1.680s] Invoking command in '/home/phantona/ee4308-proj2/build/ee4308_bringup': CMAKE_PREFIX_PATH=${CMAKE_PREFIX_PATH}:/opt/ros/jazzy DEBUGINFOD_URLS=https://debuginfod.ubuntu.com /usr/bin/cmake --install /home/phantona/ee4308-proj2/build/ee4308_bringup
[1.699s] -- Install configuration: ""
[1.700s] -- Execute custom install script
[1.700s] -- Symlinking: /home/phantona/ee4308-proj2/install/ee4308_bringup/share/ee4308_bringup//launch/proj2_sim.launch.py
[1.722s] -- Symlinking: /home/phantona/ee4308-proj2/install/ee4308_bringup/share/ee4308_bringup//launch/sim.launch.py
[1.742s] -- Symlinking: /home/phantona/ee4308-proj2/install/ee4308_bringup/share/ee4308_bringup//launch/spawn_models.launch.py
[1.760s] -- Symlinking: /home/phantona/ee4308-proj2/install/ee4308_bringup/share/ee4308_bringup//rviz/proj2.rviz
[1.778s] -- Symlinking: /home/phantona/ee4308-proj2/install/ee4308_bringup/share/ee4308_bringup//params/proj2.yaml
[1.797s] -- Symlinking: /home/phantona/ee4308-proj2/install/ee4308_bringup/share/ee4308_bringup//params/ros_gz_bridge_proj2.yaml
[1.820s] -- Symlinking: /home/phantona/ee4308-proj2/install/ee4308_bringup/share/ee4308_bringup//maps/proj2_sim.pgm
[1.839s] -- Symlinking: /home/phantona/ee4308-proj2/install/ee4308_bringup/share/ee4308_bringup//maps/proj2_sim.yaml
[1.858s] -- Symlinking: /home/phantona/ee4308-proj2/install/ee4308_bringup/share/ee4308_bringup//worlds/empty_world.world
[1.877s] -- Symlinking: /home/phantona/ee4308-proj2/install/ee4308_bringup/share/ee4308_bringup//worlds/turtlebot3_house.world
[1.894s] -- Symlinking: /home/phantona/ee4308-proj2/install/ee4308_bringup/share/ee4308_bringup//worlds/turtlebot3_world.world
[1.914s] -- Symlinking: /home/phantona/ee4308-proj2/install/ee4308_bringup/share/ee4308_bringup//models/drone/README
[1.932s] -- Symlinking: /home/phantona/ee4308-proj2/install/ee4308_bringup/share/ee4308_bringup//models/drone/drone.urdf
[1.952s] -- Symlinking: /home/phantona/ee4308-proj2/install/ee4308_bringup/share/ee4308_bringup//models/drone/drone_proj2.sdf
[1.971s] -- Symlinking: /home/phantona/ee4308-proj2/install/ee4308_bringup/share/ee4308_bringup//models/drone/materials/textures/led.jpg
[1.989s] -- Symlinking: /home/phantona/ee4308-proj2/install/ee4308_bringup/share/ee4308_bringup//models/drone/materials/textures/spotlight.jpg
[2.007s] -- Symlinking: /home/phantona/ee4308-proj2/install/ee4308_bringup/share/ee4308_bringup//models/drone/meshes/iris.dae
[2.026s] -- Symlinking: /home/phantona/ee4308-proj2/install/ee4308_bringup/share/ee4308_bringup//models/drone/meshes/led.dae
[2.044s] -- Symlinking: /home/phantona/ee4308-proj2/install/ee4308_bringup/share/ee4308_bringup//models/drone/meshes/led_lamp.dae
[2.065s] -- Symlinking: /home/phantona/ee4308-proj2/install/ee4308_bringup/share/ee4308_bringup//models/drone/meshes/propeller_ccw.dae
[2.085s] -- Symlinking: /home/phantona/ee4308-proj2/install/ee4308_bringup/share/ee4308_bringup//models/drone/meshes/propeller_cw.dae
[2.103s] -- Symlinking: /home/phantona/ee4308-proj2/install/ee4308_bringup/share/ee4308_bringup//models/drone/meshes/spotlight.dae
[2.122s] -- Symlinking: /home/phantona/ee4308-proj2/install/ee4308_bringup/share/ee4308_bringup//models/drone/meshes/vi_camera.dae
[2.140s] -- Symlinking: /home/phantona/ee4308-proj2/install/ee4308_bringup/share/ee4308_bringup//models/drone/meshes/vi_camera.jpg
[2.158s] -- Symlinking: /home/phantona/ee4308-proj2/install/ee4308_bringup/share/ee4308_bringup//models/drone/meshes/vi_sensor.dae
[2.177s] -- Symlinking: /home/phantona/ee4308-proj2/install/ee4308_bringup/share/ee4308_bringup//models/drone/meshes/vi_sensor.jpg
[2.195s] -- Symlinking: /home/phantona/ee4308-proj2/install/ee4308_bringup/share/ee4308_bringup//models/drone/meshes/x3.dae
[2.214s] -- Symlinking: /home/phantona/ee4308-proj2/install/ee4308_bringup/share/ee4308_bringup//models/drone/meshes/x3.jpg
[2.232s] -- Symlinking: /home/phantona/ee4308-proj2/install/ee4308_bringup/share/ee4308_bringup//models/drone/model.config
[2.250s] -- Symlinking: /home/phantona/ee4308-proj2/install/ee4308_bringup/share/ee4308_bringup//models/drone/model.sdf
[2.267s] -- Symlinking: /home/phantona/ee4308-proj2/install/ee4308_bringup/share/ee4308_bringup//models/turtle/turtle.urdf
[2.285s] -- Symlinking: /home/phantona/ee4308-proj2/install/ee4308_bringup/share/ee4308_bringup//models/turtle/turtle_proj1.sdf
[2.303s] -- Symlinking: /home/phantona/ee4308-proj2/install/ee4308_bringup/share/ee4308_bringup//models/turtle/turtle_proj2.sdf
[2.322s] -- Symlinking: /home/phantona/ee4308-proj2/install/ee4308_bringup/share/ament_index/resource_index/package_run_dependencies/ee4308_bringup
[2.340s] -- Symlinking: /home/phantona/ee4308-proj2/install/ee4308_bringup/share/ament_index/resource_index/parent_prefix_path/ee4308_bringup
[2.357s] -- Up-to-date symlink: /home/phantona/ee4308-proj2/install/ee4308_bringup/share/ee4308_bringup/environment/ament_prefix_path.sh
[2.358s] -- Symlinking: /home/phantona/ee4308-proj2/install/ee4308_bringup/share/ee4308_bringup/environment/ament_prefix_path.dsv
[2.376s] -- Up-to-date symlink: /home/phantona/ee4308-proj2/install/ee4308_bringup/share/ee4308_bringup/environment/path.sh
[2.376s] -- Symlinking: /home/phantona/ee4308-proj2/install/ee4308_bringup/share/ee4308_bringup/environment/path.dsv
[2.393s] -- Symlinking: /home/phantona/ee4308-proj2/install/ee4308_bringup/share/ee4308_bringup/local_setup.bash
[2.413s] -- Symlinking: /home/phantona/ee4308-proj2/install/ee4308_bringup/share/ee4308_bringup/local_setup.sh
[2.431s] -- Symlinking: /home/phantona/ee4308-proj2/install/ee4308_bringup/share/ee4308_bringup/local_setup.zsh
[2.449s] -- Symlinking: /home/phantona/ee4308-proj2/install/ee4308_bringup/share/ee4308_bringup/local_setup.dsv
[2.467s] -- Symlinking: /home/phantona/ee4308-proj2/install/ee4308_bringup/share/ee4308_bringup/package.dsv
[2.485s] -- Symlinking: /home/phantona/ee4308-proj2/install/ee4308_bringup/share/ament_index/resource_index/packages/ee4308_bringup
[2.503s] -- Symlinking: /home/phantona/ee4308-proj2/install/ee4308_bringup/share/ee4308_bringup/cmake/ament_cmake_export_dependencies-extras.cmake
[2.522s] -- Symlinking: /home/phantona/ee4308-proj2/install/ee4308_bringup/share/ee4308_bringup/cmake/ee4308_bringupConfig.cmake
[2.539s] -- Symlinking: /home/phantona/ee4308-proj2/install/ee4308_bringup/share/ee4308_bringup/cmake/ee4308_bringupConfig-version.cmake
[2.558s] -- Symlinking: /home/phantona/ee4308-proj2/install/ee4308_bringup/share/ee4308_bringup/package.xml
[2.580s] Invoked command in '/home/phantona/ee4308-proj2/build/ee4308_bringup' returned '0': CMAKE_PREFIX_PATH=${CMAKE_PREFIX_PATH}:/opt/ros/jazzy DEBUGINFOD_URLS=https://debuginfod.ubuntu.com /usr/bin/cmake --install /home/phantona/ee4308-proj2/build/ee4308_bringup
