[0.177s] DEBUG:colcon:Command line arguments: ['/usr/bin/colcon', 'build', '--symlink-install']
[0.177s] DEBUG:colcon:Parsed command line arguments: Namespace(log_base=None, log_level=None, verb_name='build', build_base='build', install_base='install', merge_install=False, symlink_install=True, test_result_base=None, continue_on_error=False, executor='parallel', parallel_workers=16, event_handlers=None, ignore_user_meta=False, metas=['./colcon.meta'], base_paths=['.'], packages_ignore=None, packages_ignore_regex=None, paths=None, packages_up_to=None, packages_up_to_regex=None, packages_above=None, packages_above_and_dependencies=None, packages_above_depth=None, packages_select_by_dep=None, packages_skip_by_dep=None, packages_skip_up_to=None, packages_select_build_failed=False, packages_skip_build_finished=False, packages_select_test_failures=False, packages_skip_test_passed=False, packages_select=None, packages_skip=None, packages_select_regex=None, packages_skip_regex=None, packages_start=None, packages_end=None, allow_overriding=[], cmake_args=None, cmake_target=None, cmake_target_skip_unavailable=False, cmake_clean_cache=False, cmake_clean_first=False, cmake_force_configure=False, ament_cmake_args=None, catkin_cmake_args=None, catkin_skip_building_tests=False, mixin_files=None, mixin=None, verb_parser=<colcon_mixin.mixin.mixin_argument.MixinArgumentDecorator object at 0x76396e9ac140>, verb_extension=<colcon_core.verb.build.BuildVerb object at 0x76396e987e60>, main=<bound method BuildVerb.main of <colcon_core.verb.build.BuildVerb object at 0x76396e987e60>>, mixin_verb=('build',))
[0.240s] Level 1:colcon.colcon_core.package_discovery:discover_packages(colcon_meta) check parameters
[0.240s] Level 1:colcon.colcon_core.package_discovery:discover_packages(recursive) check parameters
[0.240s] Level 1:colcon.colcon_core.package_discovery:discover_packages(ignore) check parameters
[0.241s] Level 1:colcon.colcon_core.package_discovery:discover_packages(path) check parameters
[0.241s] Level 1:colcon.colcon_core.package_discovery:discover_packages(colcon_meta) discover
[0.241s] Level 1:colcon.colcon_core.package_discovery:discover_packages(recursive) discover
[0.241s] INFO:colcon.colcon_core.package_discovery:Crawling recursively for packages in '/home/phantona/ee4308'
[0.241s] Level 1:colcon.colcon_core.package_identification:_identify(.) by extensions ['ignore', 'ignore_ament_install']
[0.241s] Level 1:colcon.colcon_core.package_identification:_identify(.) by extension 'ignore'
[0.241s] Level 1:colcon.colcon_core.package_identification:_identify(.) by extension 'ignore_ament_install'
[0.242s] Level 1:colcon.colcon_core.package_identification:_identify(.) by extensions ['colcon_pkg']
[0.242s] Level 1:colcon.colcon_core.package_identification:_identify(.) by extension 'colcon_pkg'
[0.242s] Level 1:colcon.colcon_core.package_identification:_identify(.) by extensions ['colcon_meta']
[0.242s] Level 1:colcon.colcon_core.package_identification:_identify(.) by extension 'colcon_meta'
[0.242s] Level 1:colcon.colcon_core.package_identification:_identify(.) by extensions ['ros']
[0.242s] Level 1:colcon.colcon_core.package_identification:_identify(.) by extension 'ros'
[0.285s] Level 1:colcon.colcon_core.package_identification:_identify(.) by extensions ['cmake', 'python']
[0.286s] Level 1:colcon.colcon_core.package_identification:_identify(.) by extension 'cmake'
[0.286s] Level 1:colcon.colcon_core.package_identification:_identify(.) by extension 'python'
[0.286s] Level 1:colcon.colcon_core.package_identification:_identify(.) by extensions ['python_setup_py']
[0.286s] Level 1:colcon.colcon_core.package_identification:_identify(.) by extension 'python_setup_py'
[0.286s] Level 1:colcon.colcon_core.package_identification:_identify(build) by extensions ['ignore', 'ignore_ament_install']
[0.286s] Level 1:colcon.colcon_core.package_identification:_identify(build) by extension 'ignore'
[0.286s] Level 1:colcon.colcon_core.package_identification:_identify(build) ignored
[0.287s] Level 1:colcon.colcon_core.package_identification:_identify(docs) by extensions ['ignore', 'ignore_ament_install']
[0.287s] Level 1:colcon.colcon_core.package_identification:_identify(docs) by extension 'ignore'
[0.287s] Level 1:colcon.colcon_core.package_identification:_identify(docs) by extension 'ignore_ament_install'
[0.287s] Level 1:colcon.colcon_core.package_identification:_identify(docs) by extensions ['colcon_pkg']
[0.287s] Level 1:colcon.colcon_core.package_identification:_identify(docs) by extension 'colcon_pkg'
[0.287s] Level 1:colcon.colcon_core.package_identification:_identify(docs) by extensions ['colcon_meta']
[0.287s] Level 1:colcon.colcon_core.package_identification:_identify(docs) by extension 'colcon_meta'
[0.288s] Level 1:colcon.colcon_core.package_identification:_identify(docs) by extensions ['ros']
[0.288s] Level 1:colcon.colcon_core.package_identification:_identify(docs) by extension 'ros'
[0.288s] Level 1:colcon.colcon_core.package_identification:_identify(docs) by extensions ['cmake', 'python']
[0.288s] Level 1:colcon.colcon_core.package_identification:_identify(docs) by extension 'cmake'
[0.288s] Level 1:colcon.colcon_core.package_identification:_identify(docs) by extension 'python'
[0.288s] Level 1:colcon.colcon_core.package_identification:_identify(docs) by extensions ['python_setup_py']
[0.288s] Level 1:colcon.colcon_core.package_identification:_identify(docs) by extension 'python_setup_py'
[0.288s] Level 1:colcon.colcon_core.package_identification:_identify(install) by extensions ['ignore', 'ignore_ament_install']
[0.288s] Level 1:colcon.colcon_core.package_identification:_identify(install) by extension 'ignore'
[0.288s] Level 1:colcon.colcon_core.package_identification:_identify(install) ignored
[0.289s] Level 1:colcon.colcon_core.package_identification:_identify(log) by extensions ['ignore', 'ignore_ament_install']
[0.289s] Level 1:colcon.colcon_core.package_identification:_identify(log) by extension 'ignore'
[0.289s] Level 1:colcon.colcon_core.package_identification:_identify(log) ignored
[0.289s] Level 1:colcon.colcon_core.package_identification:_identify(src) by extensions ['ignore', 'ignore_ament_install']
[0.289s] Level 1:colcon.colcon_core.package_identification:_identify(src) by extension 'ignore'
[0.289s] Level 1:colcon.colcon_core.package_identification:_identify(src) by extension 'ignore_ament_install'
[0.289s] Level 1:colcon.colcon_core.package_identification:_identify(src) by extensions ['colcon_pkg']
[0.289s] Level 1:colcon.colcon_core.package_identification:_identify(src) by extension 'colcon_pkg'
[0.290s] Level 1:colcon.colcon_core.package_identification:_identify(src) by extensions ['colcon_meta']
[0.290s] Level 1:colcon.colcon_core.package_identification:_identify(src) by extension 'colcon_meta'
[0.290s] Level 1:colcon.colcon_core.package_identification:_identify(src) by extensions ['ros']
[0.290s] Level 1:colcon.colcon_core.package_identification:_identify(src) by extension 'ros'
[0.290s] Level 1:colcon.colcon_core.package_identification:_identify(src) by extensions ['cmake', 'python']
[0.290s] Level 1:colcon.colcon_core.package_identification:_identify(src) by extension 'cmake'
[0.290s] Level 1:colcon.colcon_core.package_identification:_identify(src) by extension 'python'
[0.290s] Level 1:colcon.colcon_core.package_identification:_identify(src) by extensions ['python_setup_py']
[0.290s] Level 1:colcon.colcon_core.package_identification:_identify(src) by extension 'python_setup_py'
[0.290s] Level 1:colcon.colcon_core.package_identification:_identify(src/ee4308_bringup) by extensions ['ignore', 'ignore_ament_install']
[0.290s] Level 1:colcon.colcon_core.package_identification:_identify(src/ee4308_bringup) by extension 'ignore'
[0.291s] Level 1:colcon.colcon_core.package_identification:_identify(src/ee4308_bringup) by extension 'ignore_ament_install'
[0.291s] Level 1:colcon.colcon_core.package_identification:_identify(src/ee4308_bringup) by extensions ['colcon_pkg']
[0.291s] Level 1:colcon.colcon_core.package_identification:_identify(src/ee4308_bringup) by extension 'colcon_pkg'
[0.291s] Level 1:colcon.colcon_core.package_identification:_identify(src/ee4308_bringup) by extensions ['colcon_meta']
[0.291s] Level 1:colcon.colcon_core.package_identification:_identify(src/ee4308_bringup) by extension 'colcon_meta'
[0.291s] Level 1:colcon.colcon_core.package_identification:_identify(src/ee4308_bringup) by extensions ['ros']
[0.291s] Level 1:colcon.colcon_core.package_identification:_identify(src/ee4308_bringup) by extension 'ros'
[0.295s] DEBUG:colcon.colcon_core.package_identification:Package 'src/ee4308_bringup' with type 'ros.ament_cmake' and name 'ee4308_bringup'
[0.295s] Level 1:colcon.colcon_core.package_identification:_identify(src/ee4308_drone) by extensions ['ignore', 'ignore_ament_install']
[0.295s] Level 1:colcon.colcon_core.package_identification:_identify(src/ee4308_drone) by extension 'ignore'
[0.296s] Level 1:colcon.colcon_core.package_identification:_identify(src/ee4308_drone) by extension 'ignore_ament_install'
[0.296s] Level 1:colcon.colcon_core.package_identification:_identify(src/ee4308_drone) by extensions ['colcon_pkg']
[0.296s] Level 1:colcon.colcon_core.package_identification:_identify(src/ee4308_drone) by extension 'colcon_pkg'
[0.296s] Level 1:colcon.colcon_core.package_identification:_identify(src/ee4308_drone) by extensions ['colcon_meta']
[0.296s] Level 1:colcon.colcon_core.package_identification:_identify(src/ee4308_drone) by extension 'colcon_meta'
[0.296s] Level 1:colcon.colcon_core.package_identification:_identify(src/ee4308_drone) by extensions ['ros']
[0.296s] Level 1:colcon.colcon_core.package_identification:_identify(src/ee4308_drone) by extension 'ros'
[0.298s] DEBUG:colcon.colcon_core.package_identification:Package 'src/ee4308_drone' with type 'ros.ament_cmake' and name 'ee4308_drone'
[0.298s] Level 1:colcon.colcon_core.package_identification:_identify(src/ee4308_turtle2) by extensions ['ignore', 'ignore_ament_install']
[0.298s] Level 1:colcon.colcon_core.package_identification:_identify(src/ee4308_turtle2) by extension 'ignore'
[0.298s] Level 1:colcon.colcon_core.package_identification:_identify(src/ee4308_turtle2) by extension 'ignore_ament_install'
[0.298s] Level 1:colcon.colcon_core.package_identification:_identify(src/ee4308_turtle2) by extensions ['colcon_pkg']
[0.298s] Level 1:colcon.colcon_core.package_identification:_identify(src/ee4308_turtle2) by extension 'colcon_pkg'
[0.298s] Level 1:colcon.colcon_core.package_identification:_identify(src/ee4308_turtle2) by extensions ['colcon_meta']
[0.298s] Level 1:colcon.colcon_core.package_identification:_identify(src/ee4308_turtle2) by extension 'colcon_meta'
[0.298s] Level 1:colcon.colcon_core.package_identification:_identify(src/ee4308_turtle2) by extensions ['ros']
[0.298s] Level 1:colcon.colcon_core.package_identification:_identify(src/ee4308_turtle2) by extension 'ros'
[0.300s] DEBUG:colcon.colcon_core.package_identification:Package 'src/ee4308_turtle2' with type 'ros.ament_cmake' and name 'ee4308_turtle2'
[0.300s] Level 1:colcon.colcon_core.package_discovery:discover_packages(recursive) using defaults
[0.300s] Level 1:colcon.colcon_core.package_discovery:discover_packages(ignore) discover
[0.300s] Level 1:colcon.colcon_core.package_discovery:discover_packages(ignore) using defaults
[0.300s] Level 1:colcon.colcon_core.package_discovery:discover_packages(path) discover
[0.300s] Level 1:colcon.colcon_core.package_discovery:discover_packages(path) using defaults
[0.330s] Level 1:colcon.colcon_core.package_discovery:discover_packages(prefix_path) check parameters
[0.330s] Level 1:colcon.colcon_core.package_discovery:discover_packages(prefix_path) discover
[0.334s] DEBUG:colcon.colcon_installed_package_information.package_discovery:Found 3 installed packages in /home/phantona/ee4308/install
[0.338s] DEBUG:colcon.colcon_installed_package_information.package_discovery:Found 394 installed packages in /opt/ros/jazzy
[0.341s] Level 1:colcon.colcon_core.package_discovery:discover_packages(prefix_path) using defaults
[0.429s] Level 5:colcon.colcon_core.verb:set package 'ee4308_bringup' build argument 'cmake_args' from command line to 'None'
[0.429s] Level 5:colcon.colcon_core.verb:set package 'ee4308_bringup' build argument 'cmake_target' from command line to 'None'
[0.429s] Level 5:colcon.colcon_core.verb:set package 'ee4308_bringup' build argument 'cmake_target_skip_unavailable' from command line to 'False'
[0.429s] Level 5:colcon.colcon_core.verb:set package 'ee4308_bringup' build argument 'cmake_clean_cache' from command line to 'False'
[0.429s] Level 5:colcon.colcon_core.verb:set package 'ee4308_bringup' build argument 'cmake_clean_first' from command line to 'False'
[0.429s] Level 5:colcon.colcon_core.verb:set package 'ee4308_bringup' build argument 'cmake_force_configure' from command line to 'False'
[0.429s] Level 5:colcon.colcon_core.verb:set package 'ee4308_bringup' build argument 'ament_cmake_args' from command line to 'None'
[0.429s] Level 5:colcon.colcon_core.verb:set package 'ee4308_bringup' build argument 'catkin_cmake_args' from command line to 'None'
[0.429s] Level 5:colcon.colcon_core.verb:set package 'ee4308_bringup' build argument 'catkin_skip_building_tests' from command line to 'False'
[0.429s] DEBUG:colcon.colcon_core.verb:Building package 'ee4308_bringup' with the following arguments: {'ament_cmake_args': None, 'build_base': '/home/phantona/ee4308/build/ee4308_bringup', 'catkin_cmake_args': None, 'catkin_skip_building_tests': False, 'cmake_args': None, 'cmake_clean_cache': False, 'cmake_clean_first': False, 'cmake_force_configure': False, 'cmake_target': None, 'cmake_target_skip_unavailable': False, 'install_base': '/home/phantona/ee4308/install/ee4308_bringup', 'merge_install': False, 'path': '/home/phantona/ee4308/src/ee4308_bringup', 'symlink_install': True, 'test_result_base': None}
[0.430s] Level 5:colcon.colcon_core.verb:set package 'ee4308_drone' build argument 'cmake_args' from command line to 'None'
[0.430s] Level 5:colcon.colcon_core.verb:set package 'ee4308_drone' build argument 'cmake_target' from command line to 'None'
[0.430s] Level 5:colcon.colcon_core.verb:set package 'ee4308_drone' build argument 'cmake_target_skip_unavailable' from command line to 'False'
[0.430s] Level 5:colcon.colcon_core.verb:set package 'ee4308_drone' build argument 'cmake_clean_cache' from command line to 'False'
[0.430s] Level 5:colcon.colcon_core.verb:set package 'ee4308_drone' build argument 'cmake_clean_first' from command line to 'False'
[0.430s] Level 5:colcon.colcon_core.verb:set package 'ee4308_drone' build argument 'cmake_force_configure' from command line to 'False'
[0.430s] Level 5:colcon.colcon_core.verb:set package 'ee4308_drone' build argument 'ament_cmake_args' from command line to 'None'
[0.430s] Level 5:colcon.colcon_core.verb:set package 'ee4308_drone' build argument 'catkin_cmake_args' from command line to 'None'
[0.430s] Level 5:colcon.colcon_core.verb:set package 'ee4308_drone' build argument 'catkin_skip_building_tests' from command line to 'False'
[0.430s] DEBUG:colcon.colcon_core.verb:Building package 'ee4308_drone' with the following arguments: {'ament_cmake_args': None, 'build_base': '/home/phantona/ee4308/build/ee4308_drone', 'catkin_cmake_args': None, 'catkin_skip_building_tests': False, 'cmake_args': None, 'cmake_clean_cache': False, 'cmake_clean_first': False, 'cmake_force_configure': False, 'cmake_target': None, 'cmake_target_skip_unavailable': False, 'install_base': '/home/phantona/ee4308/install/ee4308_drone', 'merge_install': False, 'path': '/home/phantona/ee4308/src/ee4308_drone', 'symlink_install': True, 'test_result_base': None}
[0.431s] Level 5:colcon.colcon_core.verb:set package 'ee4308_turtle2' build argument 'cmake_args' from command line to 'None'
[0.431s] Level 5:colcon.colcon_core.verb:set package 'ee4308_turtle2' build argument 'cmake_target' from command line to 'None'
[0.431s] Level 5:colcon.colcon_core.verb:set package 'ee4308_turtle2' build argument 'cmake_target_skip_unavailable' from command line to 'False'
[0.431s] Level 5:colcon.colcon_core.verb:set package 'ee4308_turtle2' build argument 'cmake_clean_cache' from command line to 'False'
[0.431s] Level 5:colcon.colcon_core.verb:set package 'ee4308_turtle2' build argument 'cmake_clean_first' from command line to 'False'
[0.431s] Level 5:colcon.colcon_core.verb:set package 'ee4308_turtle2' build argument 'cmake_force_configure' from command line to 'False'
[0.431s] Level 5:colcon.colcon_core.verb:set package 'ee4308_turtle2' build argument 'ament_cmake_args' from command line to 'None'
[0.431s] Level 5:colcon.colcon_core.verb:set package 'ee4308_turtle2' build argument 'catkin_cmake_args' from command line to 'None'
[0.431s] Level 5:colcon.colcon_core.verb:set package 'ee4308_turtle2' build argument 'catkin_skip_building_tests' from command line to 'False'
[0.431s] DEBUG:colcon.colcon_core.verb:Building package 'ee4308_turtle2' with the following arguments: {'ament_cmake_args': None, 'build_base': '/home/phantona/ee4308/build/ee4308_turtle2', 'catkin_cmake_args': None, 'catkin_skip_building_tests': False, 'cmake_args': None, 'cmake_clean_cache': False, 'cmake_clean_first': False, 'cmake_force_configure': False, 'cmake_target': None, 'cmake_target_skip_unavailable': False, 'install_base': '/home/phantona/ee4308/install/ee4308_turtle2', 'merge_install': False, 'path': '/home/phantona/ee4308/src/ee4308_turtle2', 'symlink_install': True, 'test_result_base': None}
[0.432s] INFO:colcon.colcon_core.executor:Executing jobs using 'parallel' executor
[0.433s] DEBUG:colcon.colcon_parallel_executor.executor.parallel:run_until_complete
[0.434s] INFO:colcon.colcon_ros.task.ament_cmake.build:Building ROS package in '/home/phantona/ee4308/src/ee4308_bringup' with build type 'ament_cmake'
[0.434s] INFO:colcon.colcon_cmake.task.cmake.build:Building CMake package in '/home/phantona/ee4308/src/ee4308_bringup'
[0.438s] INFO:colcon.colcon_core.plugin_system:Skipping extension 'colcon_core.shell.bat': Not used on non-Windows systems
[0.439s] INFO:colcon.colcon_core.shell:Skip shell extension 'powershell' for command environment: Not usable outside of PowerShell
[0.439s] DEBUG:colcon.colcon_core.shell:Skip shell extension 'dsv' for command environment
[0.446s] INFO:colcon.colcon_ros.task.ament_cmake.build:Building ROS package in '/home/phantona/ee4308/src/ee4308_drone' with build type 'ament_cmake'
[0.447s] INFO:colcon.colcon_cmake.task.cmake.build:Building CMake package in '/home/phantona/ee4308/src/ee4308_drone'
[0.447s] INFO:colcon.colcon_core.shell:Skip shell extension 'powershell' for command environment: Not usable outside of PowerShell
[0.447s] DEBUG:colcon.colcon_core.shell:Skip shell extension 'dsv' for command environment
[0.454s] INFO:colcon.colcon_ros.task.ament_cmake.build:Building ROS package in '/home/phantona/ee4308/src/ee4308_turtle2' with build type 'ament_cmake'
[0.454s] INFO:colcon.colcon_cmake.task.cmake.build:Building CMake package in '/home/phantona/ee4308/src/ee4308_turtle2'
[0.455s] INFO:colcon.colcon_core.shell:Skip shell extension 'powershell' for command environment: Not usable outside of PowerShell
[0.455s] DEBUG:colcon.colcon_core.shell:Skip shell extension 'dsv' for command environment
[0.472s] DEBUG:colcon.colcon_core.event_handler.log_command:Invoking command in '/home/phantona/ee4308/build/ee4308_bringup': CMAKE_PREFIX_PATH=${CMAKE_PREFIX_PATH}:/opt/ros/jazzy DEBUGINFOD_URLS=https://debuginfod.ubuntu.com /usr/bin/cmake --build /home/phantona/ee4308/build/ee4308_bringup -- -j16 -l16
[0.479s] DEBUG:colcon.colcon_core.event_handler.log_command:Invoking command in '/home/phantona/ee4308/build/ee4308_drone': CMAKE_PREFIX_PATH=${CMAKE_PREFIX_PATH}:/opt/ros/jazzy DEBUGINFOD_URLS=https://debuginfod.ubuntu.com /usr/bin/cmake --build /home/phantona/ee4308/build/ee4308_drone -- -j16 -l16
[0.484s] DEBUG:colcon.colcon_core.event_handler.log_command:Invoking command in '/home/phantona/ee4308/build/ee4308_turtle2': CMAKE_PREFIX_PATH=${CMAKE_PREFIX_PATH}:/opt/ros/jazzy DEBUGINFOD_URLS=https://debuginfod.ubuntu.com /usr/bin/cmake --build /home/phantona/ee4308/build/ee4308_turtle2 -- -j16 -l16
[0.569s] DEBUG:colcon.colcon_core.event_handler.log_command:Invoked command in '/home/phantona/ee4308/build/ee4308_bringup' returned '0': CMAKE_PREFIX_PATH=${CMAKE_PREFIX_PATH}:/opt/ros/jazzy DEBUGINFOD_URLS=https://debuginfod.ubuntu.com /usr/bin/cmake --build /home/phantona/ee4308/build/ee4308_bringup -- -j16 -l16
[0.594s] DEBUG:colcon.colcon_core.event_handler.log_command:Invoking command in '/home/phantona/ee4308/build/ee4308_bringup': CMAKE_PREFIX_PATH=${CMAKE_PREFIX_PATH}:/opt/ros/jazzy DEBUGINFOD_URLS=https://debuginfod.ubuntu.com /usr/bin/cmake --install /home/phantona/ee4308/build/ee4308_bringup
[0.659s] Level 1:colcon.colcon_core.environment:create_environment_scripts_only(ee4308_bringup)
[0.661s] DEBUG:colcon.colcon_core.event_handler.log_command:Invoked command in '/home/phantona/ee4308/build/ee4308_bringup' returned '0': CMAKE_PREFIX_PATH=${CMAKE_PREFIX_PATH}:/opt/ros/jazzy DEBUGINFOD_URLS=https://debuginfod.ubuntu.com /usr/bin/cmake --install /home/phantona/ee4308/build/ee4308_bringup
[0.665s] Level 1:colcon.colcon_core.environment:checking '/home/phantona/ee4308/install/ee4308_bringup' for CMake module files
[0.666s] Level 1:colcon.colcon_core.environment:checking '/home/phantona/ee4308/install/ee4308_bringup' for CMake config files
[0.667s] Level 1:colcon.colcon_core.shell:create_environment_hook('ee4308_bringup', 'cmake_prefix_path')
[0.667s] INFO:colcon.colcon_core.shell:Creating environment hook '/home/phantona/ee4308/install/ee4308_bringup/share/ee4308_bringup/hook/cmake_prefix_path.ps1'
[0.668s] INFO:colcon.colcon_core.shell:Creating environment descriptor '/home/phantona/ee4308/install/ee4308_bringup/share/ee4308_bringup/hook/cmake_prefix_path.dsv'
[0.669s] INFO:colcon.colcon_core.shell:Creating environment hook '/home/phantona/ee4308/install/ee4308_bringup/share/ee4308_bringup/hook/cmake_prefix_path.sh'
[0.670s] Level 1:colcon.colcon_core.environment:checking '/home/phantona/ee4308/install/ee4308_bringup/bin'
[0.670s] Level 1:colcon.colcon_core.environment:checking '/home/phantona/ee4308/install/ee4308_bringup/lib/pkgconfig/ee4308_bringup.pc'
[0.671s] Level 1:colcon.colcon_core.environment:checking '/home/phantona/ee4308/install/ee4308_bringup/lib/python3.12/site-packages'
[0.671s] Level 1:colcon.colcon_core.environment:checking '/home/phantona/ee4308/install/ee4308_bringup/bin'
[0.672s] INFO:colcon.colcon_core.shell:Creating package script '/home/phantona/ee4308/install/ee4308_bringup/share/ee4308_bringup/package.ps1'
[0.673s] INFO:colcon.colcon_core.shell:Creating package descriptor '/home/phantona/ee4308/install/ee4308_bringup/share/ee4308_bringup/package.dsv'
[0.674s] INFO:colcon.colcon_core.shell:Creating package script '/home/phantona/ee4308/install/ee4308_bringup/share/ee4308_bringup/package.sh'
[0.675s] INFO:colcon.colcon_core.shell:Creating package script '/home/phantona/ee4308/install/ee4308_bringup/share/ee4308_bringup/package.bash'
[0.676s] INFO:colcon.colcon_core.shell:Creating package script '/home/phantona/ee4308/install/ee4308_bringup/share/ee4308_bringup/package.zsh'
[0.677s] Level 1:colcon.colcon_core.environment:create_file_with_runtime_dependencies(/home/phantona/ee4308/install/ee4308_bringup/share/colcon-core/packages/ee4308_bringup)
[0.678s] Level 1:colcon.colcon_core.environment:create_environment_scripts_only(ee4308_bringup)
[0.678s] Level 1:colcon.colcon_core.environment:checking '/home/phantona/ee4308/install/ee4308_bringup' for CMake module files
[0.679s] Level 1:colcon.colcon_core.environment:checking '/home/phantona/ee4308/install/ee4308_bringup' for CMake config files
[0.680s] Level 1:colcon.colcon_core.shell:create_environment_hook('ee4308_bringup', 'cmake_prefix_path')
[0.680s] INFO:colcon.colcon_core.shell:Creating environment hook '/home/phantona/ee4308/install/ee4308_bringup/share/ee4308_bringup/hook/cmake_prefix_path.ps1'
[0.681s] INFO:colcon.colcon_core.shell:Creating environment descriptor '/home/phantona/ee4308/install/ee4308_bringup/share/ee4308_bringup/hook/cmake_prefix_path.dsv'
[0.682s] INFO:colcon.colcon_core.shell:Creating environment hook '/home/phantona/ee4308/install/ee4308_bringup/share/ee4308_bringup/hook/cmake_prefix_path.sh'
[0.683s] Level 1:colcon.colcon_core.environment:checking '/home/phantona/ee4308/install/ee4308_bringup/bin'
[0.683s] Level 1:colcon.colcon_core.environment:checking '/home/phantona/ee4308/install/ee4308_bringup/lib/pkgconfig/ee4308_bringup.pc'
[0.683s] Level 1:colcon.colcon_core.environment:checking '/home/phantona/ee4308/install/ee4308_bringup/lib/python3.12/site-packages'
[0.684s] Level 1:colcon.colcon_core.environment:checking '/home/phantona/ee4308/install/ee4308_bringup/bin'
[0.684s] INFO:colcon.colcon_core.shell:Creating package script '/home/phantona/ee4308/install/ee4308_bringup/share/ee4308_bringup/package.ps1'
[0.685s] INFO:colcon.colcon_core.shell:Creating package descriptor '/home/phantona/ee4308/install/ee4308_bringup/share/ee4308_bringup/package.dsv'
[0.686s] INFO:colcon.colcon_core.shell:Creating package script '/home/phantona/ee4308/install/ee4308_bringup/share/ee4308_bringup/package.sh'
[0.686s] INFO:colcon.colcon_core.shell:Creating package script '/home/phantona/ee4308/install/ee4308_bringup/share/ee4308_bringup/package.bash'
[0.687s] INFO:colcon.colcon_core.shell:Creating package script '/home/phantona/ee4308/install/ee4308_bringup/share/ee4308_bringup/package.zsh'
[0.688s] Level 1:colcon.colcon_core.environment:create_file_with_runtime_dependencies(/home/phantona/ee4308/install/ee4308_bringup/share/colcon-core/packages/ee4308_bringup)
[0.691s] DEBUG:colcon.colcon_core.event_handler.log_command:Invoked command in '/home/phantona/ee4308/build/ee4308_turtle2' returned '0': CMAKE_PREFIX_PATH=${CMAKE_PREFIX_PATH}:/opt/ros/jazzy DEBUGINFOD_URLS=https://debuginfod.ubuntu.com /usr/bin/cmake --build /home/phantona/ee4308/build/ee4308_turtle2 -- -j16 -l16
[0.693s] DEBUG:colcon.colcon_core.event_handler.log_command:Invoking command in '/home/phantona/ee4308/build/ee4308_turtle2': CMAKE_PREFIX_PATH=${CMAKE_PREFIX_PATH}:/opt/ros/jazzy DEBUGINFOD_URLS=https://debuginfod.ubuntu.com /usr/bin/cmake --install /home/phantona/ee4308/build/ee4308_turtle2
[0.751s] Level 1:colcon.colcon_core.environment:create_environment_scripts_only(ee4308_turtle2)
[0.752s] Level 1:colcon.colcon_core.environment:checking '/home/phantona/ee4308/install/ee4308_turtle2' for CMake module files
[0.753s] DEBUG:colcon.colcon_core.event_handler.log_command:Invoked command in '/home/phantona/ee4308/build/ee4308_turtle2' returned '0': CMAKE_PREFIX_PATH=${CMAKE_PREFIX_PATH}:/opt/ros/jazzy DEBUGINFOD_URLS=https://debuginfod.ubuntu.com /usr/bin/cmake --install /home/phantona/ee4308/build/ee4308_turtle2
[0.754s] Level 1:colcon.colcon_core.environment:checking '/home/phantona/ee4308/install/ee4308_turtle2' for CMake config files
[0.755s] Level 1:colcon.colcon_core.shell:create_environment_hook('ee4308_turtle2', 'cmake_prefix_path')
[0.756s] INFO:colcon.colcon_core.shell:Creating environment hook '/home/phantona/ee4308/install/ee4308_turtle2/share/ee4308_turtle2/hook/cmake_prefix_path.ps1'
[0.757s] INFO:colcon.colcon_core.shell:Creating environment descriptor '/home/phantona/ee4308/install/ee4308_turtle2/share/ee4308_turtle2/hook/cmake_prefix_path.dsv'
[0.758s] INFO:colcon.colcon_core.shell:Creating environment hook '/home/phantona/ee4308/install/ee4308_turtle2/share/ee4308_turtle2/hook/cmake_prefix_path.sh'
[0.759s] Level 1:colcon.colcon_core.environment:checking '/home/phantona/ee4308/install/ee4308_turtle2/lib'
[0.759s] Level 1:colcon.colcon_core.shell:create_environment_hook('ee4308_turtle2', 'ld_library_path_lib')
[0.760s] INFO:colcon.colcon_core.shell:Creating environment hook '/home/phantona/ee4308/install/ee4308_turtle2/share/ee4308_turtle2/hook/ld_library_path_lib.ps1'
[0.761s] INFO:colcon.colcon_core.shell:Creating environment descriptor '/home/phantona/ee4308/install/ee4308_turtle2/share/ee4308_turtle2/hook/ld_library_path_lib.dsv'
[0.761s] INFO:colcon.colcon_core.shell:Creating environment hook '/home/phantona/ee4308/install/ee4308_turtle2/share/ee4308_turtle2/hook/ld_library_path_lib.sh'
[0.762s] Level 1:colcon.colcon_core.environment:checking '/home/phantona/ee4308/install/ee4308_turtle2/bin'
[0.762s] Level 1:colcon.colcon_core.environment:checking '/home/phantona/ee4308/install/ee4308_turtle2/lib/pkgconfig/ee4308_turtle2.pc'
[0.763s] Level 1:colcon.colcon_core.environment:checking '/home/phantona/ee4308/install/ee4308_turtle2/lib/python3.12/site-packages'
[0.763s] Level 1:colcon.colcon_core.environment:checking '/home/phantona/ee4308/install/ee4308_turtle2/bin'
[0.764s] INFO:colcon.colcon_core.shell:Creating package script '/home/phantona/ee4308/install/ee4308_turtle2/share/ee4308_turtle2/package.ps1'
[0.764s] INFO:colcon.colcon_core.shell:Creating package descriptor '/home/phantona/ee4308/install/ee4308_turtle2/share/ee4308_turtle2/package.dsv'
[0.765s] INFO:colcon.colcon_core.shell:Creating package script '/home/phantona/ee4308/install/ee4308_turtle2/share/ee4308_turtle2/package.sh'
[0.766s] INFO:colcon.colcon_core.shell:Creating package script '/home/phantona/ee4308/install/ee4308_turtle2/share/ee4308_turtle2/package.bash'
[0.766s] INFO:colcon.colcon_core.shell:Creating package script '/home/phantona/ee4308/install/ee4308_turtle2/share/ee4308_turtle2/package.zsh'
[0.767s] Level 1:colcon.colcon_core.environment:create_file_with_runtime_dependencies(/home/phantona/ee4308/install/ee4308_turtle2/share/colcon-core/packages/ee4308_turtle2)
[0.768s] Level 1:colcon.colcon_core.environment:create_environment_scripts_only(ee4308_turtle2)
[0.768s] Level 1:colcon.colcon_core.environment:checking '/home/phantona/ee4308/install/ee4308_turtle2' for CMake module files
[0.769s] Level 1:colcon.colcon_core.environment:checking '/home/phantona/ee4308/install/ee4308_turtle2' for CMake config files
[0.770s] Level 1:colcon.colcon_core.shell:create_environment_hook('ee4308_turtle2', 'cmake_prefix_path')
[0.770s] INFO:colcon.colcon_core.shell:Creating environment hook '/home/phantona/ee4308/install/ee4308_turtle2/share/ee4308_turtle2/hook/cmake_prefix_path.ps1'
[0.771s] INFO:colcon.colcon_core.shell:Creating environment descriptor '/home/phantona/ee4308/install/ee4308_turtle2/share/ee4308_turtle2/hook/cmake_prefix_path.dsv'
[0.772s] INFO:colcon.colcon_core.shell:Creating environment hook '/home/phantona/ee4308/install/ee4308_turtle2/share/ee4308_turtle2/hook/cmake_prefix_path.sh'
[0.774s] Level 1:colcon.colcon_core.environment:checking '/home/phantona/ee4308/install/ee4308_turtle2/lib'
[0.774s] Level 1:colcon.colcon_core.shell:create_environment_hook('ee4308_turtle2', 'ld_library_path_lib')
[0.774s] INFO:colcon.colcon_core.shell:Creating environment hook '/home/phantona/ee4308/install/ee4308_turtle2/share/ee4308_turtle2/hook/ld_library_path_lib.ps1'
[0.775s] INFO:colcon.colcon_core.shell:Creating environment descriptor '/home/phantona/ee4308/install/ee4308_turtle2/share/ee4308_turtle2/hook/ld_library_path_lib.dsv'
[0.776s] INFO:colcon.colcon_core.shell:Creating environment hook '/home/phantona/ee4308/install/ee4308_turtle2/share/ee4308_turtle2/hook/ld_library_path_lib.sh'
[0.776s] Level 1:colcon.colcon_core.environment:checking '/home/phantona/ee4308/install/ee4308_turtle2/bin'
[0.777s] Level 1:colcon.colcon_core.environment:checking '/home/phantona/ee4308/install/ee4308_turtle2/lib/pkgconfig/ee4308_turtle2.pc'
[0.777s] Level 1:colcon.colcon_core.environment:checking '/home/phantona/ee4308/install/ee4308_turtle2/lib/python3.12/site-packages'
[0.777s] Level 1:colcon.colcon_core.environment:checking '/home/phantona/ee4308/install/ee4308_turtle2/bin'
[0.778s] INFO:colcon.colcon_core.shell:Creating package script '/home/phantona/ee4308/install/ee4308_turtle2/share/ee4308_turtle2/package.ps1'
[0.779s] INFO:colcon.colcon_core.shell:Creating package descriptor '/home/phantona/ee4308/install/ee4308_turtle2/share/ee4308_turtle2/package.dsv'
[0.780s] INFO:colcon.colcon_core.shell:Creating package script '/home/phantona/ee4308/install/ee4308_turtle2/share/ee4308_turtle2/package.sh'
[0.781s] INFO:colcon.colcon_core.shell:Creating package script '/home/phantona/ee4308/install/ee4308_turtle2/share/ee4308_turtle2/package.bash'
[0.782s] INFO:colcon.colcon_core.shell:Creating package script '/home/phantona/ee4308/install/ee4308_turtle2/share/ee4308_turtle2/package.zsh'
[0.782s] Level 1:colcon.colcon_core.environment:create_file_with_runtime_dependencies(/home/phantona/ee4308/install/ee4308_turtle2/share/colcon-core/packages/ee4308_turtle2)
[23.574s] DEBUG:colcon.colcon_core.event_handler.log_command:Invoked command in '/home/phantona/ee4308/build/ee4308_drone' returned '0': CMAKE_PREFIX_PATH=${CMAKE_PREFIX_PATH}:/opt/ros/jazzy DEBUGINFOD_URLS=https://debuginfod.ubuntu.com /usr/bin/cmake --build /home/phantona/ee4308/build/ee4308_drone -- -j16 -l16
[23.575s] DEBUG:colcon.colcon_core.event_handler.log_command:Invoking command in '/home/phantona/ee4308/build/ee4308_drone': CMAKE_PREFIX_PATH=${CMAKE_PREFIX_PATH}:/opt/ros/jazzy DEBUGINFOD_URLS=https://debuginfod.ubuntu.com /usr/bin/cmake --install /home/phantona/ee4308/build/ee4308_drone
[23.632s] Level 1:colcon.colcon_core.environment:create_environment_scripts_only(ee4308_drone)
[23.633s] Level 1:colcon.colcon_core.environment:checking '/home/phantona/ee4308/install/ee4308_drone' for CMake module files
[23.633s] DEBUG:colcon.colcon_core.event_handler.log_command:Invoked command in '/home/phantona/ee4308/build/ee4308_drone' returned '0': CMAKE_PREFIX_PATH=${CMAKE_PREFIX_PATH}:/opt/ros/jazzy DEBUGINFOD_URLS=https://debuginfod.ubuntu.com /usr/bin/cmake --install /home/phantona/ee4308/build/ee4308_drone
[23.634s] Level 1:colcon.colcon_core.environment:checking '/home/phantona/ee4308/install/ee4308_drone' for CMake config files
[23.634s] Level 1:colcon.colcon_core.shell:create_environment_hook('ee4308_drone', 'cmake_prefix_path')
[23.634s] INFO:colcon.colcon_core.shell:Creating environment hook '/home/phantona/ee4308/install/ee4308_drone/share/ee4308_drone/hook/cmake_prefix_path.ps1'
[23.635s] INFO:colcon.colcon_core.shell:Creating environment descriptor '/home/phantona/ee4308/install/ee4308_drone/share/ee4308_drone/hook/cmake_prefix_path.dsv'
[23.635s] INFO:colcon.colcon_core.shell:Creating environment hook '/home/phantona/ee4308/install/ee4308_drone/share/ee4308_drone/hook/cmake_prefix_path.sh'
[23.636s] Level 1:colcon.colcon_core.environment:checking '/home/phantona/ee4308/install/ee4308_drone/lib'
[23.636s] Level 1:colcon.colcon_core.shell:create_environment_hook('ee4308_drone', 'ld_library_path_lib')
[23.636s] INFO:colcon.colcon_core.shell:Creating environment hook '/home/phantona/ee4308/install/ee4308_drone/share/ee4308_drone/hook/ld_library_path_lib.ps1'
[23.636s] INFO:colcon.colcon_core.shell:Creating environment descriptor '/home/phantona/ee4308/install/ee4308_drone/share/ee4308_drone/hook/ld_library_path_lib.dsv'
[23.637s] INFO:colcon.colcon_core.shell:Creating environment hook '/home/phantona/ee4308/install/ee4308_drone/share/ee4308_drone/hook/ld_library_path_lib.sh'
[23.637s] Level 1:colcon.colcon_core.environment:checking '/home/phantona/ee4308/install/ee4308_drone/bin'
[23.637s] Level 1:colcon.colcon_core.environment:checking '/home/phantona/ee4308/install/ee4308_drone/lib/pkgconfig/ee4308_drone.pc'
[23.637s] Level 1:colcon.colcon_core.environment:checking '/home/phantona/ee4308/install/ee4308_drone/lib/python3.12/site-packages'
[23.638s] Level 1:colcon.colcon_core.environment:checking '/home/phantona/ee4308/install/ee4308_drone/bin'
[23.638s] INFO:colcon.colcon_core.shell:Creating package script '/home/phantona/ee4308/install/ee4308_drone/share/ee4308_drone/package.ps1'
[23.638s] INFO:colcon.colcon_core.shell:Creating package descriptor '/home/phantona/ee4308/install/ee4308_drone/share/ee4308_drone/package.dsv'
[23.639s] INFO:colcon.colcon_core.shell:Creating package script '/home/phantona/ee4308/install/ee4308_drone/share/ee4308_drone/package.sh'
[23.639s] INFO:colcon.colcon_core.shell:Creating package script '/home/phantona/ee4308/install/ee4308_drone/share/ee4308_drone/package.bash'
[23.639s] INFO:colcon.colcon_core.shell:Creating package script '/home/phantona/ee4308/install/ee4308_drone/share/ee4308_drone/package.zsh'
[23.640s] Level 1:colcon.colcon_core.environment:create_file_with_runtime_dependencies(/home/phantona/ee4308/install/ee4308_drone/share/colcon-core/packages/ee4308_drone)
[23.640s] Level 1:colcon.colcon_core.environment:create_environment_scripts_only(ee4308_drone)
[23.640s] Level 1:colcon.colcon_core.environment:checking '/home/phantona/ee4308/install/ee4308_drone' for CMake module files
[23.641s] Level 1:colcon.colcon_core.environment:checking '/home/phantona/ee4308/install/ee4308_drone' for CMake config files
[23.641s] Level 1:colcon.colcon_core.shell:create_environment_hook('ee4308_drone', 'cmake_prefix_path')
[23.641s] INFO:colcon.colcon_core.shell:Creating environment hook '/home/phantona/ee4308/install/ee4308_drone/share/ee4308_drone/hook/cmake_prefix_path.ps1'
[23.642s] INFO:colcon.colcon_core.shell:Creating environment descriptor '/home/phantona/ee4308/install/ee4308_drone/share/ee4308_drone/hook/cmake_prefix_path.dsv'
[23.642s] INFO:colcon.colcon_core.shell:Creating environment hook '/home/phantona/ee4308/install/ee4308_drone/share/ee4308_drone/hook/cmake_prefix_path.sh'
[23.643s] Level 1:colcon.colcon_core.environment:checking '/home/phantona/ee4308/install/ee4308_drone/lib'
[23.643s] Level 1:colcon.colcon_core.shell:create_environment_hook('ee4308_drone', 'ld_library_path_lib')
[23.643s] INFO:colcon.colcon_core.shell:Creating environment hook '/home/phantona/ee4308/install/ee4308_drone/share/ee4308_drone/hook/ld_library_path_lib.ps1'
[23.643s] INFO:colcon.colcon_core.shell:Creating environment descriptor '/home/phantona/ee4308/install/ee4308_drone/share/ee4308_drone/hook/ld_library_path_lib.dsv'
[23.644s] INFO:colcon.colcon_core.shell:Creating environment hook '/home/phantona/ee4308/install/ee4308_drone/share/ee4308_drone/hook/ld_library_path_lib.sh'
[23.644s] Level 1:colcon.colcon_core.environment:checking '/home/phantona/ee4308/install/ee4308_drone/bin'
[23.644s] Level 1:colcon.colcon_core.environment:checking '/home/phantona/ee4308/install/ee4308_drone/lib/pkgconfig/ee4308_drone.pc'
[23.644s] Level 1:colcon.colcon_core.environment:checking '/home/phantona/ee4308/install/ee4308_drone/lib/python3.12/site-packages'
[23.645s] Level 1:colcon.colcon_core.environment:checking '/home/phantona/ee4308/install/ee4308_drone/bin'
[23.645s] INFO:colcon.colcon_core.shell:Creating package script '/home/phantona/ee4308/install/ee4308_drone/share/ee4308_drone/package.ps1'
[23.646s] INFO:colcon.colcon_core.shell:Creating package descriptor '/home/phantona/ee4308/install/ee4308_drone/share/ee4308_drone/package.dsv'
[23.646s] INFO:colcon.colcon_core.shell:Creating package script '/home/phantona/ee4308/install/ee4308_drone/share/ee4308_drone/package.sh'
[23.646s] INFO:colcon.colcon_core.shell:Creating package script '/home/phantona/ee4308/install/ee4308_drone/share/ee4308_drone/package.bash'
[23.647s] INFO:colcon.colcon_core.shell:Creating package script '/home/phantona/ee4308/install/ee4308_drone/share/ee4308_drone/package.zsh'
[23.647s] Level 1:colcon.colcon_core.environment:create_file_with_runtime_dependencies(/home/phantona/ee4308/install/ee4308_drone/share/colcon-core/packages/ee4308_drone)
[23.648s] DEBUG:colcon.colcon_parallel_executor.executor.parallel:closing loop
[23.648s] DEBUG:colcon.colcon_parallel_executor.executor.parallel:loop closed
[23.648s] DEBUG:colcon.colcon_parallel_executor.executor.parallel:run_until_complete finished with '0'
[23.648s] DEBUG:colcon.colcon_core.event_reactor:joining thread
[23.656s] INFO:colcon.colcon_core.plugin_system:Skipping extension 'colcon_notification.desktop_notification.terminal_notifier': Not used on non-Darwin systems
[23.656s] INFO:colcon.colcon_core.plugin_system:Skipping extension 'colcon_notification.desktop_notification.win32': Not used on non-Windows systems
[23.656s] INFO:colcon.colcon_notification.desktop_notification:Sending desktop notification using 'notify2'
[23.672s] DEBUG:colcon.colcon_core.event_reactor:joined thread
[23.673s] INFO:colcon.colcon_core.shell:Creating prefix script '/home/phantona/ee4308/install/local_setup.ps1'
[23.674s] INFO:colcon.colcon_core.shell:Creating prefix util module '/home/phantona/ee4308/install/_local_setup_util_ps1.py'
[23.675s] INFO:colcon.colcon_core.shell:Creating prefix chain script '/home/phantona/ee4308/install/setup.ps1'
[23.676s] INFO:colcon.colcon_core.shell:Creating prefix script '/home/phantona/ee4308/install/local_setup.sh'
[23.676s] INFO:colcon.colcon_core.shell:Creating prefix util module '/home/phantona/ee4308/install/_local_setup_util_sh.py'
[23.677s] INFO:colcon.colcon_core.shell:Creating prefix chain script '/home/phantona/ee4308/install/setup.sh'
[23.678s] INFO:colcon.colcon_core.shell:Creating prefix script '/home/phantona/ee4308/install/local_setup.bash'
[23.678s] INFO:colcon.colcon_core.shell:Creating prefix chain script '/home/phantona/ee4308/install/setup.bash'
[23.679s] INFO:colcon.colcon_core.shell:Creating prefix script '/home/phantona/ee4308/install/local_setup.zsh'
[23.680s] INFO:colcon.colcon_core.shell:Creating prefix chain script '/home/phantona/ee4308/install/setup.zsh'
