[0.016s] Invoking command in '/home/phantona/ee4308L2/build/ee4308_turtle2': CMAKE_PREFIX_PATH=${CMAKE_PREFIX_PATH}:/opt/ros/jazzy DEBUGINFOD_URLS=https://debuginfod.ubuntu.com /usr/bin/cmake --build /home/phantona/ee4308L2/build/ee4308_turtle2 -- -j16 -l16
[0.131s] [ 12%] Built target planner
[0.131s] [ 25%] Built target controller_component
[0.133s] [ 37%] Built target behavior_component
[0.137s] [ 50%] Built target map_loader_component
[0.138s] [ 62%] Built target map_loader
[0.138s] [ 87%] Built target planner_component
[0.138s] [ 87%] Built target controller
[0.138s] [100%] Built target behavior
[0.156s] Invoked command in '/home/phantona/ee4308L2/build/ee4308_turtle2' returned '0': CMAKE_PREFIX_PATH=${CMAKE_PREFIX_PATH}:/opt/ros/jazzy DEBUGINFOD_URLS=https://debuginfod.ubuntu.com /usr/bin/cmake --build /home/phantona/ee4308L2/build/ee4308_turtle2 -- -j16 -l16
[0.157s] Invoking command in '/home/phantona/ee4308L2/build/ee4308_turtle2': CMAKE_PREFIX_PATH=${CMAKE_PREFIX_PATH}:/opt/ros/jazzy DEBUGINFOD_URLS=https://debuginfod.ubuntu.com /usr/bin/cmake --install /home/phantona/ee4308L2/build/ee4308_turtle2
[0.181s] -- Install configuration: ""
[0.181s] -- Execute custom install script
[0.182s] -- Up-to-date symlink: /home/phantona/ee4308L2/install/ee4308_turtle2/lib/ee4308_turtle2/map_loader
[0.182s] -- Up-to-date symlink: /home/phantona/ee4308L2/install/ee4308_turtle2/lib/ee4308_turtle2/behavior
[0.182s] -- Up-to-date symlink: /home/phantona/ee4308L2/install/ee4308_turtle2/lib/ee4308_turtle2/controller
[0.182s] -- Up-to-date symlink: /home/phantona/ee4308L2/install/ee4308_turtle2/lib/ee4308_turtle2/planner
[0.182s] -- Up-to-date symlink: /home/phantona/ee4308L2/install/ee4308_turtle2/share/ament_index/resource_index/package_run_dependencies/ee4308_turtle2
[0.182s] -- Up-to-date symlink: /home/phantona/ee4308L2/install/ee4308_turtle2/share/ament_index/resource_index/parent_prefix_path/ee4308_turtle2
[0.182s] -- Up-to-date symlink: /home/phantona/ee4308L2/install/ee4308_turtle2/share/ee4308_turtle2/environment/ament_prefix_path.sh
[0.182s] -- Up-to-date symlink: /home/phantona/ee4308L2/install/ee4308_turtle2/share/ee4308_turtle2/environment/ament_prefix_path.dsv
[0.182s] -- Up-to-date symlink: /home/phantona/ee4308L2/install/ee4308_turtle2/share/ee4308_turtle2/environment/path.sh
[0.183s] -- Up-to-date symlink: /home/phantona/ee4308L2/install/ee4308_turtle2/share/ee4308_turtle2/environment/path.dsv
[0.183s] -- Up-to-date symlink: /home/phantona/ee4308L2/install/ee4308_turtle2/share/ee4308_turtle2/local_setup.bash
[0.183s] -- Up-to-date symlink: /home/phantona/ee4308L2/install/ee4308_turtle2/share/ee4308_turtle2/local_setup.sh
[0.183s] -- Up-to-date symlink: /home/phantona/ee4308L2/install/ee4308_turtle2/share/ee4308_turtle2/local_setup.zsh
[0.183s] -- Up-to-date symlink: /home/phantona/ee4308L2/install/ee4308_turtle2/share/ee4308_turtle2/local_setup.dsv
[0.183s] -- Symlinking: /home/phantona/ee4308L2/install/ee4308_turtle2/share/ee4308_turtle2/package.dsv
[0.184s] -- Up-to-date symlink: /home/phantona/ee4308L2/install/ee4308_turtle2/share/ament_index/resource_index/packages/ee4308_turtle2
[0.185s] -- Up-to-date symlink: /home/phantona/ee4308L2/install/ee4308_turtle2/share/ament_index/resource_index/rclcpp_components/ee4308_turtle2
[0.185s] -- Up-to-date symlink: /home/phantona/ee4308L2/install/ee4308_turtle2/share/ee4308_turtle2/cmake/ament_cmake_export_targets-extras.cmake
[0.185s] -- Up-to-date symlink: /home/phantona/ee4308L2/install/ee4308_turtle2/share/ee4308_turtle2/cmake/ee4308_turtle2Config.cmake
[0.185s] -- Up-to-date symlink: /home/phantona/ee4308L2/install/ee4308_turtle2/share/ee4308_turtle2/cmake/ee4308_turtle2Config-version.cmake
[0.185s] -- Up-to-date symlink: /home/phantona/ee4308L2/install/ee4308_turtle2/share/ee4308_turtle2/package.xml
[0.186s] -- Up-to-date: /home/phantona/ee4308L2/install/ee4308_turtle2/lib/libmap_loader_component.so
[0.186s] -- Up-to-date: /home/phantona/ee4308L2/install/ee4308_turtle2/lib/libbehavior_component.so
[0.187s] -- Up-to-date: /home/phantona/ee4308L2/install/ee4308_turtle2/lib/libcontroller_component.so
[0.187s] -- Up-to-date: /home/phantona/ee4308L2/install/ee4308_turtle2/lib/libplanner_component.so
[0.188s] -- Up-to-date: /home/phantona/ee4308L2/install/ee4308_turtle2/share/ee4308_turtle2/cmake/export_map_loader_componentExport.cmake
[0.188s] -- Up-to-date: /home/phantona/ee4308L2/install/ee4308_turtle2/share/ee4308_turtle2/cmake/export_map_loader_componentExport-noconfig.cmake
[0.188s] -- Up-to-date: /home/phantona/ee4308L2/install/ee4308_turtle2/share/ee4308_turtle2/cmake/export_behavior_componentExport.cmake
[0.188s] -- Up-to-date: /home/phantona/ee4308L2/install/ee4308_turtle2/share/ee4308_turtle2/cmake/export_behavior_componentExport-noconfig.cmake
[0.188s] -- Up-to-date: /home/phantona/ee4308L2/install/ee4308_turtle2/share/ee4308_turtle2/cmake/export_controller_componentExport.cmake
[0.188s] -- Up-to-date: /home/phantona/ee4308L2/install/ee4308_turtle2/share/ee4308_turtle2/cmake/export_controller_componentExport-noconfig.cmake
[0.189s] -- Up-to-date: /home/phantona/ee4308L2/install/ee4308_turtle2/share/ee4308_turtle2/cmake/export_planner_componentExport.cmake
[0.189s] -- Up-to-date: /home/phantona/ee4308L2/install/ee4308_turtle2/share/ee4308_turtle2/cmake/export_planner_componentExport-noconfig.cmake
[0.192s] Invoked command in '/home/phantona/ee4308L2/build/ee4308_turtle2' returned '0': CMAKE_PREFIX_PATH=${CMAKE_PREFIX_PATH}:/opt/ros/jazzy DEBUGINFOD_URLS=https://debuginfod.ubuntu.com /usr/bin/cmake --install /home/phantona/ee4308L2/build/ee4308_turtle2
