[0.028s] Invoking command in '/home/phantona/ee4308-proj2/build/ee4308_turtle2': CMAKE_PREFIX_PATH=${CMAKE_PREFIX_PATH}:/opt/ros/jazzy DEBUGINFOD_URLS=https://debuginfod.ubuntu.com /usr/bin/cmake --build /home/phantona/ee4308-proj2/build/ee4308_turtle2 -- -j16 -l16
[0.195s] [ 12%] Built target controller
[0.206s] [ 37%] Built target planner
[0.206s] [ 37%] Built target behavior
[0.210s] [ 50%] Built target map_loader
[0.218s] [ 62%] Built target map_loader_component
[0.222s] [ 75%] Built target behavior_component
[0.222s] [ 87%] Built target controller_component
[0.227s] [100%] Built target planner_component
[0.272s] Invoked command in '/home/phantona/ee4308-proj2/build/ee4308_turtle2' returned '0': CMAKE_PREFIX_PATH=${CMAKE_PREFIX_PATH}:/opt/ros/jazzy DEBUGINFOD_URLS=https://debuginfod.ubuntu.com /usr/bin/cmake --build /home/phantona/ee4308-proj2/build/ee4308_turtle2 -- -j16 -l16
[0.274s] Invoking command in '/home/phantona/ee4308-proj2/build/ee4308_turtle2': CMAKE_PREFIX_PATH=${CMAKE_PREFIX_PATH}:/opt/ros/jazzy DEBUGINFOD_URLS=https://debuginfod.ubuntu.com /usr/bin/cmake --install /home/phantona/ee4308-proj2/build/ee4308_turtle2
[0.292s] -- Install configuration: ""
[0.293s] -- Execute custom install script
[0.294s] -- Up-to-date symlink: /home/phantona/ee4308-proj2/install/ee4308_turtle2/lib/ee4308_turtle2/map_loader
[0.295s] -- Up-to-date symlink: /home/phantona/ee4308-proj2/install/ee4308_turtle2/lib/ee4308_turtle2/behavior
[0.295s] -- Up-to-date symlink: /home/phantona/ee4308-proj2/install/ee4308_turtle2/lib/ee4308_turtle2/controller
[0.296s] -- Up-to-date symlink: /home/phantona/ee4308-proj2/install/ee4308_turtle2/lib/ee4308_turtle2/planner
[0.296s] -- Up-to-date symlink: /home/phantona/ee4308-proj2/install/ee4308_turtle2/share/ament_index/resource_index/package_run_dependencies/ee4308_turtle2
[0.296s] -- Up-to-date symlink: /home/phantona/ee4308-proj2/install/ee4308_turtle2/share/ament_index/resource_index/parent_prefix_path/ee4308_turtle2
[0.297s] -- Up-to-date symlink: /home/phantona/ee4308-proj2/install/ee4308_turtle2/share/ee4308_turtle2/environment/ament_prefix_path.sh
[0.297s] -- Up-to-date symlink: /home/phantona/ee4308-proj2/install/ee4308_turtle2/share/ee4308_turtle2/environment/ament_prefix_path.dsv
[0.297s] -- Up-to-date symlink: /home/phantona/ee4308-proj2/install/ee4308_turtle2/share/ee4308_turtle2/environment/path.sh
[0.297s] -- Up-to-date symlink: /home/phantona/ee4308-proj2/install/ee4308_turtle2/share/ee4308_turtle2/environment/path.dsv
[0.298s] -- Up-to-date symlink: /home/phantona/ee4308-proj2/install/ee4308_turtle2/share/ee4308_turtle2/local_setup.bash
[0.298s] -- Up-to-date symlink: /home/phantona/ee4308-proj2/install/ee4308_turtle2/share/ee4308_turtle2/local_setup.sh
[0.298s] -- Up-to-date symlink: /home/phantona/ee4308-proj2/install/ee4308_turtle2/share/ee4308_turtle2/local_setup.zsh
[0.299s] -- Up-to-date symlink: /home/phantona/ee4308-proj2/install/ee4308_turtle2/share/ee4308_turtle2/local_setup.dsv
[0.299s] -- Symlinking: /home/phantona/ee4308-proj2/install/ee4308_turtle2/share/ee4308_turtle2/package.dsv
[0.322s] -- Up-to-date symlink: /home/phantona/ee4308-proj2/install/ee4308_turtle2/share/ament_index/resource_index/packages/ee4308_turtle2
[0.322s] -- Up-to-date symlink: /home/phantona/ee4308-proj2/install/ee4308_turtle2/share/ament_index/resource_index/rclcpp_components/ee4308_turtle2
[0.322s] -- Up-to-date symlink: /home/phantona/ee4308-proj2/install/ee4308_turtle2/share/ee4308_turtle2/cmake/ament_cmake_export_targets-extras.cmake
[0.323s] -- Up-to-date symlink: /home/phantona/ee4308-proj2/install/ee4308_turtle2/share/ee4308_turtle2/cmake/ee4308_turtle2Config.cmake
[0.323s] -- Up-to-date symlink: /home/phantona/ee4308-proj2/install/ee4308_turtle2/share/ee4308_turtle2/cmake/ee4308_turtle2Config-version.cmake
[0.323s] -- Up-to-date symlink: /home/phantona/ee4308-proj2/install/ee4308_turtle2/share/ee4308_turtle2/package.xml
[0.325s] -- Up-to-date: /home/phantona/ee4308-proj2/install/ee4308_turtle2/lib/libmap_loader_component.so
[0.326s] -- Up-to-date: /home/phantona/ee4308-proj2/install/ee4308_turtle2/lib/libbehavior_component.so
[0.327s] -- Up-to-date: /home/phantona/ee4308-proj2/install/ee4308_turtle2/lib/libcontroller_component.so
[0.328s] -- Up-to-date: /home/phantona/ee4308-proj2/install/ee4308_turtle2/lib/libplanner_component.so
[0.329s] -- Up-to-date: /home/phantona/ee4308-proj2/install/ee4308_turtle2/share/ee4308_turtle2/cmake/export_map_loader_componentExport.cmake
[0.329s] -- Up-to-date: /home/phantona/ee4308-proj2/install/ee4308_turtle2/share/ee4308_turtle2/cmake/export_map_loader_componentExport-noconfig.cmake
[0.330s] -- Up-to-date: /home/phantona/ee4308-proj2/install/ee4308_turtle2/share/ee4308_turtle2/cmake/export_behavior_componentExport.cmake
[0.330s] -- Up-to-date: /home/phantona/ee4308-proj2/install/ee4308_turtle2/share/ee4308_turtle2/cmake/export_behavior_componentExport-noconfig.cmake
[0.330s] -- Up-to-date: /home/phantona/ee4308-proj2/install/ee4308_turtle2/share/ee4308_turtle2/cmake/export_controller_componentExport.cmake
[0.331s] -- Up-to-date: /home/phantona/ee4308-proj2/install/ee4308_turtle2/share/ee4308_turtle2/cmake/export_controller_componentExport-noconfig.cmake
[0.331s] -- Up-to-date: /home/phantona/ee4308-proj2/install/ee4308_turtle2/share/ee4308_turtle2/cmake/export_planner_componentExport.cmake
[0.331s] -- Up-to-date: /home/phantona/ee4308-proj2/install/ee4308_turtle2/share/ee4308_turtle2/cmake/export_planner_componentExport-noconfig.cmake
[0.336s] Invoked command in '/home/phantona/ee4308-proj2/build/ee4308_turtle2' returned '0': CMAKE_PREFIX_PATH=${CMAKE_PREFIX_PATH}:/opt/ros/jazzy DEBUGINFOD_URLS=https://debuginfod.ubuntu.com /usr/bin/cmake --install /home/phantona/ee4308-proj2/build/ee4308_turtle2
