[0.010s] Invoking command in '/home/phantona/ee4308/build/ee4308_drone': CMAKE_PREFIX_PATH=${CMAKE_PREFIX_PATH}:/opt/ros/jazzy DEBUGINFOD_URLS=https://debuginfod.ubuntu.com /usr/bin/cmake /home/phantona/ee4308/src/ee4308_drone -DAMENT_CMAKE_SYMLINK_INSTALL=1 -DCMAKE_INSTALL_PREFIX=/home/phantona/ee4308/install/ee4308_drone
[0.171s] -- The C compiler identification is GNU 13.3.0
[0.273s] -- The CXX compiler identification is GNU 13.3.0
[0.291s] -- Detecting C compiler ABI info
[0.379s] -- Detecting C compiler ABI info - done
[0.387s] -- Check for working C compiler: /usr/bin/cc - skipped
[0.387s] -- Detecting C compile features
[0.387s] -- Detecting C compile features - done
[0.397s] -- Detecting CXX compiler ABI info
[0.487s] -- Detecting CXX compiler ABI info - done
[0.494s] -- Check for working CXX compiler: /usr/bin/c++ - skipped
[0.494s] -- Detecting CXX compile features
[0.494s] -- Detecting CXX compile features - done
[0.507s] -- Found ament_cmake: 2.5.5 (/opt/ros/jazzy/share/ament_cmake/cmake)
[0.647s] -- Found Python3: /usr/bin/python3 (found version "3.12.3") found components: Interpreter 
[0.727s] -- Override CMake install command with custom implementation using symlinks instead of copying resources
[0.787s] -- Found rclcpp: 28.1.16 (/opt/ros/jazzy/share/rclcpp/cmake)
[0.851s] -- Found rosidl_generator_c: 4.6.7 (/opt/ros/jazzy/share/rosidl_generator_c/cmake)
[0.870s] -- Found rosidl_generator_cpp: 4.6.7 (/opt/ros/jazzy/share/rosidl_generator_cpp/cmake)
[0.895s] -- Using all available rosidl_typesupport_c: rosidl_typesupport_fastrtps_c;rosidl_typesupport_introspection_c
[0.921s] -- Using all available rosidl_typesupport_cpp: rosidl_typesupport_fastrtps_cpp;rosidl_typesupport_introspection_cpp
[1.018s] -- Found rmw_implementation_cmake: 7.3.3 (/opt/ros/jazzy/share/rmw_implementation_cmake/cmake)
[1.023s] -- Found rmw_fastrtps_cpp: 8.4.3 (/opt/ros/jazzy/share/rmw_fastrtps_cpp/cmake)
[1.123s] -- Found OpenSSL: /usr/lib/x86_64-linux-gnu/libcrypto.so (found version "3.0.13")  
[1.143s] -- Found FastRTPS: /opt/ros/jazzy/include (Required is at least version "2.13") 
[1.165s] -- Using RMW implementation 'rmw_fastrtps_cpp' as default
[1.253s] -- Found rclcpp_components: 28.1.16 (/opt/ros/jazzy/share/rclcpp_components/cmake)
[1.297s] -- Found std_msgs: 5.3.6 (/opt/ros/jazzy/share/std_msgs/cmake)
[1.314s] -- Found sensor_msgs: 5.3.6 (/opt/ros/jazzy/share/sensor_msgs/cmake)
[1.359s] -- Found nav_msgs: 5.3.6 (/opt/ros/jazzy/share/nav_msgs/cmake)
[1.389s] -- Found tf2: 0.36.19 (/opt/ros/jazzy/share/tf2/cmake)
[1.397s] -- Found tf2_ros: 0.36.19 (/opt/ros/jazzy/share/tf2_ros/cmake)
[1.497s] -- Found eigen3_cmake_module: 0.3.0 (/opt/ros/jazzy/share/eigen3_cmake_module/cmake)
[1.508s] -- Found Eigen3: TRUE (found version "3.4.0") 
[1.602s] -- Configuring done (1.6s)
[1.638s] -- Generating done (0.0s)
[1.648s] -- Build files have been written to: /home/phantona/ee4308/build/ee4308_drone
[1.663s] Invoked command in '/home/phantona/ee4308/build/ee4308_drone' returned '0': CMAKE_PREFIX_PATH=${CMAKE_PREFIX_PATH}:/opt/ros/jazzy DEBUGINFOD_URLS=https://debuginfod.ubuntu.com /usr/bin/cmake /home/phantona/ee4308/src/ee4308_drone -DAMENT_CMAKE_SYMLINK_INSTALL=1 -DCMAKE_INSTALL_PREFIX=/home/phantona/ee4308/install/ee4308_drone
[1.664s] Invoking command in '/home/phantona/ee4308/build/ee4308_drone': CMAKE_PREFIX_PATH=${CMAKE_PREFIX_PATH}:/opt/ros/jazzy DEBUGINFOD_URLS=https://debuginfod.ubuntu.com /usr/bin/cmake --build /home/phantona/ee4308/build/ee4308_drone -- -j16 -l16
[1.724s] [ 31%] [32mBuilding CXX object CMakeFiles/controller_component.dir/src/controller.cpp.o[0m
[1.724s] [ 31%] [32mBuilding CXX object CMakeFiles/behavior_component.dir/src/behavior.cpp.o[0m
[1.724s] [ 31%] [32mBuilding CXX object CMakeFiles/estimator.dir/rclcpp_components/node_main_estimator.cpp.o[0m
[1.724s] [ 31%] [32mBuilding CXX object CMakeFiles/estimator_component.dir/src/estimator.cpp.o[0m
[1.724s] [ 31%] [32mBuilding CXX object CMakeFiles/behavior.dir/rclcpp_components/node_main_behavior.cpp.o[0m
[1.724s] [ 43%] [32mBuilding CXX object CMakeFiles/planner.dir/rclcpp_components/node_main_planner.cpp.o[0m
[1.724s] [ 43%] [32mBuilding CXX object CMakeFiles/planner_component.dir/src/planner.cpp.o[0m
[1.725s] [ 50%] [32mBuilding CXX object CMakeFiles/controller.dir/rclcpp_components/node_main_controller.cpp.o[0m
[7.427s] [ 56%] [32m[1mLinking CXX executable behavior[0m
[7.463s] [ 62%] [32m[1mLinking CXX executable controller[0m
[7.478s] [ 68%] [32m[1mLinking CXX executable estimator[0m
[7.502s] [ 75%] [32m[1mLinking CXX executable planner[0m
[7.721s] [ 75%] Built target behavior
[7.737s] [ 75%] Built target planner
[7.769s] [ 75%] Built target estimator
[7.770s] [ 75%] Built target controller
[9.575s] [ 81%] [32m[1mLinking CXX shared library libplanner_component.so[0m
[9.865s] [ 81%] Built target planner_component
[14.696s] [ 87%] [32m[1mLinking CXX shared library libcontroller_component.so[0m
[15.083s] [ 87%] Built target controller_component
[17.785s] [ 93%] [32m[1mLinking CXX shared library libbehavior_component.so[0m
[18.241s] [ 93%] Built target behavior_component
[23.058s] [100%] [32m[1mLinking CXX shared library libestimator_component.so[0m
[23.666s] [100%] Built target estimator_component
[23.676s] Invoked command in '/home/phantona/ee4308/build/ee4308_drone' returned '0': CMAKE_PREFIX_PATH=${CMAKE_PREFIX_PATH}:/opt/ros/jazzy DEBUGINFOD_URLS=https://debuginfod.ubuntu.com /usr/bin/cmake --build /home/phantona/ee4308/build/ee4308_drone -- -j16 -l16
[23.677s] Invoking command in '/home/phantona/ee4308/build/ee4308_drone': CMAKE_PREFIX_PATH=${CMAKE_PREFIX_PATH}:/opt/ros/jazzy DEBUGINFOD_URLS=https://debuginfod.ubuntu.com /usr/bin/cmake --install /home/phantona/ee4308/build/ee4308_drone
[23.685s] -- Install configuration: ""
[23.685s] -- Execute custom install script
[23.685s] -- Symlinking: /home/phantona/ee4308/install/ee4308_drone/lib/ee4308_drone/behavior
[23.693s] -- Symlinking: /home/phantona/ee4308/install/ee4308_drone/lib/ee4308_drone/controller
[23.703s] -- Symlinking: /home/phantona/ee4308/install/ee4308_drone/lib/ee4308_drone/estimator
[23.712s] -- Symlinking: /home/phantona/ee4308/install/ee4308_drone/lib/ee4308_drone/planner
[23.721s] -- Symlinking: /home/phantona/ee4308/install/ee4308_drone/share/ament_index/resource_index/package_run_dependencies/ee4308_drone
[23.729s] -- Symlinking: /home/phantona/ee4308/install/ee4308_drone/share/ament_index/resource_index/parent_prefix_path/ee4308_drone
[23.737s] -- Symlinking: /home/phantona/ee4308/install/ee4308_drone/share/ee4308_drone/environment/ament_prefix_path.sh
[23.745s] -- Symlinking: /home/phantona/ee4308/install/ee4308_drone/share/ee4308_drone/environment/ament_prefix_path.dsv
[23.753s] -- Symlinking: /home/phantona/ee4308/install/ee4308_drone/share/ee4308_drone/environment/path.sh
[23.761s] -- Symlinking: /home/phantona/ee4308/install/ee4308_drone/share/ee4308_drone/environment/path.dsv
[23.770s] -- Symlinking: /home/phantona/ee4308/install/ee4308_drone/share/ee4308_drone/local_setup.bash
[23.778s] -- Symlinking: /home/phantona/ee4308/install/ee4308_drone/share/ee4308_drone/local_setup.sh
[23.786s] -- Symlinking: /home/phantona/ee4308/install/ee4308_drone/share/ee4308_drone/local_setup.zsh
[23.794s] -- Symlinking: /home/phantona/ee4308/install/ee4308_drone/share/ee4308_drone/local_setup.dsv
[23.804s] -- Symlinking: /home/phantona/ee4308/install/ee4308_drone/share/ee4308_drone/package.dsv
[23.813s] -- Symlinking: /home/phantona/ee4308/install/ee4308_drone/share/ament_index/resource_index/packages/ee4308_drone
[23.821s] -- Symlinking: /home/phantona/ee4308/install/ee4308_drone/share/ament_index/resource_index/rclcpp_components/ee4308_drone
[23.829s] -- Symlinking: /home/phantona/ee4308/install/ee4308_drone/share/ee4308_drone/cmake/ament_cmake_export_targets-extras.cmake
[23.837s] -- Symlinking: /home/phantona/ee4308/install/ee4308_drone/share/ee4308_drone/cmake/ament_cmake_export_dependencies-extras.cmake
[23.844s] -- Symlinking: /home/phantona/ee4308/install/ee4308_drone/share/ee4308_drone/cmake/ee4308_droneConfig.cmake
[23.852s] -- Symlinking: /home/phantona/ee4308/install/ee4308_drone/share/ee4308_drone/cmake/ee4308_droneConfig-version.cmake
[23.860s] -- Symlinking: /home/phantona/ee4308/install/ee4308_drone/share/ee4308_drone/package.xml
[23.868s] -- Installing: /home/phantona/ee4308/install/ee4308_drone/lib/libbehavior_component.so
[23.878s] -- Set non-toolchain portion of runtime path of "/home/phantona/ee4308/install/ee4308_drone/lib/libbehavior_component.so" to ""
[23.878s] -- Installing: /home/phantona/ee4308/install/ee4308_drone/lib/libcontroller_component.so
[23.884s] -- Set non-toolchain portion of runtime path of "/home/phantona/ee4308/install/ee4308_drone/lib/libcontroller_component.so" to ""
[23.885s] -- Installing: /home/phantona/ee4308/install/ee4308_drone/lib/libestimator_component.so
[23.900s] -- Set non-toolchain portion of runtime path of "/home/phantona/ee4308/install/ee4308_drone/lib/libestimator_component.so" to ""
[23.900s] -- Installing: /home/phantona/ee4308/install/ee4308_drone/lib/libplanner_component.so
[23.902s] -- Set non-toolchain portion of runtime path of "/home/phantona/ee4308/install/ee4308_drone/lib/libplanner_component.so" to ""
[23.902s] -- Installing: /home/phantona/ee4308/install/ee4308_drone/share/ee4308_drone/cmake/export_behavior_componentExport.cmake
[23.902s] -- Installing: /home/phantona/ee4308/install/ee4308_drone/share/ee4308_drone/cmake/export_behavior_componentExport-noconfig.cmake
[23.902s] -- Installing: /home/phantona/ee4308/install/ee4308_drone/share/ee4308_drone/cmake/export_controller_componentExport.cmake
[23.902s] -- Installing: /home/phantona/ee4308/install/ee4308_drone/share/ee4308_drone/cmake/export_controller_componentExport-noconfig.cmake
[23.902s] -- Installing: /home/phantona/ee4308/install/ee4308_drone/share/ee4308_drone/cmake/export_estimator_componentExport.cmake
[23.902s] -- Installing: /home/phantona/ee4308/install/ee4308_drone/share/ee4308_drone/cmake/export_estimator_componentExport-noconfig.cmake
[23.903s] -- Installing: /home/phantona/ee4308/install/ee4308_drone/share/ee4308_drone/cmake/export_planner_componentExport.cmake
[23.903s] -- Installing: /home/phantona/ee4308/install/ee4308_drone/share/ee4308_drone/cmake/export_planner_componentExport-noconfig.cmake
[23.905s] Invoked command in '/home/phantona/ee4308/build/ee4308_drone' returned '0': CMAKE_PREFIX_PATH=${CMAKE_PREFIX_PATH}:/opt/ros/jazzy DEBUGINFOD_URLS=https://debuginfod.ubuntu.com /usr/bin/cmake --install /home/phantona/ee4308/build/ee4308_drone
