[0.027s] Invoking command in '/home/phantona/ee4308-proj2/build/ee4308_drone': CMAKE_PREFIX_PATH=${CMAKE_PREFIX_PATH}:/opt/ros/jazzy DEBUGINFOD_URLS=https://debuginfod.ubuntu.com /usr/bin/cmake --build /home/phantona/ee4308-proj2/build/ee4308_drone -- -j16 -l16
[0.156s] [ 31%] Built target behavior
[0.157s] [ 31%] Built target estimator
[0.157s] [ 37%] [32mBuilding CXX object CMakeFiles/estimator_component.dir/src/estimator.cpp.o[0m
[0.157s] [ 43%] Built target behavior_component
[0.157s] [ 56%] Built target planner
[0.160s] [ 68%] Built target controller
[0.166s] [ 81%] Built target planner_component
[0.178s] [ 93%] Built target controller_component
[23.219s] [100%] [32m[1mLinking CXX shared library libestimator_component.so[0m
[24.064s] [100%] Built target estimator_component
[24.078s] Invoked command in '/home/phantona/ee4308-proj2/build/ee4308_drone' returned '0': CMAKE_PREFIX_PATH=${CMAKE_PREFIX_PATH}:/opt/ros/jazzy DEBUGINFOD_URLS=https://debuginfod.ubuntu.com /usr/bin/cmake --build /home/phantona/ee4308-proj2/build/ee4308_drone -- -j16 -l16
[24.079s] Invoking command in '/home/phantona/ee4308-proj2/build/ee4308_drone': CMAKE_PREFIX_PATH=${CMAKE_PREFIX_PATH}:/opt/ros/jazzy DEBUGINFOD_URLS=https://debuginfod.ubuntu.com /usr/bin/cmake --install /home/phantona/ee4308-proj2/build/ee4308_drone
[24.087s] -- Install configuration: ""
[24.087s] -- Execute custom install script
[24.088s] -- Up-to-date symlink: /home/phantona/ee4308-proj2/install/ee4308_drone/lib/ee4308_drone/behavior
[24.088s] -- Up-to-date symlink: /home/phantona/ee4308-proj2/install/ee4308_drone/lib/ee4308_drone/controller
[24.088s] -- Up-to-date symlink: /home/phantona/ee4308-proj2/install/ee4308_drone/lib/ee4308_drone/estimator
[24.088s] -- Up-to-date symlink: /home/phantona/ee4308-proj2/install/ee4308_drone/lib/ee4308_drone/planner
[24.088s] -- Up-to-date symlink: /home/phantona/ee4308-proj2/install/ee4308_drone/share/ament_index/resource_index/package_run_dependencies/ee4308_drone
[24.089s] -- Up-to-date symlink: /home/phantona/ee4308-proj2/install/ee4308_drone/share/ament_index/resource_index/parent_prefix_path/ee4308_drone
[24.089s] -- Up-to-date symlink: /home/phantona/ee4308-proj2/install/ee4308_drone/share/ee4308_drone/environment/ament_prefix_path.sh
[24.089s] -- Up-to-date symlink: /home/phantona/ee4308-proj2/install/ee4308_drone/share/ee4308_drone/environment/ament_prefix_path.dsv
[24.089s] -- Up-to-date symlink: /home/phantona/ee4308-proj2/install/ee4308_drone/share/ee4308_drone/environment/path.sh
[24.089s] -- Up-to-date symlink: /home/phantona/ee4308-proj2/install/ee4308_drone/share/ee4308_drone/environment/path.dsv
[24.089s] -- Up-to-date symlink: /home/phantona/ee4308-proj2/install/ee4308_drone/share/ee4308_drone/local_setup.bash
[24.089s] -- Up-to-date symlink: /home/phantona/ee4308-proj2/install/ee4308_drone/share/ee4308_drone/local_setup.sh
[24.089s] -- Up-to-date symlink: /home/phantona/ee4308-proj2/install/ee4308_drone/share/ee4308_drone/local_setup.zsh
[24.090s] -- Up-to-date symlink: /home/phantona/ee4308-proj2/install/ee4308_drone/share/ee4308_drone/local_setup.dsv
[24.090s] -- Symlinking: /home/phantona/ee4308-proj2/install/ee4308_drone/share/ee4308_drone/package.dsv
[24.100s] -- Up-to-date symlink: /home/phantona/ee4308-proj2/install/ee4308_drone/share/ament_index/resource_index/packages/ee4308_drone
[24.100s] -- Up-to-date symlink: /home/phantona/ee4308-proj2/install/ee4308_drone/share/ament_index/resource_index/rclcpp_components/ee4308_drone
[24.100s] -- Up-to-date symlink: /home/phantona/ee4308-proj2/install/ee4308_drone/share/ee4308_drone/cmake/ament_cmake_export_targets-extras.cmake
[24.100s] -- Up-to-date symlink: /home/phantona/ee4308-proj2/install/ee4308_drone/share/ee4308_drone/cmake/ament_cmake_export_dependencies-extras.cmake
[24.100s] -- Up-to-date symlink: /home/phantona/ee4308-proj2/install/ee4308_drone/share/ee4308_drone/cmake/ee4308_droneConfig.cmake
[24.100s] -- Up-to-date symlink: /home/phantona/ee4308-proj2/install/ee4308_drone/share/ee4308_drone/cmake/ee4308_droneConfig-version.cmake
[24.101s] -- Up-to-date symlink: /home/phantona/ee4308-proj2/install/ee4308_drone/share/ee4308_drone/package.xml
[24.101s] -- Up-to-date: /home/phantona/ee4308-proj2/install/ee4308_drone/lib/libbehavior_component.so
[24.101s] -- Up-to-date: /home/phantona/ee4308-proj2/install/ee4308_drone/lib/libcontroller_component.so
[24.102s] -- Installing: /home/phantona/ee4308-proj2/install/ee4308_drone/lib/libestimator_component.so
[24.125s] -- Set non-toolchain portion of runtime path of "/home/phantona/ee4308-proj2/install/ee4308_drone/lib/libestimator_component.so" to ""
[24.126s] -- Up-to-date: /home/phantona/ee4308-proj2/install/ee4308_drone/lib/libplanner_component.so
[24.126s] -- Up-to-date: /home/phantona/ee4308-proj2/install/ee4308_drone/share/ee4308_drone/cmake/export_behavior_componentExport.cmake
[24.126s] -- Up-to-date: /home/phantona/ee4308-proj2/install/ee4308_drone/share/ee4308_drone/cmake/export_behavior_componentExport-noconfig.cmake
[24.126s] -- Up-to-date: /home/phantona/ee4308-proj2/install/ee4308_drone/share/ee4308_drone/cmake/export_controller_componentExport.cmake
[24.126s] -- Up-to-date: /home/phantona/ee4308-proj2/install/ee4308_drone/share/ee4308_drone/cmake/export_controller_componentExport-noconfig.cmake
[24.126s] -- Up-to-date: /home/phantona/ee4308-proj2/install/ee4308_drone/share/ee4308_drone/cmake/export_estimator_componentExport.cmake
[24.126s] -- Up-to-date: /home/phantona/ee4308-proj2/install/ee4308_drone/share/ee4308_drone/cmake/export_estimator_componentExport-noconfig.cmake
[24.126s] -- Up-to-date: /home/phantona/ee4308-proj2/install/ee4308_drone/share/ee4308_drone/cmake/export_planner_componentExport.cmake
[24.126s] -- Up-to-date: /home/phantona/ee4308-proj2/install/ee4308_drone/share/ee4308_drone/cmake/export_planner_componentExport-noconfig.cmake
[24.129s] Invoked command in '/home/phantona/ee4308-proj2/build/ee4308_drone' returned '0': CMAKE_PREFIX_PATH=${CMAKE_PREFIX_PATH}:/opt/ros/jazzy DEBUGINFOD_URLS=https://debuginfod.ubuntu.com /usr/bin/cmake --install /home/phantona/ee4308-proj2/build/ee4308_drone
