-- The C compiler identification is GNU 13.3.0
-- The CXX compiler identification is GNU 13.3.0
-- Detecting C compiler ABI info
-- Detecting C compiler ABI info - done
-- Check for working C compiler: /usr/bin/cc - skipped
-- Detecting C compile features
-- Detecting C compile features - done
-- Detecting CXX compiler ABI info
-- Detecting CXX compiler ABI info - done
-- Check for working CXX compiler: /usr/bin/c++ - skipped
-- Detecting CXX compile features
-- Detecting CXX compile features - done
-- Found ament_cmake: 2.5.5 (/opt/ros/jazzy/share/ament_cmake/cmake)
-- Found Python3: /usr/bin/python3 (found version "3.12.3") found components: Interpreter 
-- Override CMake install command with custom implementation using symlinks instead of copying resources
-- Found rclcpp: 28.1.16 (/opt/ros/jazzy/share/rclcpp/cmake)
-- Found rosidl_generator_c: 4.6.7 (/opt/ros/jazzy/share/rosidl_generator_c/cmake)
-- Found rosidl_generator_cpp: 4.6.7 (/opt/ros/jazzy/share/rosidl_generator_cpp/cmake)
-- Using all available rosidl_typesupport_c: rosidl_typesupport_fastrtps_c;rosidl_typesupport_introspection_c
-- Using all available rosidl_typesupport_cpp: rosidl_typesupport_fastrtps_cpp;rosidl_typesupport_introspection_cpp
-- Found rmw_implementation_cmake: 7.3.3 (/opt/ros/jazzy/share/rmw_implementation_cmake/cmake)
-- Found rmw_fastrtps_cpp: 8.4.3 (/opt/ros/jazzy/share/rmw_fastrtps_cpp/cmake)
-- Found OpenSSL: /usr/lib/x86_64-linux-gnu/libcrypto.so (found version "3.0.13")  
-- Found FastRTPS: /opt/ros/jazzy/include (Required is at least version "2.13") 
-- Using RMW implementation 'rmw_fastrtps_cpp' as default
-- Found rclcpp_components: 28.1.16 (/opt/ros/jazzy/share/rclcpp_components/cmake)
-- Found std_msgs: 5.3.6 (/opt/ros/jazzy/share/std_msgs/cmake)
-- Found sensor_msgs: 5.3.6 (/opt/ros/jazzy/share/sensor_msgs/cmake)
-- Found nav_msgs: 5.3.6 (/opt/ros/jazzy/share/nav_msgs/cmake)
-- Found tf2: 0.36.19 (/opt/ros/jazzy/share/tf2/cmake)
-- Found tf2_ros: 0.36.19 (/opt/ros/jazzy/share/tf2_ros/cmake)
-- Found eigen3_cmake_module: 0.3.0 (/opt/ros/jazzy/share/eigen3_cmake_module/cmake)
-- Found Eigen3: TRUE (found version "3.4.0") 
-- Configuring done (3.0s)
-- Generating done (0.1s)
-- Build files have been written to: /home/phantona/ee4308-proj2/build/ee4308_drone
[ 25%] [32m[1mLinking CXX executable controller[0m
[ 25%] [32mBuilding CXX object CMakeFiles/controller_component.dir/src/controller.cpp.o[0m
[ 25%] [32m[1mLinking CXX executable estimator[0m
[ 25%] [32m[1mLinking CXX executable behavior[0m
[ 31%] [32m[1mLinking CXX executable planner[0m
[ 37%] [32mBuilding CXX object CMakeFiles/planner_component.dir/src/planner.cpp.o[0m
[ 43%] [32mBuilding CXX object CMakeFiles/estimator_component.dir/src/estimator.cpp.o[0m
[ 50%] [32mBuilding CXX object CMakeFiles/behavior_component.dir/src/behavior.cpp.o[0m
[ 62%] Built target estimator
[ 62%] Built target planner
[ 68%] Built target controller
[ 75%] Built target behavior
[ 81%] [32m[1mLinking CXX shared library libplanner_component.so[0m
[ 81%] Built target planner_component
[ 87%] [32m[1mLinking CXX shared library libcontroller_component.so[0m
[ 87%] Built target controller_component
[ 93%] [32m[1mLinking CXX shared library libbehavior_component.so[0m
[ 93%] Built target behavior_component
[100%] [32m[1mLinking CXX shared library libestimator_component.so[0m
[100%] Built target estimator_component
-- Install configuration: ""
-- Execute custom install script
-- Symlinking: /home/phantona/ee4308-proj2/install/ee4308_drone/lib/ee4308_drone/behavior
-- Symlinking: /home/phantona/ee4308-proj2/install/ee4308_drone/lib/ee4308_drone/controller
-- Symlinking: /home/phantona/ee4308-proj2/install/ee4308_drone/lib/ee4308_drone/estimator
-- Symlinking: /home/phantona/ee4308-proj2/install/ee4308_drone/lib/ee4308_drone/planner
-- Symlinking: /home/phantona/ee4308-proj2/install/ee4308_drone/share/ament_index/resource_index/package_run_dependencies/ee4308_drone
-- Symlinking: /home/phantona/ee4308-proj2/install/ee4308_drone/share/ament_index/resource_index/parent_prefix_path/ee4308_drone
-- Up-to-date symlink: /home/phantona/ee4308-proj2/install/ee4308_drone/share/ee4308_drone/environment/ament_prefix_path.sh
-- Symlinking: /home/phantona/ee4308-proj2/install/ee4308_drone/share/ee4308_drone/environment/ament_prefix_path.dsv
-- Up-to-date symlink: /home/phantona/ee4308-proj2/install/ee4308_drone/share/ee4308_drone/environment/path.sh
-- Symlinking: /home/phantona/ee4308-proj2/install/ee4308_drone/share/ee4308_drone/environment/path.dsv
-- Symlinking: /home/phantona/ee4308-proj2/install/ee4308_drone/share/ee4308_drone/local_setup.bash
-- Symlinking: /home/phantona/ee4308-proj2/install/ee4308_drone/share/ee4308_drone/local_setup.sh
-- Symlinking: /home/phantona/ee4308-proj2/install/ee4308_drone/share/ee4308_drone/local_setup.zsh
-- Symlinking: /home/phantona/ee4308-proj2/install/ee4308_drone/share/ee4308_drone/local_setup.dsv
-- Symlinking: /home/phantona/ee4308-proj2/install/ee4308_drone/share/ee4308_drone/package.dsv
-- Symlinking: /home/phantona/ee4308-proj2/install/ee4308_drone/share/ament_index/resource_index/packages/ee4308_drone
-- Symlinking: /home/phantona/ee4308-proj2/install/ee4308_drone/share/ament_index/resource_index/rclcpp_components/ee4308_drone
-- Symlinking: /home/phantona/ee4308-proj2/install/ee4308_drone/share/ee4308_drone/cmake/ament_cmake_export_targets-extras.cmake
-- Symlinking: /home/phantona/ee4308-proj2/install/ee4308_drone/share/ee4308_drone/cmake/ament_cmake_export_dependencies-extras.cmake
-- Symlinking: /home/phantona/ee4308-proj2/install/ee4308_drone/share/ee4308_drone/cmake/ee4308_droneConfig.cmake
-- Symlinking: /home/phantona/ee4308-proj2/install/ee4308_drone/share/ee4308_drone/cmake/ee4308_droneConfig-version.cmake
-- Symlinking: /home/phantona/ee4308-proj2/install/ee4308_drone/share/ee4308_drone/package.xml
-- Installing: /home/phantona/ee4308-proj2/install/ee4308_drone/lib/libbehavior_component.so
-- Set non-toolchain portion of runtime path of "/home/phantona/ee4308-proj2/install/ee4308_drone/lib/libbehavior_component.so" to ""
-- Installing: /home/phantona/ee4308-proj2/install/ee4308_drone/lib/libcontroller_component.so
-- Set non-toolchain portion of runtime path of "/home/phantona/ee4308-proj2/install/ee4308_drone/lib/libcontroller_component.so" to ""
-- Installing: /home/phantona/ee4308-proj2/install/ee4308_drone/lib/libestimator_component.so
-- Set non-toolchain portion of runtime path of "/home/phantona/ee4308-proj2/install/ee4308_drone/lib/libestimator_component.so" to ""
-- Installing: /home/phantona/ee4308-proj2/install/ee4308_drone/lib/libplanner_component.so
-- Set non-toolchain portion of runtime path of "/home/phantona/ee4308-proj2/install/ee4308_drone/lib/libplanner_component.so" to ""
-- Up-to-date: /home/phantona/ee4308-proj2/install/ee4308_drone/share/ee4308_drone/cmake/export_behavior_componentExport.cmake
-- Up-to-date: /home/phantona/ee4308-proj2/install/ee4308_drone/share/ee4308_drone/cmake/export_behavior_componentExport-noconfig.cmake
-- Up-to-date: /home/phantona/ee4308-proj2/install/ee4308_drone/share/ee4308_drone/cmake/export_controller_componentExport.cmake
-- Up-to-date: /home/phantona/ee4308-proj2/install/ee4308_drone/share/ee4308_drone/cmake/export_controller_componentExport-noconfig.cmake
-- Up-to-date: /home/phantona/ee4308-proj2/install/ee4308_drone/share/ee4308_drone/cmake/export_estimator_componentExport.cmake
-- Up-to-date: /home/phantona/ee4308-proj2/install/ee4308_drone/share/ee4308_drone/cmake/export_estimator_componentExport-noconfig.cmake
-- Up-to-date: /home/phantona/ee4308-proj2/install/ee4308_drone/share/ee4308_drone/cmake/export_planner_componentExport.cmake
-- Up-to-date: /home/phantona/ee4308-proj2/install/ee4308_drone/share/ee4308_drone/cmake/export_planner_componentExport-noconfig.cmake
