[0.033s] Invoking command in '/home/phantona/ee4308/build/ee4308_drone': CMAKE_PREFIX_PATH=${CMAKE_PREFIX_PATH}:/opt/ros/jazzy DEBUGINFOD_URLS=https://debuginfod.ubuntu.com /usr/bin/cmake --build /home/phantona/ee4308/build/ee4308_drone -- -j16 -l16
[0.167s] [ 25%] Built target behavior
[0.167s] [ 25%] Built target controller_component
[0.176s] [ 50%] Built target planner
[0.176s] [ 43%] Built target controller
[0.179s] [ 62%] Built target estimator
[0.179s] [ 75%] Built target planner_component
[0.186s] [ 87%] Built target behavior_component
[0.201s] [ 93%] [32mBuilding CXX object CMakeFiles/estimator_component.dir/src/estimator.cpp.o[0m
[22.109s] [100%] [32m[1mLinking CXX shared library libestimator_component.so[0m
[23.113s] [100%] Built target estimator_component
[23.127s] Invoked command in '/home/phantona/ee4308/build/ee4308_drone' returned '0': CMAKE_PREFIX_PATH=${CMAKE_PREFIX_PATH}:/opt/ros/jazzy DEBUGINFOD_URLS=https://debuginfod.ubuntu.com /usr/bin/cmake --build /home/phantona/ee4308/build/ee4308_drone -- -j16 -l16
[23.128s] Invoking command in '/home/phantona/ee4308/build/ee4308_drone': CMAKE_PREFIX_PATH=${CMAKE_PREFIX_PATH}:/opt/ros/jazzy DEBUGINFOD_URLS=https://debuginfod.ubuntu.com /usr/bin/cmake --install /home/phantona/ee4308/build/ee4308_drone
[23.137s] -- Install configuration: ""
[23.138s] -- Execute custom install script
[23.138s] -- Up-to-date symlink: /home/phantona/ee4308/install/ee4308_drone/lib/ee4308_drone/behavior
[23.138s] -- Up-to-date symlink: /home/phantona/ee4308/install/ee4308_drone/lib/ee4308_drone/controller
[23.139s] -- Up-to-date symlink: /home/phantona/ee4308/install/ee4308_drone/lib/ee4308_drone/estimator
[23.139s] -- Up-to-date symlink: /home/phantona/ee4308/install/ee4308_drone/lib/ee4308_drone/planner
[23.139s] -- Up-to-date symlink: /home/phantona/ee4308/install/ee4308_drone/share/ament_index/resource_index/package_run_dependencies/ee4308_drone
[23.139s] -- Up-to-date symlink: /home/phantona/ee4308/install/ee4308_drone/share/ament_index/resource_index/parent_prefix_path/ee4308_drone
[23.140s] -- Up-to-date symlink: /home/phantona/ee4308/install/ee4308_drone/share/ee4308_drone/environment/ament_prefix_path.sh
[23.140s] -- Up-to-date symlink: /home/phantona/ee4308/install/ee4308_drone/share/ee4308_drone/environment/ament_prefix_path.dsv
[23.140s] -- Up-to-date symlink: /home/phantona/ee4308/install/ee4308_drone/share/ee4308_drone/environment/path.sh
[23.140s] -- Up-to-date symlink: /home/phantona/ee4308/install/ee4308_drone/share/ee4308_drone/environment/path.dsv
[23.140s] -- Up-to-date symlink: /home/phantona/ee4308/install/ee4308_drone/share/ee4308_drone/local_setup.bash
[23.140s] -- Up-to-date symlink: /home/phantona/ee4308/install/ee4308_drone/share/ee4308_drone/local_setup.sh
[23.141s] -- Up-to-date symlink: /home/phantona/ee4308/install/ee4308_drone/share/ee4308_drone/local_setup.zsh
[23.141s] -- Up-to-date symlink: /home/phantona/ee4308/install/ee4308_drone/share/ee4308_drone/local_setup.dsv
[23.141s] -- Symlinking: /home/phantona/ee4308/install/ee4308_drone/share/ee4308_drone/package.dsv
[23.151s] -- Up-to-date symlink: /home/phantona/ee4308/install/ee4308_drone/share/ament_index/resource_index/packages/ee4308_drone
[23.151s] -- Up-to-date symlink: /home/phantona/ee4308/install/ee4308_drone/share/ament_index/resource_index/rclcpp_components/ee4308_drone
[23.151s] -- Up-to-date symlink: /home/phantona/ee4308/install/ee4308_drone/share/ee4308_drone/cmake/ament_cmake_export_targets-extras.cmake
[23.152s] -- Up-to-date symlink: /home/phantona/ee4308/install/ee4308_drone/share/ee4308_drone/cmake/ament_cmake_export_dependencies-extras.cmake
[23.152s] -- Up-to-date symlink: /home/phantona/ee4308/install/ee4308_drone/share/ee4308_drone/cmake/ee4308_droneConfig.cmake
[23.152s] -- Up-to-date symlink: /home/phantona/ee4308/install/ee4308_drone/share/ee4308_drone/cmake/ee4308_droneConfig-version.cmake
[23.152s] -- Up-to-date symlink: /home/phantona/ee4308/install/ee4308_drone/share/ee4308_drone/package.xml
[23.153s] -- Up-to-date: /home/phantona/ee4308/install/ee4308_drone/lib/libbehavior_component.so
[23.153s] -- Up-to-date: /home/phantona/ee4308/install/ee4308_drone/lib/libcontroller_component.so
[23.153s] -- Installing: /home/phantona/ee4308/install/ee4308_drone/lib/libestimator_component.so
[23.182s] -- Set non-toolchain portion of runtime path of "/home/phantona/ee4308/install/ee4308_drone/lib/libestimator_component.so" to ""
[23.183s] -- Up-to-date: /home/phantona/ee4308/install/ee4308_drone/lib/libplanner_component.so
[23.183s] -- Up-to-date: /home/phantona/ee4308/install/ee4308_drone/share/ee4308_drone/cmake/export_behavior_componentExport.cmake
[23.183s] -- Up-to-date: /home/phantona/ee4308/install/ee4308_drone/share/ee4308_drone/cmake/export_behavior_componentExport-noconfig.cmake
[23.183s] -- Up-to-date: /home/phantona/ee4308/install/ee4308_drone/share/ee4308_drone/cmake/export_controller_componentExport.cmake
[23.183s] -- Up-to-date: /home/phantona/ee4308/install/ee4308_drone/share/ee4308_drone/cmake/export_controller_componentExport-noconfig.cmake
[23.184s] -- Up-to-date: /home/phantona/ee4308/install/ee4308_drone/share/ee4308_drone/cmake/export_estimator_componentExport.cmake
[23.184s] -- Up-to-date: /home/phantona/ee4308/install/ee4308_drone/share/ee4308_drone/cmake/export_estimator_componentExport-noconfig.cmake
[23.184s] -- Up-to-date: /home/phantona/ee4308/install/ee4308_drone/share/ee4308_drone/cmake/export_planner_componentExport.cmake
[23.184s] -- Up-to-date: /home/phantona/ee4308/install/ee4308_drone/share/ee4308_drone/cmake/export_planner_componentExport-noconfig.cmake
[23.187s] Invoked command in '/home/phantona/ee4308/build/ee4308_drone' returned '0': CMAKE_PREFIX_PATH=${CMAKE_PREFIX_PATH}:/opt/ros/jazzy DEBUGINFOD_URLS=https://debuginfod.ubuntu.com /usr/bin/cmake --install /home/phantona/ee4308/build/ee4308_drone
