[0.012s] Invoking command in '/home/phantona/ee4308-proj2/build/ee4308_turtle2': CMAKE_PREFIX_PATH=${CMAKE_PREFIX_PATH}:/opt/ros/jazzy DEBUGINFOD_URLS=https://debuginfod.ubuntu.com /usr/bin/cmake --build /home/phantona/ee4308-proj2/build/ee4308_turtle2 -- -j16 -l16
[0.020s] [0mCMake Error: The current CMakeCache.txt directory /home/phantona/ee4308-proj2/build/ee4308_turtle2/CMakeCache.txt is different than the directory /home/phantona/ee4308/build/ee4308_turtle2 where CMakeCache.txt was created. This may result in binaries being created in the wrong place. If you are not sure, reedit the CMakeCache.txt[0m
[0.137s] [ 81%] Built target controller
[0.137s] [ 81%] Built target planner
[0.137s] [ 81%] Built target controller_component
[0.137s] [ 81%] Built target map_loader_component
[0.137s] [ 87%] Built target behavior
[0.137s] [ 81%] Built target map_loader
[0.137s] [ 87%] Built target planner_component
[0.137s] [100%] Built target behavior_component
[0.150s] Invoked command in '/home/phantona/ee4308-proj2/build/ee4308_turtle2' returned '0': CMAKE_PREFIX_PATH=${CMAKE_PREFIX_PATH}:/opt/ros/jazzy DEBUGINFOD_URLS=https://debuginfod.ubuntu.com /usr/bin/cmake --build /home/phantona/ee4308-proj2/build/ee4308_turtle2 -- -j16 -l16
[0.152s] Invoking command in '/home/phantona/ee4308-proj2/build/ee4308_turtle2': CMAKE_PREFIX_PATH=${CMAKE_PREFIX_PATH}:/opt/ros/jazzy DEBUGINFOD_URLS=https://debuginfod.ubuntu.com /usr/bin/cmake --install /home/phantona/ee4308-proj2/build/ee4308_turtle2
[0.160s] -- Install configuration: ""
[0.160s] -- Execute custom install script
[0.161s] -- Up-to-date symlink: /home/phantona/ee4308/install/ee4308_turtle2/lib/ee4308_turtle2/map_loader
[0.161s] -- Up-to-date symlink: /home/phantona/ee4308/install/ee4308_turtle2/lib/ee4308_turtle2/behavior
[0.162s] -- Up-to-date symlink: /home/phantona/ee4308/install/ee4308_turtle2/lib/ee4308_turtle2/controller
[0.162s] -- Up-to-date symlink: /home/phantona/ee4308/install/ee4308_turtle2/lib/ee4308_turtle2/planner
[0.163s] -- Up-to-date symlink: /home/phantona/ee4308/install/ee4308_turtle2/share/ament_index/resource_index/package_run_dependencies/ee4308_turtle2
[0.164s] -- Up-to-date symlink: /home/phantona/ee4308/install/ee4308_turtle2/share/ament_index/resource_index/parent_prefix_path/ee4308_turtle2
[0.164s] -- Up-to-date symlink: /home/phantona/ee4308/install/ee4308_turtle2/share/ee4308_turtle2/environment/ament_prefix_path.sh
[0.165s] -- Up-to-date symlink: /home/phantona/ee4308/install/ee4308_turtle2/share/ee4308_turtle2/environment/ament_prefix_path.dsv
[0.165s] -- Up-to-date symlink: /home/phantona/ee4308/install/ee4308_turtle2/share/ee4308_turtle2/environment/path.sh
[0.165s] -- Up-to-date symlink: /home/phantona/ee4308/install/ee4308_turtle2/share/ee4308_turtle2/environment/path.dsv
[0.166s] -- Up-to-date symlink: /home/phantona/ee4308/install/ee4308_turtle2/share/ee4308_turtle2/local_setup.bash
[0.166s] -- Up-to-date symlink: /home/phantona/ee4308/install/ee4308_turtle2/share/ee4308_turtle2/local_setup.sh
[0.166s] -- Up-to-date symlink: /home/phantona/ee4308/install/ee4308_turtle2/share/ee4308_turtle2/local_setup.zsh
[0.166s] -- Up-to-date symlink: /home/phantona/ee4308/install/ee4308_turtle2/share/ee4308_turtle2/local_setup.dsv
[0.167s] -- Symlinking: /home/phantona/ee4308/install/ee4308_turtle2/share/ee4308_turtle2/package.dsv
[0.176s] -- Up-to-date symlink: /home/phantona/ee4308/install/ee4308_turtle2/share/ament_index/resource_index/packages/ee4308_turtle2
[0.176s] -- Up-to-date symlink: /home/phantona/ee4308/install/ee4308_turtle2/share/ament_index/resource_index/rclcpp_components/ee4308_turtle2
[0.177s] -- Up-to-date symlink: /home/phantona/ee4308/install/ee4308_turtle2/share/ee4308_turtle2/cmake/ament_cmake_export_targets-extras.cmake
[0.177s] -- Up-to-date symlink: /home/phantona/ee4308/install/ee4308_turtle2/share/ee4308_turtle2/cmake/ee4308_turtle2Config.cmake
[0.177s] -- Up-to-date symlink: /home/phantona/ee4308/install/ee4308_turtle2/share/ee4308_turtle2/cmake/ee4308_turtle2Config-version.cmake
[0.177s] -- Up-to-date symlink: /home/phantona/ee4308/install/ee4308_turtle2/share/ee4308_turtle2/package.xml
[0.179s] -- Up-to-date: /home/phantona/ee4308/install/ee4308_turtle2/lib/libmap_loader_component.so
[0.179s] -- Up-to-date: /home/phantona/ee4308/install/ee4308_turtle2/lib/libbehavior_component.so
[0.180s] -- Up-to-date: /home/phantona/ee4308/install/ee4308_turtle2/lib/libcontroller_component.so
[0.181s] -- Up-to-date: /home/phantona/ee4308/install/ee4308_turtle2/lib/libplanner_component.so
[0.182s] -- Up-to-date: /home/phantona/ee4308/install/ee4308_turtle2/share/ee4308_turtle2/cmake/export_map_loader_componentExport.cmake
[0.182s] -- Up-to-date: /home/phantona/ee4308/install/ee4308_turtle2/share/ee4308_turtle2/cmake/export_map_loader_componentExport-noconfig.cmake
[0.183s] -- Up-to-date: /home/phantona/ee4308/install/ee4308_turtle2/share/ee4308_turtle2/cmake/export_behavior_componentExport.cmake
[0.183s] -- Up-to-date: /home/phantona/ee4308/install/ee4308_turtle2/share/ee4308_turtle2/cmake/export_behavior_componentExport-noconfig.cmake
[0.183s] -- Up-to-date: /home/phantona/ee4308/install/ee4308_turtle2/share/ee4308_turtle2/cmake/export_controller_componentExport.cmake
[0.183s] -- Up-to-date: /home/phantona/ee4308/install/ee4308_turtle2/share/ee4308_turtle2/cmake/export_controller_componentExport-noconfig.cmake
[0.183s] -- Up-to-date: /home/phantona/ee4308/install/ee4308_turtle2/share/ee4308_turtle2/cmake/export_planner_componentExport.cmake
[0.184s] -- Up-to-date: /home/phantona/ee4308/install/ee4308_turtle2/share/ee4308_turtle2/cmake/export_planner_componentExport-noconfig.cmake
[0.186s] Invoked command in '/home/phantona/ee4308-proj2/build/ee4308_turtle2' returned '0': CMAKE_PREFIX_PATH=${CMAKE_PREFIX_PATH}:/opt/ros/jazzy DEBUGINFOD_URLS=https://debuginfod.ubuntu.com /usr/bin/cmake --install /home/phantona/ee4308-proj2/build/ee4308_turtle2
