[0.028s] Invoking command in '/home/phantona/ee4308-proj2/build/ee4308_drone': CMAKE_PREFIX_PATH=${CMAKE_PREFIX_PATH}:/opt/ros/jazzy DEBUGINFOD_URLS=https://debuginfod.ubuntu.com /usr/bin/cmake --build /home/phantona/ee4308-proj2/build/ee4308_drone -- -j16 -l16
[0.208s] [ 12%] Built target planner
[0.210s] [ 25%] Built target controller
[0.218s] [ 37%] [32mBuilding CXX object CMakeFiles/behavior_component.dir/src/behavior.cpp.o[0m
[0.218s] [ 43%] Built target behavior
[0.224s] [ 68%] Built target estimator
[0.224s] [ 68%] Built target controller_component
[0.231s] [ 81%] Built target estimator_component
[0.234s] [ 93%] Built target planner_component
[15.800s] [100%] [32m[1mLinking CXX shared library libbehavior_component.so[0m
[16.399s] [100%] Built target behavior_component
[16.412s] Invoked command in '/home/phantona/ee4308-proj2/build/ee4308_drone' returned '0': CMAKE_PREFIX_PATH=${CMAKE_PREFIX_PATH}:/opt/ros/jazzy DEBUGINFOD_URLS=https://debuginfod.ubuntu.com /usr/bin/cmake --build /home/phantona/ee4308-proj2/build/ee4308_drone -- -j16 -l16
[16.413s] Invoking command in '/home/phantona/ee4308-proj2/build/ee4308_drone': CMAKE_PREFIX_PATH=${CMAKE_PREFIX_PATH}:/opt/ros/jazzy DEBUGINFOD_URLS=https://debuginfod.ubuntu.com /usr/bin/cmake --install /home/phantona/ee4308-proj2/build/ee4308_drone
[16.422s] -- Install configuration: ""
[16.422s] -- Execute custom install script
[16.423s] -- Up-to-date symlink: /home/phantona/ee4308-proj2/install/ee4308_drone/lib/ee4308_drone/behavior
[16.423s] -- Up-to-date symlink: /home/phantona/ee4308-proj2/install/ee4308_drone/lib/ee4308_drone/controller
[16.423s] -- Up-to-date symlink: /home/phantona/ee4308-proj2/install/ee4308_drone/lib/ee4308_drone/estimator
[16.424s] -- Up-to-date symlink: /home/phantona/ee4308-proj2/install/ee4308_drone/lib/ee4308_drone/planner
[16.424s] -- Up-to-date symlink: /home/phantona/ee4308-proj2/install/ee4308_drone/share/ament_index/resource_index/package_run_dependencies/ee4308_drone
[16.424s] -- Up-to-date symlink: /home/phantona/ee4308-proj2/install/ee4308_drone/share/ament_index/resource_index/parent_prefix_path/ee4308_drone
[16.424s] -- Up-to-date symlink: /home/phantona/ee4308-proj2/install/ee4308_drone/share/ee4308_drone/environment/ament_prefix_path.sh
[16.425s] -- Up-to-date symlink: /home/phantona/ee4308-proj2/install/ee4308_drone/share/ee4308_drone/environment/ament_prefix_path.dsv
[16.425s] -- Up-to-date symlink: /home/phantona/ee4308-proj2/install/ee4308_drone/share/ee4308_drone/environment/path.sh
[16.425s] -- Up-to-date symlink: /home/phantona/ee4308-proj2/install/ee4308_drone/share/ee4308_drone/environment/path.dsv
[16.425s] -- Up-to-date symlink: /home/phantona/ee4308-proj2/install/ee4308_drone/share/ee4308_drone/local_setup.bash
[16.425s] -- Up-to-date symlink: /home/phantona/ee4308-proj2/install/ee4308_drone/share/ee4308_drone/local_setup.sh
[16.426s] -- Up-to-date symlink: /home/phantona/ee4308-proj2/install/ee4308_drone/share/ee4308_drone/local_setup.zsh
[16.426s] -- Up-to-date symlink: /home/phantona/ee4308-proj2/install/ee4308_drone/share/ee4308_drone/local_setup.dsv
[16.426s] -- Symlinking: /home/phantona/ee4308-proj2/install/ee4308_drone/share/ee4308_drone/package.dsv
[16.435s] -- Up-to-date symlink: /home/phantona/ee4308-proj2/install/ee4308_drone/share/ament_index/resource_index/packages/ee4308_drone
[16.435s] -- Up-to-date symlink: /home/phantona/ee4308-proj2/install/ee4308_drone/share/ament_index/resource_index/rclcpp_components/ee4308_drone
[16.436s] -- Up-to-date symlink: /home/phantona/ee4308-proj2/install/ee4308_drone/share/ee4308_drone/cmake/ament_cmake_export_targets-extras.cmake
[16.436s] -- Up-to-date symlink: /home/phantona/ee4308-proj2/install/ee4308_drone/share/ee4308_drone/cmake/ament_cmake_export_dependencies-extras.cmake
[16.436s] -- Up-to-date symlink: /home/phantona/ee4308-proj2/install/ee4308_drone/share/ee4308_drone/cmake/ee4308_droneConfig.cmake
[16.436s] -- Up-to-date symlink: /home/phantona/ee4308-proj2/install/ee4308_drone/share/ee4308_drone/cmake/ee4308_droneConfig-version.cmake
[16.437s] -- Up-to-date symlink: /home/phantona/ee4308-proj2/install/ee4308_drone/share/ee4308_drone/package.xml
[16.437s] -- Installing: /home/phantona/ee4308-proj2/install/ee4308_drone/lib/libbehavior_component.so
[16.449s] -- Set non-toolchain portion of runtime path of "/home/phantona/ee4308-proj2/install/ee4308_drone/lib/libbehavior_component.so" to ""
[16.449s] -- Up-to-date: /home/phantona/ee4308-proj2/install/ee4308_drone/lib/libcontroller_component.so
[16.450s] -- Up-to-date: /home/phantona/ee4308-proj2/install/ee4308_drone/lib/libestimator_component.so
[16.451s] -- Up-to-date: /home/phantona/ee4308-proj2/install/ee4308_drone/lib/libplanner_component.so
[16.452s] -- Up-to-date: /home/phantona/ee4308-proj2/install/ee4308_drone/share/ee4308_drone/cmake/export_behavior_componentExport.cmake
[16.452s] -- Up-to-date: /home/phantona/ee4308-proj2/install/ee4308_drone/share/ee4308_drone/cmake/export_behavior_componentExport-noconfig.cmake
[16.452s] -- Up-to-date: /home/phantona/ee4308-proj2/install/ee4308_drone/share/ee4308_drone/cmake/export_controller_componentExport.cmake
[16.452s] -- Up-to-date: /home/phantona/ee4308-proj2/install/ee4308_drone/share/ee4308_drone/cmake/export_controller_componentExport-noconfig.cmake
[16.453s] -- Up-to-date: /home/phantona/ee4308-proj2/install/ee4308_drone/share/ee4308_drone/cmake/export_estimator_componentExport.cmake
[16.453s] -- Up-to-date: /home/phantona/ee4308-proj2/install/ee4308_drone/share/ee4308_drone/cmake/export_estimator_componentExport-noconfig.cmake
[16.453s] -- Up-to-date: /home/phantona/ee4308-proj2/install/ee4308_drone/share/ee4308_drone/cmake/export_planner_componentExport.cmake
[16.453s] -- Up-to-date: /home/phantona/ee4308-proj2/install/ee4308_drone/share/ee4308_drone/cmake/export_planner_componentExport-noconfig.cmake
[16.456s] Invoked command in '/home/phantona/ee4308-proj2/build/ee4308_drone' returned '0': CMAKE_PREFIX_PATH=${CMAKE_PREFIX_PATH}:/opt/ros/jazzy DEBUGINFOD_URLS=https://debuginfod.ubuntu.com /usr/bin/cmake --install /home/phantona/ee4308-proj2/build/ee4308_drone
