[0.085s] DEBUG:colcon:Command line arguments: ['/usr/bin/colcon', 'build', '--symlink-install']
[0.085s] DEBUG:colcon:Parsed command line arguments: Namespace(log_base=None, log_level=None, verb_name='build', build_base='build', install_base='install', merge_install=False, symlink_install=True, test_result_base=None, continue_on_error=False, executor='parallel', parallel_workers=16, event_handlers=None, ignore_user_meta=False, metas=['./colcon.meta'], base_paths=['.'], packages_ignore=None, packages_ignore_regex=None, paths=None, packages_up_to=None, packages_up_to_regex=None, packages_above=None, packages_above_and_dependencies=None, packages_above_depth=None, packages_select_by_dep=None, packages_skip_by_dep=None, packages_skip_up_to=None, packages_select_build_failed=False, packages_skip_build_finished=False, packages_select_test_failures=False, packages_skip_test_passed=False, packages_select=None, packages_skip=None, packages_select_regex=None, packages_skip_regex=None, packages_start=None, packages_end=None, allow_overriding=[], cmake_args=None, cmake_target=None, cmake_target_skip_unavailable=False, cmake_clean_cache=False, cmake_clean_first=False, cmake_force_configure=False, ament_cmake_args=None, catkin_cmake_args=None, catkin_skip_building_tests=False, mixin_files=None, mixin=None, verb_parser=<colcon_mixin.mixin.mixin_argument.MixinArgumentDecorator object at 0x7f17a8d87f80>, verb_extension=<colcon_core.verb.build.BuildVerb object at 0x7f17a8d87c80>, main=<bound method BuildVerb.main of <colcon_core.verb.build.BuildVerb object at 0x7f17a8d87c80>>, mixin_verb=('build',))
[0.115s] Level 1:colcon.colcon_core.package_discovery:discover_packages(colcon_meta) check parameters
[0.115s] Level 1:colcon.colcon_core.package_discovery:discover_packages(recursive) check parameters
[0.115s] Level 1:colcon.colcon_core.package_discovery:discover_packages(ignore) check parameters
[0.115s] Level 1:colcon.colcon_core.package_discovery:discover_packages(path) check parameters
[0.115s] Level 1:colcon.colcon_core.package_discovery:discover_packages(colcon_meta) discover
[0.115s] Level 1:colcon.colcon_core.package_discovery:discover_packages(recursive) discover
[0.115s] INFO:colcon.colcon_core.package_discovery:Crawling recursively for packages in '/home/phantona/ee4308'
[0.116s] Level 1:colcon.colcon_core.package_identification:_identify(.) by extensions ['ignore', 'ignore_ament_install']
[0.116s] Level 1:colcon.colcon_core.package_identification:_identify(.) by extension 'ignore'
[0.116s] Level 1:colcon.colcon_core.package_identification:_identify(.) by extension 'ignore_ament_install'
[0.116s] Level 1:colcon.colcon_core.package_identification:_identify(.) by extensions ['colcon_pkg']
[0.116s] Level 1:colcon.colcon_core.package_identification:_identify(.) by extension 'colcon_pkg'
[0.116s] Level 1:colcon.colcon_core.package_identification:_identify(.) by extensions ['colcon_meta']
[0.116s] Level 1:colcon.colcon_core.package_identification:_identify(.) by extension 'colcon_meta'
[0.116s] Level 1:colcon.colcon_core.package_identification:_identify(.) by extensions ['ros']
[0.116s] Level 1:colcon.colcon_core.package_identification:_identify(.) by extension 'ros'
[0.135s] Level 1:colcon.colcon_core.package_identification:_identify(.) by extensions ['cmake', 'python']
[0.135s] Level 1:colcon.colcon_core.package_identification:_identify(.) by extension 'cmake'
[0.135s] Level 1:colcon.colcon_core.package_identification:_identify(.) by extension 'python'
[0.135s] Level 1:colcon.colcon_core.package_identification:_identify(.) by extensions ['python_setup_py']
[0.135s] Level 1:colcon.colcon_core.package_identification:_identify(.) by extension 'python_setup_py'
[0.135s] Level 1:colcon.colcon_core.package_identification:_identify(build) by extensions ['ignore', 'ignore_ament_install']
[0.135s] Level 1:colcon.colcon_core.package_identification:_identify(build) by extension 'ignore'
[0.135s] Level 1:colcon.colcon_core.package_identification:_identify(build) ignored
[0.135s] Level 1:colcon.colcon_core.package_identification:_identify(docs) by extensions ['ignore', 'ignore_ament_install']
[0.135s] Level 1:colcon.colcon_core.package_identification:_identify(docs) by extension 'ignore'
[0.135s] Level 1:colcon.colcon_core.package_identification:_identify(docs) by extension 'ignore_ament_install'
[0.135s] Level 1:colcon.colcon_core.package_identification:_identify(docs) by extensions ['colcon_pkg']
[0.135s] Level 1:colcon.colcon_core.package_identification:_identify(docs) by extension 'colcon_pkg'
[0.135s] Level 1:colcon.colcon_core.package_identification:_identify(docs) by extensions ['colcon_meta']
[0.135s] Level 1:colcon.colcon_core.package_identification:_identify(docs) by extension 'colcon_meta'
[0.135s] Level 1:colcon.colcon_core.package_identification:_identify(docs) by extensions ['ros']
[0.135s] Level 1:colcon.colcon_core.package_identification:_identify(docs) by extension 'ros'
[0.135s] Level 1:colcon.colcon_core.package_identification:_identify(docs) by extensions ['cmake', 'python']
[0.135s] Level 1:colcon.colcon_core.package_identification:_identify(docs) by extension 'cmake'
[0.135s] Level 1:colcon.colcon_core.package_identification:_identify(docs) by extension 'python'
[0.136s] Level 1:colcon.colcon_core.package_identification:_identify(docs) by extensions ['python_setup_py']
[0.136s] Level 1:colcon.colcon_core.package_identification:_identify(docs) by extension 'python_setup_py'
[0.136s] Level 1:colcon.colcon_core.package_identification:_identify(install) by extensions ['ignore', 'ignore_ament_install']
[0.136s] Level 1:colcon.colcon_core.package_identification:_identify(install) by extension 'ignore'
[0.136s] Level 1:colcon.colcon_core.package_identification:_identify(install) ignored
[0.136s] Level 1:colcon.colcon_core.package_identification:_identify(log) by extensions ['ignore', 'ignore_ament_install']
[0.136s] Level 1:colcon.colcon_core.package_identification:_identify(log) by extension 'ignore'
[0.136s] Level 1:colcon.colcon_core.package_identification:_identify(log) ignored
[0.136s] Level 1:colcon.colcon_core.package_identification:_identify(src) by extensions ['ignore', 'ignore_ament_install']
[0.136s] Level 1:colcon.colcon_core.package_identification:_identify(src) by extension 'ignore'
[0.136s] Level 1:colcon.colcon_core.package_identification:_identify(src) by extension 'ignore_ament_install'
[0.136s] Level 1:colcon.colcon_core.package_identification:_identify(src) by extensions ['colcon_pkg']
[0.136s] Level 1:colcon.colcon_core.package_identification:_identify(src) by extension 'colcon_pkg'
[0.136s] Level 1:colcon.colcon_core.package_identification:_identify(src) by extensions ['colcon_meta']
[0.136s] Level 1:colcon.colcon_core.package_identification:_identify(src) by extension 'colcon_meta'
[0.136s] Level 1:colcon.colcon_core.package_identification:_identify(src) by extensions ['ros']
[0.136s] Level 1:colcon.colcon_core.package_identification:_identify(src) by extension 'ros'
[0.136s] Level 1:colcon.colcon_core.package_identification:_identify(src) by extensions ['cmake', 'python']
[0.136s] Level 1:colcon.colcon_core.package_identification:_identify(src) by extension 'cmake'
[0.136s] Level 1:colcon.colcon_core.package_identification:_identify(src) by extension 'python'
[0.136s] Level 1:colcon.colcon_core.package_identification:_identify(src) by extensions ['python_setup_py']
[0.136s] Level 1:colcon.colcon_core.package_identification:_identify(src) by extension 'python_setup_py'
[0.136s] Level 1:colcon.colcon_core.package_identification:_identify(src/ee4308_bringup) by extensions ['ignore', 'ignore_ament_install']
[0.137s] Level 1:colcon.colcon_core.package_identification:_identify(src/ee4308_bringup) by extension 'ignore'
[0.137s] Level 1:colcon.colcon_core.package_identification:_identify(src/ee4308_bringup) by extension 'ignore_ament_install'
[0.137s] Level 1:colcon.colcon_core.package_identification:_identify(src/ee4308_bringup) by extensions ['colcon_pkg']
[0.137s] Level 1:colcon.colcon_core.package_identification:_identify(src/ee4308_bringup) by extension 'colcon_pkg'
[0.137s] Level 1:colcon.colcon_core.package_identification:_identify(src/ee4308_bringup) by extensions ['colcon_meta']
[0.137s] Level 1:colcon.colcon_core.package_identification:_identify(src/ee4308_bringup) by extension 'colcon_meta'
[0.137s] Level 1:colcon.colcon_core.package_identification:_identify(src/ee4308_bringup) by extensions ['ros']
[0.137s] Level 1:colcon.colcon_core.package_identification:_identify(src/ee4308_bringup) by extension 'ros'
[0.138s] DEBUG:colcon.colcon_core.package_identification:Package 'src/ee4308_bringup' with type 'ros.ament_cmake' and name 'ee4308_bringup'
[0.138s] Level 1:colcon.colcon_core.package_identification:_identify(src/ee4308_drone) by extensions ['ignore', 'ignore_ament_install']
[0.139s] Level 1:colcon.colcon_core.package_identification:_identify(src/ee4308_drone) by extension 'ignore'
[0.139s] Level 1:colcon.colcon_core.package_identification:_identify(src/ee4308_drone) by extension 'ignore_ament_install'
[0.139s] Level 1:colcon.colcon_core.package_identification:_identify(src/ee4308_drone) by extensions ['colcon_pkg']
[0.139s] Level 1:colcon.colcon_core.package_identification:_identify(src/ee4308_drone) by extension 'colcon_pkg'
[0.139s] Level 1:colcon.colcon_core.package_identification:_identify(src/ee4308_drone) by extensions ['colcon_meta']
[0.139s] Level 1:colcon.colcon_core.package_identification:_identify(src/ee4308_drone) by extension 'colcon_meta'
[0.139s] Level 1:colcon.colcon_core.package_identification:_identify(src/ee4308_drone) by extensions ['ros']
[0.139s] Level 1:colcon.colcon_core.package_identification:_identify(src/ee4308_drone) by extension 'ros'
[0.140s] DEBUG:colcon.colcon_core.package_identification:Package 'src/ee4308_drone' with type 'ros.ament_cmake' and name 'ee4308_drone'
[0.140s] Level 1:colcon.colcon_core.package_identification:_identify(src/ee4308_turtle2) by extensions ['ignore', 'ignore_ament_install']
[0.140s] Level 1:colcon.colcon_core.package_identification:_identify(src/ee4308_turtle2) by extension 'ignore'
[0.140s] Level 1:colcon.colcon_core.package_identification:_identify(src/ee4308_turtle2) by extension 'ignore_ament_install'
[0.140s] Level 1:colcon.colcon_core.package_identification:_identify(src/ee4308_turtle2) by extensions ['colcon_pkg']
[0.140s] Level 1:colcon.colcon_core.package_identification:_identify(src/ee4308_turtle2) by extension 'colcon_pkg'
[0.140s] Level 1:colcon.colcon_core.package_identification:_identify(src/ee4308_turtle2) by extensions ['colcon_meta']
[0.140s] Level 1:colcon.colcon_core.package_identification:_identify(src/ee4308_turtle2) by extension 'colcon_meta'
[0.140s] Level 1:colcon.colcon_core.package_identification:_identify(src/ee4308_turtle2) by extensions ['ros']
[0.140s] Level 1:colcon.colcon_core.package_identification:_identify(src/ee4308_turtle2) by extension 'ros'
[0.141s] DEBUG:colcon.colcon_core.package_identification:Package 'src/ee4308_turtle2' with type 'ros.ament_cmake' and name 'ee4308_turtle2'
[0.141s] Level 1:colcon.colcon_core.package_discovery:discover_packages(recursive) using defaults
[0.141s] Level 1:colcon.colcon_core.package_discovery:discover_packages(ignore) discover
[0.141s] Level 1:colcon.colcon_core.package_discovery:discover_packages(ignore) using defaults
[0.141s] Level 1:colcon.colcon_core.package_discovery:discover_packages(path) discover
[0.141s] Level 1:colcon.colcon_core.package_discovery:discover_packages(path) using defaults
[0.154s] Level 1:colcon.colcon_core.package_discovery:discover_packages(prefix_path) check parameters
[0.154s] Level 1:colcon.colcon_core.package_discovery:discover_packages(prefix_path) discover
[0.156s] DEBUG:colcon.colcon_installed_package_information.package_discovery:Found 394 installed packages in /opt/ros/jazzy
[0.157s] Level 1:colcon.colcon_core.package_discovery:discover_packages(prefix_path) using defaults
[0.198s] Level 5:colcon.colcon_core.verb:set package 'ee4308_bringup' build argument 'cmake_args' from command line to 'None'
[0.198s] Level 5:colcon.colcon_core.verb:set package 'ee4308_bringup' build argument 'cmake_target' from command line to 'None'
[0.198s] Level 5:colcon.colcon_core.verb:set package 'ee4308_bringup' build argument 'cmake_target_skip_unavailable' from command line to 'False'
[0.198s] Level 5:colcon.colcon_core.verb:set package 'ee4308_bringup' build argument 'cmake_clean_cache' from command line to 'False'
[0.198s] Level 5:colcon.colcon_core.verb:set package 'ee4308_bringup' build argument 'cmake_clean_first' from command line to 'False'
[0.198s] Level 5:colcon.colcon_core.verb:set package 'ee4308_bringup' build argument 'cmake_force_configure' from command line to 'False'
[0.198s] Level 5:colcon.colcon_core.verb:set package 'ee4308_bringup' build argument 'ament_cmake_args' from command line to 'None'
[0.198s] Level 5:colcon.colcon_core.verb:set package 'ee4308_bringup' build argument 'catkin_cmake_args' from command line to 'None'
[0.198s] Level 5:colcon.colcon_core.verb:set package 'ee4308_bringup' build argument 'catkin_skip_building_tests' from command line to 'False'
[0.199s] DEBUG:colcon.colcon_core.verb:Building package 'ee4308_bringup' with the following arguments: {'ament_cmake_args': None, 'build_base': '/home/phantona/ee4308/build/ee4308_bringup', 'catkin_cmake_args': None, 'catkin_skip_building_tests': False, 'cmake_args': None, 'cmake_clean_cache': False, 'cmake_clean_first': False, 'cmake_force_configure': False, 'cmake_target': None, 'cmake_target_skip_unavailable': False, 'install_base': '/home/phantona/ee4308/install/ee4308_bringup', 'merge_install': False, 'path': '/home/phantona/ee4308/src/ee4308_bringup', 'symlink_install': True, 'test_result_base': None}
[0.199s] Level 5:colcon.colcon_core.verb:set package 'ee4308_drone' build argument 'cmake_args' from command line to 'None'
[0.199s] Level 5:colcon.colcon_core.verb:set package 'ee4308_drone' build argument 'cmake_target' from command line to 'None'
[0.199s] Level 5:colcon.colcon_core.verb:set package 'ee4308_drone' build argument 'cmake_target_skip_unavailable' from command line to 'False'
[0.199s] Level 5:colcon.colcon_core.verb:set package 'ee4308_drone' build argument 'cmake_clean_cache' from command line to 'False'
[0.199s] Level 5:colcon.colcon_core.verb:set package 'ee4308_drone' build argument 'cmake_clean_first' from command line to 'False'
[0.199s] Level 5:colcon.colcon_core.verb:set package 'ee4308_drone' build argument 'cmake_force_configure' from command line to 'False'
[0.199s] Level 5:colcon.colcon_core.verb:set package 'ee4308_drone' build argument 'ament_cmake_args' from command line to 'None'
[0.199s] Level 5:colcon.colcon_core.verb:set package 'ee4308_drone' build argument 'catkin_cmake_args' from command line to 'None'
[0.199s] Level 5:colcon.colcon_core.verb:set package 'ee4308_drone' build argument 'catkin_skip_building_tests' from command line to 'False'
[0.199s] DEBUG:colcon.colcon_core.verb:Building package 'ee4308_drone' with the following arguments: {'ament_cmake_args': None, 'build_base': '/home/phantona/ee4308/build/ee4308_drone', 'catkin_cmake_args': None, 'catkin_skip_building_tests': False, 'cmake_args': None, 'cmake_clean_cache': False, 'cmake_clean_first': False, 'cmake_force_configure': False, 'cmake_target': None, 'cmake_target_skip_unavailable': False, 'install_base': '/home/phantona/ee4308/install/ee4308_drone', 'merge_install': False, 'path': '/home/phantona/ee4308/src/ee4308_drone', 'symlink_install': True, 'test_result_base': None}
[0.199s] Level 5:colcon.colcon_core.verb:set package 'ee4308_turtle2' build argument 'cmake_args' from command line to 'None'
[0.199s] Level 5:colcon.colcon_core.verb:set package 'ee4308_turtle2' build argument 'cmake_target' from command line to 'None'
[0.199s] Level 5:colcon.colcon_core.verb:set package 'ee4308_turtle2' build argument 'cmake_target_skip_unavailable' from command line to 'False'
[0.199s] Level 5:colcon.colcon_core.verb:set package 'ee4308_turtle2' build argument 'cmake_clean_cache' from command line to 'False'
[0.199s] Level 5:colcon.colcon_core.verb:set package 'ee4308_turtle2' build argument 'cmake_clean_first' from command line to 'False'
[0.199s] Level 5:colcon.colcon_core.verb:set package 'ee4308_turtle2' build argument 'cmake_force_configure' from command line to 'False'
[0.199s] Level 5:colcon.colcon_core.verb:set package 'ee4308_turtle2' build argument 'ament_cmake_args' from command line to 'None'
[0.199s] Level 5:colcon.colcon_core.verb:set package 'ee4308_turtle2' build argument 'catkin_cmake_args' from command line to 'None'
[0.199s] Level 5:colcon.colcon_core.verb:set package 'ee4308_turtle2' build argument 'catkin_skip_building_tests' from command line to 'False'
[0.199s] DEBUG:colcon.colcon_core.verb:Building package 'ee4308_turtle2' with the following arguments: {'ament_cmake_args': None, 'build_base': '/home/phantona/ee4308/build/ee4308_turtle2', 'catkin_cmake_args': None, 'catkin_skip_building_tests': False, 'cmake_args': None, 'cmake_clean_cache': False, 'cmake_clean_first': False, 'cmake_force_configure': False, 'cmake_target': None, 'cmake_target_skip_unavailable': False, 'install_base': '/home/phantona/ee4308/install/ee4308_turtle2', 'merge_install': False, 'path': '/home/phantona/ee4308/src/ee4308_turtle2', 'symlink_install': True, 'test_result_base': None}
[0.199s] INFO:colcon.colcon_core.executor:Executing jobs using 'parallel' executor
[0.200s] DEBUG:colcon.colcon_parallel_executor.executor.parallel:run_until_complete
[0.200s] INFO:colcon.colcon_ros.task.ament_cmake.build:Building ROS package in '/home/phantona/ee4308/src/ee4308_bringup' with build type 'ament_cmake'
[0.200s] INFO:colcon.colcon_cmake.task.cmake.build:Building CMake package in '/home/phantona/ee4308/src/ee4308_bringup'
[0.211s] INFO:colcon.colcon_core.plugin_system:Skipping extension 'colcon_core.shell.bat': Not used on non-Windows systems
[0.211s] INFO:colcon.colcon_core.shell:Skip shell extension 'powershell' for command environment: Not usable outside of PowerShell
[0.211s] DEBUG:colcon.colcon_core.shell:Skip shell extension 'dsv' for command environment
[0.214s] INFO:colcon.colcon_ros.task.ament_cmake.build:Building ROS package in '/home/phantona/ee4308/src/ee4308_drone' with build type 'ament_cmake'
[0.214s] INFO:colcon.colcon_cmake.task.cmake.build:Building CMake package in '/home/phantona/ee4308/src/ee4308_drone'
[0.214s] INFO:colcon.colcon_core.shell:Skip shell extension 'powershell' for command environment: Not usable outside of PowerShell
[0.214s] DEBUG:colcon.colcon_core.shell:Skip shell extension 'dsv' for command environment
[0.217s] INFO:colcon.colcon_ros.task.ament_cmake.build:Building ROS package in '/home/phantona/ee4308/src/ee4308_turtle2' with build type 'ament_cmake'
[0.217s] INFO:colcon.colcon_cmake.task.cmake.build:Building CMake package in '/home/phantona/ee4308/src/ee4308_turtle2'
[0.217s] INFO:colcon.colcon_core.shell:Skip shell extension 'powershell' for command environment: Not usable outside of PowerShell
[0.217s] DEBUG:colcon.colcon_core.shell:Skip shell extension 'dsv' for command environment
[0.222s] DEBUG:colcon.colcon_core.event_handler.log_command:Invoking command in '/home/phantona/ee4308/build/ee4308_bringup': CMAKE_PREFIX_PATH=${CMAKE_PREFIX_PATH}:/opt/ros/jazzy DEBUGINFOD_URLS=https://debuginfod.ubuntu.com /usr/bin/cmake /home/phantona/ee4308/src/ee4308_bringup -DAMENT_CMAKE_SYMLINK_INSTALL=1 -DCMAKE_INSTALL_PREFIX=/home/phantona/ee4308/install/ee4308_bringup
[0.225s] DEBUG:colcon.colcon_core.event_handler.log_command:Invoking command in '/home/phantona/ee4308/build/ee4308_drone': CMAKE_PREFIX_PATH=${CMAKE_PREFIX_PATH}:/opt/ros/jazzy DEBUGINFOD_URLS=https://debuginfod.ubuntu.com /usr/bin/cmake /home/phantona/ee4308/src/ee4308_drone -DAMENT_CMAKE_SYMLINK_INSTALL=1 -DCMAKE_INSTALL_PREFIX=/home/phantona/ee4308/install/ee4308_drone
[0.228s] DEBUG:colcon.colcon_core.event_handler.log_command:Invoking command in '/home/phantona/ee4308/build/ee4308_turtle2': CMAKE_PREFIX_PATH=${CMAKE_PREFIX_PATH}:/opt/ros/jazzy DEBUGINFOD_URLS=https://debuginfod.ubuntu.com /usr/bin/cmake /home/phantona/ee4308/src/ee4308_turtle2 -DAMENT_CMAKE_SYMLINK_INSTALL=1 -DCMAKE_INSTALL_PREFIX=/home/phantona/ee4308/install/ee4308_turtle2
[1.087s] DEBUG:colcon.colcon_core.event_handler.log_command:Invoked command in '/home/phantona/ee4308/build/ee4308_bringup' returned '0': CMAKE_PREFIX_PATH=${CMAKE_PREFIX_PATH}:/opt/ros/jazzy DEBUGINFOD_URLS=https://debuginfod.ubuntu.com /usr/bin/cmake /home/phantona/ee4308/src/ee4308_bringup -DAMENT_CMAKE_SYMLINK_INSTALL=1 -DCMAKE_INSTALL_PREFIX=/home/phantona/ee4308/install/ee4308_bringup
[1.088s] DEBUG:colcon.colcon_core.event_handler.log_command:Invoking command in '/home/phantona/ee4308/build/ee4308_bringup': CMAKE_PREFIX_PATH=${CMAKE_PREFIX_PATH}:/opt/ros/jazzy DEBUGINFOD_URLS=https://debuginfod.ubuntu.com /usr/bin/cmake --build /home/phantona/ee4308/build/ee4308_bringup -- -j16 -l16
[1.129s] DEBUG:colcon.colcon_core.event_handler.log_command:Invoked command in '/home/phantona/ee4308/build/ee4308_bringup' returned '0': CMAKE_PREFIX_PATH=${CMAKE_PREFIX_PATH}:/opt/ros/jazzy DEBUGINFOD_URLS=https://debuginfod.ubuntu.com /usr/bin/cmake --build /home/phantona/ee4308/build/ee4308_bringup -- -j16 -l16
[1.138s] DEBUG:colcon.colcon_core.event_handler.log_command:Invoking command in '/home/phantona/ee4308/build/ee4308_bringup': CMAKE_PREFIX_PATH=${CMAKE_PREFIX_PATH}:/opt/ros/jazzy DEBUGINFOD_URLS=https://debuginfod.ubuntu.com /usr/bin/cmake --install /home/phantona/ee4308/build/ee4308_bringup
[1.579s] Level 1:colcon.colcon_core.environment:create_environment_scripts_only(ee4308_bringup)
[1.579s] DEBUG:colcon.colcon_core.event_handler.log_command:Invoked command in '/home/phantona/ee4308/build/ee4308_bringup' returned '0': CMAKE_PREFIX_PATH=${CMAKE_PREFIX_PATH}:/opt/ros/jazzy DEBUGINFOD_URLS=https://debuginfod.ubuntu.com /usr/bin/cmake --install /home/phantona/ee4308/build/ee4308_bringup
[1.585s] Level 1:colcon.colcon_core.environment:checking '/home/phantona/ee4308/install/ee4308_bringup' for CMake module files
[1.585s] Level 1:colcon.colcon_core.environment:checking '/home/phantona/ee4308/install/ee4308_bringup' for CMake config files
[1.586s] Level 1:colcon.colcon_core.shell:create_environment_hook('ee4308_bringup', 'cmake_prefix_path')
[1.586s] INFO:colcon.colcon_core.shell:Creating environment hook '/home/phantona/ee4308/install/ee4308_bringup/share/ee4308_bringup/hook/cmake_prefix_path.ps1'
[1.587s] INFO:colcon.colcon_core.shell:Creating environment descriptor '/home/phantona/ee4308/install/ee4308_bringup/share/ee4308_bringup/hook/cmake_prefix_path.dsv'
[1.587s] INFO:colcon.colcon_core.shell:Creating environment hook '/home/phantona/ee4308/install/ee4308_bringup/share/ee4308_bringup/hook/cmake_prefix_path.sh'
[1.588s] Level 1:colcon.colcon_core.environment:checking '/home/phantona/ee4308/install/ee4308_bringup/bin'
[1.588s] Level 1:colcon.colcon_core.environment:checking '/home/phantona/ee4308/install/ee4308_bringup/lib/pkgconfig/ee4308_bringup.pc'
[1.588s] Level 1:colcon.colcon_core.environment:checking '/home/phantona/ee4308/install/ee4308_bringup/lib/python3.12/site-packages'
[1.589s] Level 1:colcon.colcon_core.environment:checking '/home/phantona/ee4308/install/ee4308_bringup/bin'
[1.589s] INFO:colcon.colcon_core.shell:Creating package script '/home/phantona/ee4308/install/ee4308_bringup/share/ee4308_bringup/package.ps1'
[1.589s] INFO:colcon.colcon_core.shell:Creating package descriptor '/home/phantona/ee4308/install/ee4308_bringup/share/ee4308_bringup/package.dsv'
[1.590s] INFO:colcon.colcon_core.shell:Creating package script '/home/phantona/ee4308/install/ee4308_bringup/share/ee4308_bringup/package.sh'
[1.591s] INFO:colcon.colcon_core.shell:Creating package script '/home/phantona/ee4308/install/ee4308_bringup/share/ee4308_bringup/package.bash'
[1.591s] INFO:colcon.colcon_core.shell:Creating package script '/home/phantona/ee4308/install/ee4308_bringup/share/ee4308_bringup/package.zsh'
[1.592s] Level 1:colcon.colcon_core.environment:create_file_with_runtime_dependencies(/home/phantona/ee4308/install/ee4308_bringup/share/colcon-core/packages/ee4308_bringup)
[1.593s] Level 1:colcon.colcon_core.environment:create_environment_scripts_only(ee4308_bringup)
[1.593s] Level 1:colcon.colcon_core.environment:checking '/home/phantona/ee4308/install/ee4308_bringup' for CMake module files
[1.593s] Level 1:colcon.colcon_core.environment:checking '/home/phantona/ee4308/install/ee4308_bringup' for CMake config files
[1.594s] Level 1:colcon.colcon_core.shell:create_environment_hook('ee4308_bringup', 'cmake_prefix_path')
[1.594s] INFO:colcon.colcon_core.shell:Creating environment hook '/home/phantona/ee4308/install/ee4308_bringup/share/ee4308_bringup/hook/cmake_prefix_path.ps1'
[1.594s] INFO:colcon.colcon_core.shell:Creating environment descriptor '/home/phantona/ee4308/install/ee4308_bringup/share/ee4308_bringup/hook/cmake_prefix_path.dsv'
[1.594s] INFO:colcon.colcon_core.shell:Creating environment hook '/home/phantona/ee4308/install/ee4308_bringup/share/ee4308_bringup/hook/cmake_prefix_path.sh'
[1.595s] Level 1:colcon.colcon_core.environment:checking '/home/phantona/ee4308/install/ee4308_bringup/bin'
[1.595s] Level 1:colcon.colcon_core.environment:checking '/home/phantona/ee4308/install/ee4308_bringup/lib/pkgconfig/ee4308_bringup.pc'
[1.595s] Level 1:colcon.colcon_core.environment:checking '/home/phantona/ee4308/install/ee4308_bringup/lib/python3.12/site-packages'
[1.595s] Level 1:colcon.colcon_core.environment:checking '/home/phantona/ee4308/install/ee4308_bringup/bin'
[1.595s] INFO:colcon.colcon_core.shell:Creating package script '/home/phantona/ee4308/install/ee4308_bringup/share/ee4308_bringup/package.ps1'
[1.596s] INFO:colcon.colcon_core.shell:Creating package descriptor '/home/phantona/ee4308/install/ee4308_bringup/share/ee4308_bringup/package.dsv'
[1.596s] INFO:colcon.colcon_core.shell:Creating package script '/home/phantona/ee4308/install/ee4308_bringup/share/ee4308_bringup/package.sh'
[1.596s] INFO:colcon.colcon_core.shell:Creating package script '/home/phantona/ee4308/install/ee4308_bringup/share/ee4308_bringup/package.bash'
[1.597s] INFO:colcon.colcon_core.shell:Creating package script '/home/phantona/ee4308/install/ee4308_bringup/share/ee4308_bringup/package.zsh'
[1.597s] Level 1:colcon.colcon_core.environment:create_file_with_runtime_dependencies(/home/phantona/ee4308/install/ee4308_bringup/share/colcon-core/packages/ee4308_bringup)
[1.853s] DEBUG:colcon.colcon_core.event_handler.log_command:Invoked command in '/home/phantona/ee4308/build/ee4308_turtle2' returned '0': CMAKE_PREFIX_PATH=${CMAKE_PREFIX_PATH}:/opt/ros/jazzy DEBUGINFOD_URLS=https://debuginfod.ubuntu.com /usr/bin/cmake /home/phantona/ee4308/src/ee4308_turtle2 -DAMENT_CMAKE_SYMLINK_INSTALL=1 -DCMAKE_INSTALL_PREFIX=/home/phantona/ee4308/install/ee4308_turtle2
[1.854s] DEBUG:colcon.colcon_core.event_handler.log_command:Invoking command in '/home/phantona/ee4308/build/ee4308_turtle2': CMAKE_PREFIX_PATH=${CMAKE_PREFIX_PATH}:/opt/ros/jazzy DEBUGINFOD_URLS=https://debuginfod.ubuntu.com /usr/bin/cmake --build /home/phantona/ee4308/build/ee4308_turtle2 -- -j16 -l16
[1.877s] DEBUG:colcon.colcon_core.event_handler.log_command:Invoked command in '/home/phantona/ee4308/build/ee4308_drone' returned '0': CMAKE_PREFIX_PATH=${CMAKE_PREFIX_PATH}:/opt/ros/jazzy DEBUGINFOD_URLS=https://debuginfod.ubuntu.com /usr/bin/cmake /home/phantona/ee4308/src/ee4308_drone -DAMENT_CMAKE_SYMLINK_INSTALL=1 -DCMAKE_INSTALL_PREFIX=/home/phantona/ee4308/install/ee4308_drone
[1.878s] DEBUG:colcon.colcon_core.event_handler.log_command:Invoking command in '/home/phantona/ee4308/build/ee4308_drone': CMAKE_PREFIX_PATH=${CMAKE_PREFIX_PATH}:/opt/ros/jazzy DEBUGINFOD_URLS=https://debuginfod.ubuntu.com /usr/bin/cmake --build /home/phantona/ee4308/build/ee4308_drone -- -j16 -l16
[14.338s] DEBUG:colcon.colcon_core.event_handler.log_command:Invoked command in '/home/phantona/ee4308/build/ee4308_turtle2' returned '0': CMAKE_PREFIX_PATH=${CMAKE_PREFIX_PATH}:/opt/ros/jazzy DEBUGINFOD_URLS=https://debuginfod.ubuntu.com /usr/bin/cmake --build /home/phantona/ee4308/build/ee4308_turtle2 -- -j16 -l16
[14.339s] DEBUG:colcon.colcon_core.event_handler.log_command:Invoking command in '/home/phantona/ee4308/build/ee4308_turtle2': CMAKE_PREFIX_PATH=${CMAKE_PREFIX_PATH}:/opt/ros/jazzy DEBUGINFOD_URLS=https://debuginfod.ubuntu.com /usr/bin/cmake --install /home/phantona/ee4308/build/ee4308_turtle2
[14.587s] Level 1:colcon.colcon_core.environment:create_environment_scripts_only(ee4308_turtle2)
[14.587s] DEBUG:colcon.colcon_core.event_handler.log_command:Invoked command in '/home/phantona/ee4308/build/ee4308_turtle2' returned '0': CMAKE_PREFIX_PATH=${CMAKE_PREFIX_PATH}:/opt/ros/jazzy DEBUGINFOD_URLS=https://debuginfod.ubuntu.com /usr/bin/cmake --install /home/phantona/ee4308/build/ee4308_turtle2
[14.588s] Level 1:colcon.colcon_core.environment:checking '/home/phantona/ee4308/install/ee4308_turtle2' for CMake module files
[14.588s] Level 1:colcon.colcon_core.environment:checking '/home/phantona/ee4308/install/ee4308_turtle2' for CMake config files
[14.589s] Level 1:colcon.colcon_core.shell:create_environment_hook('ee4308_turtle2', 'cmake_prefix_path')
[14.589s] INFO:colcon.colcon_core.shell:Creating environment hook '/home/phantona/ee4308/install/ee4308_turtle2/share/ee4308_turtle2/hook/cmake_prefix_path.ps1'
[14.589s] INFO:colcon.colcon_core.shell:Creating environment descriptor '/home/phantona/ee4308/install/ee4308_turtle2/share/ee4308_turtle2/hook/cmake_prefix_path.dsv'
[14.589s] INFO:colcon.colcon_core.shell:Creating environment hook '/home/phantona/ee4308/install/ee4308_turtle2/share/ee4308_turtle2/hook/cmake_prefix_path.sh'
[14.590s] Level 1:colcon.colcon_core.environment:checking '/home/phantona/ee4308/install/ee4308_turtle2/lib'
[14.590s] Level 1:colcon.colcon_core.shell:create_environment_hook('ee4308_turtle2', 'ld_library_path_lib')
[14.590s] INFO:colcon.colcon_core.shell:Creating environment hook '/home/phantona/ee4308/install/ee4308_turtle2/share/ee4308_turtle2/hook/ld_library_path_lib.ps1'
[14.590s] INFO:colcon.colcon_core.shell:Creating environment descriptor '/home/phantona/ee4308/install/ee4308_turtle2/share/ee4308_turtle2/hook/ld_library_path_lib.dsv'
[14.591s] INFO:colcon.colcon_core.shell:Creating environment hook '/home/phantona/ee4308/install/ee4308_turtle2/share/ee4308_turtle2/hook/ld_library_path_lib.sh'
[14.591s] Level 1:colcon.colcon_core.environment:checking '/home/phantona/ee4308/install/ee4308_turtle2/bin'
[14.591s] Level 1:colcon.colcon_core.environment:checking '/home/phantona/ee4308/install/ee4308_turtle2/lib/pkgconfig/ee4308_turtle2.pc'
[14.591s] Level 1:colcon.colcon_core.environment:checking '/home/phantona/ee4308/install/ee4308_turtle2/lib/python3.12/site-packages'
[14.592s] Level 1:colcon.colcon_core.environment:checking '/home/phantona/ee4308/install/ee4308_turtle2/bin'
[14.592s] INFO:colcon.colcon_core.shell:Creating package script '/home/phantona/ee4308/install/ee4308_turtle2/share/ee4308_turtle2/package.ps1'
[14.592s] INFO:colcon.colcon_core.shell:Creating package descriptor '/home/phantona/ee4308/install/ee4308_turtle2/share/ee4308_turtle2/package.dsv'
[14.592s] INFO:colcon.colcon_core.shell:Creating package script '/home/phantona/ee4308/install/ee4308_turtle2/share/ee4308_turtle2/package.sh'
[14.593s] INFO:colcon.colcon_core.shell:Creating package script '/home/phantona/ee4308/install/ee4308_turtle2/share/ee4308_turtle2/package.bash'
[14.593s] INFO:colcon.colcon_core.shell:Creating package script '/home/phantona/ee4308/install/ee4308_turtle2/share/ee4308_turtle2/package.zsh'
[14.593s] Level 1:colcon.colcon_core.environment:create_file_with_runtime_dependencies(/home/phantona/ee4308/install/ee4308_turtle2/share/colcon-core/packages/ee4308_turtle2)
[14.594s] Level 1:colcon.colcon_core.environment:create_environment_scripts_only(ee4308_turtle2)
[14.594s] Level 1:colcon.colcon_core.environment:checking '/home/phantona/ee4308/install/ee4308_turtle2' for CMake module files
[14.594s] Level 1:colcon.colcon_core.environment:checking '/home/phantona/ee4308/install/ee4308_turtle2' for CMake config files
[14.595s] Level 1:colcon.colcon_core.shell:create_environment_hook('ee4308_turtle2', 'cmake_prefix_path')
[14.595s] INFO:colcon.colcon_core.shell:Creating environment hook '/home/phantona/ee4308/install/ee4308_turtle2/share/ee4308_turtle2/hook/cmake_prefix_path.ps1'
[14.595s] INFO:colcon.colcon_core.shell:Creating environment descriptor '/home/phantona/ee4308/install/ee4308_turtle2/share/ee4308_turtle2/hook/cmake_prefix_path.dsv'
[14.595s] INFO:colcon.colcon_core.shell:Creating environment hook '/home/phantona/ee4308/install/ee4308_turtle2/share/ee4308_turtle2/hook/cmake_prefix_path.sh'
[14.596s] Level 1:colcon.colcon_core.environment:checking '/home/phantona/ee4308/install/ee4308_turtle2/lib'
[14.596s] Level 1:colcon.colcon_core.shell:create_environment_hook('ee4308_turtle2', 'ld_library_path_lib')
[14.596s] INFO:colcon.colcon_core.shell:Creating environment hook '/home/phantona/ee4308/install/ee4308_turtle2/share/ee4308_turtle2/hook/ld_library_path_lib.ps1'
[14.596s] INFO:colcon.colcon_core.shell:Creating environment descriptor '/home/phantona/ee4308/install/ee4308_turtle2/share/ee4308_turtle2/hook/ld_library_path_lib.dsv'
[14.597s] INFO:colcon.colcon_core.shell:Creating environment hook '/home/phantona/ee4308/install/ee4308_turtle2/share/ee4308_turtle2/hook/ld_library_path_lib.sh'
[14.597s] Level 1:colcon.colcon_core.environment:checking '/home/phantona/ee4308/install/ee4308_turtle2/bin'
[14.597s] Level 1:colcon.colcon_core.environment:checking '/home/phantona/ee4308/install/ee4308_turtle2/lib/pkgconfig/ee4308_turtle2.pc'
[14.597s] Level 1:colcon.colcon_core.environment:checking '/home/phantona/ee4308/install/ee4308_turtle2/lib/python3.12/site-packages'
[14.597s] Level 1:colcon.colcon_core.environment:checking '/home/phantona/ee4308/install/ee4308_turtle2/bin'
[14.598s] INFO:colcon.colcon_core.shell:Creating package script '/home/phantona/ee4308/install/ee4308_turtle2/share/ee4308_turtle2/package.ps1'
[14.598s] INFO:colcon.colcon_core.shell:Creating package descriptor '/home/phantona/ee4308/install/ee4308_turtle2/share/ee4308_turtle2/package.dsv'
[14.598s] INFO:colcon.colcon_core.shell:Creating package script '/home/phantona/ee4308/install/ee4308_turtle2/share/ee4308_turtle2/package.sh'
[14.599s] INFO:colcon.colcon_core.shell:Creating package script '/home/phantona/ee4308/install/ee4308_turtle2/share/ee4308_turtle2/package.bash'
[14.599s] INFO:colcon.colcon_core.shell:Creating package script '/home/phantona/ee4308/install/ee4308_turtle2/share/ee4308_turtle2/package.zsh'
[14.599s] Level 1:colcon.colcon_core.environment:create_file_with_runtime_dependencies(/home/phantona/ee4308/install/ee4308_turtle2/share/colcon-core/packages/ee4308_turtle2)
[23.891s] DEBUG:colcon.colcon_core.event_handler.log_command:Invoked command in '/home/phantona/ee4308/build/ee4308_drone' returned '0': CMAKE_PREFIX_PATH=${CMAKE_PREFIX_PATH}:/opt/ros/jazzy DEBUGINFOD_URLS=https://debuginfod.ubuntu.com /usr/bin/cmake --build /home/phantona/ee4308/build/ee4308_drone -- -j16 -l16
[23.892s] DEBUG:colcon.colcon_core.event_handler.log_command:Invoking command in '/home/phantona/ee4308/build/ee4308_drone': CMAKE_PREFIX_PATH=${CMAKE_PREFIX_PATH}:/opt/ros/jazzy DEBUGINFOD_URLS=https://debuginfod.ubuntu.com /usr/bin/cmake --install /home/phantona/ee4308/build/ee4308_drone
[24.119s] Level 1:colcon.colcon_core.environment:create_environment_scripts_only(ee4308_drone)
[24.119s] Level 1:colcon.colcon_core.environment:checking '/home/phantona/ee4308/install/ee4308_drone' for CMake module files
[24.120s] DEBUG:colcon.colcon_core.event_handler.log_command:Invoked command in '/home/phantona/ee4308/build/ee4308_drone' returned '0': CMAKE_PREFIX_PATH=${CMAKE_PREFIX_PATH}:/opt/ros/jazzy DEBUGINFOD_URLS=https://debuginfod.ubuntu.com /usr/bin/cmake --install /home/phantona/ee4308/build/ee4308_drone
[24.120s] Level 1:colcon.colcon_core.environment:checking '/home/phantona/ee4308/install/ee4308_drone' for CMake config files
[24.120s] Level 1:colcon.colcon_core.shell:create_environment_hook('ee4308_drone', 'cmake_prefix_path')
[24.120s] INFO:colcon.colcon_core.shell:Creating environment hook '/home/phantona/ee4308/install/ee4308_drone/share/ee4308_drone/hook/cmake_prefix_path.ps1'
[24.121s] INFO:colcon.colcon_core.shell:Creating environment descriptor '/home/phantona/ee4308/install/ee4308_drone/share/ee4308_drone/hook/cmake_prefix_path.dsv'
[24.121s] INFO:colcon.colcon_core.shell:Creating environment hook '/home/phantona/ee4308/install/ee4308_drone/share/ee4308_drone/hook/cmake_prefix_path.sh'
[24.121s] Level 1:colcon.colcon_core.environment:checking '/home/phantona/ee4308/install/ee4308_drone/lib'
[24.121s] Level 1:colcon.colcon_core.shell:create_environment_hook('ee4308_drone', 'ld_library_path_lib')
[24.122s] INFO:colcon.colcon_core.shell:Creating environment hook '/home/phantona/ee4308/install/ee4308_drone/share/ee4308_drone/hook/ld_library_path_lib.ps1'
[24.122s] INFO:colcon.colcon_core.shell:Creating environment descriptor '/home/phantona/ee4308/install/ee4308_drone/share/ee4308_drone/hook/ld_library_path_lib.dsv'
[24.122s] INFO:colcon.colcon_core.shell:Creating environment hook '/home/phantona/ee4308/install/ee4308_drone/share/ee4308_drone/hook/ld_library_path_lib.sh'
[24.122s] Level 1:colcon.colcon_core.environment:checking '/home/phantona/ee4308/install/ee4308_drone/bin'
[24.122s] Level 1:colcon.colcon_core.environment:checking '/home/phantona/ee4308/install/ee4308_drone/lib/pkgconfig/ee4308_drone.pc'
[24.123s] Level 1:colcon.colcon_core.environment:checking '/home/phantona/ee4308/install/ee4308_drone/lib/python3.12/site-packages'
[24.123s] Level 1:colcon.colcon_core.environment:checking '/home/phantona/ee4308/install/ee4308_drone/bin'
[24.123s] INFO:colcon.colcon_core.shell:Creating package script '/home/phantona/ee4308/install/ee4308_drone/share/ee4308_drone/package.ps1'
[24.123s] INFO:colcon.colcon_core.shell:Creating package descriptor '/home/phantona/ee4308/install/ee4308_drone/share/ee4308_drone/package.dsv'
[24.124s] INFO:colcon.colcon_core.shell:Creating package script '/home/phantona/ee4308/install/ee4308_drone/share/ee4308_drone/package.sh'
[24.124s] INFO:colcon.colcon_core.shell:Creating package script '/home/phantona/ee4308/install/ee4308_drone/share/ee4308_drone/package.bash'
[24.124s] INFO:colcon.colcon_core.shell:Creating package script '/home/phantona/ee4308/install/ee4308_drone/share/ee4308_drone/package.zsh'
[24.124s] Level 1:colcon.colcon_core.environment:create_file_with_runtime_dependencies(/home/phantona/ee4308/install/ee4308_drone/share/colcon-core/packages/ee4308_drone)
[24.125s] Level 1:colcon.colcon_core.environment:create_environment_scripts_only(ee4308_drone)
[24.125s] Level 1:colcon.colcon_core.environment:checking '/home/phantona/ee4308/install/ee4308_drone' for CMake module files
[24.125s] Level 1:colcon.colcon_core.environment:checking '/home/phantona/ee4308/install/ee4308_drone' for CMake config files
[24.126s] Level 1:colcon.colcon_core.shell:create_environment_hook('ee4308_drone', 'cmake_prefix_path')
[24.126s] INFO:colcon.colcon_core.shell:Creating environment hook '/home/phantona/ee4308/install/ee4308_drone/share/ee4308_drone/hook/cmake_prefix_path.ps1'
[24.126s] INFO:colcon.colcon_core.shell:Creating environment descriptor '/home/phantona/ee4308/install/ee4308_drone/share/ee4308_drone/hook/cmake_prefix_path.dsv'
[24.126s] INFO:colcon.colcon_core.shell:Creating environment hook '/home/phantona/ee4308/install/ee4308_drone/share/ee4308_drone/hook/cmake_prefix_path.sh'
[24.127s] Level 1:colcon.colcon_core.environment:checking '/home/phantona/ee4308/install/ee4308_drone/lib'
[24.127s] Level 1:colcon.colcon_core.shell:create_environment_hook('ee4308_drone', 'ld_library_path_lib')
[24.127s] INFO:colcon.colcon_core.shell:Creating environment hook '/home/phantona/ee4308/install/ee4308_drone/share/ee4308_drone/hook/ld_library_path_lib.ps1'
[24.127s] INFO:colcon.colcon_core.shell:Creating environment descriptor '/home/phantona/ee4308/install/ee4308_drone/share/ee4308_drone/hook/ld_library_path_lib.dsv'
[24.127s] INFO:colcon.colcon_core.shell:Creating environment hook '/home/phantona/ee4308/install/ee4308_drone/share/ee4308_drone/hook/ld_library_path_lib.sh'
[24.128s] Level 1:colcon.colcon_core.environment:checking '/home/phantona/ee4308/install/ee4308_drone/bin'
[24.128s] Level 1:colcon.colcon_core.environment:checking '/home/phantona/ee4308/install/ee4308_drone/lib/pkgconfig/ee4308_drone.pc'
[24.128s] Level 1:colcon.colcon_core.environment:checking '/home/phantona/ee4308/install/ee4308_drone/lib/python3.12/site-packages'
[24.128s] Level 1:colcon.colcon_core.environment:checking '/home/phantona/ee4308/install/ee4308_drone/bin'
[24.128s] INFO:colcon.colcon_core.shell:Creating package script '/home/phantona/ee4308/install/ee4308_drone/share/ee4308_drone/package.ps1'
[24.129s] INFO:colcon.colcon_core.shell:Creating package descriptor '/home/phantona/ee4308/install/ee4308_drone/share/ee4308_drone/package.dsv'
[24.129s] INFO:colcon.colcon_core.shell:Creating package script '/home/phantona/ee4308/install/ee4308_drone/share/ee4308_drone/package.sh'
[24.129s] INFO:colcon.colcon_core.shell:Creating package script '/home/phantona/ee4308/install/ee4308_drone/share/ee4308_drone/package.bash'
[24.130s] INFO:colcon.colcon_core.shell:Creating package script '/home/phantona/ee4308/install/ee4308_drone/share/ee4308_drone/package.zsh'
[24.130s] Level 1:colcon.colcon_core.environment:create_file_with_runtime_dependencies(/home/phantona/ee4308/install/ee4308_drone/share/colcon-core/packages/ee4308_drone)
[24.130s] DEBUG:colcon.colcon_parallel_executor.executor.parallel:closing loop
[24.131s] DEBUG:colcon.colcon_parallel_executor.executor.parallel:loop closed
[24.131s] DEBUG:colcon.colcon_parallel_executor.executor.parallel:run_until_complete finished with '0'
[24.131s] DEBUG:colcon.colcon_core.event_reactor:joining thread
[24.137s] INFO:colcon.colcon_core.plugin_system:Skipping extension 'colcon_notification.desktop_notification.terminal_notifier': Not used on non-Darwin systems
[24.138s] INFO:colcon.colcon_core.plugin_system:Skipping extension 'colcon_notification.desktop_notification.win32': Not used on non-Windows systems
[24.138s] INFO:colcon.colcon_notification.desktop_notification:Sending desktop notification using 'notify2'
[24.157s] DEBUG:colcon.colcon_core.event_reactor:joined thread
[24.157s] INFO:colcon.colcon_core.shell:Creating prefix script '/home/phantona/ee4308/install/local_setup.ps1'
[24.158s] INFO:colcon.colcon_core.shell:Creating prefix util module '/home/phantona/ee4308/install/_local_setup_util_ps1.py'
[24.159s] INFO:colcon.colcon_core.shell:Creating prefix chain script '/home/phantona/ee4308/install/setup.ps1'
[24.160s] INFO:colcon.colcon_core.shell:Creating prefix script '/home/phantona/ee4308/install/local_setup.sh'
[24.160s] INFO:colcon.colcon_core.shell:Creating prefix util module '/home/phantona/ee4308/install/_local_setup_util_sh.py'
[24.161s] INFO:colcon.colcon_core.shell:Creating prefix chain script '/home/phantona/ee4308/install/setup.sh'
[24.161s] INFO:colcon.colcon_core.shell:Creating prefix script '/home/phantona/ee4308/install/local_setup.bash'
[24.162s] INFO:colcon.colcon_core.shell:Creating prefix chain script '/home/phantona/ee4308/install/setup.bash'
[24.162s] INFO:colcon.colcon_core.shell:Creating prefix script '/home/phantona/ee4308/install/local_setup.zsh'
[24.163s] INFO:colcon.colcon_core.shell:Creating prefix chain script '/home/phantona/ee4308/install/setup.zsh'
