[0.026s] Invoking command in '/home/phantona/ee4308L2/build/ee4308_turtle2': CMAKE_PREFIX_PATH=${CMAKE_PREFIX_PATH}:/opt/ros/jazzy DEBUGINFOD_URLS=https://debuginfod.ubuntu.com /usr/bin/cmake /home/phantona/ee4308L2/src/ee4308_turtle2 -DAMENT_CMAKE_SYMLINK_INSTALL=1 -DCMAKE_INSTALL_PREFIX=/home/phantona/ee4308L2/install/ee4308_turtle2
[0.167s] -- The C compiler identification is GNU 13.3.0
[0.269s] -- The CXX compiler identification is GNU 13.3.0
[0.301s] -- Detecting C compiler ABI info
[0.472s] -- Detecting C compiler ABI info - done
[0.486s] -- Check for working C compiler: /usr/bin/cc - skipped
[0.488s] -- Detecting C compile features
[0.489s] -- Detecting C compile features - done
[0.506s] -- Detecting CXX compiler ABI info
[0.693s] -- Detecting CXX compiler ABI info - done
[0.707s] -- Check for working CXX compiler: /usr/bin/c++ - skipped
[0.708s] -- Detecting CXX compile features
[0.708s] -- Detecting CXX compile features - done
[0.749s] -- Found ament_cmake: 2.5.5 (/opt/ros/jazzy/share/ament_cmake/cmake)
[1.025s] -- Found Python3: /usr/bin/python3 (found version "3.12.3") found components: Interpreter 
[1.155s] -- Override CMake install command with custom implementation using symlinks instead of copying resources
[1.265s] -- Found rclcpp: 28.1.16 (/opt/ros/jazzy/share/rclcpp/cmake)
[1.374s] -- Found rosidl_generator_c: 4.6.7 (/opt/ros/jazzy/share/rosidl_generator_c/cmake)
[1.411s] -- Found rosidl_generator_cpp: 4.6.7 (/opt/ros/jazzy/share/rosidl_generator_cpp/cmake)
[1.455s] -- Using all available rosidl_typesupport_c: rosidl_typesupport_fastrtps_c;rosidl_typesupport_introspection_c
[1.501s] -- Using all available rosidl_typesupport_cpp: rosidl_typesupport_fastrtps_cpp;rosidl_typesupport_introspection_cpp
[1.682s] -- Found rmw_implementation_cmake: 7.3.3 (/opt/ros/jazzy/share/rmw_implementation_cmake/cmake)
[1.691s] -- Found rmw_fastrtps_cpp: 8.4.3 (/opt/ros/jazzy/share/rmw_fastrtps_cpp/cmake)
[1.889s] -- Found OpenSSL: /usr/lib/x86_64-linux-gnu/libcrypto.so (found version "3.0.13")  
[1.927s] -- Found FastRTPS: /opt/ros/jazzy/include (Required is at least version "2.13") 
[1.969s] -- Using RMW implementation 'rmw_fastrtps_cpp' as default
[2.128s] -- Found rclcpp_components: 28.1.16 (/opt/ros/jazzy/share/rclcpp_components/cmake)
[2.212s] -- Found sensor_msgs: 5.3.6 (/opt/ros/jazzy/share/sensor_msgs/cmake)
[2.329s] -- Found nav_msgs: 5.3.6 (/opt/ros/jazzy/share/nav_msgs/cmake)
[2.383s] -- Found tf2: 0.36.19 (/opt/ros/jazzy/share/tf2/cmake)
[2.396s] -- Found tf2_ros: 0.36.19 (/opt/ros/jazzy/share/tf2_ros/cmake)
[2.744s] -- Configuring done (2.7s)
[2.821s] -- Generating done (0.1s)
[2.843s] -- Build files have been written to: /home/phantona/ee4308L2/build/ee4308_turtle2
[2.865s] Invoked command in '/home/phantona/ee4308L2/build/ee4308_turtle2' returned '0': CMAKE_PREFIX_PATH=${CMAKE_PREFIX_PATH}:/opt/ros/jazzy DEBUGINFOD_URLS=https://debuginfod.ubuntu.com /usr/bin/cmake /home/phantona/ee4308L2/src/ee4308_turtle2 -DAMENT_CMAKE_SYMLINK_INSTALL=1 -DCMAKE_INSTALL_PREFIX=/home/phantona/ee4308L2/install/ee4308_turtle2
[2.867s] Invoking command in '/home/phantona/ee4308L2/build/ee4308_turtle2': CMAKE_PREFIX_PATH=${CMAKE_PREFIX_PATH}:/opt/ros/jazzy DEBUGINFOD_URLS=https://debuginfod.ubuntu.com /usr/bin/cmake --build /home/phantona/ee4308L2/build/ee4308_turtle2 -- -j16 -l16
[2.990s] [  6%] [32m[1mLinking CXX executable behavior[0m
[2.991s] [ 25%] [32m[1mLinking CXX executable controller[0m
[2.991s] [ 25%] [32mBuilding CXX object CMakeFiles/map_loader_component.dir/src/map_loader.cpp.o[0m
[2.991s] [ 25%] [32mBuilding CXX object CMakeFiles/planner_component.dir/src/planner.cpp.o[0m
[2.992s] [ 31%] [32mBuilding CXX object CMakeFiles/controller_component.dir/src/controller.cpp.o[0m
[3.001s] [ 37%] [32m[1mLinking CXX executable map_loader[0m
[3.001s] [ 43%] [32m[1mLinking CXX executable planner[0m
[3.004s] [ 50%] [32mBuilding CXX object CMakeFiles/behavior_component.dir/src/behavior.cpp.o[0m
[3.406s] [ 62%] Built target behavior
[3.407s] [ 62%] Built target controller
[3.421s] [ 68%] Built target map_loader
[3.436s] [ 75%] Built target planner
[11.534s] [ 81%] [32m[1mLinking CXX shared library libmap_loader_component.so[0m
[11.897s] [ 81%] Built target map_loader_component
[13.492s] [ 87%] [32m[1mLinking CXX shared library libbehavior_component.so[0m
[13.884s] [ 87%] Built target behavior_component
[17.033s] [ 93%] [32m[1mLinking CXX shared library libplanner_component.so[0m
[17.262s] [100%] [32m[1mLinking CXX shared library libcontroller_component.so[0m
[17.578s] [100%] Built target planner_component
[17.796s] [100%] Built target controller_component
[17.814s] Invoked command in '/home/phantona/ee4308L2/build/ee4308_turtle2' returned '0': CMAKE_PREFIX_PATH=${CMAKE_PREFIX_PATH}:/opt/ros/jazzy DEBUGINFOD_URLS=https://debuginfod.ubuntu.com /usr/bin/cmake --build /home/phantona/ee4308L2/build/ee4308_turtle2 -- -j16 -l16
[17.816s] Invoking command in '/home/phantona/ee4308L2/build/ee4308_turtle2': CMAKE_PREFIX_PATH=${CMAKE_PREFIX_PATH}:/opt/ros/jazzy DEBUGINFOD_URLS=https://debuginfod.ubuntu.com /usr/bin/cmake --install /home/phantona/ee4308L2/build/ee4308_turtle2
[17.829s] -- Install configuration: ""
[17.829s] -- Execute custom install script
[17.830s] -- Symlinking: /home/phantona/ee4308L2/install/ee4308_turtle2/lib/ee4308_turtle2/map_loader
[17.845s] -- Symlinking: /home/phantona/ee4308L2/install/ee4308_turtle2/lib/ee4308_turtle2/behavior
[17.859s] -- Symlinking: /home/phantona/ee4308L2/install/ee4308_turtle2/lib/ee4308_turtle2/controller
[17.875s] -- Symlinking: /home/phantona/ee4308L2/install/ee4308_turtle2/lib/ee4308_turtle2/planner
[17.889s] -- Symlinking: /home/phantona/ee4308L2/install/ee4308_turtle2/share/ament_index/resource_index/package_run_dependencies/ee4308_turtle2
[17.903s] -- Symlinking: /home/phantona/ee4308L2/install/ee4308_turtle2/share/ament_index/resource_index/parent_prefix_path/ee4308_turtle2
[17.918s] -- Up-to-date symlink: /home/phantona/ee4308L2/install/ee4308_turtle2/share/ee4308_turtle2/environment/ament_prefix_path.sh
[17.919s] -- Symlinking: /home/phantona/ee4308L2/install/ee4308_turtle2/share/ee4308_turtle2/environment/ament_prefix_path.dsv
[17.933s] -- Up-to-date symlink: /home/phantona/ee4308L2/install/ee4308_turtle2/share/ee4308_turtle2/environment/path.sh
[17.933s] -- Symlinking: /home/phantona/ee4308L2/install/ee4308_turtle2/share/ee4308_turtle2/environment/path.dsv
[17.948s] -- Symlinking: /home/phantona/ee4308L2/install/ee4308_turtle2/share/ee4308_turtle2/local_setup.bash
[17.963s] -- Symlinking: /home/phantona/ee4308L2/install/ee4308_turtle2/share/ee4308_turtle2/local_setup.sh
[17.978s] -- Symlinking: /home/phantona/ee4308L2/install/ee4308_turtle2/share/ee4308_turtle2/local_setup.zsh
[17.992s] -- Symlinking: /home/phantona/ee4308L2/install/ee4308_turtle2/share/ee4308_turtle2/local_setup.dsv
[18.006s] -- Symlinking: /home/phantona/ee4308L2/install/ee4308_turtle2/share/ee4308_turtle2/package.dsv
[18.021s] -- Symlinking: /home/phantona/ee4308L2/install/ee4308_turtle2/share/ament_index/resource_index/packages/ee4308_turtle2
[18.036s] -- Symlinking: /home/phantona/ee4308L2/install/ee4308_turtle2/share/ament_index/resource_index/rclcpp_components/ee4308_turtle2
[18.050s] -- Symlinking: /home/phantona/ee4308L2/install/ee4308_turtle2/share/ee4308_turtle2/cmake/ament_cmake_export_targets-extras.cmake
[18.066s] -- Symlinking: /home/phantona/ee4308L2/install/ee4308_turtle2/share/ee4308_turtle2/cmake/ee4308_turtle2Config.cmake
[18.080s] -- Symlinking: /home/phantona/ee4308L2/install/ee4308_turtle2/share/ee4308_turtle2/cmake/ee4308_turtle2Config-version.cmake
[18.094s] -- Symlinking: /home/phantona/ee4308L2/install/ee4308_turtle2/share/ee4308_turtle2/package.xml
[18.114s] -- Installing: /home/phantona/ee4308L2/install/ee4308_turtle2/lib/libmap_loader_component.so
[18.116s] -- Set non-toolchain portion of runtime path of "/home/phantona/ee4308L2/install/ee4308_turtle2/lib/libmap_loader_component.so" to ""
[18.117s] -- Installing: /home/phantona/ee4308L2/install/ee4308_turtle2/lib/libbehavior_component.so
[18.121s] -- Set non-toolchain portion of runtime path of "/home/phantona/ee4308L2/install/ee4308_turtle2/lib/libbehavior_component.so" to ""
[18.122s] -- Installing: /home/phantona/ee4308L2/install/ee4308_turtle2/lib/libcontroller_component.so
[18.130s] -- Set non-toolchain portion of runtime path of "/home/phantona/ee4308L2/install/ee4308_turtle2/lib/libcontroller_component.so" to ""
[18.131s] -- Installing: /home/phantona/ee4308L2/install/ee4308_turtle2/lib/libplanner_component.so
[18.139s] -- Set non-toolchain portion of runtime path of "/home/phantona/ee4308L2/install/ee4308_turtle2/lib/libplanner_component.so" to ""
[18.139s] -- Up-to-date: /home/phantona/ee4308L2/install/ee4308_turtle2/share/ee4308_turtle2/cmake/export_map_loader_componentExport.cmake
[18.139s] -- Up-to-date: /home/phantona/ee4308L2/install/ee4308_turtle2/share/ee4308_turtle2/cmake/export_map_loader_componentExport-noconfig.cmake
[18.140s] -- Up-to-date: /home/phantona/ee4308L2/install/ee4308_turtle2/share/ee4308_turtle2/cmake/export_behavior_componentExport.cmake
[18.140s] -- Up-to-date: /home/phantona/ee4308L2/install/ee4308_turtle2/share/ee4308_turtle2/cmake/export_behavior_componentExport-noconfig.cmake
[18.140s] -- Up-to-date: /home/phantona/ee4308L2/install/ee4308_turtle2/share/ee4308_turtle2/cmake/export_controller_componentExport.cmake
[18.140s] -- Up-to-date: /home/phantona/ee4308L2/install/ee4308_turtle2/share/ee4308_turtle2/cmake/export_controller_componentExport-noconfig.cmake
[18.141s] -- Up-to-date: /home/phantona/ee4308L2/install/ee4308_turtle2/share/ee4308_turtle2/cmake/export_planner_componentExport.cmake
[18.141s] -- Up-to-date: /home/phantona/ee4308L2/install/ee4308_turtle2/share/ee4308_turtle2/cmake/export_planner_componentExport-noconfig.cmake
[18.145s] Invoked command in '/home/phantona/ee4308L2/build/ee4308_turtle2' returned '0': CMAKE_PREFIX_PATH=${CMAKE_PREFIX_PATH}:/opt/ros/jazzy DEBUGINFOD_URLS=https://debuginfod.ubuntu.com /usr/bin/cmake --install /home/phantona/ee4308L2/build/ee4308_turtle2
