[0.190s] DEBUG:colcon:Command line arguments: ['/usr/bin/colcon', 'build', '--symlink-install']
[0.190s] DEBUG:colcon:Parsed command line arguments: Namespace(log_base=None, log_level=None, verb_name='build', build_base='build', install_base='install', merge_install=False, symlink_install=True, test_result_base=None, continue_on_error=False, executor='parallel', parallel_workers=16, event_handlers=None, ignore_user_meta=False, metas=['./colcon.meta'], base_paths=['.'], packages_ignore=None, packages_ignore_regex=None, paths=None, packages_up_to=None, packages_up_to_regex=None, packages_above=None, packages_above_and_dependencies=None, packages_above_depth=None, packages_select_by_dep=None, packages_skip_by_dep=None, packages_skip_up_to=None, packages_select_build_failed=False, packages_skip_build_finished=False, packages_select_test_failures=False, packages_skip_test_passed=False, packages_select=None, packages_skip=None, packages_select_regex=None, packages_skip_regex=None, packages_start=None, packages_end=None, allow_overriding=[], cmake_args=None, cmake_target=None, cmake_target_skip_unavailable=False, cmake_clean_cache=False, cmake_clean_first=False, cmake_force_configure=False, ament_cmake_args=None, catkin_cmake_args=None, catkin_skip_building_tests=False, mixin_files=None, mixin=None, verb_parser=<colcon_mixin.mixin.mixin_argument.MixinArgumentDecorator object at 0x725409f6fec0>, verb_extension=<colcon_core.verb.build.BuildVerb object at 0x725409f6fc50>, main=<bound method BuildVerb.main of <colcon_core.verb.build.BuildVerb object at 0x725409f6fc50>>, mixin_verb=('build',))
[0.249s] Level 1:colcon.colcon_core.package_discovery:discover_packages(colcon_meta) check parameters
[0.249s] Level 1:colcon.colcon_core.package_discovery:discover_packages(recursive) check parameters
[0.249s] Level 1:colcon.colcon_core.package_discovery:discover_packages(ignore) check parameters
[0.249s] Level 1:colcon.colcon_core.package_discovery:discover_packages(path) check parameters
[0.249s] Level 1:colcon.colcon_core.package_discovery:discover_packages(colcon_meta) discover
[0.249s] Level 1:colcon.colcon_core.package_discovery:discover_packages(recursive) discover
[0.249s] INFO:colcon.colcon_core.package_discovery:Crawling recursively for packages in '/home/phantona/ee4308-proj2'
[0.249s] Level 1:colcon.colcon_core.package_identification:_identify(.) by extensions ['ignore', 'ignore_ament_install']
[0.250s] Level 1:colcon.colcon_core.package_identification:_identify(.) by extension 'ignore'
[0.250s] Level 1:colcon.colcon_core.package_identification:_identify(.) by extension 'ignore_ament_install'
[0.250s] Level 1:colcon.colcon_core.package_identification:_identify(.) by extensions ['colcon_pkg']
[0.250s] Level 1:colcon.colcon_core.package_identification:_identify(.) by extension 'colcon_pkg'
[0.250s] Level 1:colcon.colcon_core.package_identification:_identify(.) by extensions ['colcon_meta']
[0.250s] Level 1:colcon.colcon_core.package_identification:_identify(.) by extension 'colcon_meta'
[0.250s] Level 1:colcon.colcon_core.package_identification:_identify(.) by extensions ['ros']
[0.250s] Level 1:colcon.colcon_core.package_identification:_identify(.) by extension 'ros'
[0.288s] Level 1:colcon.colcon_core.package_identification:_identify(.) by extensions ['cmake', 'python']
[0.288s] Level 1:colcon.colcon_core.package_identification:_identify(.) by extension 'cmake'
[0.288s] Level 1:colcon.colcon_core.package_identification:_identify(.) by extension 'python'
[0.288s] Level 1:colcon.colcon_core.package_identification:_identify(.) by extensions ['python_setup_py']
[0.288s] Level 1:colcon.colcon_core.package_identification:_identify(.) by extension 'python_setup_py'
[0.289s] Level 1:colcon.colcon_core.package_identification:_identify(build) by extensions ['ignore', 'ignore_ament_install']
[0.289s] Level 1:colcon.colcon_core.package_identification:_identify(build) by extension 'ignore'
[0.289s] Level 1:colcon.colcon_core.package_identification:_identify(build) ignored
[0.289s] Level 1:colcon.colcon_core.package_identification:_identify(docs) by extensions ['ignore', 'ignore_ament_install']
[0.289s] Level 1:colcon.colcon_core.package_identification:_identify(docs) by extension 'ignore'
[0.289s] Level 1:colcon.colcon_core.package_identification:_identify(docs) by extension 'ignore_ament_install'
[0.290s] Level 1:colcon.colcon_core.package_identification:_identify(docs) by extensions ['colcon_pkg']
[0.290s] Level 1:colcon.colcon_core.package_identification:_identify(docs) by extension 'colcon_pkg'
[0.290s] Level 1:colcon.colcon_core.package_identification:_identify(docs) by extensions ['colcon_meta']
[0.290s] Level 1:colcon.colcon_core.package_identification:_identify(docs) by extension 'colcon_meta'
[0.290s] Level 1:colcon.colcon_core.package_identification:_identify(docs) by extensions ['ros']
[0.290s] Level 1:colcon.colcon_core.package_identification:_identify(docs) by extension 'ros'
[0.290s] Level 1:colcon.colcon_core.package_identification:_identify(docs) by extensions ['cmake', 'python']
[0.290s] Level 1:colcon.colcon_core.package_identification:_identify(docs) by extension 'cmake'
[0.290s] Level 1:colcon.colcon_core.package_identification:_identify(docs) by extension 'python'
[0.290s] Level 1:colcon.colcon_core.package_identification:_identify(docs) by extensions ['python_setup_py']
[0.290s] Level 1:colcon.colcon_core.package_identification:_identify(docs) by extension 'python_setup_py'
[0.290s] Level 1:colcon.colcon_core.package_identification:_identify(install) by extensions ['ignore', 'ignore_ament_install']
[0.291s] Level 1:colcon.colcon_core.package_identification:_identify(install) by extension 'ignore'
[0.291s] Level 1:colcon.colcon_core.package_identification:_identify(install) ignored
[0.291s] Level 1:colcon.colcon_core.package_identification:_identify(log) by extensions ['ignore', 'ignore_ament_install']
[0.291s] Level 1:colcon.colcon_core.package_identification:_identify(log) by extension 'ignore'
[0.291s] Level 1:colcon.colcon_core.package_identification:_identify(log) ignored
[0.291s] Level 1:colcon.colcon_core.package_identification:_identify(src) by extensions ['ignore', 'ignore_ament_install']
[0.291s] Level 1:colcon.colcon_core.package_identification:_identify(src) by extension 'ignore'
[0.291s] Level 1:colcon.colcon_core.package_identification:_identify(src) by extension 'ignore_ament_install'
[0.291s] Level 1:colcon.colcon_core.package_identification:_identify(src) by extensions ['colcon_pkg']
[0.292s] Level 1:colcon.colcon_core.package_identification:_identify(src) by extension 'colcon_pkg'
[0.292s] Level 1:colcon.colcon_core.package_identification:_identify(src) by extensions ['colcon_meta']
[0.292s] Level 1:colcon.colcon_core.package_identification:_identify(src) by extension 'colcon_meta'
[0.292s] Level 1:colcon.colcon_core.package_identification:_identify(src) by extensions ['ros']
[0.292s] Level 1:colcon.colcon_core.package_identification:_identify(src) by extension 'ros'
[0.292s] Level 1:colcon.colcon_core.package_identification:_identify(src) by extensions ['cmake', 'python']
[0.292s] Level 1:colcon.colcon_core.package_identification:_identify(src) by extension 'cmake'
[0.292s] Level 1:colcon.colcon_core.package_identification:_identify(src) by extension 'python'
[0.292s] Level 1:colcon.colcon_core.package_identification:_identify(src) by extensions ['python_setup_py']
[0.292s] Level 1:colcon.colcon_core.package_identification:_identify(src) by extension 'python_setup_py'
[0.292s] Level 1:colcon.colcon_core.package_identification:_identify(src/ee4308_bringup) by extensions ['ignore', 'ignore_ament_install']
[0.292s] Level 1:colcon.colcon_core.package_identification:_identify(src/ee4308_bringup) by extension 'ignore'
[0.293s] Level 1:colcon.colcon_core.package_identification:_identify(src/ee4308_bringup) by extension 'ignore_ament_install'
[0.293s] Level 1:colcon.colcon_core.package_identification:_identify(src/ee4308_bringup) by extensions ['colcon_pkg']
[0.293s] Level 1:colcon.colcon_core.package_identification:_identify(src/ee4308_bringup) by extension 'colcon_pkg'
[0.293s] Level 1:colcon.colcon_core.package_identification:_identify(src/ee4308_bringup) by extensions ['colcon_meta']
[0.293s] Level 1:colcon.colcon_core.package_identification:_identify(src/ee4308_bringup) by extension 'colcon_meta'
[0.293s] Level 1:colcon.colcon_core.package_identification:_identify(src/ee4308_bringup) by extensions ['ros']
[0.293s] Level 1:colcon.colcon_core.package_identification:_identify(src/ee4308_bringup) by extension 'ros'
[0.296s] DEBUG:colcon.colcon_core.package_identification:Package 'src/ee4308_bringup' with type 'ros.ament_cmake' and name 'ee4308_bringup'
[0.297s] Level 1:colcon.colcon_core.package_identification:_identify(src/ee4308_drone) by extensions ['ignore', 'ignore_ament_install']
[0.297s] Level 1:colcon.colcon_core.package_identification:_identify(src/ee4308_drone) by extension 'ignore'
[0.297s] Level 1:colcon.colcon_core.package_identification:_identify(src/ee4308_drone) by extension 'ignore_ament_install'
[0.297s] Level 1:colcon.colcon_core.package_identification:_identify(src/ee4308_drone) by extensions ['colcon_pkg']
[0.297s] Level 1:colcon.colcon_core.package_identification:_identify(src/ee4308_drone) by extension 'colcon_pkg'
[0.297s] Level 1:colcon.colcon_core.package_identification:_identify(src/ee4308_drone) by extensions ['colcon_meta']
[0.297s] Level 1:colcon.colcon_core.package_identification:_identify(src/ee4308_drone) by extension 'colcon_meta'
[0.297s] Level 1:colcon.colcon_core.package_identification:_identify(src/ee4308_drone) by extensions ['ros']
[0.297s] Level 1:colcon.colcon_core.package_identification:_identify(src/ee4308_drone) by extension 'ros'
[0.299s] DEBUG:colcon.colcon_core.package_identification:Package 'src/ee4308_drone' with type 'ros.ament_cmake' and name 'ee4308_drone'
[0.299s] Level 1:colcon.colcon_core.package_identification:_identify(src/ee4308_turtle2) by extensions ['ignore', 'ignore_ament_install']
[0.299s] Level 1:colcon.colcon_core.package_identification:_identify(src/ee4308_turtle2) by extension 'ignore'
[0.299s] Level 1:colcon.colcon_core.package_identification:_identify(src/ee4308_turtle2) by extension 'ignore_ament_install'
[0.299s] Level 1:colcon.colcon_core.package_identification:_identify(src/ee4308_turtle2) by extensions ['colcon_pkg']
[0.299s] Level 1:colcon.colcon_core.package_identification:_identify(src/ee4308_turtle2) by extension 'colcon_pkg'
[0.299s] Level 1:colcon.colcon_core.package_identification:_identify(src/ee4308_turtle2) by extensions ['colcon_meta']
[0.299s] Level 1:colcon.colcon_core.package_identification:_identify(src/ee4308_turtle2) by extension 'colcon_meta'
[0.299s] Level 1:colcon.colcon_core.package_identification:_identify(src/ee4308_turtle2) by extensions ['ros']
[0.300s] Level 1:colcon.colcon_core.package_identification:_identify(src/ee4308_turtle2) by extension 'ros'
[0.301s] DEBUG:colcon.colcon_core.package_identification:Package 'src/ee4308_turtle2' with type 'ros.ament_cmake' and name 'ee4308_turtle2'
[0.301s] Level 1:colcon.colcon_core.package_discovery:discover_packages(recursive) using defaults
[0.301s] Level 1:colcon.colcon_core.package_discovery:discover_packages(ignore) discover
[0.301s] Level 1:colcon.colcon_core.package_discovery:discover_packages(ignore) using defaults
[0.301s] Level 1:colcon.colcon_core.package_discovery:discover_packages(path) discover
[0.301s] Level 1:colcon.colcon_core.package_discovery:discover_packages(path) using defaults
[0.340s] Level 1:colcon.colcon_core.package_discovery:discover_packages(prefix_path) check parameters
[0.340s] Level 1:colcon.colcon_core.package_discovery:discover_packages(prefix_path) discover
[0.349s] DEBUG:colcon.colcon_installed_package_information.package_discovery:Found 394 installed packages in /opt/ros/jazzy
[0.352s] Level 1:colcon.colcon_core.package_discovery:discover_packages(prefix_path) using defaults
[0.439s] Level 5:colcon.colcon_core.verb:set package 'ee4308_bringup' build argument 'cmake_args' from command line to 'None'
[0.439s] Level 5:colcon.colcon_core.verb:set package 'ee4308_bringup' build argument 'cmake_target' from command line to 'None'
[0.439s] Level 5:colcon.colcon_core.verb:set package 'ee4308_bringup' build argument 'cmake_target_skip_unavailable' from command line to 'False'
[0.439s] Level 5:colcon.colcon_core.verb:set package 'ee4308_bringup' build argument 'cmake_clean_cache' from command line to 'False'
[0.439s] Level 5:colcon.colcon_core.verb:set package 'ee4308_bringup' build argument 'cmake_clean_first' from command line to 'False'
[0.439s] Level 5:colcon.colcon_core.verb:set package 'ee4308_bringup' build argument 'cmake_force_configure' from command line to 'False'
[0.439s] Level 5:colcon.colcon_core.verb:set package 'ee4308_bringup' build argument 'ament_cmake_args' from command line to 'None'
[0.439s] Level 5:colcon.colcon_core.verb:set package 'ee4308_bringup' build argument 'catkin_cmake_args' from command line to 'None'
[0.439s] Level 5:colcon.colcon_core.verb:set package 'ee4308_bringup' build argument 'catkin_skip_building_tests' from command line to 'False'
[0.439s] DEBUG:colcon.colcon_core.verb:Building package 'ee4308_bringup' with the following arguments: {'ament_cmake_args': None, 'build_base': '/home/phantona/ee4308-proj2/build/ee4308_bringup', 'catkin_cmake_args': None, 'catkin_skip_building_tests': False, 'cmake_args': None, 'cmake_clean_cache': False, 'cmake_clean_first': False, 'cmake_force_configure': False, 'cmake_target': None, 'cmake_target_skip_unavailable': False, 'install_base': '/home/phantona/ee4308-proj2/install/ee4308_bringup', 'merge_install': False, 'path': '/home/phantona/ee4308-proj2/src/ee4308_bringup', 'symlink_install': True, 'test_result_base': None}
[0.439s] Level 5:colcon.colcon_core.verb:set package 'ee4308_drone' build argument 'cmake_args' from command line to 'None'
[0.440s] Level 5:colcon.colcon_core.verb:set package 'ee4308_drone' build argument 'cmake_target' from command line to 'None'
[0.440s] Level 5:colcon.colcon_core.verb:set package 'ee4308_drone' build argument 'cmake_target_skip_unavailable' from command line to 'False'
[0.440s] Level 5:colcon.colcon_core.verb:set package 'ee4308_drone' build argument 'cmake_clean_cache' from command line to 'False'
[0.440s] Level 5:colcon.colcon_core.verb:set package 'ee4308_drone' build argument 'cmake_clean_first' from command line to 'False'
[0.440s] Level 5:colcon.colcon_core.verb:set package 'ee4308_drone' build argument 'cmake_force_configure' from command line to 'False'
[0.440s] Level 5:colcon.colcon_core.verb:set package 'ee4308_drone' build argument 'ament_cmake_args' from command line to 'None'
[0.440s] Level 5:colcon.colcon_core.verb:set package 'ee4308_drone' build argument 'catkin_cmake_args' from command line to 'None'
[0.440s] Level 5:colcon.colcon_core.verb:set package 'ee4308_drone' build argument 'catkin_skip_building_tests' from command line to 'False'
[0.440s] DEBUG:colcon.colcon_core.verb:Building package 'ee4308_drone' with the following arguments: {'ament_cmake_args': None, 'build_base': '/home/phantona/ee4308-proj2/build/ee4308_drone', 'catkin_cmake_args': None, 'catkin_skip_building_tests': False, 'cmake_args': None, 'cmake_clean_cache': False, 'cmake_clean_first': False, 'cmake_force_configure': False, 'cmake_target': None, 'cmake_target_skip_unavailable': False, 'install_base': '/home/phantona/ee4308-proj2/install/ee4308_drone', 'merge_install': False, 'path': '/home/phantona/ee4308-proj2/src/ee4308_drone', 'symlink_install': True, 'test_result_base': None}
[0.440s] Level 5:colcon.colcon_core.verb:set package 'ee4308_turtle2' build argument 'cmake_args' from command line to 'None'
[0.440s] Level 5:colcon.colcon_core.verb:set package 'ee4308_turtle2' build argument 'cmake_target' from command line to 'None'
[0.440s] Level 5:colcon.colcon_core.verb:set package 'ee4308_turtle2' build argument 'cmake_target_skip_unavailable' from command line to 'False'
[0.440s] Level 5:colcon.colcon_core.verb:set package 'ee4308_turtle2' build argument 'cmake_clean_cache' from command line to 'False'
[0.440s] Level 5:colcon.colcon_core.verb:set package 'ee4308_turtle2' build argument 'cmake_clean_first' from command line to 'False'
[0.440s] Level 5:colcon.colcon_core.verb:set package 'ee4308_turtle2' build argument 'cmake_force_configure' from command line to 'False'
[0.440s] Level 5:colcon.colcon_core.verb:set package 'ee4308_turtle2' build argument 'ament_cmake_args' from command line to 'None'
[0.440s] Level 5:colcon.colcon_core.verb:set package 'ee4308_turtle2' build argument 'catkin_cmake_args' from command line to 'None'
[0.440s] Level 5:colcon.colcon_core.verb:set package 'ee4308_turtle2' build argument 'catkin_skip_building_tests' from command line to 'False'
[0.441s] DEBUG:colcon.colcon_core.verb:Building package 'ee4308_turtle2' with the following arguments: {'ament_cmake_args': None, 'build_base': '/home/phantona/ee4308-proj2/build/ee4308_turtle2', 'catkin_cmake_args': None, 'catkin_skip_building_tests': False, 'cmake_args': None, 'cmake_clean_cache': False, 'cmake_clean_first': False, 'cmake_force_configure': False, 'cmake_target': None, 'cmake_target_skip_unavailable': False, 'install_base': '/home/phantona/ee4308-proj2/install/ee4308_turtle2', 'merge_install': False, 'path': '/home/phantona/ee4308-proj2/src/ee4308_turtle2', 'symlink_install': True, 'test_result_base': None}
[0.441s] INFO:colcon.colcon_core.executor:Executing jobs using 'parallel' executor
[0.442s] DEBUG:colcon.colcon_parallel_executor.executor.parallel:run_until_complete
[0.443s] INFO:colcon.colcon_ros.task.ament_cmake.build:Building ROS package in '/home/phantona/ee4308-proj2/src/ee4308_bringup' with build type 'ament_cmake'
[0.443s] INFO:colcon.colcon_cmake.task.cmake.build:Building CMake package in '/home/phantona/ee4308-proj2/src/ee4308_bringup'
[0.448s] INFO:colcon.colcon_core.plugin_system:Skipping extension 'colcon_core.shell.bat': Not used on non-Windows systems
[0.449s] INFO:colcon.colcon_core.shell:Skip shell extension 'powershell' for command environment: Not usable outside of PowerShell
[0.449s] DEBUG:colcon.colcon_core.shell:Skip shell extension 'dsv' for command environment
[0.456s] INFO:colcon.colcon_ros.task.ament_cmake.build:Building ROS package in '/home/phantona/ee4308-proj2/src/ee4308_drone' with build type 'ament_cmake'
[0.456s] INFO:colcon.colcon_cmake.task.cmake.build:Building CMake package in '/home/phantona/ee4308-proj2/src/ee4308_drone'
[0.457s] INFO:colcon.colcon_core.shell:Skip shell extension 'powershell' for command environment: Not usable outside of PowerShell
[0.457s] DEBUG:colcon.colcon_core.shell:Skip shell extension 'dsv' for command environment
[0.463s] INFO:colcon.colcon_ros.task.ament_cmake.build:Building ROS package in '/home/phantona/ee4308-proj2/src/ee4308_turtle2' with build type 'ament_cmake'
[0.463s] INFO:colcon.colcon_cmake.task.cmake.build:Building CMake package in '/home/phantona/ee4308-proj2/src/ee4308_turtle2'
[0.463s] INFO:colcon.colcon_core.shell:Skip shell extension 'powershell' for command environment: Not usable outside of PowerShell
[0.463s] DEBUG:colcon.colcon_core.shell:Skip shell extension 'dsv' for command environment
[0.479s] DEBUG:colcon.colcon_core.event_handler.log_command:Invoking command in '/home/phantona/ee4308-proj2/build/ee4308_bringup': CMAKE_PREFIX_PATH=${CMAKE_PREFIX_PATH}:/opt/ros/jazzy DEBUGINFOD_URLS=https://debuginfod.ubuntu.com /usr/bin/cmake --build /home/phantona/ee4308-proj2/build/ee4308_bringup -- -j16 -l16
[0.486s] DEBUG:colcon.colcon_core.event_handler.log_command:Invoking command in '/home/phantona/ee4308-proj2/build/ee4308_drone': CMAKE_PREFIX_PATH=${CMAKE_PREFIX_PATH}:/opt/ros/jazzy DEBUGINFOD_URLS=https://debuginfod.ubuntu.com /usr/bin/cmake --build /home/phantona/ee4308-proj2/build/ee4308_drone -- -j16 -l16
[0.491s] DEBUG:colcon.colcon_core.event_handler.log_command:Invoking command in '/home/phantona/ee4308-proj2/build/ee4308_turtle2': CMAKE_PREFIX_PATH=${CMAKE_PREFIX_PATH}:/opt/ros/jazzy DEBUGINFOD_URLS=https://debuginfod.ubuntu.com /usr/bin/cmake --build /home/phantona/ee4308-proj2/build/ee4308_turtle2 -- -j16 -l16
[0.581s] DEBUG:colcon.colcon_core.event_handler.log_command:Invoked command in '/home/phantona/ee4308-proj2/build/ee4308_bringup' returned '0': CMAKE_PREFIX_PATH=${CMAKE_PREFIX_PATH}:/opt/ros/jazzy DEBUGINFOD_URLS=https://debuginfod.ubuntu.com /usr/bin/cmake --build /home/phantona/ee4308-proj2/build/ee4308_bringup -- -j16 -l16
[0.611s] DEBUG:colcon.colcon_core.event_handler.log_command:Invoking command in '/home/phantona/ee4308-proj2/build/ee4308_bringup': CMAKE_PREFIX_PATH=${CMAKE_PREFIX_PATH}:/opt/ros/jazzy DEBUGINFOD_URLS=https://debuginfod.ubuntu.com /usr/bin/cmake --install /home/phantona/ee4308-proj2/build/ee4308_bringup
[0.700s] Level 1:colcon.colcon_core.environment:create_environment_scripts_only(ee4308_bringup)
[0.701s] DEBUG:colcon.colcon_core.event_handler.log_command:Invoked command in '/home/phantona/ee4308-proj2/build/ee4308_bringup' returned '0': CMAKE_PREFIX_PATH=${CMAKE_PREFIX_PATH}:/opt/ros/jazzy DEBUGINFOD_URLS=https://debuginfod.ubuntu.com /usr/bin/cmake --install /home/phantona/ee4308-proj2/build/ee4308_bringup
[0.707s] Level 1:colcon.colcon_core.environment:checking '/home/phantona/ee4308-proj2/install/ee4308_bringup' for CMake module files
[0.708s] Level 1:colcon.colcon_core.environment:checking '/home/phantona/ee4308-proj2/install/ee4308_bringup' for CMake config files
[0.709s] Level 1:colcon.colcon_core.shell:create_environment_hook('ee4308_bringup', 'cmake_prefix_path')
[0.709s] INFO:colcon.colcon_core.shell:Creating environment hook '/home/phantona/ee4308-proj2/install/ee4308_bringup/share/ee4308_bringup/hook/cmake_prefix_path.ps1'
[0.710s] INFO:colcon.colcon_core.shell:Creating environment descriptor '/home/phantona/ee4308-proj2/install/ee4308_bringup/share/ee4308_bringup/hook/cmake_prefix_path.dsv'
[0.711s] INFO:colcon.colcon_core.shell:Creating environment hook '/home/phantona/ee4308-proj2/install/ee4308_bringup/share/ee4308_bringup/hook/cmake_prefix_path.sh'
[0.713s] Level 1:colcon.colcon_core.environment:checking '/home/phantona/ee4308-proj2/install/ee4308_bringup/bin'
[0.713s] Level 1:colcon.colcon_core.environment:checking '/home/phantona/ee4308-proj2/install/ee4308_bringup/lib/pkgconfig/ee4308_bringup.pc'
[0.714s] Level 1:colcon.colcon_core.environment:checking '/home/phantona/ee4308-proj2/install/ee4308_bringup/lib/python3.12/site-packages'
[0.714s] Level 1:colcon.colcon_core.environment:checking '/home/phantona/ee4308-proj2/install/ee4308_bringup/bin'
[0.715s] INFO:colcon.colcon_core.shell:Creating package script '/home/phantona/ee4308-proj2/install/ee4308_bringup/share/ee4308_bringup/package.ps1'
[0.717s] INFO:colcon.colcon_core.shell:Creating package descriptor '/home/phantona/ee4308-proj2/install/ee4308_bringup/share/ee4308_bringup/package.dsv'
[0.718s] INFO:colcon.colcon_core.shell:Creating package script '/home/phantona/ee4308-proj2/install/ee4308_bringup/share/ee4308_bringup/package.sh'
[0.720s] INFO:colcon.colcon_core.shell:Creating package script '/home/phantona/ee4308-proj2/install/ee4308_bringup/share/ee4308_bringup/package.bash'
[0.721s] INFO:colcon.colcon_core.shell:Creating package script '/home/phantona/ee4308-proj2/install/ee4308_bringup/share/ee4308_bringup/package.zsh'
[0.722s] Level 1:colcon.colcon_core.environment:create_file_with_runtime_dependencies(/home/phantona/ee4308-proj2/install/ee4308_bringup/share/colcon-core/packages/ee4308_bringup)
[0.723s] Level 1:colcon.colcon_core.environment:create_environment_scripts_only(ee4308_bringup)
[0.723s] Level 1:colcon.colcon_core.environment:checking '/home/phantona/ee4308-proj2/install/ee4308_bringup' for CMake module files
[0.724s] Level 1:colcon.colcon_core.environment:checking '/home/phantona/ee4308-proj2/install/ee4308_bringup' for CMake config files
[0.725s] Level 1:colcon.colcon_core.shell:create_environment_hook('ee4308_bringup', 'cmake_prefix_path')
[0.725s] INFO:colcon.colcon_core.shell:Creating environment hook '/home/phantona/ee4308-proj2/install/ee4308_bringup/share/ee4308_bringup/hook/cmake_prefix_path.ps1'
[0.726s] INFO:colcon.colcon_core.shell:Creating environment descriptor '/home/phantona/ee4308-proj2/install/ee4308_bringup/share/ee4308_bringup/hook/cmake_prefix_path.dsv'
[0.727s] INFO:colcon.colcon_core.shell:Creating environment hook '/home/phantona/ee4308-proj2/install/ee4308_bringup/share/ee4308_bringup/hook/cmake_prefix_path.sh'
[0.728s] Level 1:colcon.colcon_core.environment:checking '/home/phantona/ee4308-proj2/install/ee4308_bringup/bin'
[0.728s] Level 1:colcon.colcon_core.environment:checking '/home/phantona/ee4308-proj2/install/ee4308_bringup/lib/pkgconfig/ee4308_bringup.pc'
[0.728s] Level 1:colcon.colcon_core.environment:checking '/home/phantona/ee4308-proj2/install/ee4308_bringup/lib/python3.12/site-packages'
[0.729s] Level 1:colcon.colcon_core.environment:checking '/home/phantona/ee4308-proj2/install/ee4308_bringup/bin'
[0.729s] INFO:colcon.colcon_core.shell:Creating package script '/home/phantona/ee4308-proj2/install/ee4308_bringup/share/ee4308_bringup/package.ps1'
[0.730s] INFO:colcon.colcon_core.shell:Creating package descriptor '/home/phantona/ee4308-proj2/install/ee4308_bringup/share/ee4308_bringup/package.dsv'
[0.731s] INFO:colcon.colcon_core.shell:Creating package script '/home/phantona/ee4308-proj2/install/ee4308_bringup/share/ee4308_bringup/package.sh'
[0.732s] INFO:colcon.colcon_core.shell:Creating package script '/home/phantona/ee4308-proj2/install/ee4308_bringup/share/ee4308_bringup/package.bash'
[0.732s] INFO:colcon.colcon_core.shell:Creating package script '/home/phantona/ee4308-proj2/install/ee4308_bringup/share/ee4308_bringup/package.zsh'
[0.733s] Level 1:colcon.colcon_core.environment:create_file_with_runtime_dependencies(/home/phantona/ee4308-proj2/install/ee4308_bringup/share/colcon-core/packages/ee4308_bringup)
[0.736s] DEBUG:colcon.colcon_core.event_handler.log_command:Invoked command in '/home/phantona/ee4308-proj2/build/ee4308_turtle2' returned '0': CMAKE_PREFIX_PATH=${CMAKE_PREFIX_PATH}:/opt/ros/jazzy DEBUGINFOD_URLS=https://debuginfod.ubuntu.com /usr/bin/cmake --build /home/phantona/ee4308-proj2/build/ee4308_turtle2 -- -j16 -l16
[0.738s] DEBUG:colcon.colcon_core.event_handler.log_command:Invoking command in '/home/phantona/ee4308-proj2/build/ee4308_turtle2': CMAKE_PREFIX_PATH=${CMAKE_PREFIX_PATH}:/opt/ros/jazzy DEBUGINFOD_URLS=https://debuginfod.ubuntu.com /usr/bin/cmake --install /home/phantona/ee4308-proj2/build/ee4308_turtle2
[0.798s] Level 1:colcon.colcon_core.environment:create_environment_scripts_only(ee4308_turtle2)
[0.798s] Level 1:colcon.colcon_core.environment:checking '/home/phantona/ee4308-proj2/install/ee4308_turtle2' for CMake module files
[0.799s] DEBUG:colcon.colcon_core.event_handler.log_command:Invoked command in '/home/phantona/ee4308-proj2/build/ee4308_turtle2' returned '0': CMAKE_PREFIX_PATH=${CMAKE_PREFIX_PATH}:/opt/ros/jazzy DEBUGINFOD_URLS=https://debuginfod.ubuntu.com /usr/bin/cmake --install /home/phantona/ee4308-proj2/build/ee4308_turtle2
[0.800s] Level 1:colcon.colcon_core.environment:checking '/home/phantona/ee4308-proj2/install/ee4308_turtle2' for CMake config files
[0.801s] Level 1:colcon.colcon_core.shell:create_environment_hook('ee4308_turtle2', 'cmake_prefix_path')
[0.801s] INFO:colcon.colcon_core.shell:Creating environment hook '/home/phantona/ee4308-proj2/install/ee4308_turtle2/share/ee4308_turtle2/hook/cmake_prefix_path.ps1'
[0.802s] INFO:colcon.colcon_core.shell:Creating environment descriptor '/home/phantona/ee4308-proj2/install/ee4308_turtle2/share/ee4308_turtle2/hook/cmake_prefix_path.dsv'
[0.803s] INFO:colcon.colcon_core.shell:Creating environment hook '/home/phantona/ee4308-proj2/install/ee4308_turtle2/share/ee4308_turtle2/hook/cmake_prefix_path.sh'
[0.804s] Level 1:colcon.colcon_core.environment:checking '/home/phantona/ee4308-proj2/install/ee4308_turtle2/lib'
[0.804s] Level 1:colcon.colcon_core.shell:create_environment_hook('ee4308_turtle2', 'ld_library_path_lib')
[0.804s] INFO:colcon.colcon_core.shell:Creating environment hook '/home/phantona/ee4308-proj2/install/ee4308_turtle2/share/ee4308_turtle2/hook/ld_library_path_lib.ps1'
[0.805s] INFO:colcon.colcon_core.shell:Creating environment descriptor '/home/phantona/ee4308-proj2/install/ee4308_turtle2/share/ee4308_turtle2/hook/ld_library_path_lib.dsv'
[0.805s] INFO:colcon.colcon_core.shell:Creating environment hook '/home/phantona/ee4308-proj2/install/ee4308_turtle2/share/ee4308_turtle2/hook/ld_library_path_lib.sh'
[0.806s] Level 1:colcon.colcon_core.environment:checking '/home/phantona/ee4308-proj2/install/ee4308_turtle2/bin'
[0.806s] Level 1:colcon.colcon_core.environment:checking '/home/phantona/ee4308-proj2/install/ee4308_turtle2/lib/pkgconfig/ee4308_turtle2.pc'
[0.806s] Level 1:colcon.colcon_core.environment:checking '/home/phantona/ee4308-proj2/install/ee4308_turtle2/lib/python3.12/site-packages'
[0.807s] Level 1:colcon.colcon_core.environment:checking '/home/phantona/ee4308-proj2/install/ee4308_turtle2/bin'
[0.807s] INFO:colcon.colcon_core.shell:Creating package script '/home/phantona/ee4308-proj2/install/ee4308_turtle2/share/ee4308_turtle2/package.ps1'
[0.808s] INFO:colcon.colcon_core.shell:Creating package descriptor '/home/phantona/ee4308-proj2/install/ee4308_turtle2/share/ee4308_turtle2/package.dsv'
[0.809s] INFO:colcon.colcon_core.shell:Creating package script '/home/phantona/ee4308-proj2/install/ee4308_turtle2/share/ee4308_turtle2/package.sh'
[0.809s] INFO:colcon.colcon_core.shell:Creating package script '/home/phantona/ee4308-proj2/install/ee4308_turtle2/share/ee4308_turtle2/package.bash'
[0.810s] INFO:colcon.colcon_core.shell:Creating package script '/home/phantona/ee4308-proj2/install/ee4308_turtle2/share/ee4308_turtle2/package.zsh'
[0.810s] Level 1:colcon.colcon_core.environment:create_file_with_runtime_dependencies(/home/phantona/ee4308-proj2/install/ee4308_turtle2/share/colcon-core/packages/ee4308_turtle2)
[0.811s] Level 1:colcon.colcon_core.environment:create_environment_scripts_only(ee4308_turtle2)
[0.811s] Level 1:colcon.colcon_core.environment:checking '/home/phantona/ee4308-proj2/install/ee4308_turtle2' for CMake module files
[0.812s] Level 1:colcon.colcon_core.environment:checking '/home/phantona/ee4308-proj2/install/ee4308_turtle2' for CMake config files
[0.813s] Level 1:colcon.colcon_core.shell:create_environment_hook('ee4308_turtle2', 'cmake_prefix_path')
[0.813s] INFO:colcon.colcon_core.shell:Creating environment hook '/home/phantona/ee4308-proj2/install/ee4308_turtle2/share/ee4308_turtle2/hook/cmake_prefix_path.ps1'
[0.814s] INFO:colcon.colcon_core.shell:Creating environment descriptor '/home/phantona/ee4308-proj2/install/ee4308_turtle2/share/ee4308_turtle2/hook/cmake_prefix_path.dsv'
[0.815s] INFO:colcon.colcon_core.shell:Creating environment hook '/home/phantona/ee4308-proj2/install/ee4308_turtle2/share/ee4308_turtle2/hook/cmake_prefix_path.sh'
[0.816s] Level 1:colcon.colcon_core.environment:checking '/home/phantona/ee4308-proj2/install/ee4308_turtle2/lib'
[0.816s] Level 1:colcon.colcon_core.shell:create_environment_hook('ee4308_turtle2', 'ld_library_path_lib')
[0.816s] INFO:colcon.colcon_core.shell:Creating environment hook '/home/phantona/ee4308-proj2/install/ee4308_turtle2/share/ee4308_turtle2/hook/ld_library_path_lib.ps1'
[0.816s] INFO:colcon.colcon_core.shell:Creating environment descriptor '/home/phantona/ee4308-proj2/install/ee4308_turtle2/share/ee4308_turtle2/hook/ld_library_path_lib.dsv'
[0.817s] INFO:colcon.colcon_core.shell:Creating environment hook '/home/phantona/ee4308-proj2/install/ee4308_turtle2/share/ee4308_turtle2/hook/ld_library_path_lib.sh'
[0.818s] Level 1:colcon.colcon_core.environment:checking '/home/phantona/ee4308-proj2/install/ee4308_turtle2/bin'
[0.818s] Level 1:colcon.colcon_core.environment:checking '/home/phantona/ee4308-proj2/install/ee4308_turtle2/lib/pkgconfig/ee4308_turtle2.pc'
[0.818s] Level 1:colcon.colcon_core.environment:checking '/home/phantona/ee4308-proj2/install/ee4308_turtle2/lib/python3.12/site-packages'
[0.819s] Level 1:colcon.colcon_core.environment:checking '/home/phantona/ee4308-proj2/install/ee4308_turtle2/bin'
[0.819s] INFO:colcon.colcon_core.shell:Creating package script '/home/phantona/ee4308-proj2/install/ee4308_turtle2/share/ee4308_turtle2/package.ps1'
[0.820s] INFO:colcon.colcon_core.shell:Creating package descriptor '/home/phantona/ee4308-proj2/install/ee4308_turtle2/share/ee4308_turtle2/package.dsv'
[0.821s] INFO:colcon.colcon_core.shell:Creating package script '/home/phantona/ee4308-proj2/install/ee4308_turtle2/share/ee4308_turtle2/package.sh'
[0.822s] INFO:colcon.colcon_core.shell:Creating package script '/home/phantona/ee4308-proj2/install/ee4308_turtle2/share/ee4308_turtle2/package.bash'
[0.822s] INFO:colcon.colcon_core.shell:Creating package script '/home/phantona/ee4308-proj2/install/ee4308_turtle2/share/ee4308_turtle2/package.zsh'
[0.823s] Level 1:colcon.colcon_core.environment:create_file_with_runtime_dependencies(/home/phantona/ee4308-proj2/install/ee4308_turtle2/share/colcon-core/packages/ee4308_turtle2)
[16.869s] DEBUG:colcon.colcon_core.event_handler.log_command:Invoked command in '/home/phantona/ee4308-proj2/build/ee4308_drone' returned '0': CMAKE_PREFIX_PATH=${CMAKE_PREFIX_PATH}:/opt/ros/jazzy DEBUGINFOD_URLS=https://debuginfod.ubuntu.com /usr/bin/cmake --build /home/phantona/ee4308-proj2/build/ee4308_drone -- -j16 -l16
[16.870s] DEBUG:colcon.colcon_core.event_handler.log_command:Invoking command in '/home/phantona/ee4308-proj2/build/ee4308_drone': CMAKE_PREFIX_PATH=${CMAKE_PREFIX_PATH}:/opt/ros/jazzy DEBUGINFOD_URLS=https://debuginfod.ubuntu.com /usr/bin/cmake --install /home/phantona/ee4308-proj2/build/ee4308_drone
[16.912s] Level 1:colcon.colcon_core.environment:create_environment_scripts_only(ee4308_drone)
[16.913s] Level 1:colcon.colcon_core.environment:checking '/home/phantona/ee4308-proj2/install/ee4308_drone' for CMake module files
[16.913s] DEBUG:colcon.colcon_core.event_handler.log_command:Invoked command in '/home/phantona/ee4308-proj2/build/ee4308_drone' returned '0': CMAKE_PREFIX_PATH=${CMAKE_PREFIX_PATH}:/opt/ros/jazzy DEBUGINFOD_URLS=https://debuginfod.ubuntu.com /usr/bin/cmake --install /home/phantona/ee4308-proj2/build/ee4308_drone
[16.914s] Level 1:colcon.colcon_core.environment:checking '/home/phantona/ee4308-proj2/install/ee4308_drone' for CMake config files
[16.914s] Level 1:colcon.colcon_core.shell:create_environment_hook('ee4308_drone', 'cmake_prefix_path')
[16.914s] INFO:colcon.colcon_core.shell:Creating environment hook '/home/phantona/ee4308-proj2/install/ee4308_drone/share/ee4308_drone/hook/cmake_prefix_path.ps1'
[16.914s] INFO:colcon.colcon_core.shell:Creating environment descriptor '/home/phantona/ee4308-proj2/install/ee4308_drone/share/ee4308_drone/hook/cmake_prefix_path.dsv'
[16.915s] INFO:colcon.colcon_core.shell:Creating environment hook '/home/phantona/ee4308-proj2/install/ee4308_drone/share/ee4308_drone/hook/cmake_prefix_path.sh'
[16.915s] Level 1:colcon.colcon_core.environment:checking '/home/phantona/ee4308-proj2/install/ee4308_drone/lib'
[16.915s] Level 1:colcon.colcon_core.shell:create_environment_hook('ee4308_drone', 'ld_library_path_lib')
[16.915s] INFO:colcon.colcon_core.shell:Creating environment hook '/home/phantona/ee4308-proj2/install/ee4308_drone/share/ee4308_drone/hook/ld_library_path_lib.ps1'
[16.916s] INFO:colcon.colcon_core.shell:Creating environment descriptor '/home/phantona/ee4308-proj2/install/ee4308_drone/share/ee4308_drone/hook/ld_library_path_lib.dsv'
[16.916s] INFO:colcon.colcon_core.shell:Creating environment hook '/home/phantona/ee4308-proj2/install/ee4308_drone/share/ee4308_drone/hook/ld_library_path_lib.sh'
[16.916s] Level 1:colcon.colcon_core.environment:checking '/home/phantona/ee4308-proj2/install/ee4308_drone/bin'
[16.916s] Level 1:colcon.colcon_core.environment:checking '/home/phantona/ee4308-proj2/install/ee4308_drone/lib/pkgconfig/ee4308_drone.pc'
[16.917s] Level 1:colcon.colcon_core.environment:checking '/home/phantona/ee4308-proj2/install/ee4308_drone/lib/python3.12/site-packages'
[16.917s] Level 1:colcon.colcon_core.environment:checking '/home/phantona/ee4308-proj2/install/ee4308_drone/bin'
[16.917s] INFO:colcon.colcon_core.shell:Creating package script '/home/phantona/ee4308-proj2/install/ee4308_drone/share/ee4308_drone/package.ps1'
[16.918s] INFO:colcon.colcon_core.shell:Creating package descriptor '/home/phantona/ee4308-proj2/install/ee4308_drone/share/ee4308_drone/package.dsv'
[16.918s] INFO:colcon.colcon_core.shell:Creating package script '/home/phantona/ee4308-proj2/install/ee4308_drone/share/ee4308_drone/package.sh'
[16.918s] INFO:colcon.colcon_core.shell:Creating package script '/home/phantona/ee4308-proj2/install/ee4308_drone/share/ee4308_drone/package.bash'
[16.919s] INFO:colcon.colcon_core.shell:Creating package script '/home/phantona/ee4308-proj2/install/ee4308_drone/share/ee4308_drone/package.zsh'
[16.919s] Level 1:colcon.colcon_core.environment:create_file_with_runtime_dependencies(/home/phantona/ee4308-proj2/install/ee4308_drone/share/colcon-core/packages/ee4308_drone)
[16.919s] Level 1:colcon.colcon_core.environment:create_environment_scripts_only(ee4308_drone)
[16.920s] Level 1:colcon.colcon_core.environment:checking '/home/phantona/ee4308-proj2/install/ee4308_drone' for CMake module files
[16.920s] Level 1:colcon.colcon_core.environment:checking '/home/phantona/ee4308-proj2/install/ee4308_drone' for CMake config files
[16.920s] Level 1:colcon.colcon_core.shell:create_environment_hook('ee4308_drone', 'cmake_prefix_path')
[16.920s] INFO:colcon.colcon_core.shell:Creating environment hook '/home/phantona/ee4308-proj2/install/ee4308_drone/share/ee4308_drone/hook/cmake_prefix_path.ps1'
[16.921s] INFO:colcon.colcon_core.shell:Creating environment descriptor '/home/phantona/ee4308-proj2/install/ee4308_drone/share/ee4308_drone/hook/cmake_prefix_path.dsv'
[16.921s] INFO:colcon.colcon_core.shell:Creating environment hook '/home/phantona/ee4308-proj2/install/ee4308_drone/share/ee4308_drone/hook/cmake_prefix_path.sh'
[16.922s] Level 1:colcon.colcon_core.environment:checking '/home/phantona/ee4308-proj2/install/ee4308_drone/lib'
[16.922s] Level 1:colcon.colcon_core.shell:create_environment_hook('ee4308_drone', 'ld_library_path_lib')
[16.922s] INFO:colcon.colcon_core.shell:Creating environment hook '/home/phantona/ee4308-proj2/install/ee4308_drone/share/ee4308_drone/hook/ld_library_path_lib.ps1'
[16.922s] INFO:colcon.colcon_core.shell:Creating environment descriptor '/home/phantona/ee4308-proj2/install/ee4308_drone/share/ee4308_drone/hook/ld_library_path_lib.dsv'
[16.922s] INFO:colcon.colcon_core.shell:Creating environment hook '/home/phantona/ee4308-proj2/install/ee4308_drone/share/ee4308_drone/hook/ld_library_path_lib.sh'
[16.923s] Level 1:colcon.colcon_core.environment:checking '/home/phantona/ee4308-proj2/install/ee4308_drone/bin'
[16.923s] Level 1:colcon.colcon_core.environment:checking '/home/phantona/ee4308-proj2/install/ee4308_drone/lib/pkgconfig/ee4308_drone.pc'
[16.923s] Level 1:colcon.colcon_core.environment:checking '/home/phantona/ee4308-proj2/install/ee4308_drone/lib/python3.12/site-packages'
[16.923s] Level 1:colcon.colcon_core.environment:checking '/home/phantona/ee4308-proj2/install/ee4308_drone/bin'
[16.924s] INFO:colcon.colcon_core.shell:Creating package script '/home/phantona/ee4308-proj2/install/ee4308_drone/share/ee4308_drone/package.ps1'
[16.924s] INFO:colcon.colcon_core.shell:Creating package descriptor '/home/phantona/ee4308-proj2/install/ee4308_drone/share/ee4308_drone/package.dsv'
[16.925s] INFO:colcon.colcon_core.shell:Creating package script '/home/phantona/ee4308-proj2/install/ee4308_drone/share/ee4308_drone/package.sh'
[16.925s] INFO:colcon.colcon_core.shell:Creating package script '/home/phantona/ee4308-proj2/install/ee4308_drone/share/ee4308_drone/package.bash'
[16.926s] INFO:colcon.colcon_core.shell:Creating package script '/home/phantona/ee4308-proj2/install/ee4308_drone/share/ee4308_drone/package.zsh'
[16.926s] Level 1:colcon.colcon_core.environment:create_file_with_runtime_dependencies(/home/phantona/ee4308-proj2/install/ee4308_drone/share/colcon-core/packages/ee4308_drone)
[16.926s] DEBUG:colcon.colcon_parallel_executor.executor.parallel:closing loop
[16.926s] DEBUG:colcon.colcon_parallel_executor.executor.parallel:loop closed
[16.926s] DEBUG:colcon.colcon_parallel_executor.executor.parallel:run_until_complete finished with '0'
[16.927s] DEBUG:colcon.colcon_core.event_reactor:joining thread
[16.933s] INFO:colcon.colcon_core.plugin_system:Skipping extension 'colcon_notification.desktop_notification.terminal_notifier': Not used on non-Darwin systems
[16.933s] INFO:colcon.colcon_core.plugin_system:Skipping extension 'colcon_notification.desktop_notification.win32': Not used on non-Windows systems
[16.933s] INFO:colcon.colcon_notification.desktop_notification:Sending desktop notification using 'notify2'
[16.952s] DEBUG:colcon.colcon_core.event_reactor:joined thread
[16.952s] INFO:colcon.colcon_core.shell:Creating prefix script '/home/phantona/ee4308-proj2/install/local_setup.ps1'
[16.953s] INFO:colcon.colcon_core.shell:Creating prefix util module '/home/phantona/ee4308-proj2/install/_local_setup_util_ps1.py'
[16.954s] INFO:colcon.colcon_core.shell:Creating prefix chain script '/home/phantona/ee4308-proj2/install/setup.ps1'
[16.955s] INFO:colcon.colcon_core.shell:Creating prefix script '/home/phantona/ee4308-proj2/install/local_setup.sh'
[16.955s] INFO:colcon.colcon_core.shell:Creating prefix util module '/home/phantona/ee4308-proj2/install/_local_setup_util_sh.py'
[16.956s] INFO:colcon.colcon_core.shell:Creating prefix chain script '/home/phantona/ee4308-proj2/install/setup.sh'
[16.957s] INFO:colcon.colcon_core.shell:Creating prefix script '/home/phantona/ee4308-proj2/install/local_setup.bash'
[16.957s] INFO:colcon.colcon_core.shell:Creating prefix chain script '/home/phantona/ee4308-proj2/install/setup.bash'
[16.958s] INFO:colcon.colcon_core.shell:Creating prefix script '/home/phantona/ee4308-proj2/install/local_setup.zsh'
[16.958s] INFO:colcon.colcon_core.shell:Creating prefix chain script '/home/phantona/ee4308-proj2/install/setup.zsh'
